ARM GAS  /var/folders/6q/x_mk5n_j3p7_c40r_2k_78980000gn/T//cc0Qffe8.s 			page 1


   1              		.syntax unified
   2              		.cpu cortex-m3
   3              		.fpu softvfp
   4              		.eabi_attribute 20, 1
   5              		.eabi_attribute 21, 1
   6              		.eabi_attribute 23, 3
   7              		.eabi_attribute 24, 1
   8              		.eabi_attribute 25, 1
   9              		.eabi_attribute 26, 1
  10              		.eabi_attribute 30, 2
  11              		.eabi_attribute 34, 1
  12              		.eabi_attribute 18, 4
  13              		.thumb
  14              		.syntax unified
  15              		.file	"board.c"
  16              		.text
  17              	.Ltext0:
  18              		.cfi_sections	.debug_frame
  19              		.section	.text.__early_init,"ax",%progbits
  20              		.align	2
  21              		.p2align 4,,15
  22              		.global	__early_init
  23              		.thumb
  24              		.thumb_func
  25              		.type	__early_init, %function
  26              	__early_init:
  27              	.LFB63:
  28              		.file 1 "../convex-vexilla/cortex/boards/VEX_STM32_CORTEX/board.c"
  29              		.loc 1 64 0
  30              		.cfi_startproc
  31              		@ args = 0, pretend = 0, frame = 0
  32              		@ frame_needed = 0, uses_anonymous_args = 0
  33              		@ link register save eliminated.
  34              		.loc 1 66 0
  35 0000 FFF7FEBF 		b	stm32_clock_init
  36              	.LVL0:
  37              		.cfi_endproc
  38              	.LFE63:
  39              		.size	__early_init, .-__early_init
  40              		.section	.text.boardInit,"ax",%progbits
  41              		.align	2
  42              		.p2align 4,,15
  43              		.global	boardInit
  44              		.thumb
  45              		.thumb_func
  46              		.type	boardInit, %function
  47              	boardInit:
  48              	.LFB64:
  49              		.loc 1 72 0
  50              		.cfi_startproc
  51              		@ args = 0, pretend = 0, frame = 0
  52              		@ frame_needed = 0, uses_anonymous_args = 0
  53              		@ link register save eliminated.
  54              		.loc 1 75 0
  55 0000 024A     		ldr	r2, .L3
  56 0002 5368     		ldr	r3, [r2, #4]
  57 0004 43F01A03 		orr	r3, r3, #26
ARM GAS  /var/folders/6q/x_mk5n_j3p7_c40r_2k_78980000gn/T//cc0Qffe8.s 			page 2


  58 0008 5360     		str	r3, [r2, #4]
  59 000a 7047     		bx	lr
  60              	.L4:
  61              		.align	2
  62              	.L3:
  63 000c 00000140 		.word	1073807360
  64              		.cfi_endproc
  65              	.LFE64:
  66              		.size	boardInit, .-boardInit
  67              		.global	pal_default_config
  68              		.section	.rodata.pal_default_config,"a",%progbits
  69              		.align	2
  70              		.type	pal_default_config, %object
  71              		.size	pal_default_config, 84
  72              	pal_default_config:
  73 0000 00000000 		.word	0
  74 0004 0000B0BB 		.word	-1146093568
  75 0008 B0340000 		.word	13488
  76 000c 00000000 		.word	0
  77 0010 00000000 		.word	0
  78 0014 FF040000 		.word	1279
  79 0018 C0000000 		.word	192
  80 001c 00000088 		.word	-2013265920
  81 0020 044B0000 		.word	19204
  82 0024 03F00000 		.word	61443
  83 0028 8810B114 		.word	347148424
  84 002c 01001111 		.word	286326785
  85 0030 817F0000 		.word	32641
  86 0034 03000080 		.word	-2147483645
  87 0038 88888808 		.word	143165576
  88 003c 00000000 		.word	0
  89 0040 44444444 		.word	1145324612
  90 0044 44444444 		.word	1145324612
  91 0048 00000000 		.word	0
  92 004c 44444444 		.word	1145324612
  93 0050 44444444 		.word	1145324612
  94              		.text
  95              	.Letext0:
  96              		.file 2 "/Users/Luca/src/vexilla/src/gcc-arm-none-eabi-5_4-2016q3/arm-none-eabi/include/machine/_d
  97              		.file 3 "/Users/Luca/src/vexilla/src/gcc-arm-none-eabi-5_4-2016q3/arm-none-eabi/include/sys/_stdin
  98              		.file 4 "../ChibiOS/os/hal/platforms/STM32F1xx/stm32f10x.h"
  99              		.file 5 "../ChibiOS/os/hal/platforms/STM32/GPIOv1/pal_lld.h"
 100              		.file 6 "../ChibiOS/os/ports/common/ARMCMx/CMSIS/include/core_cm3.h"
 101              		.file 7 "../ChibiOS/os/hal/platforms/STM32F1xx/hal_lld.h"
 102              		.section	.debug_info,"",%progbits
 103              	.Ldebug_info0:
 104 0000 23020000 		.4byte	0x223
 105 0004 0400     		.2byte	0x4
 106 0006 00000000 		.4byte	.Ldebug_abbrev0
 107 000a 04       		.byte	0x4
 108 000b 01       		.uleb128 0x1
 109 000c 57010000 		.4byte	.LASF34
 110 0010 0C       		.byte	0xc
 111 0011 B8000000 		.4byte	.LASF35
 112 0015 6E020000 		.4byte	.LASF36
 113 0019 00000000 		.4byte	.Ldebug_ranges0+0
 114 001d 00000000 		.4byte	0
ARM GAS  /var/folders/6q/x_mk5n_j3p7_c40r_2k_78980000gn/T//cc0Qffe8.s 			page 3


 115 0021 00000000 		.4byte	.Ldebug_line0
 116 0025 02       		.uleb128 0x2
 117 0026 04       		.byte	0x4
 118 0027 05       		.byte	0x5
 119 0028 696E7400 		.ascii	"int\000"
 120 002c 03       		.uleb128 0x3
 121 002d 04       		.byte	0x4
 122 002e 07       		.byte	0x7
 123 002f 1E000000 		.4byte	.LASF0
 124 0033 03       		.uleb128 0x3
 125 0034 08       		.byte	0x8
 126 0035 05       		.byte	0x5
 127 0036 42020000 		.4byte	.LASF1
 128 003a 03       		.uleb128 0x3
 129 003b 08       		.byte	0x8
 130 003c 04       		.byte	0x4
 131 003d A0020000 		.4byte	.LASF2
 132 0041 03       		.uleb128 0x3
 133 0042 01       		.byte	0x1
 134 0043 06       		.byte	0x6
 135 0044 B1020000 		.4byte	.LASF3
 136 0048 03       		.uleb128 0x3
 137 0049 01       		.byte	0x1
 138 004a 08       		.byte	0x8
 139 004b 58000000 		.4byte	.LASF4
 140 004f 03       		.uleb128 0x3
 141 0050 02       		.byte	0x2
 142 0051 05       		.byte	0x5
 143 0052 57020000 		.4byte	.LASF5
 144 0056 03       		.uleb128 0x3
 145 0057 02       		.byte	0x2
 146 0058 07       		.byte	0x7
 147 0059 9C000000 		.4byte	.LASF6
 148 005d 04       		.uleb128 0x4
 149 005e 14000000 		.4byte	.LASF8
 150 0062 02       		.byte	0x2
 151 0063 3F       		.byte	0x3f
 152 0064 68000000 		.4byte	0x68
 153 0068 03       		.uleb128 0x3
 154 0069 04       		.byte	0x4
 155 006a 05       		.byte	0x5
 156 006b 97020000 		.4byte	.LASF7
 157 006f 04       		.uleb128 0x4
 158 0070 1B010000 		.4byte	.LASF9
 159 0074 02       		.byte	0x2
 160 0075 41       		.byte	0x41
 161 0076 7A000000 		.4byte	0x7a
 162 007a 03       		.uleb128 0x3
 163 007b 04       		.byte	0x4
 164 007c 07       		.byte	0x7
 165 007d 8A000000 		.4byte	.LASF10
 166 0081 03       		.uleb128 0x3
 167 0082 08       		.byte	0x8
 168 0083 07       		.byte	0x7
 169 0084 3A000000 		.4byte	.LASF11
 170 0088 04       		.uleb128 0x4
 171 0089 31020000 		.4byte	.LASF12
ARM GAS  /var/folders/6q/x_mk5n_j3p7_c40r_2k_78980000gn/T//cc0Qffe8.s 			page 4


 172 008d 03       		.byte	0x3
 173 008e 2C       		.byte	0x2c
 174 008f 5D000000 		.4byte	0x5d
 175 0093 04       		.uleb128 0x4
 176 0094 AF000000 		.4byte	.LASF13
 177 0098 03       		.byte	0x3
 178 0099 30       		.byte	0x30
 179 009a 6F000000 		.4byte	0x6f
 180 009e 03       		.uleb128 0x3
 181 009f 01       		.byte	0x1
 182 00a0 02       		.byte	0x2
 183 00a1 BD020000 		.4byte	.LASF14
 184 00a5 05       		.uleb128 0x5
 185 00a6 93000000 		.4byte	0x93
 186 00aa 03       		.uleb128 0x3
 187 00ab 04       		.byte	0x4
 188 00ac 07       		.byte	0x7
 189 00ad 39020000 		.4byte	.LASF15
 190 00b1 03       		.uleb128 0x3
 191 00b2 01       		.byte	0x1
 192 00b3 08       		.byte	0x8
 193 00b4 3B010000 		.4byte	.LASF16
 194 00b8 05       		.uleb128 0x5
 195 00b9 88000000 		.4byte	0x88
 196 00bd 06       		.uleb128 0x6
 197 00be 20       		.byte	0x20
 198 00bf 04       		.byte	0x4
 199 00c0 0704     		.2byte	0x407
 200 00c2 08010000 		.4byte	0x108
 201 00c6 07       		.uleb128 0x7
 202 00c7 AC020000 		.4byte	.LASF17
 203 00cb 04       		.byte	0x4
 204 00cc 0904     		.2byte	0x409
 205 00ce A5000000 		.4byte	0xa5
 206 00d2 00       		.byte	0
 207 00d3 07       		.uleb128 0x7
 208 00d4 2B000000 		.4byte	.LASF18
 209 00d8 04       		.byte	0x4
 210 00d9 0A04     		.2byte	0x40a
 211 00db A5000000 		.4byte	0xa5
 212 00df 04       		.byte	0x4
 213 00e0 07       		.uleb128 0x7
 214 00e1 26010000 		.4byte	.LASF19
 215 00e5 04       		.byte	0x4
 216 00e6 0B04     		.2byte	0x40b
 217 00e8 18010000 		.4byte	0x118
 218 00ec 08       		.byte	0x8
 219 00ed 07       		.uleb128 0x7
 220 00ee 30000000 		.4byte	.LASF20
 221 00f2 04       		.byte	0x4
 222 00f3 0C04     		.2byte	0x40c
 223 00f5 93000000 		.4byte	0x93
 224 00f9 18       		.byte	0x18
 225 00fa 07       		.uleb128 0x7
 226 00fb 68020000 		.4byte	.LASF21
 227 00ff 04       		.byte	0x4
 228 0100 0D04     		.2byte	0x40d
ARM GAS  /var/folders/6q/x_mk5n_j3p7_c40r_2k_78980000gn/T//cc0Qffe8.s 			page 5


 229 0102 A5000000 		.4byte	0xa5
 230 0106 1C       		.byte	0x1c
 231 0107 00       		.byte	0
 232 0108 08       		.uleb128 0x8
 233 0109 A5000000 		.4byte	0xa5
 234 010d 18010000 		.4byte	0x118
 235 0111 09       		.uleb128 0x9
 236 0112 AA000000 		.4byte	0xaa
 237 0116 03       		.byte	0x3
 238 0117 00       		.byte	0
 239 0118 05       		.uleb128 0x5
 240 0119 08010000 		.4byte	0x108
 241 011d 0A       		.uleb128 0xa
 242 011e 00000000 		.4byte	.LASF22
 243 0122 04       		.byte	0x4
 244 0123 0E04     		.2byte	0x40e
 245 0125 BD000000 		.4byte	0xbd
 246 0129 0B       		.uleb128 0xb
 247 012a 0C       		.byte	0xc
 248 012b 05       		.byte	0x5
 249 012c 38       		.byte	0x38
 250 012d 56010000 		.4byte	0x156
 251 0131 0C       		.uleb128 0xc
 252 0132 6F647200 		.ascii	"odr\000"
 253 0136 05       		.byte	0x5
 254 0137 3A       		.byte	0x3a
 255 0138 93000000 		.4byte	0x93
 256 013c 00       		.byte	0
 257 013d 0C       		.uleb128 0xc
 258 013e 63726C00 		.ascii	"crl\000"
 259 0142 05       		.byte	0x5
 260 0143 3C       		.byte	0x3c
 261 0144 93000000 		.4byte	0x93
 262 0148 04       		.byte	0x4
 263 0149 0C       		.uleb128 0xc
 264 014a 63726800 		.ascii	"crh\000"
 265 014e 05       		.byte	0x5
 266 014f 3E       		.byte	0x3e
 267 0150 93000000 		.4byte	0x93
 268 0154 08       		.byte	0x8
 269 0155 00       		.byte	0
 270 0156 04       		.uleb128 0x4
 271 0157 66000000 		.4byte	.LASF23
 272 015b 05       		.byte	0x5
 273 015c 3F       		.byte	0x3f
 274 015d 29010000 		.4byte	0x129
 275 0161 0B       		.uleb128 0xb
 276 0162 54       		.byte	0x54
 277 0163 05       		.byte	0x5
 278 0164 48       		.byte	0x48
 279 0165 BE010000 		.4byte	0x1be
 280 0169 0D       		.uleb128 0xd
 281 016a 90020000 		.4byte	.LASF24
 282 016e 05       		.byte	0x5
 283 016f 4A       		.byte	0x4a
 284 0170 56010000 		.4byte	0x156
 285 0174 00       		.byte	0
ARM GAS  /var/folders/6q/x_mk5n_j3p7_c40r_2k_78980000gn/T//cc0Qffe8.s 			page 6


 286 0175 0D       		.uleb128 0xd
 287 0176 34010000 		.4byte	.LASF25
 288 017a 05       		.byte	0x5
 289 017b 4C       		.byte	0x4c
 290 017c 56010000 		.4byte	0x156
 291 0180 0C       		.byte	0xc
 292 0181 0D       		.uleb128 0xd
 293 0182 61020000 		.4byte	.LASF26
 294 0186 05       		.byte	0x5
 295 0187 4E       		.byte	0x4e
 296 0188 56010000 		.4byte	0x156
 297 018c 18       		.byte	0x18
 298 018d 0D       		.uleb128 0xd
 299 018e 0D000000 		.4byte	.LASF27
 300 0192 05       		.byte	0x5
 301 0193 50       		.byte	0x50
 302 0194 56010000 		.4byte	0x156
 303 0198 24       		.byte	0x24
 304 0199 0D       		.uleb128 0xd
 305 019a 51000000 		.4byte	.LASF28
 306 019e 05       		.byte	0x5
 307 019f 53       		.byte	0x53
 308 01a0 56010000 		.4byte	0x156
 309 01a4 30       		.byte	0x30
 310 01a5 0D       		.uleb128 0xd
 311 01a6 2D010000 		.4byte	.LASF29
 312 01aa 05       		.byte	0x5
 313 01ab 56       		.byte	0x56
 314 01ac 56010000 		.4byte	0x156
 315 01b0 3C       		.byte	0x3c
 316 01b1 0D       		.uleb128 0xd
 317 01b2 50020000 		.4byte	.LASF30
 318 01b6 05       		.byte	0x5
 319 01b7 59       		.byte	0x59
 320 01b8 56010000 		.4byte	0x156
 321 01bc 48       		.byte	0x48
 322 01bd 00       		.byte	0
 323 01be 04       		.uleb128 0x4
 324 01bf FE000000 		.4byte	.LASF31
 325 01c3 05       		.byte	0x5
 326 01c4 5D       		.byte	0x5d
 327 01c5 61010000 		.4byte	0x161
 328 01c9 0E       		.uleb128 0xe
 329 01ca 4A010000 		.4byte	.LASF37
 330 01ce 01       		.byte	0x1
 331 01cf 40       		.byte	0x40
 332 01d0 00000000 		.4byte	.LFB63
 333 01d4 04000000 		.4byte	.LFE63-.LFB63
 334 01d8 01       		.uleb128 0x1
 335 01d9 9C       		.byte	0x9c
 336 01da E8010000 		.4byte	0x1e8
 337 01de 0F       		.uleb128 0xf
 338 01df 04000000 		.4byte	.LVL0
 339 01e3 1B020000 		.4byte	0x21b
 340 01e7 00       		.byte	0
 341 01e8 10       		.uleb128 0x10
 342 01e9 40010000 		.4byte	.LASF38
ARM GAS  /var/folders/6q/x_mk5n_j3p7_c40r_2k_78980000gn/T//cc0Qffe8.s 			page 7


 343 01ed 01       		.byte	0x1
 344 01ee 48       		.byte	0x48
 345 01ef 00000000 		.4byte	.LFB64
 346 01f3 10000000 		.4byte	.LFE64-.LFB64
 347 01f7 01       		.uleb128 0x1
 348 01f8 9C       		.byte	0x9c
 349 01f9 11       		.uleb128 0x11
 350 01fa F1000000 		.4byte	.LASF32
 351 01fe 06       		.byte	0x6
 352 01ff 0706     		.2byte	0x607
 353 0201 B8000000 		.4byte	0xb8
 354 0205 12       		.uleb128 0x12
 355 0206 08010000 		.4byte	.LASF33
 356 020a 01       		.byte	0x1
 357 020b 2F       		.byte	0x2f
 358 020c 16020000 		.4byte	0x216
 359 0210 05       		.uleb128 0x5
 360 0211 03       		.byte	0x3
 361 0212 00000000 		.4byte	pal_default_config
 362 0216 13       		.uleb128 0x13
 363 0217 BE010000 		.4byte	0x1be
 364 021b 14       		.uleb128 0x14
 365 021c 79000000 		.4byte	.LASF39
 366 0220 79000000 		.4byte	.LASF39
 367 0224 07       		.byte	0x7
 368 0225 F8       		.byte	0xf8
 369 0226 00       		.byte	0
 370              		.section	.debug_abbrev,"",%progbits
 371              	.Ldebug_abbrev0:
 372 0000 01       		.uleb128 0x1
 373 0001 11       		.uleb128 0x11
 374 0002 01       		.byte	0x1
 375 0003 25       		.uleb128 0x25
 376 0004 0E       		.uleb128 0xe
 377 0005 13       		.uleb128 0x13
 378 0006 0B       		.uleb128 0xb
 379 0007 03       		.uleb128 0x3
 380 0008 0E       		.uleb128 0xe
 381 0009 1B       		.uleb128 0x1b
 382 000a 0E       		.uleb128 0xe
 383 000b 55       		.uleb128 0x55
 384 000c 17       		.uleb128 0x17
 385 000d 11       		.uleb128 0x11
 386 000e 01       		.uleb128 0x1
 387 000f 10       		.uleb128 0x10
 388 0010 17       		.uleb128 0x17
 389 0011 00       		.byte	0
 390 0012 00       		.byte	0
 391 0013 02       		.uleb128 0x2
 392 0014 24       		.uleb128 0x24
 393 0015 00       		.byte	0
 394 0016 0B       		.uleb128 0xb
 395 0017 0B       		.uleb128 0xb
 396 0018 3E       		.uleb128 0x3e
 397 0019 0B       		.uleb128 0xb
 398 001a 03       		.uleb128 0x3
 399 001b 08       		.uleb128 0x8
ARM GAS  /var/folders/6q/x_mk5n_j3p7_c40r_2k_78980000gn/T//cc0Qffe8.s 			page 8


 400 001c 00       		.byte	0
 401 001d 00       		.byte	0
 402 001e 03       		.uleb128 0x3
 403 001f 24       		.uleb128 0x24
 404 0020 00       		.byte	0
 405 0021 0B       		.uleb128 0xb
 406 0022 0B       		.uleb128 0xb
 407 0023 3E       		.uleb128 0x3e
 408 0024 0B       		.uleb128 0xb
 409 0025 03       		.uleb128 0x3
 410 0026 0E       		.uleb128 0xe
 411 0027 00       		.byte	0
 412 0028 00       		.byte	0
 413 0029 04       		.uleb128 0x4
 414 002a 16       		.uleb128 0x16
 415 002b 00       		.byte	0
 416 002c 03       		.uleb128 0x3
 417 002d 0E       		.uleb128 0xe
 418 002e 3A       		.uleb128 0x3a
 419 002f 0B       		.uleb128 0xb
 420 0030 3B       		.uleb128 0x3b
 421 0031 0B       		.uleb128 0xb
 422 0032 49       		.uleb128 0x49
 423 0033 13       		.uleb128 0x13
 424 0034 00       		.byte	0
 425 0035 00       		.byte	0
 426 0036 05       		.uleb128 0x5
 427 0037 35       		.uleb128 0x35
 428 0038 00       		.byte	0
 429 0039 49       		.uleb128 0x49
 430 003a 13       		.uleb128 0x13
 431 003b 00       		.byte	0
 432 003c 00       		.byte	0
 433 003d 06       		.uleb128 0x6
 434 003e 13       		.uleb128 0x13
 435 003f 01       		.byte	0x1
 436 0040 0B       		.uleb128 0xb
 437 0041 0B       		.uleb128 0xb
 438 0042 3A       		.uleb128 0x3a
 439 0043 0B       		.uleb128 0xb
 440 0044 3B       		.uleb128 0x3b
 441 0045 05       		.uleb128 0x5
 442 0046 01       		.uleb128 0x1
 443 0047 13       		.uleb128 0x13
 444 0048 00       		.byte	0
 445 0049 00       		.byte	0
 446 004a 07       		.uleb128 0x7
 447 004b 0D       		.uleb128 0xd
 448 004c 00       		.byte	0
 449 004d 03       		.uleb128 0x3
 450 004e 0E       		.uleb128 0xe
 451 004f 3A       		.uleb128 0x3a
 452 0050 0B       		.uleb128 0xb
 453 0051 3B       		.uleb128 0x3b
 454 0052 05       		.uleb128 0x5
 455 0053 49       		.uleb128 0x49
 456 0054 13       		.uleb128 0x13
ARM GAS  /var/folders/6q/x_mk5n_j3p7_c40r_2k_78980000gn/T//cc0Qffe8.s 			page 9


 457 0055 38       		.uleb128 0x38
 458 0056 0B       		.uleb128 0xb
 459 0057 00       		.byte	0
 460 0058 00       		.byte	0
 461 0059 08       		.uleb128 0x8
 462 005a 01       		.uleb128 0x1
 463 005b 01       		.byte	0x1
 464 005c 49       		.uleb128 0x49
 465 005d 13       		.uleb128 0x13
 466 005e 01       		.uleb128 0x1
 467 005f 13       		.uleb128 0x13
 468 0060 00       		.byte	0
 469 0061 00       		.byte	0
 470 0062 09       		.uleb128 0x9
 471 0063 21       		.uleb128 0x21
 472 0064 00       		.byte	0
 473 0065 49       		.uleb128 0x49
 474 0066 13       		.uleb128 0x13
 475 0067 2F       		.uleb128 0x2f
 476 0068 0B       		.uleb128 0xb
 477 0069 00       		.byte	0
 478 006a 00       		.byte	0
 479 006b 0A       		.uleb128 0xa
 480 006c 16       		.uleb128 0x16
 481 006d 00       		.byte	0
 482 006e 03       		.uleb128 0x3
 483 006f 0E       		.uleb128 0xe
 484 0070 3A       		.uleb128 0x3a
 485 0071 0B       		.uleb128 0xb
 486 0072 3B       		.uleb128 0x3b
 487 0073 05       		.uleb128 0x5
 488 0074 49       		.uleb128 0x49
 489 0075 13       		.uleb128 0x13
 490 0076 00       		.byte	0
 491 0077 00       		.byte	0
 492 0078 0B       		.uleb128 0xb
 493 0079 13       		.uleb128 0x13
 494 007a 01       		.byte	0x1
 495 007b 0B       		.uleb128 0xb
 496 007c 0B       		.uleb128 0xb
 497 007d 3A       		.uleb128 0x3a
 498 007e 0B       		.uleb128 0xb
 499 007f 3B       		.uleb128 0x3b
 500 0080 0B       		.uleb128 0xb
 501 0081 01       		.uleb128 0x1
 502 0082 13       		.uleb128 0x13
 503 0083 00       		.byte	0
 504 0084 00       		.byte	0
 505 0085 0C       		.uleb128 0xc
 506 0086 0D       		.uleb128 0xd
 507 0087 00       		.byte	0
 508 0088 03       		.uleb128 0x3
 509 0089 08       		.uleb128 0x8
 510 008a 3A       		.uleb128 0x3a
 511 008b 0B       		.uleb128 0xb
 512 008c 3B       		.uleb128 0x3b
 513 008d 0B       		.uleb128 0xb
ARM GAS  /var/folders/6q/x_mk5n_j3p7_c40r_2k_78980000gn/T//cc0Qffe8.s 			page 10


 514 008e 49       		.uleb128 0x49
 515 008f 13       		.uleb128 0x13
 516 0090 38       		.uleb128 0x38
 517 0091 0B       		.uleb128 0xb
 518 0092 00       		.byte	0
 519 0093 00       		.byte	0
 520 0094 0D       		.uleb128 0xd
 521 0095 0D       		.uleb128 0xd
 522 0096 00       		.byte	0
 523 0097 03       		.uleb128 0x3
 524 0098 0E       		.uleb128 0xe
 525 0099 3A       		.uleb128 0x3a
 526 009a 0B       		.uleb128 0xb
 527 009b 3B       		.uleb128 0x3b
 528 009c 0B       		.uleb128 0xb
 529 009d 49       		.uleb128 0x49
 530 009e 13       		.uleb128 0x13
 531 009f 38       		.uleb128 0x38
 532 00a0 0B       		.uleb128 0xb
 533 00a1 00       		.byte	0
 534 00a2 00       		.byte	0
 535 00a3 0E       		.uleb128 0xe
 536 00a4 2E       		.uleb128 0x2e
 537 00a5 01       		.byte	0x1
 538 00a6 3F       		.uleb128 0x3f
 539 00a7 19       		.uleb128 0x19
 540 00a8 03       		.uleb128 0x3
 541 00a9 0E       		.uleb128 0xe
 542 00aa 3A       		.uleb128 0x3a
 543 00ab 0B       		.uleb128 0xb
 544 00ac 3B       		.uleb128 0x3b
 545 00ad 0B       		.uleb128 0xb
 546 00ae 27       		.uleb128 0x27
 547 00af 19       		.uleb128 0x19
 548 00b0 11       		.uleb128 0x11
 549 00b1 01       		.uleb128 0x1
 550 00b2 12       		.uleb128 0x12
 551 00b3 06       		.uleb128 0x6
 552 00b4 40       		.uleb128 0x40
 553 00b5 18       		.uleb128 0x18
 554 00b6 9742     		.uleb128 0x2117
 555 00b8 19       		.uleb128 0x19
 556 00b9 01       		.uleb128 0x1
 557 00ba 13       		.uleb128 0x13
 558 00bb 00       		.byte	0
 559 00bc 00       		.byte	0
 560 00bd 0F       		.uleb128 0xf
 561 00be 898201   		.uleb128 0x4109
 562 00c1 00       		.byte	0
 563 00c2 11       		.uleb128 0x11
 564 00c3 01       		.uleb128 0x1
 565 00c4 9542     		.uleb128 0x2115
 566 00c6 19       		.uleb128 0x19
 567 00c7 31       		.uleb128 0x31
 568 00c8 13       		.uleb128 0x13
 569 00c9 00       		.byte	0
 570 00ca 00       		.byte	0
ARM GAS  /var/folders/6q/x_mk5n_j3p7_c40r_2k_78980000gn/T//cc0Qffe8.s 			page 11


 571 00cb 10       		.uleb128 0x10
 572 00cc 2E       		.uleb128 0x2e
 573 00cd 00       		.byte	0
 574 00ce 3F       		.uleb128 0x3f
 575 00cf 19       		.uleb128 0x19
 576 00d0 03       		.uleb128 0x3
 577 00d1 0E       		.uleb128 0xe
 578 00d2 3A       		.uleb128 0x3a
 579 00d3 0B       		.uleb128 0xb
 580 00d4 3B       		.uleb128 0x3b
 581 00d5 0B       		.uleb128 0xb
 582 00d6 27       		.uleb128 0x27
 583 00d7 19       		.uleb128 0x19
 584 00d8 11       		.uleb128 0x11
 585 00d9 01       		.uleb128 0x1
 586 00da 12       		.uleb128 0x12
 587 00db 06       		.uleb128 0x6
 588 00dc 40       		.uleb128 0x40
 589 00dd 18       		.uleb128 0x18
 590 00de 9742     		.uleb128 0x2117
 591 00e0 19       		.uleb128 0x19
 592 00e1 00       		.byte	0
 593 00e2 00       		.byte	0
 594 00e3 11       		.uleb128 0x11
 595 00e4 34       		.uleb128 0x34
 596 00e5 00       		.byte	0
 597 00e6 03       		.uleb128 0x3
 598 00e7 0E       		.uleb128 0xe
 599 00e8 3A       		.uleb128 0x3a
 600 00e9 0B       		.uleb128 0xb
 601 00ea 3B       		.uleb128 0x3b
 602 00eb 05       		.uleb128 0x5
 603 00ec 49       		.uleb128 0x49
 604 00ed 13       		.uleb128 0x13
 605 00ee 3F       		.uleb128 0x3f
 606 00ef 19       		.uleb128 0x19
 607 00f0 3C       		.uleb128 0x3c
 608 00f1 19       		.uleb128 0x19
 609 00f2 00       		.byte	0
 610 00f3 00       		.byte	0
 611 00f4 12       		.uleb128 0x12
 612 00f5 34       		.uleb128 0x34
 613 00f6 00       		.byte	0
 614 00f7 03       		.uleb128 0x3
 615 00f8 0E       		.uleb128 0xe
 616 00f9 3A       		.uleb128 0x3a
 617 00fa 0B       		.uleb128 0xb
 618 00fb 3B       		.uleb128 0x3b
 619 00fc 0B       		.uleb128 0xb
 620 00fd 49       		.uleb128 0x49
 621 00fe 13       		.uleb128 0x13
 622 00ff 3F       		.uleb128 0x3f
 623 0100 19       		.uleb128 0x19
 624 0101 02       		.uleb128 0x2
 625 0102 18       		.uleb128 0x18
 626 0103 00       		.byte	0
 627 0104 00       		.byte	0
ARM GAS  /var/folders/6q/x_mk5n_j3p7_c40r_2k_78980000gn/T//cc0Qffe8.s 			page 12


 628 0105 13       		.uleb128 0x13
 629 0106 26       		.uleb128 0x26
 630 0107 00       		.byte	0
 631 0108 49       		.uleb128 0x49
 632 0109 13       		.uleb128 0x13
 633 010a 00       		.byte	0
 634 010b 00       		.byte	0
 635 010c 14       		.uleb128 0x14
 636 010d 2E       		.uleb128 0x2e
 637 010e 00       		.byte	0
 638 010f 3F       		.uleb128 0x3f
 639 0110 19       		.uleb128 0x19
 640 0111 3C       		.uleb128 0x3c
 641 0112 19       		.uleb128 0x19
 642 0113 6E       		.uleb128 0x6e
 643 0114 0E       		.uleb128 0xe
 644 0115 03       		.uleb128 0x3
 645 0116 0E       		.uleb128 0xe
 646 0117 3A       		.uleb128 0x3a
 647 0118 0B       		.uleb128 0xb
 648 0119 3B       		.uleb128 0x3b
 649 011a 0B       		.uleb128 0xb
 650 011b 00       		.byte	0
 651 011c 00       		.byte	0
 652 011d 00       		.byte	0
 653              		.section	.debug_aranges,"",%progbits
 654 0000 24000000 		.4byte	0x24
 655 0004 0200     		.2byte	0x2
 656 0006 00000000 		.4byte	.Ldebug_info0
 657 000a 04       		.byte	0x4
 658 000b 00       		.byte	0
 659 000c 0000     		.2byte	0
 660 000e 0000     		.2byte	0
 661 0010 00000000 		.4byte	.LFB63
 662 0014 04000000 		.4byte	.LFE63-.LFB63
 663 0018 00000000 		.4byte	.LFB64
 664 001c 10000000 		.4byte	.LFE64-.LFB64
 665 0020 00000000 		.4byte	0
 666 0024 00000000 		.4byte	0
 667              		.section	.debug_ranges,"",%progbits
 668              	.Ldebug_ranges0:
 669 0000 00000000 		.4byte	.LFB63
 670 0004 04000000 		.4byte	.LFE63
 671 0008 00000000 		.4byte	.LFB64
 672 000c 10000000 		.4byte	.LFE64
 673 0010 00000000 		.4byte	0
 674 0014 00000000 		.4byte	0
 675              		.section	.debug_line,"",%progbits
 676              	.Ldebug_line0:
 677 0000 F7010000 		.section	.debug_str,"MS",%progbits,1
 677      0200D001 
 677      00000201 
 677      FB0E0D00 
 677      01010101 
 678              	.LASF22:
 679 0000 4146494F 		.ascii	"AFIO_TypeDef\000"
 679      5F547970 
ARM GAS  /var/folders/6q/x_mk5n_j3p7_c40r_2k_78980000gn/T//cc0Qffe8.s 			page 13


 679      65446566 
 679      00
 680              	.LASF27:
 681 000d 50444461 		.ascii	"PDData\000"
 681      746100
 682              	.LASF8:
 683 0014 5F5F696E 		.ascii	"__int32_t\000"
 683      7433325F 
 683      7400
 684              	.LASF0:
 685 001e 756E7369 		.ascii	"unsigned int\000"
 685      676E6564 
 685      20696E74 
 685      00
 686              	.LASF18:
 687 002b 4D415052 		.ascii	"MAPR\000"
 687      00
 688              	.LASF20:
 689 0030 52455345 		.ascii	"RESERVED0\000"
 689      52564544 
 689      3000
 690              	.LASF11:
 691 003a 6C6F6E67 		.ascii	"long long unsigned int\000"
 691      206C6F6E 
 691      6720756E 
 691      7369676E 
 691      65642069 
 692              	.LASF28:
 693 0051 50454461 		.ascii	"PEData\000"
 693      746100
 694              	.LASF4:
 695 0058 756E7369 		.ascii	"unsigned char\000"
 695      676E6564 
 695      20636861 
 695      7200
 696              	.LASF23:
 697 0066 73746D33 		.ascii	"stm32_gpio_setup_t\000"
 697      325F6770 
 697      696F5F73 
 697      65747570 
 697      5F7400
 698              	.LASF39:
 699 0079 73746D33 		.ascii	"stm32_clock_init\000"
 699      325F636C 
 699      6F636B5F 
 699      696E6974 
 699      00
 700              	.LASF10:
 701 008a 6C6F6E67 		.ascii	"long unsigned int\000"
 701      20756E73 
 701      69676E65 
 701      6420696E 
 701      7400
 702              	.LASF6:
 703 009c 73686F72 		.ascii	"short unsigned int\000"
 703      7420756E 
 703      7369676E 
ARM GAS  /var/folders/6q/x_mk5n_j3p7_c40r_2k_78980000gn/T//cc0Qffe8.s 			page 14


 703      65642069 
 703      6E7400
 704              	.LASF13:
 705 00af 75696E74 		.ascii	"uint32_t\000"
 705      33325F74 
 705      00
 706              	.LASF35:
 707 00b8 2E2E2F63 		.ascii	"../convex-vexilla/cortex/boards/VEX_STM32_CORTEX/bo"
 707      6F6E7665 
 707      782D7665 
 707      78696C6C 
 707      612F636F 
 708 00eb 6172642E 		.ascii	"ard.c\000"
 708      6300
 709              	.LASF32:
 710 00f1 49544D5F 		.ascii	"ITM_RxBuffer\000"
 710      52784275 
 710      66666572 
 710      00
 711              	.LASF31:
 712 00fe 50414C43 		.ascii	"PALConfig\000"
 712      6F6E6669 
 712      6700
 713              	.LASF33:
 714 0108 70616C5F 		.ascii	"pal_default_config\000"
 714      64656661 
 714      756C745F 
 714      636F6E66 
 714      696700
 715              	.LASF9:
 716 011b 5F5F7569 		.ascii	"__uint32_t\000"
 716      6E743332 
 716      5F7400
 717              	.LASF19:
 718 0126 45585449 		.ascii	"EXTICR\000"
 718      435200
 719              	.LASF29:
 720 012d 50464461 		.ascii	"PFData\000"
 720      746100
 721              	.LASF25:
 722 0134 50424461 		.ascii	"PBData\000"
 722      746100
 723              	.LASF16:
 724 013b 63686172 		.ascii	"char\000"
 724      00
 725              	.LASF38:
 726 0140 626F6172 		.ascii	"boardInit\000"
 726      64496E69 
 726      7400
 727              	.LASF37:
 728 014a 5F5F6561 		.ascii	"__early_init\000"
 728      726C795F 
 728      696E6974 
 728      00
 729              	.LASF34:
 730 0157 474E5520 		.ascii	"GNU C11 5.4.1 20160919 (release) [ARM/embedded-5-br"
 730      43313120 
ARM GAS  /var/folders/6q/x_mk5n_j3p7_c40r_2k_78980000gn/T//cc0Qffe8.s 			page 15


 730      352E342E 
 730      31203230 
 730      31363039 
 731 018a 616E6368 		.ascii	"anch revision 240496] -mcpu=cortex-m3 -mno-thumb-in"
 731      20726576 
 731      6973696F 
 731      6E203234 
 731      30343936 
 732 01bd 74657277 		.ascii	"terwork -mthumb -ggdb -O2 -fomit-frame-pointer -fal"
 732      6F726B20 
 732      2D6D7468 
 732      756D6220 
 732      2D676764 
 733 01f0 69676E2D 		.ascii	"ign-functions=16 -ffunction-sections -fdata-section"
 733      66756E63 
 733      74696F6E 
 733      733D3136 
 733      202D6666 
 734 0223 73202D66 		.ascii	"s -fno-common\000"
 734      6E6F2D63 
 734      6F6D6D6F 
 734      6E00
 735              	.LASF12:
 736 0231 696E7433 		.ascii	"int32_t\000"
 736      325F7400 
 737              	.LASF15:
 738 0239 73697A65 		.ascii	"sizetype\000"
 738      74797065 
 738      00
 739              	.LASF1:
 740 0242 6C6F6E67 		.ascii	"long long int\000"
 740      206C6F6E 
 740      6720696E 
 740      7400
 741              	.LASF30:
 742 0250 50474461 		.ascii	"PGData\000"
 742      746100
 743              	.LASF5:
 744 0257 73686F72 		.ascii	"short int\000"
 744      7420696E 
 744      7400
 745              	.LASF26:
 746 0261 50434461 		.ascii	"PCData\000"
 746      746100
 747              	.LASF21:
 748 0268 4D415052 		.ascii	"MAPR2\000"
 748      3200
 749              	.LASF36:
 750 026e 2F557365 		.ascii	"/Users/Luca/src/vexilla/src/teamA\000"
 750      72732F4C 
 750      7563612F 
 750      7372632F 
 750      76657869 
 751              	.LASF24:
 752 0290 50414461 		.ascii	"PAData\000"
 752      746100
 753              	.LASF7:
ARM GAS  /var/folders/6q/x_mk5n_j3p7_c40r_2k_78980000gn/T//cc0Qffe8.s 			page 16


 754 0297 6C6F6E67 		.ascii	"long int\000"
 754      20696E74 
 754      00
 755              	.LASF2:
 756 02a0 6C6F6E67 		.ascii	"long double\000"
 756      20646F75 
 756      626C6500 
 757              	.LASF17:
 758 02ac 45564352 		.ascii	"EVCR\000"
 758      00
 759              	.LASF3:
 760 02b1 7369676E 		.ascii	"signed char\000"
 760      65642063 
 760      68617200 
 761              	.LASF14:
 762 02bd 5F426F6F 		.ascii	"_Bool\000"
 762      6C00
 763              		.ident	"GCC: (GNU Tools for ARM Embedded Processors) 5.4.1 20160919 (release) [ARM/embedded-5-bran
ARM GAS  /var/folders/6q/x_mk5n_j3p7_c40r_2k_78980000gn/T//cc0Qffe8.s 			page 17


DEFINED SYMBOLS
                            *ABS*:0000000000000000 board.c
/var/folders/6q/x_mk5n_j3p7_c40r_2k_78980000gn/T//cc0Qffe8.s:20     .text.__early_init:0000000000000000 $t
/var/folders/6q/x_mk5n_j3p7_c40r_2k_78980000gn/T//cc0Qffe8.s:26     .text.__early_init:0000000000000000 __early_init
/var/folders/6q/x_mk5n_j3p7_c40r_2k_78980000gn/T//cc0Qffe8.s:41     .text.boardInit:0000000000000000 $t
/var/folders/6q/x_mk5n_j3p7_c40r_2k_78980000gn/T//cc0Qffe8.s:47     .text.boardInit:0000000000000000 boardInit
/var/folders/6q/x_mk5n_j3p7_c40r_2k_78980000gn/T//cc0Qffe8.s:63     .text.boardInit:000000000000000c $d
/var/folders/6q/x_mk5n_j3p7_c40r_2k_78980000gn/T//cc0Qffe8.s:72     .rodata.pal_default_config:0000000000000000 pal_default_config
/var/folders/6q/x_mk5n_j3p7_c40r_2k_78980000gn/T//cc0Qffe8.s:69     .rodata.pal_default_config:0000000000000000 $d
                     .debug_frame:0000000000000010 $d

UNDEFINED SYMBOLS
stm32_clock_init
