ARM GAS  /var/folders/6q/x_mk5n_j3p7_c40r_2k_78980000gn/T//ccukUist.s 			page 1


   1              		.syntax unified
   2              		.cpu cortex-m3
   3              		.fpu softvfp
   4              		.eabi_attribute 20, 1
   5              		.eabi_attribute 21, 1
   6              		.eabi_attribute 23, 3
   7              		.eabi_attribute 24, 1
   8              		.eabi_attribute 25, 1
   9              		.eabi_attribute 26, 1
  10              		.eabi_attribute 30, 2
  11              		.eabi_attribute 34, 1
  12              		.eabi_attribute 18, 4
  13              		.thumb
  14              		.syntax unified
  15              		.file	"chcore.c"
  16              		.text
  17              	.Ltext0:
  18              		.cfi_sections	.debug_frame
  19              		.section	.text.port_halt,"ax",%progbits
  20              		.align	2
  21              		.p2align 4,,15
  22              		.weak	port_halt
  23              		.thumb
  24              		.thumb_func
  25              		.type	port_halt, %function
  26              	port_halt:
  27              	.LFB7:
  28              		.file 1 "../ChibiOS/os/ports/GCC/ARMCMx/chcore.c"
  29              		.loc 1 46 0
  30              		.cfi_startproc
  31              		@ args = 0, pretend = 0, frame = 0
  32              		@ frame_needed = 0, uses_anonymous_args = 0
  33              		@ link register save eliminated.
  34              		.loc 1 48 0
  35              		.syntax unified
  36              	@ 48 "../ChibiOS/os/ports/GCC/ARMCMx/chcore.c" 1
  37 0000 72B6     		cpsid   i
  38              	@ 0 "" 2
  39              		.thumb
  40              		.syntax unified
  41              	.L2:
  42 0002 FEE7     		b	.L2
  43              		.cfi_endproc
  44              	.LFE7:
  45              		.size	port_halt, .-port_halt
  46              		.text
  47              	.Letext0:
  48              		.section	.debug_info,"",%progbits
  49              	.Ldebug_info0:
  50 0000 95000000 		.4byte	0x95
  51 0004 0400     		.2byte	0x4
  52 0006 00000000 		.4byte	.Ldebug_abbrev0
  53 000a 04       		.byte	0x4
  54 000b 01       		.uleb128 0x1
  55 000c 8E000000 		.4byte	.LASF13
  56 0010 0C       		.byte	0xc
  57 0011 1B000000 		.4byte	.LASF14
ARM GAS  /var/folders/6q/x_mk5n_j3p7_c40r_2k_78980000gn/T//ccukUist.s 			page 2


  58 0015 6C000000 		.4byte	.LASF15
  59 0019 00000000 		.4byte	.Ldebug_ranges0+0
  60 001d 00000000 		.4byte	0
  61 0021 00000000 		.4byte	.Ldebug_line0
  62 0025 02       		.uleb128 0x2
  63 0026 04       		.byte	0x4
  64 0027 05       		.byte	0x5
  65 0028 696E7400 		.ascii	"int\000"
  66 002c 03       		.uleb128 0x3
  67 002d 04       		.byte	0x4
  68 002e 07       		.byte	0x7
  69 002f 0E000000 		.4byte	.LASF0
  70 0033 03       		.uleb128 0x3
  71 0034 08       		.byte	0x8
  72 0035 05       		.byte	0x5
  73 0036 00000000 		.4byte	.LASF1
  74 003a 03       		.uleb128 0x3
  75 003b 08       		.byte	0x8
  76 003c 04       		.byte	0x4
  77 003d A9010000 		.4byte	.LASF2
  78 0041 03       		.uleb128 0x3
  79 0042 01       		.byte	0x1
  80 0043 06       		.byte	0x6
  81 0044 9D010000 		.4byte	.LASF3
  82 0048 03       		.uleb128 0x3
  83 0049 01       		.byte	0x1
  84 004a 08       		.byte	0x8
  85 004b 68010000 		.4byte	.LASF4
  86 004f 03       		.uleb128 0x3
  87 0050 02       		.byte	0x2
  88 0051 05       		.byte	0x5
  89 0052 BF010000 		.4byte	.LASF5
  90 0056 03       		.uleb128 0x3
  91 0057 02       		.byte	0x2
  92 0058 07       		.byte	0x7
  93 0059 8A010000 		.4byte	.LASF6
  94 005d 03       		.uleb128 0x3
  95 005e 04       		.byte	0x4
  96 005f 05       		.byte	0x5
  97 0060 7B010000 		.4byte	.LASF7
  98 0064 03       		.uleb128 0x3
  99 0065 04       		.byte	0x4
 100 0066 07       		.byte	0x7
 101 0067 43000000 		.4byte	.LASF8
 102 006b 03       		.uleb128 0x3
 103 006c 08       		.byte	0x8
 104 006d 07       		.byte	0x7
 105 006e 55000000 		.4byte	.LASF9
 106 0072 03       		.uleb128 0x3
 107 0073 01       		.byte	0x1
 108 0074 02       		.byte	0x2
 109 0075 84010000 		.4byte	.LASF10
 110 0079 03       		.uleb128 0x3
 111 007a 04       		.byte	0x4
 112 007b 07       		.byte	0x7
 113 007c C9010000 		.4byte	.LASF11
 114 0080 03       		.uleb128 0x3
ARM GAS  /var/folders/6q/x_mk5n_j3p7_c40r_2k_78980000gn/T//ccukUist.s 			page 3


 115 0081 01       		.byte	0x1
 116 0082 08       		.byte	0x8
 117 0083 76010000 		.4byte	.LASF12
 118 0087 04       		.uleb128 0x4
 119 0088 B5010000 		.4byte	.LASF16
 120 008c 01       		.byte	0x1
 121 008d 2E       		.byte	0x2e
 122 008e 00000000 		.4byte	.LFB7
 123 0092 04000000 		.4byte	.LFE7-.LFB7
 124 0096 01       		.uleb128 0x1
 125 0097 9C       		.byte	0x9c
 126 0098 00       		.byte	0
 127              		.section	.debug_abbrev,"",%progbits
 128              	.Ldebug_abbrev0:
 129 0000 01       		.uleb128 0x1
 130 0001 11       		.uleb128 0x11
 131 0002 01       		.byte	0x1
 132 0003 25       		.uleb128 0x25
 133 0004 0E       		.uleb128 0xe
 134 0005 13       		.uleb128 0x13
 135 0006 0B       		.uleb128 0xb
 136 0007 03       		.uleb128 0x3
 137 0008 0E       		.uleb128 0xe
 138 0009 1B       		.uleb128 0x1b
 139 000a 0E       		.uleb128 0xe
 140 000b 55       		.uleb128 0x55
 141 000c 17       		.uleb128 0x17
 142 000d 11       		.uleb128 0x11
 143 000e 01       		.uleb128 0x1
 144 000f 10       		.uleb128 0x10
 145 0010 17       		.uleb128 0x17
 146 0011 00       		.byte	0
 147 0012 00       		.byte	0
 148 0013 02       		.uleb128 0x2
 149 0014 24       		.uleb128 0x24
 150 0015 00       		.byte	0
 151 0016 0B       		.uleb128 0xb
 152 0017 0B       		.uleb128 0xb
 153 0018 3E       		.uleb128 0x3e
 154 0019 0B       		.uleb128 0xb
 155 001a 03       		.uleb128 0x3
 156 001b 08       		.uleb128 0x8
 157 001c 00       		.byte	0
 158 001d 00       		.byte	0
 159 001e 03       		.uleb128 0x3
 160 001f 24       		.uleb128 0x24
 161 0020 00       		.byte	0
 162 0021 0B       		.uleb128 0xb
 163 0022 0B       		.uleb128 0xb
 164 0023 3E       		.uleb128 0x3e
 165 0024 0B       		.uleb128 0xb
 166 0025 03       		.uleb128 0x3
 167 0026 0E       		.uleb128 0xe
 168 0027 00       		.byte	0
 169 0028 00       		.byte	0
 170 0029 04       		.uleb128 0x4
 171 002a 2E       		.uleb128 0x2e
ARM GAS  /var/folders/6q/x_mk5n_j3p7_c40r_2k_78980000gn/T//ccukUist.s 			page 4


 172 002b 00       		.byte	0
 173 002c 3F       		.uleb128 0x3f
 174 002d 19       		.uleb128 0x19
 175 002e 03       		.uleb128 0x3
 176 002f 0E       		.uleb128 0xe
 177 0030 3A       		.uleb128 0x3a
 178 0031 0B       		.uleb128 0xb
 179 0032 3B       		.uleb128 0x3b
 180 0033 0B       		.uleb128 0xb
 181 0034 27       		.uleb128 0x27
 182 0035 19       		.uleb128 0x19
 183 0036 11       		.uleb128 0x11
 184 0037 01       		.uleb128 0x1
 185 0038 12       		.uleb128 0x12
 186 0039 06       		.uleb128 0x6
 187 003a 40       		.uleb128 0x40
 188 003b 18       		.uleb128 0x18
 189 003c 9742     		.uleb128 0x2117
 190 003e 19       		.uleb128 0x19
 191 003f 00       		.byte	0
 192 0040 00       		.byte	0
 193 0041 00       		.byte	0
 194              		.section	.debug_aranges,"",%progbits
 195 0000 1C000000 		.4byte	0x1c
 196 0004 0200     		.2byte	0x2
 197 0006 00000000 		.4byte	.Ldebug_info0
 198 000a 04       		.byte	0x4
 199 000b 00       		.byte	0
 200 000c 0000     		.2byte	0
 201 000e 0000     		.2byte	0
 202 0010 00000000 		.4byte	.LFB7
 203 0014 04000000 		.4byte	.LFE7-.LFB7
 204 0018 00000000 		.4byte	0
 205 001c 00000000 		.4byte	0
 206              		.section	.debug_ranges,"",%progbits
 207              	.Ldebug_ranges0:
 208 0000 00000000 		.4byte	.LFB7
 209 0004 04000000 		.4byte	.LFE7
 210 0008 00000000 		.4byte	0
 211 000c 00000000 		.4byte	0
 212              		.section	.debug_line,"",%progbits
 213              	.Ldebug_line0:
 214 0000 54000000 		.section	.debug_str,"MS",%progbits,1
 214      02003E00 
 214      00000201 
 214      FB0E0D00 
 214      01010101 
 215              	.LASF1:
 216 0000 6C6F6E67 		.ascii	"long long int\000"
 216      206C6F6E 
 216      6720696E 
 216      7400
 217              	.LASF0:
 218 000e 756E7369 		.ascii	"unsigned int\000"
 218      676E6564 
 218      20696E74 
 218      00
ARM GAS  /var/folders/6q/x_mk5n_j3p7_c40r_2k_78980000gn/T//ccukUist.s 			page 5


 219              	.LASF14:
 220 001b 2E2E2F43 		.ascii	"../ChibiOS/os/ports/GCC/ARMCMx/chcore.c\000"
 220      68696269 
 220      4F532F6F 
 220      732F706F 
 220      7274732F 
 221              	.LASF8:
 222 0043 6C6F6E67 		.ascii	"long unsigned int\000"
 222      20756E73 
 222      69676E65 
 222      6420696E 
 222      7400
 223              	.LASF9:
 224 0055 6C6F6E67 		.ascii	"long long unsigned int\000"
 224      206C6F6E 
 224      6720756E 
 224      7369676E 
 224      65642069 
 225              	.LASF15:
 226 006c 2F557365 		.ascii	"/Users/Luca/src/vexilla/src/teamA\000"
 226      72732F4C 
 226      7563612F 
 226      7372632F 
 226      76657869 
 227              	.LASF13:
 228 008e 474E5520 		.ascii	"GNU C11 5.4.1 20160919 (release) [ARM/embedded-5-br"
 228      43313120 
 228      352E342E 
 228      31203230 
 228      31363039 
 229 00c1 616E6368 		.ascii	"anch revision 240496] -mcpu=cortex-m3 -mno-thumb-in"
 229      20726576 
 229      6973696F 
 229      6E203234 
 229      30343936 
 230 00f4 74657277 		.ascii	"terwork -mthumb -ggdb -O2 -fomit-frame-pointer -fal"
 230      6F726B20 
 230      2D6D7468 
 230      756D6220 
 230      2D676764 
 231 0127 69676E2D 		.ascii	"ign-functions=16 -ffunction-sections -fdata-section"
 231      66756E63 
 231      74696F6E 
 231      733D3136 
 231      202D6666 
 232 015a 73202D66 		.ascii	"s -fno-common\000"
 232      6E6F2D63 
 232      6F6D6D6F 
 232      6E00
 233              	.LASF4:
 234 0168 756E7369 		.ascii	"unsigned char\000"
 234      676E6564 
 234      20636861 
 234      7200
 235              	.LASF12:
 236 0176 63686172 		.ascii	"char\000"
 236      00
ARM GAS  /var/folders/6q/x_mk5n_j3p7_c40r_2k_78980000gn/T//ccukUist.s 			page 6


 237              	.LASF7:
 238 017b 6C6F6E67 		.ascii	"long int\000"
 238      20696E74 
 238      00
 239              	.LASF10:
 240 0184 5F426F6F 		.ascii	"_Bool\000"
 240      6C00
 241              	.LASF6:
 242 018a 73686F72 		.ascii	"short unsigned int\000"
 242      7420756E 
 242      7369676E 
 242      65642069 
 242      6E7400
 243              	.LASF3:
 244 019d 7369676E 		.ascii	"signed char\000"
 244      65642063 
 244      68617200 
 245              	.LASF2:
 246 01a9 6C6F6E67 		.ascii	"long double\000"
 246      20646F75 
 246      626C6500 
 247              	.LASF16:
 248 01b5 706F7274 		.ascii	"port_halt\000"
 248      5F68616C 
 248      7400
 249              	.LASF5:
 250 01bf 73686F72 		.ascii	"short int\000"
 250      7420696E 
 250      7400
 251              	.LASF11:
 252 01c9 73697A65 		.ascii	"sizetype\000"
 252      74797065 
 252      00
 253              		.ident	"GCC: (GNU Tools for ARM Embedded Processors) 5.4.1 20160919 (release) [ARM/embedded-5-bran
ARM GAS  /var/folders/6q/x_mk5n_j3p7_c40r_2k_78980000gn/T//ccukUist.s 			page 7


DEFINED SYMBOLS
                            *ABS*:0000000000000000 chcore.c
/var/folders/6q/x_mk5n_j3p7_c40r_2k_78980000gn/T//ccukUist.s:20     .text.port_halt:0000000000000000 $t
/var/folders/6q/x_mk5n_j3p7_c40r_2k_78980000gn/T//ccukUist.s:26     .text.port_halt:0000000000000000 port_halt
                     .debug_frame:0000000000000010 $d

NO UNDEFINED SYMBOLS
