ARM GAS  /var/folders/6q/x_mk5n_j3p7_c40r_2k_78980000gn/T//ccdEMGjE.s 			page 1


   1              		.syntax unified
   2              		.cpu cortex-m3
   3              		.fpu softvfp
   4              		.eabi_attribute 20, 1
   5              		.eabi_attribute 21, 1
   6              		.eabi_attribute 23, 3
   7              		.eabi_attribute 24, 1
   8              		.eabi_attribute 25, 1
   9              		.eabi_attribute 26, 1
  10              		.eabi_attribute 30, 2
  11              		.eabi_attribute 34, 1
  12              		.eabi_attribute 18, 4
  13              		.thumb
  14              		.syntax unified
  15              		.file	"chdynamic.c"
  16              		.text
  17              	.Ltext0:
  18              		.cfi_sections	.debug_frame
  19              		.section	.text.chThdAddRef,"ax",%progbits
  20              		.align	2
  21              		.p2align 4,,15
  22              		.global	chThdAddRef
  23              		.thumb
  24              		.thumb_func
  25              		.type	chThdAddRef, %function
  26              	chThdAddRef:
  27              	.LFB7:
  28              		.file 1 "../ChibiOS/os/kernel/src/chdynamic.c"
  29              		.loc 1 52 0
  30              		.cfi_startproc
  31              		@ args = 0, pretend = 0, frame = 0
  32              		@ frame_needed = 0, uses_anonymous_args = 0
  33              		@ link register save eliminated.
  34              	.LVL0:
  35              	.LBB2:
  36              		.loc 1 54 0
  37 0000 2023     		movs	r3, #32
  38              		.syntax unified
  39              	@ 54 "../ChibiOS/os/kernel/src/chdynamic.c" 1
  40 0002 83F31188 		msr     BASEPRI, r3
  41              	@ 0 "" 2
  42              		.thumb
  43              		.syntax unified
  44              	.LBE2:
  45              		.loc 1 56 0
  46 0006 827F     		ldrb	r2, [r0, #30]	@ zero_extendqisi2
  47              	.LBB3:
  48              		.loc 1 57 0
  49 0008 0023     		movs	r3, #0
  50              	.LBE3:
  51              		.loc 1 56 0
  52 000a 0132     		adds	r2, r2, #1
  53 000c 8277     		strb	r2, [r0, #30]
  54              	.LBB4:
  55              		.loc 1 57 0
  56              		.syntax unified
  57              	@ 57 "../ChibiOS/os/kernel/src/chdynamic.c" 1
ARM GAS  /var/folders/6q/x_mk5n_j3p7_c40r_2k_78980000gn/T//ccdEMGjE.s 			page 2


  58 000e 83F31188 		msr     BASEPRI, r3
  59              	@ 0 "" 2
  60              		.thumb
  61              		.syntax unified
  62              	.LBE4:
  63              		.loc 1 59 0
  64 0012 7047     		bx	lr
  65              		.cfi_endproc
  66              	.LFE7:
  67              		.size	chThdAddRef, .-chThdAddRef
  68              		.section	.text.chThdRelease,"ax",%progbits
  69              		.align	2
  70              		.p2align 4,,15
  71              		.global	chThdRelease
  72              		.thumb
  73              		.thumb_func
  74              		.type	chThdRelease, %function
  75              	chThdRelease:
  76              	.LFB8:
  77              		.loc 1 74 0
  78              		.cfi_startproc
  79              		@ args = 0, pretend = 0, frame = 0
  80              		@ frame_needed = 0, uses_anonymous_args = 0
  81              		@ link register save eliminated.
  82              	.LVL1:
  83              		.loc 1 74 0
  84 0000 0146     		mov	r1, r0
  85              	.LBB5:
  86              		.loc 1 77 0
  87 0002 2023     		movs	r3, #32
  88              		.syntax unified
  89              	@ 77 "../ChibiOS/os/kernel/src/chdynamic.c" 1
  90 0004 83F31188 		msr     BASEPRI, r3
  91              	@ 0 "" 2
  92              		.thumb
  93              		.syntax unified
  94              	.LBE5:
  95              		.loc 1 79 0
  96 0008 827F     		ldrb	r2, [r0, #30]	@ zero_extendqisi2
  97              	.LBB6:
  98              		.loc 1 80 0
  99 000a 0023     		movs	r3, #0
 100              	.LBE6:
 101              		.loc 1 79 0
 102 000c 013A     		subs	r2, r2, #1
 103 000e D2B2     		uxtb	r2, r2
 104 0010 8277     		strb	r2, [r0, #30]
 105              	.LVL2:
 106              	.LBB7:
 107              		.loc 1 80 0
 108              		.syntax unified
 109              	@ 80 "../ChibiOS/os/kernel/src/chdynamic.c" 1
 110 0012 83F31188 		msr     BASEPRI, r3
 111              	@ 0 "" 2
 112              		.thumb
 113              		.syntax unified
 114              	.LBE7:
ARM GAS  /var/folders/6q/x_mk5n_j3p7_c40r_2k_78980000gn/T//ccdEMGjE.s 			page 3


 115              		.loc 1 85 0
 116 0016 12B9     		cbnz	r2, .L2
 117              		.loc 1 85 0 is_stmt 0 discriminator 1
 118 0018 037F     		ldrb	r3, [r0, #28]	@ zero_extendqisi2
 119 001a 0E2B     		cmp	r3, #14
 120 001c 00D0     		beq	.L7
 121              	.L2:
 122 001e 7047     		bx	lr
 123              	.L7:
 124              		.loc 1 86 0 is_stmt 1
 125 0020 437F     		ldrb	r3, [r0, #29]	@ zero_extendqisi2
 126 0022 03F00303 		and	r3, r3, #3
 127 0026 012B     		cmp	r3, #1
 128 0028 02D0     		beq	.L4
 129 002a 022B     		cmp	r3, #2
 130 002c 07D0     		beq	.L5
 131 002e 7047     		bx	lr
 132              	.L4:
 133              		.loc 1 90 0
 134 0030 0269     		ldr	r2, [r0, #16]
 135              	.LVL3:
 136 0032 4369     		ldr	r3, [r0, #20]
 137 0034 1A61     		str	r2, [r3, #16]
 138              	.LVL4:
 139 0036 0269     		ldr	r2, [r0, #16]
 140 0038 5361     		str	r3, [r2, #20]
 141              		.loc 1 92 0
 142 003a FFF7FEBF 		b	chHeapFree
 143              	.LVL5:
 144              	.L5:
 145              		.loc 1 98 0
 146 003e 0269     		ldr	r2, [r0, #16]
 147              	.LVL6:
 148 0040 4369     		ldr	r3, [r0, #20]
 149 0042 1A61     		str	r2, [r3, #16]
 150              	.LVL7:
 151 0044 0269     		ldr	r2, [r0, #16]
 152              		.loc 1 100 0
 153 0046 406C     		ldr	r0, [r0, #68]
 154              	.LVL8:
 155              		.loc 1 98 0
 156 0048 5361     		str	r3, [r2, #20]
 157              		.loc 1 100 0
 158 004a FFF7FEBF 		b	chPoolFree
 159              	.LVL9:
 160              		.cfi_endproc
 161              	.LFE8:
 162              		.size	chThdRelease, .-chThdRelease
 163 004e 00BF     		.section	.text.chThdCreateFromHeap,"ax",%progbits
 164              		.align	2
 165              		.p2align 4,,15
 166              		.global	chThdCreateFromHeap
 167              		.thumb
 168              		.thumb_func
 169              		.type	chThdCreateFromHeap, %function
 170              	chThdCreateFromHeap:
 171              	.LFB9:
ARM GAS  /var/folders/6q/x_mk5n_j3p7_c40r_2k_78980000gn/T//ccdEMGjE.s 			page 4


 172              		.loc 1 131 0
 173              		.cfi_startproc
 174              		@ args = 4, pretend = 0, frame = 0
 175              		@ frame_needed = 0, uses_anonymous_args = 0
 176              	.LVL10:
 177 0000 F0B5     		push	{r4, r5, r6, r7, lr}
 178              		.cfi_def_cfa_offset 20
 179              		.cfi_offset 4, -20
 180              		.cfi_offset 5, -16
 181              		.cfi_offset 6, -12
 182              		.cfi_offset 7, -8
 183              		.cfi_offset 14, -4
 184 0002 83B0     		sub	sp, sp, #12
 185              		.cfi_def_cfa_offset 32
 186              		.loc 1 131 0
 187 0004 1646     		mov	r6, r2
 188 0006 1F46     		mov	r7, r3
 189 0008 0D46     		mov	r5, r1
 190              		.loc 1 135 0
 191 000a FFF7FEFF 		bl	chHeapAlloc
 192              	.LVL11:
 193              		.loc 1 136 0
 194 000e 98B1     		cbz	r0, .L9
 195              	.LBB8:
 196              		.loc 1 148 0
 197 0010 2023     		movs	r3, #32
 198              		.syntax unified
 199              	@ 148 "../ChibiOS/os/kernel/src/chdynamic.c" 1
 200 0012 83F31188 		msr     BASEPRI, r3
 201              	@ 0 "" 2
 202              		.thumb
 203              		.syntax unified
 204              	.LBE8:
 205              		.loc 1 149 0
 206 0016 089B     		ldr	r3, [sp, #32]
 207 0018 3246     		mov	r2, r6
 208 001a 0093     		str	r3, [sp]
 209 001c 2946     		mov	r1, r5
 210 001e 3B46     		mov	r3, r7
 211 0020 FFF7FEFF 		bl	chThdCreateI
 212              	.LVL12:
 213              		.loc 1 150 0
 214 0024 0123     		movs	r3, #1
 215 0026 4377     		strb	r3, [r0, #29]
 216              		.loc 1 151 0
 217 0028 0021     		movs	r1, #0
 218              		.loc 1 149 0
 219 002a 0446     		mov	r4, r0
 220              	.LVL13:
 221              		.loc 1 151 0
 222 002c FFF7FEFF 		bl	chSchWakeupS
 223              	.LVL14:
 224              	.LBB9:
 225              		.loc 1 152 0
 226 0030 0023     		movs	r3, #0
 227              		.syntax unified
 228              	@ 152 "../ChibiOS/os/kernel/src/chdynamic.c" 1
ARM GAS  /var/folders/6q/x_mk5n_j3p7_c40r_2k_78980000gn/T//ccdEMGjE.s 			page 5


 229 0032 83F31188 		msr     BASEPRI, r3
 230              	@ 0 "" 2
 231              		.thumb
 232              		.syntax unified
 233              	.LBE9:
 234              		.loc 1 153 0
 235 0036 2046     		mov	r0, r4
 236              	.LVL15:
 237              	.L9:
 238              		.loc 1 154 0
 239 0038 03B0     		add	sp, sp, #12
 240              		.cfi_def_cfa_offset 20
 241              		@ sp needed
 242 003a F0BD     		pop	{r4, r5, r6, r7, pc}
 243              		.cfi_endproc
 244              	.LFE9:
 245              		.size	chThdCreateFromHeap, .-chThdCreateFromHeap
 246              		.section	.text.chThdCreateFromMemoryPool,"ax",%progbits
 247              		.align	2
 248              		.p2align 4,,15
 249              		.global	chThdCreateFromMemoryPool
 250              		.thumb
 251              		.thumb_func
 252              		.type	chThdCreateFromMemoryPool, %function
 253              	chThdCreateFromMemoryPool:
 254              	.LFB10:
 255              		.loc 1 180 0
 256              		.cfi_startproc
 257              		@ args = 0, pretend = 0, frame = 0
 258              		@ frame_needed = 0, uses_anonymous_args = 0
 259              	.LVL16:
 260 0000 2DE9F041 		push	{r4, r5, r6, r7, r8, lr}
 261              		.cfi_def_cfa_offset 24
 262              		.cfi_offset 4, -24
 263              		.cfi_offset 5, -20
 264              		.cfi_offset 6, -16
 265              		.cfi_offset 7, -12
 266              		.cfi_offset 8, -8
 267              		.cfi_offset 14, -4
 268 0004 82B0     		sub	sp, sp, #8
 269              		.cfi_def_cfa_offset 32
 270              		.loc 1 180 0
 271 0006 0E46     		mov	r6, r1
 272 0008 1746     		mov	r7, r2
 273 000a 9846     		mov	r8, r3
 274 000c 0546     		mov	r5, r0
 275              		.loc 1 186 0
 276 000e FFF7FEFF 		bl	chPoolAlloc
 277              	.LVL17:
 278              		.loc 1 187 0
 279 0012 A0B1     		cbz	r0, .L13
 280              	.LBB10:
 281              		.loc 1 199 0
 282 0014 2023     		movs	r3, #32
 283              		.syntax unified
 284              	@ 199 "../ChibiOS/os/kernel/src/chdynamic.c" 1
 285 0016 83F31188 		msr     BASEPRI, r3
ARM GAS  /var/folders/6q/x_mk5n_j3p7_c40r_2k_78980000gn/T//ccdEMGjE.s 			page 6


 286              	@ 0 "" 2
 287              		.thumb
 288              		.syntax unified
 289              	.LBE10:
 290              		.loc 1 200 0
 291 001a 6968     		ldr	r1, [r5, #4]
 292 001c 3B46     		mov	r3, r7
 293 001e 3246     		mov	r2, r6
 294 0020 CDF80080 		str	r8, [sp]
 295 0024 FFF7FEFF 		bl	chThdCreateI
 296              	.LVL18:
 297              		.loc 1 201 0
 298 0028 0223     		movs	r3, #2
 299 002a 4377     		strb	r3, [r0, #29]
 300              		.loc 1 202 0
 301 002c 4564     		str	r5, [r0, #68]
 302              		.loc 1 203 0
 303 002e 0021     		movs	r1, #0
 304              		.loc 1 200 0
 305 0030 0446     		mov	r4, r0
 306              	.LVL19:
 307              		.loc 1 203 0
 308 0032 FFF7FEFF 		bl	chSchWakeupS
 309              	.LVL20:
 310              	.LBB11:
 311              		.loc 1 204 0
 312 0036 0023     		movs	r3, #0
 313              		.syntax unified
 314              	@ 204 "../ChibiOS/os/kernel/src/chdynamic.c" 1
 315 0038 83F31188 		msr     BASEPRI, r3
 316              	@ 0 "" 2
 317              		.thumb
 318              		.syntax unified
 319              	.LBE11:
 320              		.loc 1 205 0
 321 003c 2046     		mov	r0, r4
 322              	.LVL21:
 323              	.L13:
 324              		.loc 1 206 0
 325 003e 02B0     		add	sp, sp, #8
 326              		.cfi_def_cfa_offset 24
 327              		@ sp needed
 328 0040 BDE8F081 		pop	{r4, r5, r6, r7, r8, pc}
 329              		.cfi_endproc
 330              	.LFE10:
 331              		.size	chThdCreateFromMemoryPool, .-chThdCreateFromMemoryPool
 332              		.text
 333              	.Letext0:
 334              		.file 2 "/Users/Luca/src/vexilla/src/gcc-arm-none-eabi-5_4-2016q3/lib/gcc/arm-none-eabi/5.4.1/incl
 335              		.file 3 "/Users/Luca/src/vexilla/src/gcc-arm-none-eabi-5_4-2016q3/arm-none-eabi/include/machine/_d
 336              		.file 4 "/Users/Luca/src/vexilla/src/gcc-arm-none-eabi-5_4-2016q3/arm-none-eabi/include/sys/_stdin
 337              		.file 5 "../ChibiOS/os/ports/GCC/ARMCMx/chtypes.h"
 338              		.file 6 "../ChibiOS/os/kernel/include/chlists.h"
 339              		.file 7 "../ChibiOS/os/kernel/include/chthreads.h"
 340              		.file 8 "../ChibiOS/os/ports/GCC/ARMCMx/chcore_v7m.h"
 341              		.file 9 "../ChibiOS/os/kernel/include/chmtx.h"
 342              		.file 10 "../ChibiOS/os/kernel/include/chmemcore.h"
ARM GAS  /var/folders/6q/x_mk5n_j3p7_c40r_2k_78980000gn/T//ccdEMGjE.s 			page 7


 343              		.file 11 "../ChibiOS/os/kernel/include/chheap.h"
 344              		.file 12 "../ChibiOS/os/kernel/include/chmempools.h"
 345              		.file 13 "../ChibiOS/os/kernel/include/chschd.h"
 346              		.section	.debug_info,"",%progbits
 347              	.Ldebug_info0:
 348 0000 38080000 		.4byte	0x838
 349 0004 0400     		.2byte	0x4
 350 0006 00000000 		.4byte	.Ldebug_abbrev0
 351 000a 04       		.byte	0x4
 352 000b 01       		.uleb128 0x1
 353 000c 6F010000 		.4byte	.LASF93
 354 0010 0C       		.byte	0xc
 355 0011 52040000 		.4byte	.LASF94
 356 0015 D1030000 		.4byte	.LASF95
 357 0019 30000000 		.4byte	.Ldebug_ranges0+0x30
 358 001d 00000000 		.4byte	0
 359 0021 00000000 		.4byte	.Ldebug_line0
 360 0025 02       		.uleb128 0x2
 361 0026 04       		.byte	0x4
 362 0027 05       		.byte	0x5
 363 0028 696E7400 		.ascii	"int\000"
 364 002c 03       		.uleb128 0x3
 365 002d 0E000000 		.4byte	.LASF4
 366 0031 02       		.byte	0x2
 367 0032 D8       		.byte	0xd8
 368 0033 37000000 		.4byte	0x37
 369 0037 04       		.uleb128 0x4
 370 0038 04       		.byte	0x4
 371 0039 07       		.byte	0x7
 372 003a 50010000 		.4byte	.LASF0
 373 003e 04       		.uleb128 0x4
 374 003f 08       		.byte	0x8
 375 0040 05       		.byte	0x5
 376 0041 80000000 		.4byte	.LASF1
 377 0045 04       		.uleb128 0x4
 378 0046 08       		.byte	0x8
 379 0047 04       		.byte	0x4
 380 0048 B5020000 		.4byte	.LASF2
 381 004c 04       		.uleb128 0x4
 382 004d 01       		.byte	0x1
 383 004e 06       		.byte	0x6
 384 004f 8E000000 		.4byte	.LASF3
 385 0053 03       		.uleb128 0x3
 386 0054 25000000 		.4byte	.LASF5
 387 0058 03       		.byte	0x3
 388 0059 1D       		.byte	0x1d
 389 005a 5E000000 		.4byte	0x5e
 390 005e 04       		.uleb128 0x4
 391 005f 01       		.byte	0x1
 392 0060 08       		.byte	0x8
 393 0061 32030000 		.4byte	.LASF6
 394 0065 04       		.uleb128 0x4
 395 0066 02       		.byte	0x2
 396 0067 05       		.byte	0x5
 397 0068 55030000 		.4byte	.LASF7
 398 006c 04       		.uleb128 0x4
 399 006d 02       		.byte	0x2
ARM GAS  /var/folders/6q/x_mk5n_j3p7_c40r_2k_78980000gn/T//ccdEMGjE.s 			page 8


 400 006e 07       		.byte	0x7
 401 006f 56020000 		.4byte	.LASF8
 402 0073 03       		.uleb128 0x3
 403 0074 0F040000 		.4byte	.LASF9
 404 0078 03       		.byte	0x3
 405 0079 3F       		.byte	0x3f
 406 007a 7E000000 		.4byte	0x7e
 407 007e 04       		.uleb128 0x4
 408 007f 04       		.byte	0x4
 409 0080 05       		.byte	0x5
 410 0081 D2000000 		.4byte	.LASF10
 411 0085 03       		.uleb128 0x3
 412 0086 22010000 		.4byte	.LASF11
 413 008a 03       		.byte	0x3
 414 008b 41       		.byte	0x41
 415 008c 90000000 		.4byte	0x90
 416 0090 04       		.uleb128 0x4
 417 0091 04       		.byte	0x4
 418 0092 07       		.byte	0x7
 419 0093 5D010000 		.4byte	.LASF12
 420 0097 03       		.uleb128 0x3
 421 0098 F5020000 		.4byte	.LASF13
 422 009c 03       		.byte	0x3
 423 009d 5B       		.byte	0x5b
 424 009e A2000000 		.4byte	0xa2
 425 00a2 04       		.uleb128 0x4
 426 00a3 08       		.byte	0x8
 427 00a4 07       		.byte	0x7
 428 00a5 47000000 		.4byte	.LASF14
 429 00a9 03       		.uleb128 0x3
 430 00aa 8B030000 		.4byte	.LASF15
 431 00ae 04       		.byte	0x4
 432 00af 18       		.byte	0x18
 433 00b0 53000000 		.4byte	0x53
 434 00b4 03       		.uleb128 0x3
 435 00b5 2A030000 		.4byte	.LASF16
 436 00b9 04       		.byte	0x4
 437 00ba 2C       		.byte	0x2c
 438 00bb 73000000 		.4byte	0x73
 439 00bf 03       		.uleb128 0x3
 440 00c0 BE030000 		.4byte	.LASF17
 441 00c4 04       		.byte	0x4
 442 00c5 30       		.byte	0x30
 443 00c6 85000000 		.4byte	0x85
 444 00ca 03       		.uleb128 0x3
 445 00cb 1C000000 		.4byte	.LASF18
 446 00cf 04       		.byte	0x4
 447 00d0 3C       		.byte	0x3c
 448 00d1 97000000 		.4byte	0x97
 449 00d5 04       		.uleb128 0x4
 450 00d6 01       		.byte	0x1
 451 00d7 02       		.byte	0x2
 452 00d8 24030000 		.4byte	.LASF19
 453 00dc 03       		.uleb128 0x3
 454 00dd 6F020000 		.4byte	.LASF20
 455 00e1 05       		.byte	0x5
 456 00e2 2C       		.byte	0x2c
ARM GAS  /var/folders/6q/x_mk5n_j3p7_c40r_2k_78980000gn/T//ccdEMGjE.s 			page 9


 457 00e3 A9000000 		.4byte	0xa9
 458 00e7 03       		.uleb128 0x3
 459 00e8 EF000000 		.4byte	.LASF21
 460 00ec 05       		.byte	0x5
 461 00ed 2D       		.byte	0x2d
 462 00ee A9000000 		.4byte	0xa9
 463 00f2 03       		.uleb128 0x3
 464 00f3 08030000 		.4byte	.LASF22
 465 00f7 05       		.byte	0x5
 466 00f8 2E       		.byte	0x2e
 467 00f9 A9000000 		.4byte	0xa9
 468 00fd 03       		.uleb128 0x3
 469 00fe BB000000 		.4byte	.LASF23
 470 0102 05       		.byte	0x5
 471 0103 2F       		.byte	0x2f
 472 0104 A9000000 		.4byte	0xa9
 473 0108 03       		.uleb128 0x3
 474 0109 1C030000 		.4byte	.LASF24
 475 010d 05       		.byte	0x5
 476 010e 30       		.byte	0x30
 477 010f BF000000 		.4byte	0xbf
 478 0113 03       		.uleb128 0x3
 479 0114 69020000 		.4byte	.LASF25
 480 0118 05       		.byte	0x5
 481 0119 31       		.byte	0x31
 482 011a B4000000 		.4byte	0xb4
 483 011e 03       		.uleb128 0x3
 484 011f 83020000 		.4byte	.LASF26
 485 0123 05       		.byte	0x5
 486 0124 33       		.byte	0x33
 487 0125 BF000000 		.4byte	0xbf
 488 0129 03       		.uleb128 0x3
 489 012a FA030000 		.4byte	.LASF27
 490 012e 05       		.byte	0x5
 491 012f 35       		.byte	0x35
 492 0130 BF000000 		.4byte	0xbf
 493 0134 03       		.uleb128 0x3
 494 0135 A0030000 		.4byte	.LASF28
 495 0139 06       		.byte	0x6
 496 013a 2A       		.byte	0x2a
 497 013b 3F010000 		.4byte	0x13f
 498 013f 05       		.uleb128 0x5
 499 0140 A0030000 		.4byte	.LASF28
 500 0144 48       		.byte	0x48
 501 0145 07       		.byte	0x7
 502 0146 5E       		.byte	0x5e
 503 0147 3C020000 		.4byte	0x23c
 504 014b 06       		.uleb128 0x6
 505 014c 84030000 		.4byte	.LASF29
 506 0150 07       		.byte	0x7
 507 0151 5F       		.byte	0x5f
 508 0152 5D020000 		.4byte	0x25d
 509 0156 00       		.byte	0
 510 0157 06       		.uleb128 0x6
 511 0158 15030000 		.4byte	.LASF30
 512 015c 07       		.byte	0x7
 513 015d 61       		.byte	0x61
ARM GAS  /var/folders/6q/x_mk5n_j3p7_c40r_2k_78980000gn/T//ccdEMGjE.s 			page 10


 514 015e 5D020000 		.4byte	0x25d
 515 0162 04       		.byte	0x4
 516 0163 06       		.uleb128 0x6
 517 0164 79000000 		.4byte	.LASF31
 518 0168 07       		.byte	0x7
 519 0169 63       		.byte	0x63
 520 016a 08010000 		.4byte	0x108
 521 016e 08       		.byte	0x8
 522 016f 06       		.uleb128 0x6
 523 0170 A4040000 		.4byte	.LASF32
 524 0174 07       		.byte	0x7
 525 0175 64       		.byte	0x64
 526 0176 22030000 		.4byte	0x322
 527 017a 0C       		.byte	0xc
 528 017b 06       		.uleb128 0x6
 529 017c 00010000 		.4byte	.LASF33
 530 0180 07       		.byte	0x7
 531 0181 66       		.byte	0x66
 532 0182 5D020000 		.4byte	0x25d
 533 0186 10       		.byte	0x10
 534 0187 06       		.uleb128 0x6
 535 0188 C1020000 		.4byte	.LASF34
 536 018c 07       		.byte	0x7
 537 018d 67       		.byte	0x67
 538 018e 5D020000 		.4byte	0x25d
 539 0192 14       		.byte	0x14
 540 0193 06       		.uleb128 0x6
 541 0194 95040000 		.4byte	.LASF35
 542 0198 07       		.byte	0x7
 543 0199 6E       		.byte	0x6e
 544 019a E4040000 		.4byte	0x4e4
 545 019e 18       		.byte	0x18
 546 019f 06       		.uleb128 0x6
 547 01a0 5F030000 		.4byte	.LASF36
 548 01a4 07       		.byte	0x7
 549 01a5 79       		.byte	0x79
 550 01a6 E7000000 		.4byte	0xe7
 551 01aa 1C       		.byte	0x1c
 552 01ab 06       		.uleb128 0x6
 553 01ac 48010000 		.4byte	.LASF37
 554 01b0 07       		.byte	0x7
 555 01b1 7D       		.byte	0x7d
 556 01b2 DC000000 		.4byte	0xdc
 557 01b6 1D       		.byte	0x1d
 558 01b7 06       		.uleb128 0x6
 559 01b8 4B040000 		.4byte	.LASF38
 560 01bc 07       		.byte	0x7
 561 01bd 82       		.byte	0x82
 562 01be F2000000 		.4byte	0xf2
 563 01c2 1E       		.byte	0x1e
 564 01c3 06       		.uleb128 0x6
 565 01c4 67030000 		.4byte	.LASF39
 566 01c8 07       		.byte	0x7
 567 01c9 88       		.byte	0x88
 568 01ca FD000000 		.4byte	0xfd
 569 01ce 1F       		.byte	0x1f
 570 01cf 06       		.uleb128 0x6
ARM GAS  /var/folders/6q/x_mk5n_j3p7_c40r_2k_78980000gn/T//ccdEMGjE.s 			page 11


 571 01d0 19040000 		.4byte	.LASF40
 572 01d4 07       		.byte	0x7
 573 01d5 8F       		.byte	0x8f
 574 01d6 4A030000 		.4byte	0x34a
 575 01da 20       		.byte	0x20
 576 01db 07       		.uleb128 0x7
 577 01dc 705F7500 		.ascii	"p_u\000"
 578 01e0 07       		.byte	0x7
 579 01e1 B4       		.byte	0xb4
 580 01e2 AF040000 		.4byte	0x4af
 581 01e6 24       		.byte	0x24
 582 01e7 06       		.uleb128 0x6
 583 01e8 AA040000 		.4byte	.LASF41
 584 01ec 07       		.byte	0x7
 585 01ed B9       		.byte	0xb9
 586 01ee 83020000 		.4byte	0x283
 587 01f2 28       		.byte	0x28
 588 01f3 06       		.uleb128 0x6
 589 01f4 27040000 		.4byte	.LASF42
 590 01f8 07       		.byte	0x7
 591 01f9 BF       		.byte	0xbf
 592 01fa 63020000 		.4byte	0x263
 593 01fe 2C       		.byte	0x2c
 594 01ff 06       		.uleb128 0x6
 595 0200 08000000 		.4byte	.LASF43
 596 0204 07       		.byte	0x7
 597 0205 C3       		.byte	0xc3
 598 0206 13010000 		.4byte	0x113
 599 020a 34       		.byte	0x34
 600 020b 06       		.uleb128 0x6
 601 020c B3030000 		.4byte	.LASF44
 602 0210 07       		.byte	0x7
 603 0211 C9       		.byte	0xc9
 604 0212 1E010000 		.4byte	0x11e
 605 0216 38       		.byte	0x38
 606 0217 06       		.uleb128 0x6
 607 0218 4B030000 		.4byte	.LASF45
 608 021c 07       		.byte	0x7
 609 021d D0       		.byte	0xd0
 610 021e F6040000 		.4byte	0x4f6
 611 0222 3C       		.byte	0x3c
 612 0223 06       		.uleb128 0x6
 613 0224 04040000 		.4byte	.LASF46
 614 0228 07       		.byte	0x7
 615 0229 D4       		.byte	0xd4
 616 022a 08010000 		.4byte	0x108
 617 022e 40       		.byte	0x40
 618 022f 06       		.uleb128 0x6
 619 0230 A0000000 		.4byte	.LASF47
 620 0234 07       		.byte	0x7
 621 0235 DA       		.byte	0xda
 622 0236 99020000 		.4byte	0x299
 623 023a 44       		.byte	0x44
 624 023b 00       		.byte	0
 625 023c 08       		.uleb128 0x8
 626 023d 08       		.byte	0x8
 627 023e 06       		.byte	0x6
ARM GAS  /var/folders/6q/x_mk5n_j3p7_c40r_2k_78980000gn/T//ccdEMGjE.s 			page 12


 628 023f 61       		.byte	0x61
 629 0240 5D020000 		.4byte	0x25d
 630 0244 06       		.uleb128 0x6
 631 0245 84030000 		.4byte	.LASF29
 632 0249 06       		.byte	0x6
 633 024a 62       		.byte	0x62
 634 024b 5D020000 		.4byte	0x25d
 635 024f 00       		.byte	0
 636 0250 06       		.uleb128 0x6
 637 0251 15030000 		.4byte	.LASF30
 638 0255 06       		.byte	0x6
 639 0256 64       		.byte	0x64
 640 0257 5D020000 		.4byte	0x25d
 641 025b 04       		.byte	0x4
 642 025c 00       		.byte	0
 643 025d 09       		.uleb128 0x9
 644 025e 04       		.byte	0x4
 645 025f 34010000 		.4byte	0x134
 646 0263 03       		.uleb128 0x3
 647 0264 C9020000 		.4byte	.LASF48
 648 0268 06       		.byte	0x6
 649 0269 66       		.byte	0x66
 650 026a 3C020000 		.4byte	0x23c
 651 026e 08       		.uleb128 0x8
 652 026f 04       		.byte	0x4
 653 0270 06       		.byte	0x6
 654 0271 6B       		.byte	0x6b
 655 0272 83020000 		.4byte	0x283
 656 0276 06       		.uleb128 0x6
 657 0277 84030000 		.4byte	.LASF29
 658 027b 06       		.byte	0x6
 659 027c 6D       		.byte	0x6d
 660 027d 5D020000 		.4byte	0x25d
 661 0281 00       		.byte	0
 662 0282 00       		.byte	0
 663 0283 03       		.uleb128 0x3
 664 0284 77020000 		.4byte	.LASF49
 665 0288 06       		.byte	0x6
 666 0289 70       		.byte	0x70
 667 028a 6E020000 		.4byte	0x26e
 668 028e 03       		.uleb128 0x3
 669 028f 39010000 		.4byte	.LASF50
 670 0293 08       		.byte	0x8
 671 0294 E5       		.byte	0xe5
 672 0295 99020000 		.4byte	0x299
 673 0299 0A       		.uleb128 0xa
 674 029a 04       		.byte	0x4
 675 029b 03       		.uleb128 0x3
 676 029c A1020000 		.4byte	.LASF51
 677 02a0 08       		.byte	0x8
 678 02a1 EB       		.byte	0xeb
 679 02a2 CA000000 		.4byte	0xca
 680 02a6 0B       		.uleb128 0xb
 681 02a7 20040000 		.4byte	.LASF52
 682 02ab 24       		.byte	0x24
 683 02ac 08       		.byte	0x8
 684 02ad 0C01     		.2byte	0x10c
ARM GAS  /var/folders/6q/x_mk5n_j3p7_c40r_2k_78980000gn/T//ccdEMGjE.s 			page 13


 685 02af 22030000 		.4byte	0x322
 686 02b3 0C       		.uleb128 0xc
 687 02b4 723400   		.ascii	"r4\000"
 688 02b7 08       		.byte	0x8
 689 02b8 1F01     		.2byte	0x11f
 690 02ba 8E020000 		.4byte	0x28e
 691 02be 00       		.byte	0
 692 02bf 0C       		.uleb128 0xc
 693 02c0 723500   		.ascii	"r5\000"
 694 02c3 08       		.byte	0x8
 695 02c4 2001     		.2byte	0x120
 696 02c6 8E020000 		.4byte	0x28e
 697 02ca 04       		.byte	0x4
 698 02cb 0C       		.uleb128 0xc
 699 02cc 723600   		.ascii	"r6\000"
 700 02cf 08       		.byte	0x8
 701 02d0 2101     		.2byte	0x121
 702 02d2 8E020000 		.4byte	0x28e
 703 02d6 08       		.byte	0x8
 704 02d7 0C       		.uleb128 0xc
 705 02d8 723700   		.ascii	"r7\000"
 706 02db 08       		.byte	0x8
 707 02dc 2201     		.2byte	0x122
 708 02de 8E020000 		.4byte	0x28e
 709 02e2 0C       		.byte	0xc
 710 02e3 0C       		.uleb128 0xc
 711 02e4 723800   		.ascii	"r8\000"
 712 02e7 08       		.byte	0x8
 713 02e8 2301     		.2byte	0x123
 714 02ea 8E020000 		.4byte	0x28e
 715 02ee 10       		.byte	0x10
 716 02ef 0C       		.uleb128 0xc
 717 02f0 723900   		.ascii	"r9\000"
 718 02f3 08       		.byte	0x8
 719 02f4 2401     		.2byte	0x124
 720 02f6 8E020000 		.4byte	0x28e
 721 02fa 14       		.byte	0x14
 722 02fb 0C       		.uleb128 0xc
 723 02fc 72313000 		.ascii	"r10\000"
 724 0300 08       		.byte	0x8
 725 0301 2501     		.2byte	0x125
 726 0303 8E020000 		.4byte	0x28e
 727 0307 18       		.byte	0x18
 728 0308 0C       		.uleb128 0xc
 729 0309 72313100 		.ascii	"r11\000"
 730 030d 08       		.byte	0x8
 731 030e 2601     		.2byte	0x126
 732 0310 8E020000 		.4byte	0x28e
 733 0314 1C       		.byte	0x1c
 734 0315 0C       		.uleb128 0xc
 735 0316 6C7200   		.ascii	"lr\000"
 736 0319 08       		.byte	0x8
 737 031a 2701     		.2byte	0x127
 738 031c 8E020000 		.4byte	0x28e
 739 0320 20       		.byte	0x20
 740 0321 00       		.byte	0
 741 0322 0B       		.uleb128 0xb
ARM GAS  /var/folders/6q/x_mk5n_j3p7_c40r_2k_78980000gn/T//ccdEMGjE.s 			page 14


 742 0323 49020000 		.4byte	.LASF53
 743 0327 04       		.byte	0x4
 744 0328 08       		.byte	0x8
 745 0329 3101     		.2byte	0x131
 746 032b 3D030000 		.4byte	0x33d
 747 032f 0C       		.uleb128 0xc
 748 0330 72313300 		.ascii	"r13\000"
 749 0334 08       		.byte	0x8
 750 0335 3201     		.2byte	0x132
 751 0337 3D030000 		.4byte	0x33d
 752 033b 00       		.byte	0
 753 033c 00       		.byte	0
 754 033d 09       		.uleb128 0x9
 755 033e 04       		.byte	0x4
 756 033f A6020000 		.4byte	0x2a6
 757 0343 04       		.uleb128 0x4
 758 0344 04       		.byte	0x4
 759 0345 07       		.byte	0x7
 760 0346 AC020000 		.4byte	.LASF54
 761 034a 0D       		.uleb128 0xd
 762 034b 29010000 		.4byte	0x129
 763 034f 05       		.uleb128 0x5
 764 0350 8F020000 		.4byte	.LASF55
 765 0354 10       		.byte	0x10
 766 0355 09       		.byte	0x9
 767 0356 2C       		.byte	0x2c
 768 0357 80030000 		.4byte	0x380
 769 035b 06       		.uleb128 0x6
 770 035c A8000000 		.4byte	.LASF56
 771 0360 09       		.byte	0x9
 772 0361 2D       		.byte	0x2d
 773 0362 63020000 		.4byte	0x263
 774 0366 00       		.byte	0
 775 0367 06       		.uleb128 0x6
 776 0368 9C040000 		.4byte	.LASF57
 777 036c 09       		.byte	0x9
 778 036d 2F       		.byte	0x2f
 779 036e 5D020000 		.4byte	0x25d
 780 0372 08       		.byte	0x8
 781 0373 06       		.uleb128 0x6
 782 0374 F3030000 		.4byte	.LASF58
 783 0378 09       		.byte	0x9
 784 0379 31       		.byte	0x31
 785 037a 80030000 		.4byte	0x380
 786 037e 0C       		.byte	0xc
 787 037f 00       		.byte	0
 788 0380 09       		.uleb128 0x9
 789 0381 04       		.byte	0x4
 790 0382 4F030000 		.4byte	0x34f
 791 0386 03       		.uleb128 0x3
 792 0387 8F020000 		.4byte	.LASF55
 793 038b 09       		.byte	0x9
 794 038c 33       		.byte	0x33
 795 038d 4F030000 		.4byte	0x34f
 796 0391 03       		.uleb128 0x3
 797 0392 3A000000 		.4byte	.LASF59
 798 0396 0A       		.byte	0xa
ARM GAS  /var/folders/6q/x_mk5n_j3p7_c40r_2k_78980000gn/T//ccdEMGjE.s 			page 15


 799 0397 2C       		.byte	0x2c
 800 0398 9C030000 		.4byte	0x39c
 801 039c 09       		.uleb128 0x9
 802 039d 04       		.byte	0x4
 803 039e A2030000 		.4byte	0x3a2
 804 03a2 0E       		.uleb128 0xe
 805 03a3 99020000 		.4byte	0x299
 806 03a7 B1030000 		.4byte	0x3b1
 807 03ab 0F       		.uleb128 0xf
 808 03ac 2C000000 		.4byte	0x2c
 809 03b0 00       		.byte	0
 810 03b1 03       		.uleb128 0x3
 811 03b2 EA020000 		.4byte	.LASF60
 812 03b6 0B       		.byte	0xb
 813 03b7 34       		.byte	0x34
 814 03b8 BC030000 		.4byte	0x3bc
 815 03bc 05       		.uleb128 0x5
 816 03bd B4040000 		.4byte	.LASF61
 817 03c1 20       		.byte	0x20
 818 03c2 0B       		.byte	0xb
 819 03c3 47       		.byte	0x47
 820 03c4 ED030000 		.4byte	0x3ed
 821 03c8 06       		.uleb128 0x6
 822 03c9 40030000 		.4byte	.LASF62
 823 03cd 0B       		.byte	0xb
 824 03ce 48       		.byte	0x48
 825 03cf 91030000 		.4byte	0x391
 826 03d3 00       		.byte	0
 827 03d4 06       		.uleb128 0x6
 828 03d5 67000000 		.4byte	.LASF63
 829 03d9 0B       		.byte	0xb
 830 03da 4A       		.byte	0x4a
 831 03db 0C040000 		.4byte	0x40c
 832 03df 08       		.byte	0x8
 833 03e0 06       		.uleb128 0x6
 834 03e1 9A000000 		.4byte	.LASF64
 835 03e5 0B       		.byte	0xb
 836 03e6 4C       		.byte	0x4c
 837 03e7 86030000 		.4byte	0x386
 838 03eb 10       		.byte	0x10
 839 03ec 00       		.byte	0
 840 03ed 10       		.uleb128 0x10
 841 03ee 04       		.byte	0x4
 842 03ef 0B       		.byte	0xb
 843 03f0 3C       		.byte	0x3c
 844 03f1 0C040000 		.4byte	0x40c
 845 03f5 11       		.uleb128 0x11
 846 03f6 74000000 		.4byte	.LASF65
 847 03fa 0B       		.byte	0xb
 848 03fb 3D       		.byte	0x3d
 849 03fc 2D040000 		.4byte	0x42d
 850 0400 11       		.uleb128 0x11
 851 0401 C7030000 		.4byte	.LASF66
 852 0405 0B       		.byte	0xb
 853 0406 3E       		.byte	0x3e
 854 0407 33040000 		.4byte	0x433
 855 040b 00       		.byte	0
ARM GAS  /var/folders/6q/x_mk5n_j3p7_c40r_2k_78980000gn/T//ccdEMGjE.s 			page 16


 856 040c 12       		.uleb128 0x12
 857 040d 71030000 		.4byte	.LASF96
 858 0411 08       		.byte	0x8
 859 0412 0B       		.byte	0xb
 860 0413 39       		.byte	0x39
 861 0414 2D040000 		.4byte	0x42d
 862 0418 11       		.uleb128 0x11
 863 0419 42010000 		.4byte	.LASF67
 864 041d 0B       		.byte	0xb
 865 041e 3A       		.byte	0x3a
 866 041f 9B020000 		.4byte	0x29b
 867 0423 13       		.uleb128 0x13
 868 0424 6800     		.ascii	"h\000"
 869 0426 0B       		.byte	0xb
 870 0427 41       		.byte	0x41
 871 0428 39040000 		.4byte	0x439
 872 042c 00       		.byte	0
 873 042d 09       		.uleb128 0x9
 874 042e 04       		.byte	0x4
 875 042f 0C040000 		.4byte	0x40c
 876 0433 09       		.uleb128 0x9
 877 0434 04       		.byte	0x4
 878 0435 B1030000 		.4byte	0x3b1
 879 0439 08       		.uleb128 0x8
 880 043a 08       		.byte	0x8
 881 043b 0B       		.byte	0xb
 882 043c 3B       		.byte	0x3b
 883 043d 58040000 		.4byte	0x458
 884 0441 07       		.uleb128 0x7
 885 0442 7500     		.ascii	"u\000"
 886 0444 0B       		.byte	0xb
 887 0445 3F       		.byte	0x3f
 888 0446 ED030000 		.4byte	0x3ed
 889 044a 00       		.byte	0
 890 044b 06       		.uleb128 0x6
 891 044c 51020000 		.4byte	.LASF68
 892 0450 0B       		.byte	0xb
 893 0451 40       		.byte	0x40
 894 0452 2C000000 		.4byte	0x2c
 895 0456 04       		.byte	0x4
 896 0457 00       		.byte	0
 897 0458 05       		.uleb128 0x5
 898 0459 3F040000 		.4byte	.LASF69
 899 045d 04       		.byte	0x4
 900 045e 0C       		.byte	0xc
 901 045f 2C       		.byte	0x2c
 902 0460 71040000 		.4byte	0x471
 903 0464 06       		.uleb128 0x6
 904 0465 00030000 		.4byte	.LASF70
 905 0469 0C       		.byte	0xc
 906 046a 2D       		.byte	0x2d
 907 046b 71040000 		.4byte	0x471
 908 046f 00       		.byte	0
 909 0470 00       		.byte	0
 910 0471 09       		.uleb128 0x9
 911 0472 04       		.byte	0x4
 912 0473 58040000 		.4byte	0x458
ARM GAS  /var/folders/6q/x_mk5n_j3p7_c40r_2k_78980000gn/T//ccdEMGjE.s 			page 17


 913 0477 08       		.uleb128 0x8
 914 0478 0C       		.byte	0xc
 915 0479 0C       		.byte	0xc
 916 047a 34       		.byte	0x34
 917 047b A4040000 		.4byte	0x4a4
 918 047f 06       		.uleb128 0x6
 919 0480 F8000000 		.4byte	.LASF71
 920 0484 0C       		.byte	0xc
 921 0485 35       		.byte	0x35
 922 0486 71040000 		.4byte	0x471
 923 048a 00       		.byte	0
 924 048b 06       		.uleb128 0x6
 925 048c D6020000 		.4byte	.LASF72
 926 0490 0C       		.byte	0xc
 927 0491 36       		.byte	0x36
 928 0492 2C000000 		.4byte	0x2c
 929 0496 04       		.byte	0x4
 930 0497 06       		.uleb128 0x6
 931 0498 2D010000 		.4byte	.LASF73
 932 049c 0C       		.byte	0xc
 933 049d 38       		.byte	0x38
 934 049e 91030000 		.4byte	0x391
 935 04a2 08       		.byte	0x8
 936 04a3 00       		.byte	0
 937 04a4 03       		.uleb128 0x3
 938 04a5 2F000000 		.4byte	.LASF74
 939 04a9 0C       		.byte	0xc
 940 04aa 3A       		.byte	0x3a
 941 04ab 77040000 		.4byte	0x477
 942 04af 10       		.uleb128 0x10
 943 04b0 04       		.byte	0x4
 944 04b1 07       		.byte	0x7
 945 04b2 96       		.byte	0x96
 946 04b3 E4040000 		.4byte	0x4e4
 947 04b7 11       		.uleb128 0x11
 948 04b8 15000000 		.4byte	.LASF75
 949 04bc 07       		.byte	0x7
 950 04bd 9D       		.byte	0x9d
 951 04be 13010000 		.4byte	0x113
 952 04c2 11       		.uleb128 0x11
 953 04c3 5E000000 		.4byte	.LASF76
 954 04c7 07       		.byte	0x7
 955 04c8 A4       		.byte	0xa4
 956 04c9 13010000 		.4byte	0x113
 957 04cd 11       		.uleb128 0x11
 958 04ce 8E040000 		.4byte	.LASF77
 959 04d2 07       		.byte	0x7
 960 04d3 AB       		.byte	0xab
 961 04d4 99020000 		.4byte	0x299
 962 04d8 11       		.uleb128 0x11
 963 04d9 7D030000 		.4byte	.LASF78
 964 04dd 07       		.byte	0x7
 965 04de B2       		.byte	0xb2
 966 04df 1E010000 		.4byte	0x11e
 967 04e3 00       		.byte	0
 968 04e4 09       		.uleb128 0x9
 969 04e5 04       		.byte	0x4
ARM GAS  /var/folders/6q/x_mk5n_j3p7_c40r_2k_78980000gn/T//ccdEMGjE.s 			page 18


 970 04e6 F1040000 		.4byte	0x4f1
 971 04ea 04       		.uleb128 0x4
 972 04eb 01       		.byte	0x1
 973 04ec 08       		.byte	0x8
 974 04ed CC030000 		.4byte	.LASF79
 975 04f1 14       		.uleb128 0x14
 976 04f2 EA040000 		.4byte	0x4ea
 977 04f6 09       		.uleb128 0x9
 978 04f7 04       		.byte	0x4
 979 04f8 86030000 		.4byte	0x386
 980 04fc 03       		.uleb128 0x3
 981 04fd 00000000 		.4byte	.LASF80
 982 0501 07       		.byte	0x7
 983 0502 E5       		.byte	0xe5
 984 0503 07050000 		.4byte	0x507
 985 0507 09       		.uleb128 0x9
 986 0508 04       		.byte	0x4
 987 0509 0D050000 		.4byte	0x50d
 988 050d 0E       		.uleb128 0xe
 989 050e 13010000 		.4byte	0x113
 990 0512 1C050000 		.4byte	0x51c
 991 0516 0F       		.uleb128 0xf
 992 0517 99020000 		.4byte	0x299
 993 051b 00       		.byte	0
 994 051c 15       		.uleb128 0x15
 995 051d 95020000 		.4byte	.LASF82
 996 0521 01       		.byte	0x1
 997 0522 34       		.byte	0x34
 998 0523 5D020000 		.4byte	0x25d
 999 0527 00000000 		.4byte	.LFB7
 1000 052b 14000000 		.4byte	.LFE7-.LFB7
 1001 052f 01       		.uleb128 0x1
 1002 0530 9C       		.byte	0x9c
 1003 0531 70050000 		.4byte	0x570
 1004 0535 16       		.uleb128 0x16
 1005 0536 747000   		.ascii	"tp\000"
 1006 0539 01       		.byte	0x1
 1007 053a 34       		.byte	0x34
 1008 053b 5D020000 		.4byte	0x25d
 1009 053f 01       		.uleb128 0x1
 1010 0540 50       		.byte	0x50
 1011 0541 17       		.uleb128 0x17
 1012 0542 00000000 		.4byte	.LBB2
 1013 0546 06000000 		.4byte	.LBE2-.LBB2
 1014 054a 5C050000 		.4byte	0x55c
 1015 054e 18       		.uleb128 0x18
 1016 054f 746D7000 		.ascii	"tmp\000"
 1017 0553 01       		.byte	0x1
 1018 0554 36       		.byte	0x36
 1019 0555 BF000000 		.4byte	0xbf
 1020 0559 01       		.uleb128 0x1
 1021 055a 53       		.byte	0x53
 1022 055b 00       		.byte	0
 1023 055c 19       		.uleb128 0x19
 1024 055d 00000000 		.4byte	.Ldebug_ranges0+0
 1025 0561 18       		.uleb128 0x18
 1026 0562 746D7000 		.ascii	"tmp\000"
ARM GAS  /var/folders/6q/x_mk5n_j3p7_c40r_2k_78980000gn/T//ccdEMGjE.s 			page 19


 1027 0566 01       		.byte	0x1
 1028 0567 39       		.byte	0x39
 1029 0568 BF000000 		.4byte	0xbf
 1030 056c 01       		.uleb128 0x1
 1031 056d 53       		.byte	0x53
 1032 056e 00       		.byte	0
 1033 056f 00       		.byte	0
 1034 0570 1A       		.uleb128 0x1a
 1035 0571 93030000 		.4byte	.LASF97
 1036 0575 01       		.byte	0x1
 1037 0576 4A       		.byte	0x4a
 1038 0577 00000000 		.4byte	.LFB8
 1039 057b 4E000000 		.4byte	.LFE8-.LFB8
 1040 057f 01       		.uleb128 0x1
 1041 0580 9C       		.byte	0x9c
 1042 0581 F3050000 		.4byte	0x5f3
 1043 0585 1B       		.uleb128 0x1b
 1044 0586 747000   		.ascii	"tp\000"
 1045 0589 01       		.byte	0x1
 1046 058a 4A       		.byte	0x4a
 1047 058b 5D020000 		.4byte	0x25d
 1048 058f 00000000 		.4byte	.LLST0
 1049 0593 1C       		.uleb128 0x1c
 1050 0594 10030000 		.4byte	.LASF81
 1051 0598 01       		.byte	0x1
 1052 0599 4B       		.byte	0x4b
 1053 059a F2000000 		.4byte	0xf2
 1054 059e 45000000 		.4byte	.LLST1
 1055 05a2 17       		.uleb128 0x17
 1056 05a3 02000000 		.4byte	.LBB5
 1057 05a7 06000000 		.4byte	.LBE5-.LBB5
 1058 05ab BD050000 		.4byte	0x5bd
 1059 05af 18       		.uleb128 0x18
 1060 05b0 746D7000 		.ascii	"tmp\000"
 1061 05b4 01       		.byte	0x1
 1062 05b5 4D       		.byte	0x4d
 1063 05b6 BF000000 		.4byte	0xbf
 1064 05ba 01       		.uleb128 0x1
 1065 05bb 53       		.byte	0x53
 1066 05bc 00       		.byte	0
 1067 05bd 1D       		.uleb128 0x1d
 1068 05be 18000000 		.4byte	.Ldebug_ranges0+0x18
 1069 05c2 D4050000 		.4byte	0x5d4
 1070 05c6 18       		.uleb128 0x18
 1071 05c7 746D7000 		.ascii	"tmp\000"
 1072 05cb 01       		.byte	0x1
 1073 05cc 50       		.byte	0x50
 1074 05cd BF000000 		.4byte	0xbf
 1075 05d1 01       		.uleb128 0x1
 1076 05d2 53       		.byte	0x53
 1077 05d3 00       		.byte	0
 1078 05d4 1E       		.uleb128 0x1e
 1079 05d5 3E000000 		.4byte	.LVL5
 1080 05d9 F8070000 		.4byte	0x7f8
 1081 05dd E9050000 		.4byte	0x5e9
 1082 05e1 1F       		.uleb128 0x1f
 1083 05e2 01       		.uleb128 0x1
ARM GAS  /var/folders/6q/x_mk5n_j3p7_c40r_2k_78980000gn/T//ccdEMGjE.s 			page 20


 1084 05e3 50       		.byte	0x50
 1085 05e4 03       		.uleb128 0x3
 1086 05e5 F3       		.byte	0xf3
 1087 05e6 01       		.uleb128 0x1
 1088 05e7 50       		.byte	0x50
 1089 05e8 00       		.byte	0
 1090 05e9 20       		.uleb128 0x20
 1091 05ea 4E000000 		.4byte	.LVL9
 1092 05ee 03080000 		.4byte	0x803
 1093 05f2 00       		.byte	0
 1094 05f3 15       		.uleb128 0x15
 1095 05f4 DB000000 		.4byte	.LASF83
 1096 05f8 01       		.byte	0x1
 1097 05f9 82       		.byte	0x82
 1098 05fa 5D020000 		.4byte	0x25d
 1099 05fe 00000000 		.4byte	.LFB9
 1100 0602 3C000000 		.4byte	.LFE9-.LFB9
 1101 0606 01       		.uleb128 0x1
 1102 0607 9C       		.byte	0x9c
 1103 0608 01070000 		.4byte	0x701
 1104 060c 21       		.uleb128 0x21
 1105 060d 6E000000 		.4byte	.LASF84
 1106 0611 01       		.byte	0x1
 1107 0612 82       		.byte	0x82
 1108 0613 33040000 		.4byte	0x433
 1109 0617 7B000000 		.4byte	.LLST2
 1110 061b 21       		.uleb128 0x21
 1111 061c 51020000 		.4byte	.LASF68
 1112 0620 01       		.byte	0x1
 1113 0621 82       		.byte	0x82
 1114 0622 2C000000 		.4byte	0x2c
 1115 0626 9C000000 		.4byte	.LLST3
 1116 062a 21       		.uleb128 0x21
 1117 062b E5020000 		.4byte	.LASF85
 1118 062f 01       		.byte	0x1
 1119 0630 83       		.byte	0x83
 1120 0631 08010000 		.4byte	0x108
 1121 0635 BA000000 		.4byte	.LLST4
 1122 0639 1B       		.uleb128 0x1b
 1123 063a 706600   		.ascii	"pf\000"
 1124 063d 01       		.byte	0x1
 1125 063e 83       		.byte	0x83
 1126 063f FC040000 		.4byte	0x4fc
 1127 0643 D8000000 		.4byte	.LLST5
 1128 0647 16       		.uleb128 0x16
 1129 0648 61726700 		.ascii	"arg\000"
 1130 064c 01       		.byte	0x1
 1131 064d 83       		.byte	0x83
 1132 064e 99020000 		.4byte	0x299
 1133 0652 02       		.uleb128 0x2
 1134 0653 91       		.byte	0x91
 1135 0654 00       		.sleb128 0
 1136 0655 22       		.uleb128 0x22
 1137 0656 77737000 		.ascii	"wsp\000"
 1138 065a 01       		.byte	0x1
 1139 065b 84       		.byte	0x84
 1140 065c 99020000 		.4byte	0x299
ARM GAS  /var/folders/6q/x_mk5n_j3p7_c40r_2k_78980000gn/T//ccdEMGjE.s 			page 21


 1141 0660 F6000000 		.4byte	.LLST6
 1142 0664 22       		.uleb128 0x22
 1143 0665 747000   		.ascii	"tp\000"
 1144 0668 01       		.byte	0x1
 1145 0669 85       		.byte	0x85
 1146 066a 5D020000 		.4byte	0x25d
 1147 066e 09010000 		.4byte	.LLST7
 1148 0672 17       		.uleb128 0x17
 1149 0673 10000000 		.4byte	.LBB8
 1150 0677 06000000 		.4byte	.LBE8-.LBB8
 1151 067b 8D060000 		.4byte	0x68d
 1152 067f 18       		.uleb128 0x18
 1153 0680 746D7000 		.ascii	"tmp\000"
 1154 0684 01       		.byte	0x1
 1155 0685 94       		.byte	0x94
 1156 0686 BF000000 		.4byte	0xbf
 1157 068a 01       		.uleb128 0x1
 1158 068b 53       		.byte	0x53
 1159 068c 00       		.byte	0
 1160 068d 17       		.uleb128 0x17
 1161 068e 30000000 		.4byte	.LBB9
 1162 0692 06000000 		.4byte	.LBE9-.LBB9
 1163 0696 A8060000 		.4byte	0x6a8
 1164 069a 18       		.uleb128 0x18
 1165 069b 746D7000 		.ascii	"tmp\000"
 1166 069f 01       		.byte	0x1
 1167 06a0 98       		.byte	0x98
 1168 06a1 BF000000 		.4byte	0xbf
 1169 06a5 01       		.uleb128 0x1
 1170 06a6 53       		.byte	0x53
 1171 06a7 00       		.byte	0
 1172 06a8 23       		.uleb128 0x23
 1173 06a9 0E000000 		.4byte	.LVL11
 1174 06ad 0E080000 		.4byte	0x80e
 1175 06b1 C3060000 		.4byte	0x6c3
 1176 06b5 1F       		.uleb128 0x1f
 1177 06b6 01       		.uleb128 0x1
 1178 06b7 50       		.byte	0x50
 1179 06b8 03       		.uleb128 0x3
 1180 06b9 F3       		.byte	0xf3
 1181 06ba 01       		.uleb128 0x1
 1182 06bb 50       		.byte	0x50
 1183 06bc 1F       		.uleb128 0x1f
 1184 06bd 01       		.uleb128 0x1
 1185 06be 51       		.byte	0x51
 1186 06bf 02       		.uleb128 0x2
 1187 06c0 75       		.byte	0x75
 1188 06c1 00       		.sleb128 0
 1189 06c2 00       		.byte	0
 1190 06c3 23       		.uleb128 0x23
 1191 06c4 24000000 		.4byte	.LVL12
 1192 06c8 19080000 		.4byte	0x819
 1193 06cc EB060000 		.4byte	0x6eb
 1194 06d0 1F       		.uleb128 0x1f
 1195 06d1 01       		.uleb128 0x1
 1196 06d2 51       		.byte	0x51
 1197 06d3 02       		.uleb128 0x2
ARM GAS  /var/folders/6q/x_mk5n_j3p7_c40r_2k_78980000gn/T//ccdEMGjE.s 			page 22


 1198 06d4 75       		.byte	0x75
 1199 06d5 00       		.sleb128 0
 1200 06d6 1F       		.uleb128 0x1f
 1201 06d7 01       		.uleb128 0x1
 1202 06d8 52       		.byte	0x52
 1203 06d9 02       		.uleb128 0x2
 1204 06da 76       		.byte	0x76
 1205 06db 00       		.sleb128 0
 1206 06dc 1F       		.uleb128 0x1f
 1207 06dd 01       		.uleb128 0x1
 1208 06de 53       		.byte	0x53
 1209 06df 02       		.uleb128 0x2
 1210 06e0 77       		.byte	0x77
 1211 06e1 00       		.sleb128 0
 1212 06e2 1F       		.uleb128 0x1f
 1213 06e3 02       		.uleb128 0x2
 1214 06e4 7D       		.byte	0x7d
 1215 06e5 00       		.sleb128 0
 1216 06e6 03       		.uleb128 0x3
 1217 06e7 91       		.byte	0x91
 1218 06e8 00       		.sleb128 0
 1219 06e9 06       		.byte	0x6
 1220 06ea 00       		.byte	0
 1221 06eb 24       		.uleb128 0x24
 1222 06ec 30000000 		.4byte	.LVL14
 1223 06f0 25080000 		.4byte	0x825
 1224 06f4 1F       		.uleb128 0x1f
 1225 06f5 01       		.uleb128 0x1
 1226 06f6 50       		.byte	0x50
 1227 06f7 02       		.uleb128 0x2
 1228 06f8 74       		.byte	0x74
 1229 06f9 00       		.sleb128 0
 1230 06fa 1F       		.uleb128 0x1f
 1231 06fb 01       		.uleb128 0x1
 1232 06fc 51       		.byte	0x51
 1233 06fd 01       		.uleb128 0x1
 1234 06fe 30       		.byte	0x30
 1235 06ff 00       		.byte	0
 1236 0700 00       		.byte	0
 1237 0701 15       		.uleb128 0x15
 1238 0702 08010000 		.4byte	.LASF86
 1239 0706 01       		.byte	0x1
 1240 0707 B3       		.byte	0xb3
 1241 0708 5D020000 		.4byte	0x25d
 1242 070c 00000000 		.4byte	.LFB10
 1243 0710 44000000 		.4byte	.LFE10-.LFB10
 1244 0714 01       		.uleb128 0x1
 1245 0715 9C       		.byte	0x9c
 1246 0716 F2070000 		.4byte	0x7f2
 1247 071a 1B       		.uleb128 0x1b
 1248 071b 6D7000   		.ascii	"mp\000"
 1249 071e 01       		.byte	0x1
 1250 071f B3       		.byte	0xb3
 1251 0720 F2070000 		.4byte	0x7f2
 1252 0724 27010000 		.4byte	.LLST8
 1253 0728 21       		.uleb128 0x21
 1254 0729 E5020000 		.4byte	.LASF85
ARM GAS  /var/folders/6q/x_mk5n_j3p7_c40r_2k_78980000gn/T//ccdEMGjE.s 			page 23


 1255 072d 01       		.byte	0x1
 1256 072e B3       		.byte	0xb3
 1257 072f 08010000 		.4byte	0x108
 1258 0733 45010000 		.4byte	.LLST9
 1259 0737 1B       		.uleb128 0x1b
 1260 0738 706600   		.ascii	"pf\000"
 1261 073b 01       		.byte	0x1
 1262 073c B4       		.byte	0xb4
 1263 073d FC040000 		.4byte	0x4fc
 1264 0741 63010000 		.4byte	.LLST10
 1265 0745 1B       		.uleb128 0x1b
 1266 0746 61726700 		.ascii	"arg\000"
 1267 074a 01       		.byte	0x1
 1268 074b B4       		.byte	0xb4
 1269 074c 99020000 		.4byte	0x299
 1270 0750 81010000 		.4byte	.LLST11
 1271 0754 22       		.uleb128 0x22
 1272 0755 77737000 		.ascii	"wsp\000"
 1273 0759 01       		.byte	0x1
 1274 075a B5       		.byte	0xb5
 1275 075b 99020000 		.4byte	0x299
 1276 075f 9F010000 		.4byte	.LLST12
 1277 0763 22       		.uleb128 0x22
 1278 0764 747000   		.ascii	"tp\000"
 1279 0767 01       		.byte	0x1
 1280 0768 B6       		.byte	0xb6
 1281 0769 5D020000 		.4byte	0x25d
 1282 076d B2010000 		.4byte	.LLST13
 1283 0771 17       		.uleb128 0x17
 1284 0772 14000000 		.4byte	.LBB10
 1285 0776 06000000 		.4byte	.LBE10-.LBB10
 1286 077a 8C070000 		.4byte	0x78c
 1287 077e 18       		.uleb128 0x18
 1288 077f 746D7000 		.ascii	"tmp\000"
 1289 0783 01       		.byte	0x1
 1290 0784 C7       		.byte	0xc7
 1291 0785 BF000000 		.4byte	0xbf
 1292 0789 01       		.uleb128 0x1
 1293 078a 53       		.byte	0x53
 1294 078b 00       		.byte	0
 1295 078c 17       		.uleb128 0x17
 1296 078d 36000000 		.4byte	.LBB11
 1297 0791 06000000 		.4byte	.LBE11-.LBB11
 1298 0795 A7070000 		.4byte	0x7a7
 1299 0799 18       		.uleb128 0x18
 1300 079a 746D7000 		.ascii	"tmp\000"
 1301 079e 01       		.byte	0x1
 1302 079f CC       		.byte	0xcc
 1303 07a0 BF000000 		.4byte	0xbf
 1304 07a4 01       		.uleb128 0x1
 1305 07a5 53       		.byte	0x53
 1306 07a6 00       		.byte	0
 1307 07a7 23       		.uleb128 0x23
 1308 07a8 12000000 		.4byte	.LVL17
 1309 07ac 30080000 		.4byte	0x830
 1310 07b0 BB070000 		.4byte	0x7bb
 1311 07b4 1F       		.uleb128 0x1f
ARM GAS  /var/folders/6q/x_mk5n_j3p7_c40r_2k_78980000gn/T//ccdEMGjE.s 			page 24


 1312 07b5 01       		.uleb128 0x1
 1313 07b6 50       		.byte	0x50
 1314 07b7 02       		.uleb128 0x2
 1315 07b8 75       		.byte	0x75
 1316 07b9 00       		.sleb128 0
 1317 07ba 00       		.byte	0
 1318 07bb 23       		.uleb128 0x23
 1319 07bc 28000000 		.4byte	.LVL18
 1320 07c0 19080000 		.4byte	0x819
 1321 07c4 DC070000 		.4byte	0x7dc
 1322 07c8 1F       		.uleb128 0x1f
 1323 07c9 01       		.uleb128 0x1
 1324 07ca 52       		.byte	0x52
 1325 07cb 02       		.uleb128 0x2
 1326 07cc 76       		.byte	0x76
 1327 07cd 00       		.sleb128 0
 1328 07ce 1F       		.uleb128 0x1f
 1329 07cf 01       		.uleb128 0x1
 1330 07d0 53       		.byte	0x53
 1331 07d1 02       		.uleb128 0x2
 1332 07d2 77       		.byte	0x77
 1333 07d3 00       		.sleb128 0
 1334 07d4 1F       		.uleb128 0x1f
 1335 07d5 02       		.uleb128 0x2
 1336 07d6 7D       		.byte	0x7d
 1337 07d7 00       		.sleb128 0
 1338 07d8 02       		.uleb128 0x2
 1339 07d9 78       		.byte	0x78
 1340 07da 00       		.sleb128 0
 1341 07db 00       		.byte	0
 1342 07dc 24       		.uleb128 0x24
 1343 07dd 36000000 		.4byte	.LVL20
 1344 07e1 25080000 		.4byte	0x825
 1345 07e5 1F       		.uleb128 0x1f
 1346 07e6 01       		.uleb128 0x1
 1347 07e7 50       		.byte	0x50
 1348 07e8 02       		.uleb128 0x2
 1349 07e9 74       		.byte	0x74
 1350 07ea 00       		.sleb128 0
 1351 07eb 1F       		.uleb128 0x1f
 1352 07ec 01       		.uleb128 0x1
 1353 07ed 51       		.byte	0x51
 1354 07ee 01       		.uleb128 0x1
 1355 07ef 30       		.byte	0x30
 1356 07f0 00       		.byte	0
 1357 07f1 00       		.byte	0
 1358 07f2 09       		.uleb128 0x9
 1359 07f3 04       		.byte	0x4
 1360 07f4 A4040000 		.4byte	0x4a4
 1361 07f8 25       		.uleb128 0x25
 1362 07f9 B0000000 		.4byte	.LASF87
 1363 07fd B0000000 		.4byte	.LASF87
 1364 0801 0B       		.byte	0xb
 1365 0802 5A       		.byte	0x5a
 1366 0803 25       		.uleb128 0x25
 1367 0804 83040000 		.4byte	.LASF88
 1368 0808 83040000 		.4byte	.LASF88
ARM GAS  /var/folders/6q/x_mk5n_j3p7_c40r_2k_78980000gn/T//ccdEMGjE.s 			page 25


 1369 080c 0C       		.byte	0xc
 1370 080d 84       		.byte	0x84
 1371 080e 25       		.uleb128 0x25
 1372 080f A7030000 		.4byte	.LASF89
 1373 0813 A7030000 		.4byte	.LASF89
 1374 0817 0B       		.byte	0xb
 1375 0818 59       		.byte	0x59
 1376 0819 26       		.uleb128 0x26
 1377 081a C5000000 		.4byte	.LASF90
 1378 081e C5000000 		.4byte	.LASF90
 1379 0822 07       		.byte	0x7
 1380 0823 6E01     		.2byte	0x16e
 1381 0825 25       		.uleb128 0x25
 1382 0826 32040000 		.4byte	.LASF91
 1383 082a 32040000 		.4byte	.LASF91
 1384 082e 0D       		.byte	0xd
 1385 082f 99       		.byte	0x99
 1386 0830 25       		.uleb128 0x25
 1387 0831 77040000 		.4byte	.LASF92
 1388 0835 77040000 		.4byte	.LASF92
 1389 0839 0C       		.byte	0xc
 1390 083a 82       		.byte	0x82
 1391 083b 00       		.byte	0
 1392              		.section	.debug_abbrev,"",%progbits
 1393              	.Ldebug_abbrev0:
 1394 0000 01       		.uleb128 0x1
 1395 0001 11       		.uleb128 0x11
 1396 0002 01       		.byte	0x1
 1397 0003 25       		.uleb128 0x25
 1398 0004 0E       		.uleb128 0xe
 1399 0005 13       		.uleb128 0x13
 1400 0006 0B       		.uleb128 0xb
 1401 0007 03       		.uleb128 0x3
 1402 0008 0E       		.uleb128 0xe
 1403 0009 1B       		.uleb128 0x1b
 1404 000a 0E       		.uleb128 0xe
 1405 000b 55       		.uleb128 0x55
 1406 000c 17       		.uleb128 0x17
 1407 000d 11       		.uleb128 0x11
 1408 000e 01       		.uleb128 0x1
 1409 000f 10       		.uleb128 0x10
 1410 0010 17       		.uleb128 0x17
 1411 0011 00       		.byte	0
 1412 0012 00       		.byte	0
 1413 0013 02       		.uleb128 0x2
 1414 0014 24       		.uleb128 0x24
 1415 0015 00       		.byte	0
 1416 0016 0B       		.uleb128 0xb
 1417 0017 0B       		.uleb128 0xb
 1418 0018 3E       		.uleb128 0x3e
 1419 0019 0B       		.uleb128 0xb
 1420 001a 03       		.uleb128 0x3
 1421 001b 08       		.uleb128 0x8
 1422 001c 00       		.byte	0
 1423 001d 00       		.byte	0
 1424 001e 03       		.uleb128 0x3
 1425 001f 16       		.uleb128 0x16
ARM GAS  /var/folders/6q/x_mk5n_j3p7_c40r_2k_78980000gn/T//ccdEMGjE.s 			page 26


 1426 0020 00       		.byte	0
 1427 0021 03       		.uleb128 0x3
 1428 0022 0E       		.uleb128 0xe
 1429 0023 3A       		.uleb128 0x3a
 1430 0024 0B       		.uleb128 0xb
 1431 0025 3B       		.uleb128 0x3b
 1432 0026 0B       		.uleb128 0xb
 1433 0027 49       		.uleb128 0x49
 1434 0028 13       		.uleb128 0x13
 1435 0029 00       		.byte	0
 1436 002a 00       		.byte	0
 1437 002b 04       		.uleb128 0x4
 1438 002c 24       		.uleb128 0x24
 1439 002d 00       		.byte	0
 1440 002e 0B       		.uleb128 0xb
 1441 002f 0B       		.uleb128 0xb
 1442 0030 3E       		.uleb128 0x3e
 1443 0031 0B       		.uleb128 0xb
 1444 0032 03       		.uleb128 0x3
 1445 0033 0E       		.uleb128 0xe
 1446 0034 00       		.byte	0
 1447 0035 00       		.byte	0
 1448 0036 05       		.uleb128 0x5
 1449 0037 13       		.uleb128 0x13
 1450 0038 01       		.byte	0x1
 1451 0039 03       		.uleb128 0x3
 1452 003a 0E       		.uleb128 0xe
 1453 003b 0B       		.uleb128 0xb
 1454 003c 0B       		.uleb128 0xb
 1455 003d 3A       		.uleb128 0x3a
 1456 003e 0B       		.uleb128 0xb
 1457 003f 3B       		.uleb128 0x3b
 1458 0040 0B       		.uleb128 0xb
 1459 0041 01       		.uleb128 0x1
 1460 0042 13       		.uleb128 0x13
 1461 0043 00       		.byte	0
 1462 0044 00       		.byte	0
 1463 0045 06       		.uleb128 0x6
 1464 0046 0D       		.uleb128 0xd
 1465 0047 00       		.byte	0
 1466 0048 03       		.uleb128 0x3
 1467 0049 0E       		.uleb128 0xe
 1468 004a 3A       		.uleb128 0x3a
 1469 004b 0B       		.uleb128 0xb
 1470 004c 3B       		.uleb128 0x3b
 1471 004d 0B       		.uleb128 0xb
 1472 004e 49       		.uleb128 0x49
 1473 004f 13       		.uleb128 0x13
 1474 0050 38       		.uleb128 0x38
 1475 0051 0B       		.uleb128 0xb
 1476 0052 00       		.byte	0
 1477 0053 00       		.byte	0
 1478 0054 07       		.uleb128 0x7
 1479 0055 0D       		.uleb128 0xd
 1480 0056 00       		.byte	0
 1481 0057 03       		.uleb128 0x3
 1482 0058 08       		.uleb128 0x8
ARM GAS  /var/folders/6q/x_mk5n_j3p7_c40r_2k_78980000gn/T//ccdEMGjE.s 			page 27


 1483 0059 3A       		.uleb128 0x3a
 1484 005a 0B       		.uleb128 0xb
 1485 005b 3B       		.uleb128 0x3b
 1486 005c 0B       		.uleb128 0xb
 1487 005d 49       		.uleb128 0x49
 1488 005e 13       		.uleb128 0x13
 1489 005f 38       		.uleb128 0x38
 1490 0060 0B       		.uleb128 0xb
 1491 0061 00       		.byte	0
 1492 0062 00       		.byte	0
 1493 0063 08       		.uleb128 0x8
 1494 0064 13       		.uleb128 0x13
 1495 0065 01       		.byte	0x1
 1496 0066 0B       		.uleb128 0xb
 1497 0067 0B       		.uleb128 0xb
 1498 0068 3A       		.uleb128 0x3a
 1499 0069 0B       		.uleb128 0xb
 1500 006a 3B       		.uleb128 0x3b
 1501 006b 0B       		.uleb128 0xb
 1502 006c 01       		.uleb128 0x1
 1503 006d 13       		.uleb128 0x13
 1504 006e 00       		.byte	0
 1505 006f 00       		.byte	0
 1506 0070 09       		.uleb128 0x9
 1507 0071 0F       		.uleb128 0xf
 1508 0072 00       		.byte	0
 1509 0073 0B       		.uleb128 0xb
 1510 0074 0B       		.uleb128 0xb
 1511 0075 49       		.uleb128 0x49
 1512 0076 13       		.uleb128 0x13
 1513 0077 00       		.byte	0
 1514 0078 00       		.byte	0
 1515 0079 0A       		.uleb128 0xa
 1516 007a 0F       		.uleb128 0xf
 1517 007b 00       		.byte	0
 1518 007c 0B       		.uleb128 0xb
 1519 007d 0B       		.uleb128 0xb
 1520 007e 00       		.byte	0
 1521 007f 00       		.byte	0
 1522 0080 0B       		.uleb128 0xb
 1523 0081 13       		.uleb128 0x13
 1524 0082 01       		.byte	0x1
 1525 0083 03       		.uleb128 0x3
 1526 0084 0E       		.uleb128 0xe
 1527 0085 0B       		.uleb128 0xb
 1528 0086 0B       		.uleb128 0xb
 1529 0087 3A       		.uleb128 0x3a
 1530 0088 0B       		.uleb128 0xb
 1531 0089 3B       		.uleb128 0x3b
 1532 008a 05       		.uleb128 0x5
 1533 008b 01       		.uleb128 0x1
 1534 008c 13       		.uleb128 0x13
 1535 008d 00       		.byte	0
 1536 008e 00       		.byte	0
 1537 008f 0C       		.uleb128 0xc
 1538 0090 0D       		.uleb128 0xd
 1539 0091 00       		.byte	0
ARM GAS  /var/folders/6q/x_mk5n_j3p7_c40r_2k_78980000gn/T//ccdEMGjE.s 			page 28


 1540 0092 03       		.uleb128 0x3
 1541 0093 08       		.uleb128 0x8
 1542 0094 3A       		.uleb128 0x3a
 1543 0095 0B       		.uleb128 0xb
 1544 0096 3B       		.uleb128 0x3b
 1545 0097 05       		.uleb128 0x5
 1546 0098 49       		.uleb128 0x49
 1547 0099 13       		.uleb128 0x13
 1548 009a 38       		.uleb128 0x38
 1549 009b 0B       		.uleb128 0xb
 1550 009c 00       		.byte	0
 1551 009d 00       		.byte	0
 1552 009e 0D       		.uleb128 0xd
 1553 009f 35       		.uleb128 0x35
 1554 00a0 00       		.byte	0
 1555 00a1 49       		.uleb128 0x49
 1556 00a2 13       		.uleb128 0x13
 1557 00a3 00       		.byte	0
 1558 00a4 00       		.byte	0
 1559 00a5 0E       		.uleb128 0xe
 1560 00a6 15       		.uleb128 0x15
 1561 00a7 01       		.byte	0x1
 1562 00a8 27       		.uleb128 0x27
 1563 00a9 19       		.uleb128 0x19
 1564 00aa 49       		.uleb128 0x49
 1565 00ab 13       		.uleb128 0x13
 1566 00ac 01       		.uleb128 0x1
 1567 00ad 13       		.uleb128 0x13
 1568 00ae 00       		.byte	0
 1569 00af 00       		.byte	0
 1570 00b0 0F       		.uleb128 0xf
 1571 00b1 05       		.uleb128 0x5
 1572 00b2 00       		.byte	0
 1573 00b3 49       		.uleb128 0x49
 1574 00b4 13       		.uleb128 0x13
 1575 00b5 00       		.byte	0
 1576 00b6 00       		.byte	0
 1577 00b7 10       		.uleb128 0x10
 1578 00b8 17       		.uleb128 0x17
 1579 00b9 01       		.byte	0x1
 1580 00ba 0B       		.uleb128 0xb
 1581 00bb 0B       		.uleb128 0xb
 1582 00bc 3A       		.uleb128 0x3a
 1583 00bd 0B       		.uleb128 0xb
 1584 00be 3B       		.uleb128 0x3b
 1585 00bf 0B       		.uleb128 0xb
 1586 00c0 01       		.uleb128 0x1
 1587 00c1 13       		.uleb128 0x13
 1588 00c2 00       		.byte	0
 1589 00c3 00       		.byte	0
 1590 00c4 11       		.uleb128 0x11
 1591 00c5 0D       		.uleb128 0xd
 1592 00c6 00       		.byte	0
 1593 00c7 03       		.uleb128 0x3
 1594 00c8 0E       		.uleb128 0xe
 1595 00c9 3A       		.uleb128 0x3a
 1596 00ca 0B       		.uleb128 0xb
ARM GAS  /var/folders/6q/x_mk5n_j3p7_c40r_2k_78980000gn/T//ccdEMGjE.s 			page 29


 1597 00cb 3B       		.uleb128 0x3b
 1598 00cc 0B       		.uleb128 0xb
 1599 00cd 49       		.uleb128 0x49
 1600 00ce 13       		.uleb128 0x13
 1601 00cf 00       		.byte	0
 1602 00d0 00       		.byte	0
 1603 00d1 12       		.uleb128 0x12
 1604 00d2 17       		.uleb128 0x17
 1605 00d3 01       		.byte	0x1
 1606 00d4 03       		.uleb128 0x3
 1607 00d5 0E       		.uleb128 0xe
 1608 00d6 0B       		.uleb128 0xb
 1609 00d7 0B       		.uleb128 0xb
 1610 00d8 3A       		.uleb128 0x3a
 1611 00d9 0B       		.uleb128 0xb
 1612 00da 3B       		.uleb128 0x3b
 1613 00db 0B       		.uleb128 0xb
 1614 00dc 01       		.uleb128 0x1
 1615 00dd 13       		.uleb128 0x13
 1616 00de 00       		.byte	0
 1617 00df 00       		.byte	0
 1618 00e0 13       		.uleb128 0x13
 1619 00e1 0D       		.uleb128 0xd
 1620 00e2 00       		.byte	0
 1621 00e3 03       		.uleb128 0x3
 1622 00e4 08       		.uleb128 0x8
 1623 00e5 3A       		.uleb128 0x3a
 1624 00e6 0B       		.uleb128 0xb
 1625 00e7 3B       		.uleb128 0x3b
 1626 00e8 0B       		.uleb128 0xb
 1627 00e9 49       		.uleb128 0x49
 1628 00ea 13       		.uleb128 0x13
 1629 00eb 00       		.byte	0
 1630 00ec 00       		.byte	0
 1631 00ed 14       		.uleb128 0x14
 1632 00ee 26       		.uleb128 0x26
 1633 00ef 00       		.byte	0
 1634 00f0 49       		.uleb128 0x49
 1635 00f1 13       		.uleb128 0x13
 1636 00f2 00       		.byte	0
 1637 00f3 00       		.byte	0
 1638 00f4 15       		.uleb128 0x15
 1639 00f5 2E       		.uleb128 0x2e
 1640 00f6 01       		.byte	0x1
 1641 00f7 3F       		.uleb128 0x3f
 1642 00f8 19       		.uleb128 0x19
 1643 00f9 03       		.uleb128 0x3
 1644 00fa 0E       		.uleb128 0xe
 1645 00fb 3A       		.uleb128 0x3a
 1646 00fc 0B       		.uleb128 0xb
 1647 00fd 3B       		.uleb128 0x3b
 1648 00fe 0B       		.uleb128 0xb
 1649 00ff 27       		.uleb128 0x27
 1650 0100 19       		.uleb128 0x19
 1651 0101 49       		.uleb128 0x49
 1652 0102 13       		.uleb128 0x13
 1653 0103 11       		.uleb128 0x11
ARM GAS  /var/folders/6q/x_mk5n_j3p7_c40r_2k_78980000gn/T//ccdEMGjE.s 			page 30


 1654 0104 01       		.uleb128 0x1
 1655 0105 12       		.uleb128 0x12
 1656 0106 06       		.uleb128 0x6
 1657 0107 40       		.uleb128 0x40
 1658 0108 18       		.uleb128 0x18
 1659 0109 9742     		.uleb128 0x2117
 1660 010b 19       		.uleb128 0x19
 1661 010c 01       		.uleb128 0x1
 1662 010d 13       		.uleb128 0x13
 1663 010e 00       		.byte	0
 1664 010f 00       		.byte	0
 1665 0110 16       		.uleb128 0x16
 1666 0111 05       		.uleb128 0x5
 1667 0112 00       		.byte	0
 1668 0113 03       		.uleb128 0x3
 1669 0114 08       		.uleb128 0x8
 1670 0115 3A       		.uleb128 0x3a
 1671 0116 0B       		.uleb128 0xb
 1672 0117 3B       		.uleb128 0x3b
 1673 0118 0B       		.uleb128 0xb
 1674 0119 49       		.uleb128 0x49
 1675 011a 13       		.uleb128 0x13
 1676 011b 02       		.uleb128 0x2
 1677 011c 18       		.uleb128 0x18
 1678 011d 00       		.byte	0
 1679 011e 00       		.byte	0
 1680 011f 17       		.uleb128 0x17
 1681 0120 0B       		.uleb128 0xb
 1682 0121 01       		.byte	0x1
 1683 0122 11       		.uleb128 0x11
 1684 0123 01       		.uleb128 0x1
 1685 0124 12       		.uleb128 0x12
 1686 0125 06       		.uleb128 0x6
 1687 0126 01       		.uleb128 0x1
 1688 0127 13       		.uleb128 0x13
 1689 0128 00       		.byte	0
 1690 0129 00       		.byte	0
 1691 012a 18       		.uleb128 0x18
 1692 012b 34       		.uleb128 0x34
 1693 012c 00       		.byte	0
 1694 012d 03       		.uleb128 0x3
 1695 012e 08       		.uleb128 0x8
 1696 012f 3A       		.uleb128 0x3a
 1697 0130 0B       		.uleb128 0xb
 1698 0131 3B       		.uleb128 0x3b
 1699 0132 0B       		.uleb128 0xb
 1700 0133 49       		.uleb128 0x49
 1701 0134 13       		.uleb128 0x13
 1702 0135 02       		.uleb128 0x2
 1703 0136 18       		.uleb128 0x18
 1704 0137 00       		.byte	0
 1705 0138 00       		.byte	0
 1706 0139 19       		.uleb128 0x19
 1707 013a 0B       		.uleb128 0xb
 1708 013b 01       		.byte	0x1
 1709 013c 55       		.uleb128 0x55
 1710 013d 17       		.uleb128 0x17
ARM GAS  /var/folders/6q/x_mk5n_j3p7_c40r_2k_78980000gn/T//ccdEMGjE.s 			page 31


 1711 013e 00       		.byte	0
 1712 013f 00       		.byte	0
 1713 0140 1A       		.uleb128 0x1a
 1714 0141 2E       		.uleb128 0x2e
 1715 0142 01       		.byte	0x1
 1716 0143 3F       		.uleb128 0x3f
 1717 0144 19       		.uleb128 0x19
 1718 0145 03       		.uleb128 0x3
 1719 0146 0E       		.uleb128 0xe
 1720 0147 3A       		.uleb128 0x3a
 1721 0148 0B       		.uleb128 0xb
 1722 0149 3B       		.uleb128 0x3b
 1723 014a 0B       		.uleb128 0xb
 1724 014b 27       		.uleb128 0x27
 1725 014c 19       		.uleb128 0x19
 1726 014d 11       		.uleb128 0x11
 1727 014e 01       		.uleb128 0x1
 1728 014f 12       		.uleb128 0x12
 1729 0150 06       		.uleb128 0x6
 1730 0151 40       		.uleb128 0x40
 1731 0152 18       		.uleb128 0x18
 1732 0153 9742     		.uleb128 0x2117
 1733 0155 19       		.uleb128 0x19
 1734 0156 01       		.uleb128 0x1
 1735 0157 13       		.uleb128 0x13
 1736 0158 00       		.byte	0
 1737 0159 00       		.byte	0
 1738 015a 1B       		.uleb128 0x1b
 1739 015b 05       		.uleb128 0x5
 1740 015c 00       		.byte	0
 1741 015d 03       		.uleb128 0x3
 1742 015e 08       		.uleb128 0x8
 1743 015f 3A       		.uleb128 0x3a
 1744 0160 0B       		.uleb128 0xb
 1745 0161 3B       		.uleb128 0x3b
 1746 0162 0B       		.uleb128 0xb
 1747 0163 49       		.uleb128 0x49
 1748 0164 13       		.uleb128 0x13
 1749 0165 02       		.uleb128 0x2
 1750 0166 17       		.uleb128 0x17
 1751 0167 00       		.byte	0
 1752 0168 00       		.byte	0
 1753 0169 1C       		.uleb128 0x1c
 1754 016a 34       		.uleb128 0x34
 1755 016b 00       		.byte	0
 1756 016c 03       		.uleb128 0x3
 1757 016d 0E       		.uleb128 0xe
 1758 016e 3A       		.uleb128 0x3a
 1759 016f 0B       		.uleb128 0xb
 1760 0170 3B       		.uleb128 0x3b
 1761 0171 0B       		.uleb128 0xb
 1762 0172 49       		.uleb128 0x49
 1763 0173 13       		.uleb128 0x13
 1764 0174 02       		.uleb128 0x2
 1765 0175 17       		.uleb128 0x17
 1766 0176 00       		.byte	0
 1767 0177 00       		.byte	0
ARM GAS  /var/folders/6q/x_mk5n_j3p7_c40r_2k_78980000gn/T//ccdEMGjE.s 			page 32


 1768 0178 1D       		.uleb128 0x1d
 1769 0179 0B       		.uleb128 0xb
 1770 017a 01       		.byte	0x1
 1771 017b 55       		.uleb128 0x55
 1772 017c 17       		.uleb128 0x17
 1773 017d 01       		.uleb128 0x1
 1774 017e 13       		.uleb128 0x13
 1775 017f 00       		.byte	0
 1776 0180 00       		.byte	0
 1777 0181 1E       		.uleb128 0x1e
 1778 0182 898201   		.uleb128 0x4109
 1779 0185 01       		.byte	0x1
 1780 0186 11       		.uleb128 0x11
 1781 0187 01       		.uleb128 0x1
 1782 0188 9542     		.uleb128 0x2115
 1783 018a 19       		.uleb128 0x19
 1784 018b 31       		.uleb128 0x31
 1785 018c 13       		.uleb128 0x13
 1786 018d 01       		.uleb128 0x1
 1787 018e 13       		.uleb128 0x13
 1788 018f 00       		.byte	0
 1789 0190 00       		.byte	0
 1790 0191 1F       		.uleb128 0x1f
 1791 0192 8A8201   		.uleb128 0x410a
 1792 0195 00       		.byte	0
 1793 0196 02       		.uleb128 0x2
 1794 0197 18       		.uleb128 0x18
 1795 0198 9142     		.uleb128 0x2111
 1796 019a 18       		.uleb128 0x18
 1797 019b 00       		.byte	0
 1798 019c 00       		.byte	0
 1799 019d 20       		.uleb128 0x20
 1800 019e 898201   		.uleb128 0x4109
 1801 01a1 00       		.byte	0
 1802 01a2 11       		.uleb128 0x11
 1803 01a3 01       		.uleb128 0x1
 1804 01a4 9542     		.uleb128 0x2115
 1805 01a6 19       		.uleb128 0x19
 1806 01a7 31       		.uleb128 0x31
 1807 01a8 13       		.uleb128 0x13
 1808 01a9 00       		.byte	0
 1809 01aa 00       		.byte	0
 1810 01ab 21       		.uleb128 0x21
 1811 01ac 05       		.uleb128 0x5
 1812 01ad 00       		.byte	0
 1813 01ae 03       		.uleb128 0x3
 1814 01af 0E       		.uleb128 0xe
 1815 01b0 3A       		.uleb128 0x3a
 1816 01b1 0B       		.uleb128 0xb
 1817 01b2 3B       		.uleb128 0x3b
 1818 01b3 0B       		.uleb128 0xb
 1819 01b4 49       		.uleb128 0x49
 1820 01b5 13       		.uleb128 0x13
 1821 01b6 02       		.uleb128 0x2
 1822 01b7 17       		.uleb128 0x17
 1823 01b8 00       		.byte	0
 1824 01b9 00       		.byte	0
ARM GAS  /var/folders/6q/x_mk5n_j3p7_c40r_2k_78980000gn/T//ccdEMGjE.s 			page 33


 1825 01ba 22       		.uleb128 0x22
 1826 01bb 34       		.uleb128 0x34
 1827 01bc 00       		.byte	0
 1828 01bd 03       		.uleb128 0x3
 1829 01be 08       		.uleb128 0x8
 1830 01bf 3A       		.uleb128 0x3a
 1831 01c0 0B       		.uleb128 0xb
 1832 01c1 3B       		.uleb128 0x3b
 1833 01c2 0B       		.uleb128 0xb
 1834 01c3 49       		.uleb128 0x49
 1835 01c4 13       		.uleb128 0x13
 1836 01c5 02       		.uleb128 0x2
 1837 01c6 17       		.uleb128 0x17
 1838 01c7 00       		.byte	0
 1839 01c8 00       		.byte	0
 1840 01c9 23       		.uleb128 0x23
 1841 01ca 898201   		.uleb128 0x4109
 1842 01cd 01       		.byte	0x1
 1843 01ce 11       		.uleb128 0x11
 1844 01cf 01       		.uleb128 0x1
 1845 01d0 31       		.uleb128 0x31
 1846 01d1 13       		.uleb128 0x13
 1847 01d2 01       		.uleb128 0x1
 1848 01d3 13       		.uleb128 0x13
 1849 01d4 00       		.byte	0
 1850 01d5 00       		.byte	0
 1851 01d6 24       		.uleb128 0x24
 1852 01d7 898201   		.uleb128 0x4109
 1853 01da 01       		.byte	0x1
 1854 01db 11       		.uleb128 0x11
 1855 01dc 01       		.uleb128 0x1
 1856 01dd 31       		.uleb128 0x31
 1857 01de 13       		.uleb128 0x13
 1858 01df 00       		.byte	0
 1859 01e0 00       		.byte	0
 1860 01e1 25       		.uleb128 0x25
 1861 01e2 2E       		.uleb128 0x2e
 1862 01e3 00       		.byte	0
 1863 01e4 3F       		.uleb128 0x3f
 1864 01e5 19       		.uleb128 0x19
 1865 01e6 3C       		.uleb128 0x3c
 1866 01e7 19       		.uleb128 0x19
 1867 01e8 6E       		.uleb128 0x6e
 1868 01e9 0E       		.uleb128 0xe
 1869 01ea 03       		.uleb128 0x3
 1870 01eb 0E       		.uleb128 0xe
 1871 01ec 3A       		.uleb128 0x3a
 1872 01ed 0B       		.uleb128 0xb
 1873 01ee 3B       		.uleb128 0x3b
 1874 01ef 0B       		.uleb128 0xb
 1875 01f0 00       		.byte	0
 1876 01f1 00       		.byte	0
 1877 01f2 26       		.uleb128 0x26
 1878 01f3 2E       		.uleb128 0x2e
 1879 01f4 00       		.byte	0
 1880 01f5 3F       		.uleb128 0x3f
 1881 01f6 19       		.uleb128 0x19
ARM GAS  /var/folders/6q/x_mk5n_j3p7_c40r_2k_78980000gn/T//ccdEMGjE.s 			page 34


 1882 01f7 3C       		.uleb128 0x3c
 1883 01f8 19       		.uleb128 0x19
 1884 01f9 6E       		.uleb128 0x6e
 1885 01fa 0E       		.uleb128 0xe
 1886 01fb 03       		.uleb128 0x3
 1887 01fc 0E       		.uleb128 0xe
 1888 01fd 3A       		.uleb128 0x3a
 1889 01fe 0B       		.uleb128 0xb
 1890 01ff 3B       		.uleb128 0x3b
 1891 0200 05       		.uleb128 0x5
 1892 0201 00       		.byte	0
 1893 0202 00       		.byte	0
 1894 0203 00       		.byte	0
 1895              		.section	.debug_loc,"",%progbits
 1896              	.Ldebug_loc0:
 1897              	.LLST0:
 1898 0000 00000000 		.4byte	.LVL1
 1899 0004 3D000000 		.4byte	.LVL5-1
 1900 0008 0100     		.2byte	0x1
 1901 000a 50       		.byte	0x50
 1902 000b 3D000000 		.4byte	.LVL5-1
 1903 000f 3E000000 		.4byte	.LVL5
 1904 0013 0400     		.2byte	0x4
 1905 0015 F3       		.byte	0xf3
 1906 0016 01       		.uleb128 0x1
 1907 0017 50       		.byte	0x50
 1908 0018 9F       		.byte	0x9f
 1909 0019 3E000000 		.4byte	.LVL5
 1910 001d 48000000 		.4byte	.LVL8
 1911 0021 0100     		.2byte	0x1
 1912 0023 50       		.byte	0x50
 1913 0024 48000000 		.4byte	.LVL8
 1914 0028 4D000000 		.4byte	.LVL9-1
 1915 002c 0100     		.2byte	0x1
 1916 002e 51       		.byte	0x51
 1917 002f 4D000000 		.4byte	.LVL9-1
 1918 0033 4E000000 		.4byte	.LFE8
 1919 0037 0400     		.2byte	0x4
 1920 0039 F3       		.byte	0xf3
 1921 003a 01       		.uleb128 0x1
 1922 003b 50       		.byte	0x50
 1923 003c 9F       		.byte	0x9f
 1924 003d 00000000 		.4byte	0
 1925 0041 00000000 		.4byte	0
 1926              	.LLST1:
 1927 0045 12000000 		.4byte	.LVL2
 1928 0049 32000000 		.4byte	.LVL3
 1929 004d 0100     		.2byte	0x1
 1930 004f 52       		.byte	0x52
 1931 0050 32000000 		.4byte	.LVL3
 1932 0054 36000000 		.4byte	.LVL4
 1933 0058 0200     		.2byte	0x2
 1934 005a 70       		.byte	0x70
 1935 005b 1E       		.sleb128 30
 1936 005c 3E000000 		.4byte	.LVL5
 1937 0060 40000000 		.4byte	.LVL6
 1938 0064 0100     		.2byte	0x1
ARM GAS  /var/folders/6q/x_mk5n_j3p7_c40r_2k_78980000gn/T//ccdEMGjE.s 			page 35


 1939 0066 52       		.byte	0x52
 1940 0067 40000000 		.4byte	.LVL6
 1941 006b 44000000 		.4byte	.LVL7
 1942 006f 0200     		.2byte	0x2
 1943 0071 70       		.byte	0x70
 1944 0072 1E       		.sleb128 30
 1945 0073 00000000 		.4byte	0
 1946 0077 00000000 		.4byte	0
 1947              	.LLST2:
 1948 007b 00000000 		.4byte	.LVL10
 1949 007f 0D000000 		.4byte	.LVL11-1
 1950 0083 0100     		.2byte	0x1
 1951 0085 50       		.byte	0x50
 1952 0086 0D000000 		.4byte	.LVL11-1
 1953 008a 3C000000 		.4byte	.LFE9
 1954 008e 0400     		.2byte	0x4
 1955 0090 F3       		.byte	0xf3
 1956 0091 01       		.uleb128 0x1
 1957 0092 50       		.byte	0x50
 1958 0093 9F       		.byte	0x9f
 1959 0094 00000000 		.4byte	0
 1960 0098 00000000 		.4byte	0
 1961              	.LLST3:
 1962 009c 00000000 		.4byte	.LVL10
 1963 00a0 0D000000 		.4byte	.LVL11-1
 1964 00a4 0100     		.2byte	0x1
 1965 00a6 51       		.byte	0x51
 1966 00a7 0D000000 		.4byte	.LVL11-1
 1967 00ab 3C000000 		.4byte	.LFE9
 1968 00af 0100     		.2byte	0x1
 1969 00b1 55       		.byte	0x55
 1970 00b2 00000000 		.4byte	0
 1971 00b6 00000000 		.4byte	0
 1972              	.LLST4:
 1973 00ba 00000000 		.4byte	.LVL10
 1974 00be 0D000000 		.4byte	.LVL11-1
 1975 00c2 0100     		.2byte	0x1
 1976 00c4 52       		.byte	0x52
 1977 00c5 0D000000 		.4byte	.LVL11-1
 1978 00c9 3C000000 		.4byte	.LFE9
 1979 00cd 0100     		.2byte	0x1
 1980 00cf 56       		.byte	0x56
 1981 00d0 00000000 		.4byte	0
 1982 00d4 00000000 		.4byte	0
 1983              	.LLST5:
 1984 00d8 00000000 		.4byte	.LVL10
 1985 00dc 0D000000 		.4byte	.LVL11-1
 1986 00e0 0100     		.2byte	0x1
 1987 00e2 53       		.byte	0x53
 1988 00e3 0D000000 		.4byte	.LVL11-1
 1989 00e7 3C000000 		.4byte	.LFE9
 1990 00eb 0100     		.2byte	0x1
 1991 00ed 57       		.byte	0x57
 1992 00ee 00000000 		.4byte	0
 1993 00f2 00000000 		.4byte	0
 1994              	.LLST6:
 1995 00f6 0E000000 		.4byte	.LVL11
ARM GAS  /var/folders/6q/x_mk5n_j3p7_c40r_2k_78980000gn/T//ccdEMGjE.s 			page 36


 1996 00fa 23000000 		.4byte	.LVL12-1
 1997 00fe 0100     		.2byte	0x1
 1998 0100 50       		.byte	0x50
 1999 0101 00000000 		.4byte	0
 2000 0105 00000000 		.4byte	0
 2001              	.LLST7:
 2002 0109 2C000000 		.4byte	.LVL13
 2003 010d 2F000000 		.4byte	.LVL14-1
 2004 0111 0100     		.2byte	0x1
 2005 0113 50       		.byte	0x50
 2006 0114 2F000000 		.4byte	.LVL14-1
 2007 0118 38000000 		.4byte	.LVL15
 2008 011c 0100     		.2byte	0x1
 2009 011e 54       		.byte	0x54
 2010 011f 00000000 		.4byte	0
 2011 0123 00000000 		.4byte	0
 2012              	.LLST8:
 2013 0127 00000000 		.4byte	.LVL16
 2014 012b 11000000 		.4byte	.LVL17-1
 2015 012f 0100     		.2byte	0x1
 2016 0131 50       		.byte	0x50
 2017 0132 11000000 		.4byte	.LVL17-1
 2018 0136 44000000 		.4byte	.LFE10
 2019 013a 0100     		.2byte	0x1
 2020 013c 55       		.byte	0x55
 2021 013d 00000000 		.4byte	0
 2022 0141 00000000 		.4byte	0
 2023              	.LLST9:
 2024 0145 00000000 		.4byte	.LVL16
 2025 0149 11000000 		.4byte	.LVL17-1
 2026 014d 0100     		.2byte	0x1
 2027 014f 51       		.byte	0x51
 2028 0150 11000000 		.4byte	.LVL17-1
 2029 0154 44000000 		.4byte	.LFE10
 2030 0158 0100     		.2byte	0x1
 2031 015a 56       		.byte	0x56
 2032 015b 00000000 		.4byte	0
 2033 015f 00000000 		.4byte	0
 2034              	.LLST10:
 2035 0163 00000000 		.4byte	.LVL16
 2036 0167 11000000 		.4byte	.LVL17-1
 2037 016b 0100     		.2byte	0x1
 2038 016d 52       		.byte	0x52
 2039 016e 11000000 		.4byte	.LVL17-1
 2040 0172 44000000 		.4byte	.LFE10
 2041 0176 0100     		.2byte	0x1
 2042 0178 57       		.byte	0x57
 2043 0179 00000000 		.4byte	0
 2044 017d 00000000 		.4byte	0
 2045              	.LLST11:
 2046 0181 00000000 		.4byte	.LVL16
 2047 0185 11000000 		.4byte	.LVL17-1
 2048 0189 0100     		.2byte	0x1
 2049 018b 53       		.byte	0x53
 2050 018c 11000000 		.4byte	.LVL17-1
 2051 0190 44000000 		.4byte	.LFE10
 2052 0194 0100     		.2byte	0x1
ARM GAS  /var/folders/6q/x_mk5n_j3p7_c40r_2k_78980000gn/T//ccdEMGjE.s 			page 37


 2053 0196 58       		.byte	0x58
 2054 0197 00000000 		.4byte	0
 2055 019b 00000000 		.4byte	0
 2056              	.LLST12:
 2057 019f 12000000 		.4byte	.LVL17
 2058 01a3 27000000 		.4byte	.LVL18-1
 2059 01a7 0100     		.2byte	0x1
 2060 01a9 50       		.byte	0x50
 2061 01aa 00000000 		.4byte	0
 2062 01ae 00000000 		.4byte	0
 2063              	.LLST13:
 2064 01b2 32000000 		.4byte	.LVL19
 2065 01b6 35000000 		.4byte	.LVL20-1
 2066 01ba 0100     		.2byte	0x1
 2067 01bc 50       		.byte	0x50
 2068 01bd 35000000 		.4byte	.LVL20-1
 2069 01c1 3E000000 		.4byte	.LVL21
 2070 01c5 0100     		.2byte	0x1
 2071 01c7 54       		.byte	0x54
 2072 01c8 00000000 		.4byte	0
 2073 01cc 00000000 		.4byte	0
 2074              		.section	.debug_aranges,"",%progbits
 2075 0000 34000000 		.4byte	0x34
 2076 0004 0200     		.2byte	0x2
 2077 0006 00000000 		.4byte	.Ldebug_info0
 2078 000a 04       		.byte	0x4
 2079 000b 00       		.byte	0
 2080 000c 0000     		.2byte	0
 2081 000e 0000     		.2byte	0
 2082 0010 00000000 		.4byte	.LFB7
 2083 0014 14000000 		.4byte	.LFE7-.LFB7
 2084 0018 00000000 		.4byte	.LFB8
 2085 001c 4E000000 		.4byte	.LFE8-.LFB8
 2086 0020 00000000 		.4byte	.LFB9
 2087 0024 3C000000 		.4byte	.LFE9-.LFB9
 2088 0028 00000000 		.4byte	.LFB10
 2089 002c 44000000 		.4byte	.LFE10-.LFB10
 2090 0030 00000000 		.4byte	0
 2091 0034 00000000 		.4byte	0
 2092              		.section	.debug_ranges,"",%progbits
 2093              	.Ldebug_ranges0:
 2094 0000 08000000 		.4byte	.LBB3
 2095 0004 0A000000 		.4byte	.LBE3
 2096 0008 0E000000 		.4byte	.LBB4
 2097 000c 12000000 		.4byte	.LBE4
 2098 0010 00000000 		.4byte	0
 2099 0014 00000000 		.4byte	0
 2100 0018 0A000000 		.4byte	.LBB6
 2101 001c 0C000000 		.4byte	.LBE6
 2102 0020 12000000 		.4byte	.LBB7
 2103 0024 16000000 		.4byte	.LBE7
 2104 0028 00000000 		.4byte	0
 2105 002c 00000000 		.4byte	0
 2106 0030 00000000 		.4byte	.LFB7
 2107 0034 14000000 		.4byte	.LFE7
 2108 0038 00000000 		.4byte	.LFB8
 2109 003c 4E000000 		.4byte	.LFE8
ARM GAS  /var/folders/6q/x_mk5n_j3p7_c40r_2k_78980000gn/T//ccdEMGjE.s 			page 38


 2110 0040 00000000 		.4byte	.LFB9
 2111 0044 3C000000 		.4byte	.LFE9
 2112 0048 00000000 		.4byte	.LFB10
 2113 004c 44000000 		.4byte	.LFE10
 2114 0050 00000000 		.4byte	0
 2115 0054 00000000 		.4byte	0
 2116              		.section	.debug_line,"",%progbits
 2117              	.Ldebug_line0:
 2118 0000 A3020000 		.section	.debug_str,"MS",%progbits,1
 2118      02002602 
 2118      00000201 
 2118      FB0E0D00 
 2118      01010101 
 2119              	.LASF80:
 2120 0000 7466756E 		.ascii	"tfunc_t\000"
 2120      635F7400 
 2121              	.LASF43:
 2122 0008 705F6D73 		.ascii	"p_msg\000"
 2122      6700
 2123              	.LASF4:
 2124 000e 73697A65 		.ascii	"size_t\000"
 2124      5F7400
 2125              	.LASF75:
 2126 0015 7264796D 		.ascii	"rdymsg\000"
 2126      736700
 2127              	.LASF18:
 2128 001c 75696E74 		.ascii	"uint64_t\000"
 2128      36345F74 
 2128      00
 2129              	.LASF5:
 2130 0025 5F5F7569 		.ascii	"__uint8_t\000"
 2130      6E74385F 
 2130      7400
 2131              	.LASF74:
 2132 002f 4D656D6F 		.ascii	"MemoryPool\000"
 2132      7279506F 
 2132      6F6C00
 2133              	.LASF59:
 2134 003a 6D656D67 		.ascii	"memgetfunc_t\000"
 2134      65746675 
 2134      6E635F74 
 2134      00
 2135              	.LASF14:
 2136 0047 6C6F6E67 		.ascii	"long long unsigned int\000"
 2136      206C6F6E 
 2136      6720756E 
 2136      7369676E 
 2136      65642069 
 2137              	.LASF76:
 2138 005e 65786974 		.ascii	"exitcode\000"
 2138      636F6465 
 2138      00
 2139              	.LASF63:
 2140 0067 685F6672 		.ascii	"h_free\000"
 2140      656500
 2141              	.LASF84:
 2142 006e 68656170 		.ascii	"heapp\000"
ARM GAS  /var/folders/6q/x_mk5n_j3p7_c40r_2k_78980000gn/T//ccdEMGjE.s 			page 39


 2142      7000
 2143              	.LASF65:
 2144 0074 6E657874 		.ascii	"next\000"
 2144      00
 2145              	.LASF31:
 2146 0079 705F7072 		.ascii	"p_prio\000"
 2146      696F00
 2147              	.LASF1:
 2148 0080 6C6F6E67 		.ascii	"long long int\000"
 2148      206C6F6E 
 2148      6720696E 
 2148      7400
 2149              	.LASF3:
 2150 008e 7369676E 		.ascii	"signed char\000"
 2150      65642063 
 2150      68617200 
 2151              	.LASF64:
 2152 009a 685F6D74 		.ascii	"h_mtx\000"
 2152      7800
 2153              	.LASF47:
 2154 00a0 705F6D70 		.ascii	"p_mpool\000"
 2154      6F6F6C00 
 2155              	.LASF56:
 2156 00a8 6D5F7175 		.ascii	"m_queue\000"
 2156      65756500 
 2157              	.LASF87:
 2158 00b0 63684865 		.ascii	"chHeapFree\000"
 2158      61704672 
 2158      656500
 2159              	.LASF23:
 2160 00bb 74736C69 		.ascii	"tslices_t\000"
 2160      6365735F 
 2160      7400
 2161              	.LASF90:
 2162 00c5 63685468 		.ascii	"chThdCreateI\000"
 2162      64437265 
 2162      61746549 
 2162      00
 2163              	.LASF10:
 2164 00d2 6C6F6E67 		.ascii	"long int\000"
 2164      20696E74 
 2164      00
 2165              	.LASF83:
 2166 00db 63685468 		.ascii	"chThdCreateFromHeap\000"
 2166      64437265 
 2166      61746546 
 2166      726F6D48 
 2166      65617000 
 2167              	.LASF21:
 2168 00ef 74737461 		.ascii	"tstate_t\000"
 2168      74655F74 
 2168      00
 2169              	.LASF71:
 2170 00f8 6D705F6E 		.ascii	"mp_next\000"
 2170      65787400 
 2171              	.LASF33:
 2172 0100 705F6E65 		.ascii	"p_newer\000"
ARM GAS  /var/folders/6q/x_mk5n_j3p7_c40r_2k_78980000gn/T//ccdEMGjE.s 			page 40


 2172      77657200 
 2173              	.LASF86:
 2174 0108 63685468 		.ascii	"chThdCreateFromMemoryPool\000"
 2174      64437265 
 2174      61746546 
 2174      726F6D4D 
 2174      656D6F72 
 2175              	.LASF11:
 2176 0122 5F5F7569 		.ascii	"__uint32_t\000"
 2176      6E743332 
 2176      5F7400
 2177              	.LASF73:
 2178 012d 6D705F70 		.ascii	"mp_provider\000"
 2178      726F7669 
 2178      64657200 
 2179              	.LASF50:
 2180 0139 72656761 		.ascii	"regarm_t\000"
 2180      726D5F74 
 2180      00
 2181              	.LASF67:
 2182 0142 616C6967 		.ascii	"align\000"
 2182      6E00
 2183              	.LASF37:
 2184 0148 705F666C 		.ascii	"p_flags\000"
 2184      61677300 
 2185              	.LASF0:
 2186 0150 756E7369 		.ascii	"unsigned int\000"
 2186      676E6564 
 2186      20696E74 
 2186      00
 2187              	.LASF12:
 2188 015d 6C6F6E67 		.ascii	"long unsigned int\000"
 2188      20756E73 
 2188      69676E65 
 2188      6420696E 
 2188      7400
 2189              	.LASF93:
 2190 016f 474E5520 		.ascii	"GNU C11 5.4.1 20160919 (release) [ARM/embedded-5-br"
 2190      43313120 
 2190      352E342E 
 2190      31203230 
 2190      31363039 
 2191 01a2 616E6368 		.ascii	"anch revision 240496] -mcpu=cortex-m3 -mno-thumb-in"
 2191      20726576 
 2191      6973696F 
 2191      6E203234 
 2191      30343936 
 2192 01d5 74657277 		.ascii	"terwork -mthumb -ggdb -O2 -fomit-frame-pointer -fal"
 2192      6F726B20 
 2192      2D6D7468 
 2192      756D6220 
 2192      2D676764 
 2193 0208 69676E2D 		.ascii	"ign-functions=16 -ffunction-sections -fdata-section"
 2193      66756E63 
 2193      74696F6E 
 2193      733D3136 
 2193      202D6666 
ARM GAS  /var/folders/6q/x_mk5n_j3p7_c40r_2k_78980000gn/T//ccdEMGjE.s 			page 41


 2194 023b 73202D66 		.ascii	"s -fno-common\000"
 2194      6E6F2D63 
 2194      6F6D6D6F 
 2194      6E00
 2195              	.LASF53:
 2196 0249 636F6E74 		.ascii	"context\000"
 2196      65787400 
 2197              	.LASF68:
 2198 0251 73697A65 		.ascii	"size\000"
 2198      00
 2199              	.LASF8:
 2200 0256 73686F72 		.ascii	"short unsigned int\000"
 2200      7420756E 
 2200      7369676E 
 2200      65642069 
 2200      6E7400
 2201              	.LASF25:
 2202 0269 6D73675F 		.ascii	"msg_t\000"
 2202      7400
 2203              	.LASF20:
 2204 026f 746D6F64 		.ascii	"tmode_t\000"
 2204      655F7400 
 2205              	.LASF49:
 2206 0277 54687265 		.ascii	"ThreadsList\000"
 2206      6164734C 
 2206      69737400 
 2207              	.LASF26:
 2208 0283 6576656E 		.ascii	"eventmask_t\000"
 2208      746D6173 
 2208      6B5F7400 
 2209              	.LASF55:
 2210 028f 4D757465 		.ascii	"Mutex\000"
 2210      7800
 2211              	.LASF82:
 2212 0295 63685468 		.ascii	"chThdAddRef\000"
 2212      64416464 
 2212      52656600 
 2213              	.LASF51:
 2214 02a1 73746B61 		.ascii	"stkalign_t\000"
 2214      6C69676E 
 2214      5F7400
 2215              	.LASF54:
 2216 02ac 73697A65 		.ascii	"sizetype\000"
 2216      74797065 
 2216      00
 2217              	.LASF2:
 2218 02b5 6C6F6E67 		.ascii	"long double\000"
 2218      20646F75 
 2218      626C6500 
 2219              	.LASF34:
 2220 02c1 705F6F6C 		.ascii	"p_older\000"
 2220      64657200 
 2221              	.LASF48:
 2222 02c9 54687265 		.ascii	"ThreadsQueue\000"
 2222      61647351 
 2222      75657565 
 2222      00
ARM GAS  /var/folders/6q/x_mk5n_j3p7_c40r_2k_78980000gn/T//ccdEMGjE.s 			page 42


 2223              	.LASF72:
 2224 02d6 6D705F6F 		.ascii	"mp_object_size\000"
 2224      626A6563 
 2224      745F7369 
 2224      7A6500
 2225              	.LASF85:
 2226 02e5 7072696F 		.ascii	"prio\000"
 2226      00
 2227              	.LASF60:
 2228 02ea 4D656D6F 		.ascii	"MemoryHeap\000"
 2228      72794865 
 2228      617000
 2229              	.LASF13:
 2230 02f5 5F5F7569 		.ascii	"__uint64_t\000"
 2230      6E743634 
 2230      5F7400
 2231              	.LASF70:
 2232 0300 70685F6E 		.ascii	"ph_next\000"
 2232      65787400 
 2233              	.LASF22:
 2234 0308 74726566 		.ascii	"trefs_t\000"
 2234      735F7400 
 2235              	.LASF81:
 2236 0310 72656673 		.ascii	"refs\000"
 2236      00
 2237              	.LASF30:
 2238 0315 705F7072 		.ascii	"p_prev\000"
 2238      657600
 2239              	.LASF24:
 2240 031c 74707269 		.ascii	"tprio_t\000"
 2240      6F5F7400 
 2241              	.LASF19:
 2242 0324 5F426F6F 		.ascii	"_Bool\000"
 2242      6C00
 2243              	.LASF16:
 2244 032a 696E7433 		.ascii	"int32_t\000"
 2244      325F7400 
 2245              	.LASF6:
 2246 0332 756E7369 		.ascii	"unsigned char\000"
 2246      676E6564 
 2246      20636861 
 2246      7200
 2247              	.LASF62:
 2248 0340 685F7072 		.ascii	"h_provider\000"
 2248      6F766964 
 2248      657200
 2249              	.LASF45:
 2250 034b 705F6D74 		.ascii	"p_mtxlist\000"
 2250      786C6973 
 2250      7400
 2251              	.LASF7:
 2252 0355 73686F72 		.ascii	"short int\000"
 2252      7420696E 
 2252      7400
 2253              	.LASF36:
 2254 035f 705F7374 		.ascii	"p_state\000"
 2254      61746500 
ARM GAS  /var/folders/6q/x_mk5n_j3p7_c40r_2k_78980000gn/T//ccdEMGjE.s 			page 43


 2255              	.LASF39:
 2256 0367 705F7072 		.ascii	"p_preempt\000"
 2256      65656D70 
 2256      7400
 2257              	.LASF96:
 2258 0371 68656170 		.ascii	"heap_header\000"
 2258      5F686561 
 2258      64657200 
 2259              	.LASF78:
 2260 037d 65776D61 		.ascii	"ewmask\000"
 2260      736B00
 2261              	.LASF29:
 2262 0384 705F6E65 		.ascii	"p_next\000"
 2262      787400
 2263              	.LASF15:
 2264 038b 75696E74 		.ascii	"uint8_t\000"
 2264      385F7400 
 2265              	.LASF97:
 2266 0393 63685468 		.ascii	"chThdRelease\000"
 2266      6452656C 
 2266      65617365 
 2266      00
 2267              	.LASF28:
 2268 03a0 54687265 		.ascii	"Thread\000"
 2268      616400
 2269              	.LASF89:
 2270 03a7 63684865 		.ascii	"chHeapAlloc\000"
 2270      6170416C 
 2270      6C6F6300 
 2271              	.LASF44:
 2272 03b3 705F6570 		.ascii	"p_epending\000"
 2272      656E6469 
 2272      6E6700
 2273              	.LASF17:
 2274 03be 75696E74 		.ascii	"uint32_t\000"
 2274      33325F74 
 2274      00
 2275              	.LASF66:
 2276 03c7 68656170 		.ascii	"heap\000"
 2276      00
 2277              	.LASF79:
 2278 03cc 63686172 		.ascii	"char\000"
 2278      00
 2279              	.LASF95:
 2280 03d1 2F557365 		.ascii	"/Users/Luca/src/vexilla/src/teamA\000"
 2280      72732F4C 
 2280      7563612F 
 2280      7372632F 
 2280      76657869 
 2281              	.LASF58:
 2282 03f3 6D5F6E65 		.ascii	"m_next\000"
 2282      787400
 2283              	.LASF27:
 2284 03fa 73797374 		.ascii	"systime_t\000"
 2284      696D655F 
 2284      7400
 2285              	.LASF46:
ARM GAS  /var/folders/6q/x_mk5n_j3p7_c40r_2k_78980000gn/T//ccdEMGjE.s 			page 44


 2286 0404 705F7265 		.ascii	"p_realprio\000"
 2286      616C7072 
 2286      696F00
 2287              	.LASF9:
 2288 040f 5F5F696E 		.ascii	"__int32_t\000"
 2288      7433325F 
 2288      7400
 2289              	.LASF40:
 2290 0419 705F7469 		.ascii	"p_time\000"
 2290      6D6500
 2291              	.LASF52:
 2292 0420 696E7463 		.ascii	"intctx\000"
 2292      747800
 2293              	.LASF42:
 2294 0427 705F6D73 		.ascii	"p_msgqueue\000"
 2294      67717565 
 2294      756500
 2295              	.LASF91:
 2296 0432 63685363 		.ascii	"chSchWakeupS\000"
 2296      6857616B 
 2296      65757053 
 2296      00
 2297              	.LASF69:
 2298 043f 706F6F6C 		.ascii	"pool_header\000"
 2298      5F686561 
 2298      64657200 
 2299              	.LASF38:
 2300 044b 705F7265 		.ascii	"p_refs\000"
 2300      667300
 2301              	.LASF94:
 2302 0452 2E2E2F43 		.ascii	"../ChibiOS/os/kernel/src/chdynamic.c\000"
 2302      68696269 
 2302      4F532F6F 
 2302      732F6B65 
 2302      726E656C 
 2303              	.LASF92:
 2304 0477 6368506F 		.ascii	"chPoolAlloc\000"
 2304      6F6C416C 
 2304      6C6F6300 
 2305              	.LASF88:
 2306 0483 6368506F 		.ascii	"chPoolFree\000"
 2306      6F6C4672 
 2306      656500
 2307              	.LASF77:
 2308 048e 77746F62 		.ascii	"wtobjp\000"
 2308      6A7000
 2309              	.LASF35:
 2310 0495 705F6E61 		.ascii	"p_name\000"
 2310      6D6500
 2311              	.LASF57:
 2312 049c 6D5F6F77 		.ascii	"m_owner\000"
 2312      6E657200 
 2313              	.LASF32:
 2314 04a4 705F6374 		.ascii	"p_ctx\000"
 2314      7800
 2315              	.LASF41:
 2316 04aa 705F7761 		.ascii	"p_waiting\000"
ARM GAS  /var/folders/6q/x_mk5n_j3p7_c40r_2k_78980000gn/T//ccdEMGjE.s 			page 45


 2316      6974696E 
 2316      6700
 2317              	.LASF61:
 2318 04b4 6D656D6F 		.ascii	"memory_heap\000"
 2318      72795F68 
 2318      65617000 
 2319              		.ident	"GCC: (GNU Tools for ARM Embedded Processors) 5.4.1 20160919 (release) [ARM/embedded-5-bran
ARM GAS  /var/folders/6q/x_mk5n_j3p7_c40r_2k_78980000gn/T//ccdEMGjE.s 			page 46


DEFINED SYMBOLS
                            *ABS*:0000000000000000 chdynamic.c
/var/folders/6q/x_mk5n_j3p7_c40r_2k_78980000gn/T//ccdEMGjE.s:20     .text.chThdAddRef:0000000000000000 $t
/var/folders/6q/x_mk5n_j3p7_c40r_2k_78980000gn/T//ccdEMGjE.s:26     .text.chThdAddRef:0000000000000000 chThdAddRef
/var/folders/6q/x_mk5n_j3p7_c40r_2k_78980000gn/T//ccdEMGjE.s:69     .text.chThdRelease:0000000000000000 $t
/var/folders/6q/x_mk5n_j3p7_c40r_2k_78980000gn/T//ccdEMGjE.s:75     .text.chThdRelease:0000000000000000 chThdRelease
/var/folders/6q/x_mk5n_j3p7_c40r_2k_78980000gn/T//ccdEMGjE.s:164    .text.chThdCreateFromHeap:0000000000000000 $t
/var/folders/6q/x_mk5n_j3p7_c40r_2k_78980000gn/T//ccdEMGjE.s:170    .text.chThdCreateFromHeap:0000000000000000 chThdCreateFromHeap
/var/folders/6q/x_mk5n_j3p7_c40r_2k_78980000gn/T//ccdEMGjE.s:247    .text.chThdCreateFromMemoryPool:0000000000000000 $t
/var/folders/6q/x_mk5n_j3p7_c40r_2k_78980000gn/T//ccdEMGjE.s:253    .text.chThdCreateFromMemoryPool:0000000000000000 chThdCreateFromMemoryPool
                     .debug_frame:0000000000000010 $d

UNDEFINED SYMBOLS
chHeapFree
chPoolFree
chHeapAlloc
chThdCreateI
chSchWakeupS
chPoolAlloc
