ARM GAS  /var/folders/6q/x_mk5n_j3p7_c40r_2k_78980000gn/T//ccCQQSZ6.s 			page 1


   1              		.syntax unified
   2              		.cpu cortex-m3
   3              		.fpu softvfp
   4              		.eabi_attribute 20, 1
   5              		.eabi_attribute 21, 1
   6              		.eabi_attribute 23, 3
   7              		.eabi_attribute 24, 1
   8              		.eabi_attribute 25, 1
   9              		.eabi_attribute 26, 1
  10              		.eabi_attribute 30, 2
  11              		.eabi_attribute 34, 1
  12              		.eabi_attribute 18, 4
  13              		.thumb
  14              		.syntax unified
  15              		.file	"chmemcore.c"
  16              		.text
  17              	.Ltext0:
  18              		.cfi_sections	.debug_frame
  19              		.section	.text._core_init,"ax",%progbits
  20              		.align	2
  21              		.p2align 4,,15
  22              		.global	_core_init
  23              		.thumb
  24              		.thumb_func
  25              		.type	_core_init, %function
  26              	_core_init:
  27              	.LFB7:
  28              		.file 1 "../ChibiOS/os/kernel/src/chmemcore.c"
  29              		.loc 1 66 0
  30              		.cfi_startproc
  31              		@ args = 0, pretend = 0, frame = 0
  32              		@ frame_needed = 0, uses_anonymous_args = 0
  33              		@ link register save eliminated.
  34              		.loc 1 70 0
  35 0000 054A     		ldr	r2, .L2
  36              		.loc 1 71 0
  37 0002 064B     		ldr	r3, .L2+4
  38              		.loc 1 70 0
  39 0004 0648     		ldr	r0, .L2+8
  40              		.loc 1 71 0
  41 0006 0749     		ldr	r1, .L2+12
  42              		.loc 1 70 0
  43 0008 22F00702 		bic	r2, r2, #7
  44              		.loc 1 71 0
  45 000c 23F00703 		bic	r3, r3, #7
  46              		.loc 1 70 0
  47 0010 0260     		str	r2, [r0]
  48              		.loc 1 71 0
  49 0012 0B60     		str	r3, [r1]
  50 0014 7047     		bx	lr
  51              	.L3:
  52 0016 00BF     		.align	2
  53              	.L2:
  54 0018 07000000 		.word	__heap_base__+7
  55 001c 00000000 		.word	__heap_end__
  56 0020 00000000 		.word	.LANCHOR0
  57 0024 00000000 		.word	.LANCHOR1
ARM GAS  /var/folders/6q/x_mk5n_j3p7_c40r_2k_78980000gn/T//ccCQQSZ6.s 			page 2


  58              		.cfi_endproc
  59              	.LFE7:
  60              		.size	_core_init, .-_core_init
  61              		.section	.text.chCoreAlloc,"ax",%progbits
  62              		.align	2
  63              		.p2align 4,,15
  64              		.global	chCoreAlloc
  65              		.thumb
  66              		.thumb_func
  67              		.type	chCoreAlloc, %function
  68              	chCoreAlloc:
  69              	.LFB8:
  70              		.loc 1 91 0
  71              		.cfi_startproc
  72              		@ args = 0, pretend = 0, frame = 0
  73              		@ frame_needed = 0, uses_anonymous_args = 0
  74              		@ link register save eliminated.
  75              	.LVL0:
  76 0000 10B4     		push	{r4}
  77              		.cfi_def_cfa_offset 4
  78              		.cfi_offset 4, -4
  79              	.LBB6:
  80              		.loc 1 94 0
  81 0002 2023     		movs	r3, #32
  82              		.syntax unified
  83              	@ 94 "../ChibiOS/os/kernel/src/chmemcore.c" 1
  84 0004 83F31188 		msr     BASEPRI, r3
  85              	@ 0 "" 2
  86              	.LVL1:
  87              		.thumb
  88              		.syntax unified
  89              	.LBE6:
  90              	.LBB7:
  91              	.LBB8:
  92              		.loc 1 118 0
  93 0008 094C     		ldr	r4, .L9
  94 000a 0A4B     		ldr	r3, .L9+4
  95 000c 2268     		ldr	r2, [r4]
  96 000e 1968     		ldr	r1, [r3]
  97              		.loc 1 117 0
  98 0010 C31D     		adds	r3, r0, #7
  99 0012 23F00703 		bic	r3, r3, #7
 100              	.LVL2:
 101              		.loc 1 118 0
 102 0016 891A     		subs	r1, r1, r2
 103 0018 8B42     		cmp	r3, r1
 104              	.LVL3:
 105              		.loc 1 121 0
 106 001a 9DBF     		ittte	ls
 107 001c 9B18     		addls	r3, r3, r2
 108              	.LVL4:
 109 001e 2360     		strls	r3, [r4]
 110              		.loc 1 122 0
 111 0020 1046     		movls	r0, r2
 112              	.LVL5:
 113              		.loc 1 119 0
 114 0022 0020     		movhi	r0, #0
ARM GAS  /var/folders/6q/x_mk5n_j3p7_c40r_2k_78980000gn/T//ccCQQSZ6.s 			page 3


 115              	.LVL6:
 116              	.LBE8:
 117              	.LBE7:
 118              	.LBB9:
 119              		.loc 1 96 0
 120 0024 0023     		movs	r3, #0
 121              		.syntax unified
 122              	@ 96 "../ChibiOS/os/kernel/src/chmemcore.c" 1
 123 0026 83F31188 		msr     BASEPRI, r3
 124              	@ 0 "" 2
 125              		.thumb
 126              		.syntax unified
 127              	.LBE9:
 128              		.loc 1 98 0
 129 002a 10BC     		pop	{r4}
 130              		.cfi_restore 4
 131              		.cfi_def_cfa_offset 0
 132 002c 7047     		bx	lr
 133              	.L10:
 134 002e 00BF     		.align	2
 135              	.L9:
 136 0030 00000000 		.word	.LANCHOR0
 137 0034 00000000 		.word	.LANCHOR1
 138              		.cfi_endproc
 139              	.LFE8:
 140              		.size	chCoreAlloc, .-chCoreAlloc
 141              		.section	.text.chCoreAllocI,"ax",%progbits
 142              		.align	2
 143              		.p2align 4,,15
 144              		.global	chCoreAllocI
 145              		.thumb
 146              		.thumb_func
 147              		.type	chCoreAllocI, %function
 148              	chCoreAllocI:
 149              	.LFB9:
 150              		.loc 1 112 0
 151              		.cfi_startproc
 152              		@ args = 0, pretend = 0, frame = 0
 153              		@ frame_needed = 0, uses_anonymous_args = 0
 154              		@ link register save eliminated.
 155              	.LVL7:
 156 0000 10B4     		push	{r4}
 157              		.cfi_def_cfa_offset 4
 158              		.cfi_offset 4, -4
 159              		.loc 1 118 0
 160 0002 084B     		ldr	r3, .L15
 161 0004 084C     		ldr	r4, .L15+4
 162 0006 1968     		ldr	r1, [r3]
 163 0008 2268     		ldr	r2, [r4]
 164              		.loc 1 117 0
 165 000a 0730     		adds	r0, r0, #7
 166              	.LVL8:
 167 000c 20F00703 		bic	r3, r0, #7
 168              	.LVL9:
 169              		.loc 1 118 0
 170 0010 891A     		subs	r1, r1, r2
 171 0012 8B42     		cmp	r3, r1
ARM GAS  /var/folders/6q/x_mk5n_j3p7_c40r_2k_78980000gn/T//ccCQQSZ6.s 			page 4


 172              	.LVL10:
 173              		.loc 1 121 0
 174 0014 9DBF     		ittte	ls
 175 0016 9B18     		addls	r3, r3, r2
 176              	.LVL11:
 177 0018 2360     		strls	r3, [r4]
 178              		.loc 1 122 0
 179 001a 1046     		movls	r0, r2
 180              	.LVL12:
 181              		.loc 1 119 0
 182 001c 0020     		movhi	r0, #0
 183              		.loc 1 123 0
 184 001e 10BC     		pop	{r4}
 185              		.cfi_restore 4
 186              		.cfi_def_cfa_offset 0
 187 0020 7047     		bx	lr
 188              	.L16:
 189 0022 00BF     		.align	2
 190              	.L15:
 191 0024 00000000 		.word	.LANCHOR1
 192 0028 00000000 		.word	.LANCHOR0
 193              		.cfi_endproc
 194              	.LFE9:
 195              		.size	chCoreAllocI, .-chCoreAllocI
 196              		.section	.text.chCoreStatus,"ax",%progbits
 197              		.align	2
 198              		.p2align 4,,15
 199              		.global	chCoreStatus
 200              		.thumb
 201              		.thumb_func
 202              		.type	chCoreStatus, %function
 203              	chCoreStatus:
 204              	.LFB10:
 205              		.loc 1 132 0
 206              		.cfi_startproc
 207              		@ args = 0, pretend = 0, frame = 0
 208              		@ frame_needed = 0, uses_anonymous_args = 0
 209              		@ link register save eliminated.
 210              		.loc 1 134 0
 211 0000 024A     		ldr	r2, .L18
 212 0002 034B     		ldr	r3, .L18+4
 213 0004 1068     		ldr	r0, [r2]
 214 0006 1B68     		ldr	r3, [r3]
 215              		.loc 1 135 0
 216 0008 C01A     		subs	r0, r0, r3
 217 000a 7047     		bx	lr
 218              	.L19:
 219              		.align	2
 220              	.L18:
 221 000c 00000000 		.word	.LANCHOR1
 222 0010 00000000 		.word	.LANCHOR0
 223              		.cfi_endproc
 224              	.LFE10:
 225              		.size	chCoreStatus, .-chCoreStatus
 226              		.section	.bss.endmem,"aw",%nobits
 227              		.align	2
 228              		.set	.LANCHOR1,. + 0
ARM GAS  /var/folders/6q/x_mk5n_j3p7_c40r_2k_78980000gn/T//ccCQQSZ6.s 			page 5


 229              		.type	endmem, %object
 230              		.size	endmem, 4
 231              	endmem:
 232 0000 00000000 		.space	4
 233              		.section	.bss.nextmem,"aw",%nobits
 234              		.align	2
 235              		.set	.LANCHOR0,. + 0
 236              		.type	nextmem, %object
 237              		.size	nextmem, 4
 238              	nextmem:
 239 0000 00000000 		.space	4
 240              		.text
 241              	.Letext0:
 242              		.file 2 "/Users/Luca/src/vexilla/src/gcc-arm-none-eabi-5_4-2016q3/lib/gcc/arm-none-eabi/5.4.1/incl
 243              		.file 3 "/Users/Luca/src/vexilla/src/gcc-arm-none-eabi-5_4-2016q3/arm-none-eabi/include/machine/_d
 244              		.file 4 "/Users/Luca/src/vexilla/src/gcc-arm-none-eabi-5_4-2016q3/arm-none-eabi/include/sys/_stdin
 245              		.section	.debug_info,"",%progbits
 246              	.Ldebug_info0:
 247 0000 22020000 		.4byte	0x222
 248 0004 0400     		.2byte	0x4
 249 0006 00000000 		.4byte	.Ldebug_abbrev0
 250 000a 04       		.byte	0x4
 251 000b 01       		.uleb128 0x1
 252 000c F0000000 		.4byte	.LASF22
 253 0010 0C       		.byte	0xc
 254 0011 CB000000 		.4byte	.LASF23
 255 0015 FD010000 		.4byte	.LASF24
 256 0019 00000000 		.4byte	.Ldebug_ranges0+0
 257 001d 00000000 		.4byte	0
 258 0021 00000000 		.4byte	.Ldebug_line0
 259 0025 02       		.uleb128 0x2
 260 0026 04       		.byte	0x4
 261 0027 05       		.byte	0x5
 262 0028 696E7400 		.ascii	"int\000"
 263 002c 03       		.uleb128 0x3
 264 002d 11000000 		.4byte	.LASF4
 265 0031 02       		.byte	0x2
 266 0032 D8       		.byte	0xd8
 267 0033 37000000 		.4byte	0x37
 268 0037 04       		.uleb128 0x4
 269 0038 04       		.byte	0x4
 270 0039 07       		.byte	0x7
 271 003a 91000000 		.4byte	.LASF0
 272 003e 04       		.uleb128 0x4
 273 003f 08       		.byte	0x8
 274 0040 05       		.byte	0x5
 275 0041 D3010000 		.4byte	.LASF1
 276 0045 04       		.uleb128 0x4
 277 0046 08       		.byte	0x8
 278 0047 04       		.byte	0x4
 279 0048 34020000 		.4byte	.LASF2
 280 004c 04       		.uleb128 0x4
 281 004d 01       		.byte	0x1
 282 004e 06       		.byte	0x6
 283 004f 40020000 		.4byte	.LASF3
 284 0053 03       		.uleb128 0x3
 285 0054 07000000 		.4byte	.LASF5
ARM GAS  /var/folders/6q/x_mk5n_j3p7_c40r_2k_78980000gn/T//ccCQQSZ6.s 			page 6


 286 0058 03       		.byte	0x3
 287 0059 1D       		.byte	0x1d
 288 005a 5E000000 		.4byte	0x5e
 289 005e 04       		.uleb128 0x4
 290 005f 01       		.byte	0x1
 291 0060 08       		.byte	0x8
 292 0061 6D000000 		.4byte	.LASF6
 293 0065 04       		.uleb128 0x4
 294 0066 02       		.byte	0x2
 295 0067 05       		.byte	0x5
 296 0068 F3010000 		.4byte	.LASF7
 297 006c 04       		.uleb128 0x4
 298 006d 02       		.byte	0x2
 299 006e 07       		.byte	0x7
 300 006f 51000000 		.4byte	.LASF8
 301 0073 04       		.uleb128 0x4
 302 0074 04       		.byte	0x4
 303 0075 05       		.byte	0x5
 304 0076 2B020000 		.4byte	.LASF9
 305 007a 03       		.uleb128 0x3
 306 007b 7B000000 		.4byte	.LASF10
 307 007f 03       		.byte	0x3
 308 0080 41       		.byte	0x41
 309 0081 85000000 		.4byte	0x85
 310 0085 04       		.uleb128 0x4
 311 0086 04       		.byte	0x4
 312 0087 07       		.byte	0x7
 313 0088 32000000 		.4byte	.LASF11
 314 008c 04       		.uleb128 0x4
 315 008d 08       		.byte	0x8
 316 008e 07       		.byte	0x7
 317 008f 9E000000 		.4byte	.LASF12
 318 0093 03       		.uleb128 0x3
 319 0094 B5000000 		.4byte	.LASF13
 320 0098 04       		.byte	0x4
 321 0099 18       		.byte	0x18
 322 009a 53000000 		.4byte	0x53
 323 009e 03       		.uleb128 0x3
 324 009f 64000000 		.4byte	.LASF14
 325 00a3 04       		.byte	0x4
 326 00a4 30       		.byte	0x30
 327 00a5 7A000000 		.4byte	0x7a
 328 00a9 04       		.uleb128 0x4
 329 00aa 01       		.byte	0x1
 330 00ab 02       		.byte	0x2
 331 00ac 4C020000 		.4byte	.LASF15
 332 00b0 05       		.uleb128 0x5
 333 00b1 04       		.byte	0x4
 334 00b2 04       		.uleb128 0x4
 335 00b3 04       		.byte	0x4
 336 00b4 07       		.byte	0x7
 337 00b5 CA010000 		.4byte	.LASF16
 338 00b9 04       		.uleb128 0x4
 339 00ba 01       		.byte	0x1
 340 00bb 08       		.byte	0x8
 341 00bc E1010000 		.4byte	.LASF17
 342 00c0 06       		.uleb128 0x6
ARM GAS  /var/folders/6q/x_mk5n_j3p7_c40r_2k_78980000gn/T//ccCQQSZ6.s 			page 7


 343 00c1 04       		.byte	0x4
 344 00c2 93000000 		.4byte	0x93
 345 00c6 07       		.uleb128 0x7
 346 00c7 20000000 		.4byte	.LASF25
 347 00cb 01       		.byte	0x1
 348 00cc 70       		.byte	0x70
 349 00cd B0000000 		.4byte	0xb0
 350 00d1 01       		.byte	0x1
 351 00d2 EB000000 		.4byte	0xeb
 352 00d6 08       		.uleb128 0x8
 353 00d7 2D000000 		.4byte	.LASF26
 354 00db 01       		.byte	0x1
 355 00dc 70       		.byte	0x70
 356 00dd 2C000000 		.4byte	0x2c
 357 00e1 09       		.uleb128 0x9
 358 00e2 7000     		.ascii	"p\000"
 359 00e4 01       		.byte	0x1
 360 00e5 71       		.byte	0x71
 361 00e6 B0000000 		.4byte	0xb0
 362 00ea 00       		.byte	0
 363 00eb 0A       		.uleb128 0xa
 364 00ec 86000000 		.4byte	.LASF27
 365 00f0 01       		.byte	0x1
 366 00f1 42       		.byte	0x42
 367 00f2 00000000 		.4byte	.LFB7
 368 00f6 28000000 		.4byte	.LFE7-.LFB7
 369 00fa 01       		.uleb128 0x1
 370 00fb 9C       		.byte	0x9c
 371 00fc 17010000 		.4byte	0x117
 372 0100 0B       		.uleb128 0xb
 373 0101 BD000000 		.4byte	.LASF18
 374 0105 01       		.byte	0x1
 375 0106 44       		.byte	0x44
 376 0107 17010000 		.4byte	0x117
 377 010b 0B       		.uleb128 0xb
 378 010c E6010000 		.4byte	.LASF19
 379 0110 01       		.byte	0x1
 380 0111 45       		.byte	0x45
 381 0112 17010000 		.4byte	0x117
 382 0116 00       		.byte	0
 383 0117 0C       		.uleb128 0xc
 384 0118 93000000 		.4byte	0x93
 385 011c 22010000 		.4byte	0x122
 386 0120 0D       		.uleb128 0xd
 387 0121 00       		.byte	0
 388 0122 0E       		.uleb128 0xe
 389 0123 1F020000 		.4byte	.LASF28
 390 0127 01       		.byte	0x1
 391 0128 5B       		.byte	0x5b
 392 0129 B0000000 		.4byte	0xb0
 393 012d 00000000 		.4byte	.LFB8
 394 0131 38000000 		.4byte	.LFE8-.LFB8
 395 0135 01       		.uleb128 0x1
 396 0136 9C       		.byte	0x9c
 397 0137 B4010000 		.4byte	0x1b4
 398 013b 0F       		.uleb128 0xf
 399 013c 2D000000 		.4byte	.LASF26
ARM GAS  /var/folders/6q/x_mk5n_j3p7_c40r_2k_78980000gn/T//ccCQQSZ6.s 			page 8


 400 0140 01       		.byte	0x1
 401 0141 5B       		.byte	0x5b
 402 0142 2C000000 		.4byte	0x2c
 403 0146 00000000 		.4byte	.LLST0
 404 014a 09       		.uleb128 0x9
 405 014b 7000     		.ascii	"p\000"
 406 014d 01       		.byte	0x1
 407 014e 5C       		.byte	0x5c
 408 014f B0000000 		.4byte	0xb0
 409 0153 10       		.uleb128 0x10
 410 0154 02000000 		.4byte	.LBB6
 411 0158 06000000 		.4byte	.LBE6-.LBB6
 412 015c 6E010000 		.4byte	0x16e
 413 0160 11       		.uleb128 0x11
 414 0161 746D7000 		.ascii	"tmp\000"
 415 0165 01       		.byte	0x1
 416 0166 5E       		.byte	0x5e
 417 0167 9E000000 		.4byte	0x9e
 418 016b 01       		.uleb128 0x1
 419 016c 53       		.byte	0x53
 420 016d 00       		.byte	0
 421 016e 12       		.uleb128 0x12
 422 016f C6000000 		.4byte	0xc6
 423 0173 08000000 		.4byte	.LBB7
 424 0177 1C000000 		.4byte	.LBE7-.LBB7
 425 017b 01       		.byte	0x1
 426 017c 5F       		.byte	0x5f
 427 017d 9C010000 		.4byte	0x19c
 428 0181 13       		.uleb128 0x13
 429 0182 D6000000 		.4byte	0xd6
 430 0186 21000000 		.4byte	.LLST1
 431 018a 14       		.uleb128 0x14
 432 018b 08000000 		.4byte	.LBB8
 433 018f 1C000000 		.4byte	.LBE8-.LBB8
 434 0193 15       		.uleb128 0x15
 435 0194 E1000000 		.4byte	0xe1
 436 0198 01       		.uleb128 0x1
 437 0199 52       		.byte	0x52
 438 019a 00       		.byte	0
 439 019b 00       		.byte	0
 440 019c 14       		.uleb128 0x14
 441 019d 24000000 		.4byte	.LBB9
 442 01a1 06000000 		.4byte	.LBE9-.LBB9
 443 01a5 11       		.uleb128 0x11
 444 01a6 746D7000 		.ascii	"tmp\000"
 445 01aa 01       		.byte	0x1
 446 01ab 60       		.byte	0x60
 447 01ac 9E000000 		.4byte	0x9e
 448 01b0 01       		.uleb128 0x1
 449 01b1 53       		.byte	0x53
 450 01b2 00       		.byte	0
 451 01b3 00       		.byte	0
 452 01b4 16       		.uleb128 0x16
 453 01b5 C6000000 		.4byte	0xc6
 454 01b9 00000000 		.4byte	.LFB9
 455 01bd 2C000000 		.4byte	.LFE9-.LFB9
 456 01c1 01       		.uleb128 0x1
ARM GAS  /var/folders/6q/x_mk5n_j3p7_c40r_2k_78980000gn/T//ccCQQSZ6.s 			page 9


 457 01c2 9C       		.byte	0x9c
 458 01c3 D8010000 		.4byte	0x1d8
 459 01c7 13       		.uleb128 0x13
 460 01c8 D6000000 		.4byte	0xd6
 461 01cc 62000000 		.4byte	.LLST2
 462 01d0 15       		.uleb128 0x15
 463 01d1 E1000000 		.4byte	0xe1
 464 01d5 01       		.uleb128 0x1
 465 01d6 52       		.byte	0x52
 466 01d7 00       		.byte	0
 467 01d8 17       		.uleb128 0x17
 468 01d9 44000000 		.4byte	.LASF29
 469 01dd 01       		.byte	0x1
 470 01de 84       		.byte	0x84
 471 01df 2C000000 		.4byte	0x2c
 472 01e3 00000000 		.4byte	.LFB10
 473 01e7 14000000 		.4byte	.LFE10-.LFB10
 474 01eb 01       		.uleb128 0x1
 475 01ec 9C       		.byte	0x9c
 476 01ed 18       		.uleb128 0x18
 477 01ee 18000000 		.4byte	.LASF20
 478 01f2 01       		.byte	0x1
 479 01f3 3A       		.byte	0x3a
 480 01f4 C0000000 		.4byte	0xc0
 481 01f8 05       		.uleb128 0x5
 482 01f9 03       		.byte	0x3
 483 01fa 00000000 		.4byte	nextmem
 484 01fe 18       		.uleb128 0x18
 485 01ff 00000000 		.4byte	.LASF21
 486 0203 01       		.byte	0x1
 487 0204 3B       		.byte	0x3b
 488 0205 C0000000 		.4byte	0xc0
 489 0209 05       		.uleb128 0x5
 490 020a 03       		.byte	0x3
 491 020b 00000000 		.4byte	endmem
 492 020f 0B       		.uleb128 0xb
 493 0210 BD000000 		.4byte	.LASF18
 494 0214 01       		.byte	0x1
 495 0215 44       		.byte	0x44
 496 0216 17010000 		.4byte	0x117
 497 021a 0B       		.uleb128 0xb
 498 021b E6010000 		.4byte	.LASF19
 499 021f 01       		.byte	0x1
 500 0220 45       		.byte	0x45
 501 0221 17010000 		.4byte	0x117
 502 0225 00       		.byte	0
 503              		.section	.debug_abbrev,"",%progbits
 504              	.Ldebug_abbrev0:
 505 0000 01       		.uleb128 0x1
 506 0001 11       		.uleb128 0x11
 507 0002 01       		.byte	0x1
 508 0003 25       		.uleb128 0x25
 509 0004 0E       		.uleb128 0xe
 510 0005 13       		.uleb128 0x13
 511 0006 0B       		.uleb128 0xb
 512 0007 03       		.uleb128 0x3
 513 0008 0E       		.uleb128 0xe
ARM GAS  /var/folders/6q/x_mk5n_j3p7_c40r_2k_78980000gn/T//ccCQQSZ6.s 			page 10


 514 0009 1B       		.uleb128 0x1b
 515 000a 0E       		.uleb128 0xe
 516 000b 55       		.uleb128 0x55
 517 000c 17       		.uleb128 0x17
 518 000d 11       		.uleb128 0x11
 519 000e 01       		.uleb128 0x1
 520 000f 10       		.uleb128 0x10
 521 0010 17       		.uleb128 0x17
 522 0011 00       		.byte	0
 523 0012 00       		.byte	0
 524 0013 02       		.uleb128 0x2
 525 0014 24       		.uleb128 0x24
 526 0015 00       		.byte	0
 527 0016 0B       		.uleb128 0xb
 528 0017 0B       		.uleb128 0xb
 529 0018 3E       		.uleb128 0x3e
 530 0019 0B       		.uleb128 0xb
 531 001a 03       		.uleb128 0x3
 532 001b 08       		.uleb128 0x8
 533 001c 00       		.byte	0
 534 001d 00       		.byte	0
 535 001e 03       		.uleb128 0x3
 536 001f 16       		.uleb128 0x16
 537 0020 00       		.byte	0
 538 0021 03       		.uleb128 0x3
 539 0022 0E       		.uleb128 0xe
 540 0023 3A       		.uleb128 0x3a
 541 0024 0B       		.uleb128 0xb
 542 0025 3B       		.uleb128 0x3b
 543 0026 0B       		.uleb128 0xb
 544 0027 49       		.uleb128 0x49
 545 0028 13       		.uleb128 0x13
 546 0029 00       		.byte	0
 547 002a 00       		.byte	0
 548 002b 04       		.uleb128 0x4
 549 002c 24       		.uleb128 0x24
 550 002d 00       		.byte	0
 551 002e 0B       		.uleb128 0xb
 552 002f 0B       		.uleb128 0xb
 553 0030 3E       		.uleb128 0x3e
 554 0031 0B       		.uleb128 0xb
 555 0032 03       		.uleb128 0x3
 556 0033 0E       		.uleb128 0xe
 557 0034 00       		.byte	0
 558 0035 00       		.byte	0
 559 0036 05       		.uleb128 0x5
 560 0037 0F       		.uleb128 0xf
 561 0038 00       		.byte	0
 562 0039 0B       		.uleb128 0xb
 563 003a 0B       		.uleb128 0xb
 564 003b 00       		.byte	0
 565 003c 00       		.byte	0
 566 003d 06       		.uleb128 0x6
 567 003e 0F       		.uleb128 0xf
 568 003f 00       		.byte	0
 569 0040 0B       		.uleb128 0xb
 570 0041 0B       		.uleb128 0xb
ARM GAS  /var/folders/6q/x_mk5n_j3p7_c40r_2k_78980000gn/T//ccCQQSZ6.s 			page 11


 571 0042 49       		.uleb128 0x49
 572 0043 13       		.uleb128 0x13
 573 0044 00       		.byte	0
 574 0045 00       		.byte	0
 575 0046 07       		.uleb128 0x7
 576 0047 2E       		.uleb128 0x2e
 577 0048 01       		.byte	0x1
 578 0049 3F       		.uleb128 0x3f
 579 004a 19       		.uleb128 0x19
 580 004b 03       		.uleb128 0x3
 581 004c 0E       		.uleb128 0xe
 582 004d 3A       		.uleb128 0x3a
 583 004e 0B       		.uleb128 0xb
 584 004f 3B       		.uleb128 0x3b
 585 0050 0B       		.uleb128 0xb
 586 0051 27       		.uleb128 0x27
 587 0052 19       		.uleb128 0x19
 588 0053 49       		.uleb128 0x49
 589 0054 13       		.uleb128 0x13
 590 0055 20       		.uleb128 0x20
 591 0056 0B       		.uleb128 0xb
 592 0057 01       		.uleb128 0x1
 593 0058 13       		.uleb128 0x13
 594 0059 00       		.byte	0
 595 005a 00       		.byte	0
 596 005b 08       		.uleb128 0x8
 597 005c 05       		.uleb128 0x5
 598 005d 00       		.byte	0
 599 005e 03       		.uleb128 0x3
 600 005f 0E       		.uleb128 0xe
 601 0060 3A       		.uleb128 0x3a
 602 0061 0B       		.uleb128 0xb
 603 0062 3B       		.uleb128 0x3b
 604 0063 0B       		.uleb128 0xb
 605 0064 49       		.uleb128 0x49
 606 0065 13       		.uleb128 0x13
 607 0066 00       		.byte	0
 608 0067 00       		.byte	0
 609 0068 09       		.uleb128 0x9
 610 0069 34       		.uleb128 0x34
 611 006a 00       		.byte	0
 612 006b 03       		.uleb128 0x3
 613 006c 08       		.uleb128 0x8
 614 006d 3A       		.uleb128 0x3a
 615 006e 0B       		.uleb128 0xb
 616 006f 3B       		.uleb128 0x3b
 617 0070 0B       		.uleb128 0xb
 618 0071 49       		.uleb128 0x49
 619 0072 13       		.uleb128 0x13
 620 0073 00       		.byte	0
 621 0074 00       		.byte	0
 622 0075 0A       		.uleb128 0xa
 623 0076 2E       		.uleb128 0x2e
 624 0077 01       		.byte	0x1
 625 0078 3F       		.uleb128 0x3f
 626 0079 19       		.uleb128 0x19
 627 007a 03       		.uleb128 0x3
ARM GAS  /var/folders/6q/x_mk5n_j3p7_c40r_2k_78980000gn/T//ccCQQSZ6.s 			page 12


 628 007b 0E       		.uleb128 0xe
 629 007c 3A       		.uleb128 0x3a
 630 007d 0B       		.uleb128 0xb
 631 007e 3B       		.uleb128 0x3b
 632 007f 0B       		.uleb128 0xb
 633 0080 27       		.uleb128 0x27
 634 0081 19       		.uleb128 0x19
 635 0082 11       		.uleb128 0x11
 636 0083 01       		.uleb128 0x1
 637 0084 12       		.uleb128 0x12
 638 0085 06       		.uleb128 0x6
 639 0086 40       		.uleb128 0x40
 640 0087 18       		.uleb128 0x18
 641 0088 9742     		.uleb128 0x2117
 642 008a 19       		.uleb128 0x19
 643 008b 01       		.uleb128 0x1
 644 008c 13       		.uleb128 0x13
 645 008d 00       		.byte	0
 646 008e 00       		.byte	0
 647 008f 0B       		.uleb128 0xb
 648 0090 34       		.uleb128 0x34
 649 0091 00       		.byte	0
 650 0092 03       		.uleb128 0x3
 651 0093 0E       		.uleb128 0xe
 652 0094 3A       		.uleb128 0x3a
 653 0095 0B       		.uleb128 0xb
 654 0096 3B       		.uleb128 0x3b
 655 0097 0B       		.uleb128 0xb
 656 0098 49       		.uleb128 0x49
 657 0099 13       		.uleb128 0x13
 658 009a 3F       		.uleb128 0x3f
 659 009b 19       		.uleb128 0x19
 660 009c 3C       		.uleb128 0x3c
 661 009d 19       		.uleb128 0x19
 662 009e 00       		.byte	0
 663 009f 00       		.byte	0
 664 00a0 0C       		.uleb128 0xc
 665 00a1 01       		.uleb128 0x1
 666 00a2 01       		.byte	0x1
 667 00a3 49       		.uleb128 0x49
 668 00a4 13       		.uleb128 0x13
 669 00a5 01       		.uleb128 0x1
 670 00a6 13       		.uleb128 0x13
 671 00a7 00       		.byte	0
 672 00a8 00       		.byte	0
 673 00a9 0D       		.uleb128 0xd
 674 00aa 21       		.uleb128 0x21
 675 00ab 00       		.byte	0
 676 00ac 00       		.byte	0
 677 00ad 00       		.byte	0
 678 00ae 0E       		.uleb128 0xe
 679 00af 2E       		.uleb128 0x2e
 680 00b0 01       		.byte	0x1
 681 00b1 3F       		.uleb128 0x3f
 682 00b2 19       		.uleb128 0x19
 683 00b3 03       		.uleb128 0x3
 684 00b4 0E       		.uleb128 0xe
ARM GAS  /var/folders/6q/x_mk5n_j3p7_c40r_2k_78980000gn/T//ccCQQSZ6.s 			page 13


 685 00b5 3A       		.uleb128 0x3a
 686 00b6 0B       		.uleb128 0xb
 687 00b7 3B       		.uleb128 0x3b
 688 00b8 0B       		.uleb128 0xb
 689 00b9 27       		.uleb128 0x27
 690 00ba 19       		.uleb128 0x19
 691 00bb 49       		.uleb128 0x49
 692 00bc 13       		.uleb128 0x13
 693 00bd 11       		.uleb128 0x11
 694 00be 01       		.uleb128 0x1
 695 00bf 12       		.uleb128 0x12
 696 00c0 06       		.uleb128 0x6
 697 00c1 40       		.uleb128 0x40
 698 00c2 18       		.uleb128 0x18
 699 00c3 9742     		.uleb128 0x2117
 700 00c5 19       		.uleb128 0x19
 701 00c6 01       		.uleb128 0x1
 702 00c7 13       		.uleb128 0x13
 703 00c8 00       		.byte	0
 704 00c9 00       		.byte	0
 705 00ca 0F       		.uleb128 0xf
 706 00cb 05       		.uleb128 0x5
 707 00cc 00       		.byte	0
 708 00cd 03       		.uleb128 0x3
 709 00ce 0E       		.uleb128 0xe
 710 00cf 3A       		.uleb128 0x3a
 711 00d0 0B       		.uleb128 0xb
 712 00d1 3B       		.uleb128 0x3b
 713 00d2 0B       		.uleb128 0xb
 714 00d3 49       		.uleb128 0x49
 715 00d4 13       		.uleb128 0x13
 716 00d5 02       		.uleb128 0x2
 717 00d6 17       		.uleb128 0x17
 718 00d7 00       		.byte	0
 719 00d8 00       		.byte	0
 720 00d9 10       		.uleb128 0x10
 721 00da 0B       		.uleb128 0xb
 722 00db 01       		.byte	0x1
 723 00dc 11       		.uleb128 0x11
 724 00dd 01       		.uleb128 0x1
 725 00de 12       		.uleb128 0x12
 726 00df 06       		.uleb128 0x6
 727 00e0 01       		.uleb128 0x1
 728 00e1 13       		.uleb128 0x13
 729 00e2 00       		.byte	0
 730 00e3 00       		.byte	0
 731 00e4 11       		.uleb128 0x11
 732 00e5 34       		.uleb128 0x34
 733 00e6 00       		.byte	0
 734 00e7 03       		.uleb128 0x3
 735 00e8 08       		.uleb128 0x8
 736 00e9 3A       		.uleb128 0x3a
 737 00ea 0B       		.uleb128 0xb
 738 00eb 3B       		.uleb128 0x3b
 739 00ec 0B       		.uleb128 0xb
 740 00ed 49       		.uleb128 0x49
 741 00ee 13       		.uleb128 0x13
ARM GAS  /var/folders/6q/x_mk5n_j3p7_c40r_2k_78980000gn/T//ccCQQSZ6.s 			page 14


 742 00ef 02       		.uleb128 0x2
 743 00f0 18       		.uleb128 0x18
 744 00f1 00       		.byte	0
 745 00f2 00       		.byte	0
 746 00f3 12       		.uleb128 0x12
 747 00f4 1D       		.uleb128 0x1d
 748 00f5 01       		.byte	0x1
 749 00f6 31       		.uleb128 0x31
 750 00f7 13       		.uleb128 0x13
 751 00f8 11       		.uleb128 0x11
 752 00f9 01       		.uleb128 0x1
 753 00fa 12       		.uleb128 0x12
 754 00fb 06       		.uleb128 0x6
 755 00fc 58       		.uleb128 0x58
 756 00fd 0B       		.uleb128 0xb
 757 00fe 59       		.uleb128 0x59
 758 00ff 0B       		.uleb128 0xb
 759 0100 01       		.uleb128 0x1
 760 0101 13       		.uleb128 0x13
 761 0102 00       		.byte	0
 762 0103 00       		.byte	0
 763 0104 13       		.uleb128 0x13
 764 0105 05       		.uleb128 0x5
 765 0106 00       		.byte	0
 766 0107 31       		.uleb128 0x31
 767 0108 13       		.uleb128 0x13
 768 0109 02       		.uleb128 0x2
 769 010a 17       		.uleb128 0x17
 770 010b 00       		.byte	0
 771 010c 00       		.byte	0
 772 010d 14       		.uleb128 0x14
 773 010e 0B       		.uleb128 0xb
 774 010f 01       		.byte	0x1
 775 0110 11       		.uleb128 0x11
 776 0111 01       		.uleb128 0x1
 777 0112 12       		.uleb128 0x12
 778 0113 06       		.uleb128 0x6
 779 0114 00       		.byte	0
 780 0115 00       		.byte	0
 781 0116 15       		.uleb128 0x15
 782 0117 34       		.uleb128 0x34
 783 0118 00       		.byte	0
 784 0119 31       		.uleb128 0x31
 785 011a 13       		.uleb128 0x13
 786 011b 02       		.uleb128 0x2
 787 011c 18       		.uleb128 0x18
 788 011d 00       		.byte	0
 789 011e 00       		.byte	0
 790 011f 16       		.uleb128 0x16
 791 0120 2E       		.uleb128 0x2e
 792 0121 01       		.byte	0x1
 793 0122 31       		.uleb128 0x31
 794 0123 13       		.uleb128 0x13
 795 0124 11       		.uleb128 0x11
 796 0125 01       		.uleb128 0x1
 797 0126 12       		.uleb128 0x12
 798 0127 06       		.uleb128 0x6
ARM GAS  /var/folders/6q/x_mk5n_j3p7_c40r_2k_78980000gn/T//ccCQQSZ6.s 			page 15


 799 0128 40       		.uleb128 0x40
 800 0129 18       		.uleb128 0x18
 801 012a 9742     		.uleb128 0x2117
 802 012c 19       		.uleb128 0x19
 803 012d 01       		.uleb128 0x1
 804 012e 13       		.uleb128 0x13
 805 012f 00       		.byte	0
 806 0130 00       		.byte	0
 807 0131 17       		.uleb128 0x17
 808 0132 2E       		.uleb128 0x2e
 809 0133 00       		.byte	0
 810 0134 3F       		.uleb128 0x3f
 811 0135 19       		.uleb128 0x19
 812 0136 03       		.uleb128 0x3
 813 0137 0E       		.uleb128 0xe
 814 0138 3A       		.uleb128 0x3a
 815 0139 0B       		.uleb128 0xb
 816 013a 3B       		.uleb128 0x3b
 817 013b 0B       		.uleb128 0xb
 818 013c 27       		.uleb128 0x27
 819 013d 19       		.uleb128 0x19
 820 013e 49       		.uleb128 0x49
 821 013f 13       		.uleb128 0x13
 822 0140 11       		.uleb128 0x11
 823 0141 01       		.uleb128 0x1
 824 0142 12       		.uleb128 0x12
 825 0143 06       		.uleb128 0x6
 826 0144 40       		.uleb128 0x40
 827 0145 18       		.uleb128 0x18
 828 0146 9742     		.uleb128 0x2117
 829 0148 19       		.uleb128 0x19
 830 0149 00       		.byte	0
 831 014a 00       		.byte	0
 832 014b 18       		.uleb128 0x18
 833 014c 34       		.uleb128 0x34
 834 014d 00       		.byte	0
 835 014e 03       		.uleb128 0x3
 836 014f 0E       		.uleb128 0xe
 837 0150 3A       		.uleb128 0x3a
 838 0151 0B       		.uleb128 0xb
 839 0152 3B       		.uleb128 0x3b
 840 0153 0B       		.uleb128 0xb
 841 0154 49       		.uleb128 0x49
 842 0155 13       		.uleb128 0x13
 843 0156 02       		.uleb128 0x2
 844 0157 18       		.uleb128 0x18
 845 0158 00       		.byte	0
 846 0159 00       		.byte	0
 847 015a 00       		.byte	0
 848              		.section	.debug_loc,"",%progbits
 849              	.Ldebug_loc0:
 850              	.LLST0:
 851 0000 00000000 		.4byte	.LVL0
 852 0004 22000000 		.4byte	.LVL5
 853 0008 0100     		.2byte	0x1
 854 000a 50       		.byte	0x50
 855 000b 22000000 		.4byte	.LVL5
ARM GAS  /var/folders/6q/x_mk5n_j3p7_c40r_2k_78980000gn/T//ccCQQSZ6.s 			page 16


 856 000f 38000000 		.4byte	.LFE8
 857 0013 0400     		.2byte	0x4
 858 0015 F3       		.byte	0xf3
 859 0016 01       		.uleb128 0x1
 860 0017 50       		.byte	0x50
 861 0018 9F       		.byte	0x9f
 862 0019 00000000 		.4byte	0
 863 001d 00000000 		.4byte	0
 864              	.LLST1:
 865 0021 08000000 		.4byte	.LVL1
 866 0025 16000000 		.4byte	.LVL2
 867 0029 0100     		.2byte	0x1
 868 002b 50       		.byte	0x50
 869 002c 16000000 		.4byte	.LVL2
 870 0030 1E000000 		.4byte	.LVL4
 871 0034 0100     		.2byte	0x1
 872 0036 53       		.byte	0x53
 873 0037 1E000000 		.4byte	.LVL4
 874 003b 22000000 		.4byte	.LVL5
 875 003f 0600     		.2byte	0x6
 876 0041 70       		.byte	0x70
 877 0042 07       		.sleb128 7
 878 0043 09       		.byte	0x9
 879 0044 F8       		.byte	0xf8
 880 0045 1A       		.byte	0x1a
 881 0046 9F       		.byte	0x9f
 882 0047 22000000 		.4byte	.LVL5
 883 004b 24000000 		.4byte	.LVL6
 884 004f 0900     		.2byte	0x9
 885 0051 F3       		.byte	0xf3
 886 0052 01       		.uleb128 0x1
 887 0053 50       		.byte	0x50
 888 0054 23       		.byte	0x23
 889 0055 07       		.uleb128 0x7
 890 0056 09       		.byte	0x9
 891 0057 F8       		.byte	0xf8
 892 0058 1A       		.byte	0x1a
 893 0059 9F       		.byte	0x9f
 894 005a 00000000 		.4byte	0
 895 005e 00000000 		.4byte	0
 896              	.LLST2:
 897 0062 00000000 		.4byte	.LVL7
 898 0066 0C000000 		.4byte	.LVL8
 899 006a 0100     		.2byte	0x1
 900 006c 50       		.byte	0x50
 901 006d 0C000000 		.4byte	.LVL8
 902 0071 10000000 		.4byte	.LVL9
 903 0075 0300     		.2byte	0x3
 904 0077 70       		.byte	0x70
 905 0078 79       		.sleb128 -7
 906 0079 9F       		.byte	0x9f
 907 007a 10000000 		.4byte	.LVL9
 908 007e 18000000 		.4byte	.LVL11
 909 0082 0100     		.2byte	0x1
 910 0084 53       		.byte	0x53
 911 0085 18000000 		.4byte	.LVL11
 912 0089 1C000000 		.4byte	.LVL12
ARM GAS  /var/folders/6q/x_mk5n_j3p7_c40r_2k_78980000gn/T//ccCQQSZ6.s 			page 17


 913 008d 0600     		.2byte	0x6
 914 008f 70       		.byte	0x70
 915 0090 00       		.sleb128 0
 916 0091 09       		.byte	0x9
 917 0092 F8       		.byte	0xf8
 918 0093 1A       		.byte	0x1a
 919 0094 9F       		.byte	0x9f
 920 0095 1C000000 		.4byte	.LVL12
 921 0099 2C000000 		.4byte	.LFE9
 922 009d 0900     		.2byte	0x9
 923 009f F3       		.byte	0xf3
 924 00a0 01       		.uleb128 0x1
 925 00a1 50       		.byte	0x50
 926 00a2 23       		.byte	0x23
 927 00a3 07       		.uleb128 0x7
 928 00a4 09       		.byte	0x9
 929 00a5 F8       		.byte	0xf8
 930 00a6 1A       		.byte	0x1a
 931 00a7 9F       		.byte	0x9f
 932 00a8 00000000 		.4byte	0
 933 00ac 00000000 		.4byte	0
 934              		.section	.debug_aranges,"",%progbits
 935 0000 34000000 		.4byte	0x34
 936 0004 0200     		.2byte	0x2
 937 0006 00000000 		.4byte	.Ldebug_info0
 938 000a 04       		.byte	0x4
 939 000b 00       		.byte	0
 940 000c 0000     		.2byte	0
 941 000e 0000     		.2byte	0
 942 0010 00000000 		.4byte	.LFB7
 943 0014 28000000 		.4byte	.LFE7-.LFB7
 944 0018 00000000 		.4byte	.LFB8
 945 001c 38000000 		.4byte	.LFE8-.LFB8
 946 0020 00000000 		.4byte	.LFB9
 947 0024 2C000000 		.4byte	.LFE9-.LFB9
 948 0028 00000000 		.4byte	.LFB10
 949 002c 14000000 		.4byte	.LFE10-.LFB10
 950 0030 00000000 		.4byte	0
 951 0034 00000000 		.4byte	0
 952              		.section	.debug_ranges,"",%progbits
 953              	.Ldebug_ranges0:
 954 0000 00000000 		.4byte	.LFB7
 955 0004 28000000 		.4byte	.LFE7
 956 0008 00000000 		.4byte	.LFB8
 957 000c 38000000 		.4byte	.LFE8
 958 0010 00000000 		.4byte	.LFB9
 959 0014 2C000000 		.4byte	.LFE9
 960 0018 00000000 		.4byte	.LFB10
 961 001c 14000000 		.4byte	.LFE10
 962 0020 00000000 		.4byte	0
 963 0024 00000000 		.4byte	0
 964              		.section	.debug_line,"",%progbits
 965              	.Ldebug_line0:
 966 0000 D3010000 		.section	.debug_str,"MS",%progbits,1
 966      02006F01 
 966      00000201 
 966      FB0E0D00 
ARM GAS  /var/folders/6q/x_mk5n_j3p7_c40r_2k_78980000gn/T//ccCQQSZ6.s 			page 18


 966      01010101 
 967              	.LASF21:
 968 0000 656E646D 		.ascii	"endmem\000"
 968      656D00
 969              	.LASF5:
 970 0007 5F5F7569 		.ascii	"__uint8_t\000"
 970      6E74385F 
 970      7400
 971              	.LASF4:
 972 0011 73697A65 		.ascii	"size_t\000"
 972      5F7400
 973              	.LASF20:
 974 0018 6E657874 		.ascii	"nextmem\000"
 974      6D656D00 
 975              	.LASF25:
 976 0020 6368436F 		.ascii	"chCoreAllocI\000"
 976      7265416C 
 976      6C6F6349 
 976      00
 977              	.LASF26:
 978 002d 73697A65 		.ascii	"size\000"
 978      00
 979              	.LASF11:
 980 0032 6C6F6E67 		.ascii	"long unsigned int\000"
 980      20756E73 
 980      69676E65 
 980      6420696E 
 980      7400
 981              	.LASF29:
 982 0044 6368436F 		.ascii	"chCoreStatus\000"
 982      72655374 
 982      61747573 
 982      00
 983              	.LASF8:
 984 0051 73686F72 		.ascii	"short unsigned int\000"
 984      7420756E 
 984      7369676E 
 984      65642069 
 984      6E7400
 985              	.LASF14:
 986 0064 75696E74 		.ascii	"uint32_t\000"
 986      33325F74 
 986      00
 987              	.LASF6:
 988 006d 756E7369 		.ascii	"unsigned char\000"
 988      676E6564 
 988      20636861 
 988      7200
 989              	.LASF10:
 990 007b 5F5F7569 		.ascii	"__uint32_t\000"
 990      6E743332 
 990      5F7400
 991              	.LASF27:
 992 0086 5F636F72 		.ascii	"_core_init\000"
 992      655F696E 
 992      697400
 993              	.LASF0:
ARM GAS  /var/folders/6q/x_mk5n_j3p7_c40r_2k_78980000gn/T//ccCQQSZ6.s 			page 19


 994 0091 756E7369 		.ascii	"unsigned int\000"
 994      676E6564 
 994      20696E74 
 994      00
 995              	.LASF12:
 996 009e 6C6F6E67 		.ascii	"long long unsigned int\000"
 996      206C6F6E 
 996      6720756E 
 996      7369676E 
 996      65642069 
 997              	.LASF13:
 998 00b5 75696E74 		.ascii	"uint8_t\000"
 998      385F7400 
 999              	.LASF18:
 1000 00bd 5F5F6865 		.ascii	"__heap_base__\000"
 1000      61705F62 
 1000      6173655F 
 1000      5F00
 1001              	.LASF23:
 1002 00cb 2E2E2F43 		.ascii	"../ChibiOS/os/kernel/src/chmemcore.c\000"
 1002      68696269 
 1002      4F532F6F 
 1002      732F6B65 
 1002      726E656C 
 1003              	.LASF22:
 1004 00f0 474E5520 		.ascii	"GNU C11 5.4.1 20160919 (release) [ARM/embedded-5-br"
 1004      43313120 
 1004      352E342E 
 1004      31203230 
 1004      31363039 
 1005 0123 616E6368 		.ascii	"anch revision 240496] -mcpu=cortex-m3 -mno-thumb-in"
 1005      20726576 
 1005      6973696F 
 1005      6E203234 
 1005      30343936 
 1006 0156 74657277 		.ascii	"terwork -mthumb -ggdb -O2 -fomit-frame-pointer -fal"
 1006      6F726B20 
 1006      2D6D7468 
 1006      756D6220 
 1006      2D676764 
 1007 0189 69676E2D 		.ascii	"ign-functions=16 -ffunction-sections -fdata-section"
 1007      66756E63 
 1007      74696F6E 
 1007      733D3136 
 1007      202D6666 
 1008 01bc 73202D66 		.ascii	"s -fno-common\000"
 1008      6E6F2D63 
 1008      6F6D6D6F 
 1008      6E00
 1009              	.LASF16:
 1010 01ca 73697A65 		.ascii	"sizetype\000"
 1010      74797065 
 1010      00
 1011              	.LASF1:
 1012 01d3 6C6F6E67 		.ascii	"long long int\000"
 1012      206C6F6E 
 1012      6720696E 
ARM GAS  /var/folders/6q/x_mk5n_j3p7_c40r_2k_78980000gn/T//ccCQQSZ6.s 			page 20


 1012      7400
 1013              	.LASF17:
 1014 01e1 63686172 		.ascii	"char\000"
 1014      00
 1015              	.LASF19:
 1016 01e6 5F5F6865 		.ascii	"__heap_end__\000"
 1016      61705F65 
 1016      6E645F5F 
 1016      00
 1017              	.LASF7:
 1018 01f3 73686F72 		.ascii	"short int\000"
 1018      7420696E 
 1018      7400
 1019              	.LASF24:
 1020 01fd 2F557365 		.ascii	"/Users/Luca/src/vexilla/src/teamA\000"
 1020      72732F4C 
 1020      7563612F 
 1020      7372632F 
 1020      76657869 
 1021              	.LASF28:
 1022 021f 6368436F 		.ascii	"chCoreAlloc\000"
 1022      7265416C 
 1022      6C6F6300 
 1023              	.LASF9:
 1024 022b 6C6F6E67 		.ascii	"long int\000"
 1024      20696E74 
 1024      00
 1025              	.LASF2:
 1026 0234 6C6F6E67 		.ascii	"long double\000"
 1026      20646F75 
 1026      626C6500 
 1027              	.LASF3:
 1028 0240 7369676E 		.ascii	"signed char\000"
 1028      65642063 
 1028      68617200 
 1029              	.LASF15:
 1030 024c 5F426F6F 		.ascii	"_Bool\000"
 1030      6C00
 1031              		.ident	"GCC: (GNU Tools for ARM Embedded Processors) 5.4.1 20160919 (release) [ARM/embedded-5-bran
ARM GAS  /var/folders/6q/x_mk5n_j3p7_c40r_2k_78980000gn/T//ccCQQSZ6.s 			page 21


DEFINED SYMBOLS
                            *ABS*:0000000000000000 chmemcore.c
/var/folders/6q/x_mk5n_j3p7_c40r_2k_78980000gn/T//ccCQQSZ6.s:20     .text._core_init:0000000000000000 $t
/var/folders/6q/x_mk5n_j3p7_c40r_2k_78980000gn/T//ccCQQSZ6.s:26     .text._core_init:0000000000000000 _core_init
/var/folders/6q/x_mk5n_j3p7_c40r_2k_78980000gn/T//ccCQQSZ6.s:54     .text._core_init:0000000000000018 $d
/var/folders/6q/x_mk5n_j3p7_c40r_2k_78980000gn/T//ccCQQSZ6.s:62     .text.chCoreAlloc:0000000000000000 $t
/var/folders/6q/x_mk5n_j3p7_c40r_2k_78980000gn/T//ccCQQSZ6.s:68     .text.chCoreAlloc:0000000000000000 chCoreAlloc
/var/folders/6q/x_mk5n_j3p7_c40r_2k_78980000gn/T//ccCQQSZ6.s:136    .text.chCoreAlloc:0000000000000030 $d
/var/folders/6q/x_mk5n_j3p7_c40r_2k_78980000gn/T//ccCQQSZ6.s:142    .text.chCoreAllocI:0000000000000000 $t
/var/folders/6q/x_mk5n_j3p7_c40r_2k_78980000gn/T//ccCQQSZ6.s:148    .text.chCoreAllocI:0000000000000000 chCoreAllocI
/var/folders/6q/x_mk5n_j3p7_c40r_2k_78980000gn/T//ccCQQSZ6.s:191    .text.chCoreAllocI:0000000000000024 $d
/var/folders/6q/x_mk5n_j3p7_c40r_2k_78980000gn/T//ccCQQSZ6.s:197    .text.chCoreStatus:0000000000000000 $t
/var/folders/6q/x_mk5n_j3p7_c40r_2k_78980000gn/T//ccCQQSZ6.s:203    .text.chCoreStatus:0000000000000000 chCoreStatus
/var/folders/6q/x_mk5n_j3p7_c40r_2k_78980000gn/T//ccCQQSZ6.s:221    .text.chCoreStatus:000000000000000c $d
/var/folders/6q/x_mk5n_j3p7_c40r_2k_78980000gn/T//ccCQQSZ6.s:227    .bss.endmem:0000000000000000 $d
/var/folders/6q/x_mk5n_j3p7_c40r_2k_78980000gn/T//ccCQQSZ6.s:231    .bss.endmem:0000000000000000 endmem
/var/folders/6q/x_mk5n_j3p7_c40r_2k_78980000gn/T//ccCQQSZ6.s:234    .bss.nextmem:0000000000000000 $d
/var/folders/6q/x_mk5n_j3p7_c40r_2k_78980000gn/T//ccCQQSZ6.s:238    .bss.nextmem:0000000000000000 nextmem
                     .debug_frame:0000000000000010 $d

UNDEFINED SYMBOLS
__heap_base__
__heap_end__
