ARM GAS  /var/folders/6q/x_mk5n_j3p7_c40r_2k_78980000gn/T//cc94kRik.s 			page 1


   1              		.syntax unified
   2              		.cpu cortex-m3
   3              		.fpu softvfp
   4              		.eabi_attribute 20, 1
   5              		.eabi_attribute 21, 1
   6              		.eabi_attribute 23, 3
   7              		.eabi_attribute 24, 1
   8              		.eabi_attribute 25, 1
   9              		.eabi_attribute 26, 1
  10              		.eabi_attribute 30, 2
  11              		.eabi_attribute 34, 1
  12              		.eabi_attribute 18, 4
  13              		.thumb
  14              		.syntax unified
  15              		.file	"chmsg.c"
  16              		.text
  17              	.Ltext0:
  18              		.cfi_sections	.debug_frame
  19              		.section	.text.chMsgSend,"ax",%progbits
  20              		.align	2
  21              		.p2align 4,,15
  22              		.global	chMsgSend
  23              		.thumb
  24              		.thumb_func
  25              		.type	chMsgSend, %function
  26              	chMsgSend:
  27              	.LFB7:
  28              		.file 1 "../ChibiOS/os/kernel/src/chmsg.c"
  29              		.loc 1 75 0
  30              		.cfi_startproc
  31              		@ args = 0, pretend = 0, frame = 0
  32              		@ frame_needed = 0, uses_anonymous_args = 0
  33              	.LVL0:
  34 0000 38B5     		push	{r3, r4, r5, lr}
  35              		.cfi_def_cfa_offset 16
  36              		.cfi_offset 3, -16
  37              		.cfi_offset 4, -12
  38              		.cfi_offset 5, -8
  39              		.cfi_offset 14, -4
  40              		.loc 1 76 0
  41 0002 0E4B     		ldr	r3, .L6
  42 0004 9C69     		ldr	r4, [r3, #24]
  43              	.LVL1:
  44              	.LBB10:
  45              		.loc 1 80 0
  46 0006 2023     		movs	r3, #32
  47              		.syntax unified
  48              	@ 80 "../ChibiOS/os/kernel/src/chmsg.c" 1
  49 0008 83F31188 		msr     BASEPRI, r3
  50              	@ 0 "" 2
  51              		.thumb
  52              		.syntax unified
  53              	.LBE10:
  54              		.loc 1 82 0
  55 000c 00F12C05 		add	r5, r0, #44
  56 0010 6562     		str	r5, [r4, #36]
  57              	.LVL2:
ARM GAS  /var/folders/6q/x_mk5n_j3p7_c40r_2k_78980000gn/T//cc94kRik.s 			page 2


  58              	.LBB11:
  59              	.LBB12:
  60              		.file 2 "../ChibiOS/os/kernel/include/chinline.h"
  61              		.loc 2 55 0
  62 0012 036B     		ldr	r3, [r0, #48]
  63              	.LBE12:
  64              	.LBE11:
  65              		.loc 1 81 0
  66 0014 6163     		str	r1, [r4, #52]
  67              	.LBB14:
  68              	.LBB13:
  69              		.loc 2 54 0
  70 0016 2560     		str	r5, [r4]
  71              		.loc 2 55 0
  72 0018 6360     		str	r3, [r4, #4]
  73              		.loc 2 56 0
  74 001a 0463     		str	r4, [r0, #48]
  75 001c 1C60     		str	r4, [r3]
  76              	.LVL3:
  77              	.LBE13:
  78              	.LBE14:
  79              		.loc 1 84 0
  80 001e 037F     		ldrb	r3, [r0, #28]	@ zero_extendqisi2
  81 0020 0C2B     		cmp	r3, #12
  82 0022 07D0     		beq	.L5
  83              	.LVL4:
  84              	.L2:
  85              		.loc 1 86 0
  86 0024 0A20     		movs	r0, #10
  87 0026 FFF7FEFF 		bl	chSchGoSleepS
  88              	.LVL5:
  89              		.loc 1 87 0
  90 002a 606A     		ldr	r0, [r4, #36]
  91              	.LVL6:
  92              	.LBB15:
  93              		.loc 1 88 0
  94 002c 0023     		movs	r3, #0
  95              		.syntax unified
  96              	@ 88 "../ChibiOS/os/kernel/src/chmsg.c" 1
  97 002e 83F31188 		msr     BASEPRI, r3
  98              	@ 0 "" 2
  99              		.thumb
 100              		.syntax unified
 101              	.LBE15:
 102              		.loc 1 90 0
 103 0032 38BD     		pop	{r3, r4, r5, pc}
 104              	.LVL7:
 105              	.L5:
 106              		.loc 1 85 0
 107 0034 FFF7FEFF 		bl	chSchReadyI
 108              	.LVL8:
 109 0038 F4E7     		b	.L2
 110              	.L7:
 111 003a 00BF     		.align	2
 112              	.L6:
 113 003c 00000000 		.word	rlist
 114              		.cfi_endproc
ARM GAS  /var/folders/6q/x_mk5n_j3p7_c40r_2k_78980000gn/T//cc94kRik.s 			page 3


 115              	.LFE7:
 116              		.size	chMsgSend, .-chMsgSend
 117              		.section	.text.chMsgWait,"ax",%progbits
 118              		.align	2
 119              		.p2align 4,,15
 120              		.global	chMsgWait
 121              		.thumb
 122              		.thumb_func
 123              		.type	chMsgWait, %function
 124              	chMsgWait:
 125              	.LFB8:
 126              		.loc 1 106 0
 127              		.cfi_startproc
 128              		@ args = 0, pretend = 0, frame = 0
 129              		@ frame_needed = 0, uses_anonymous_args = 0
 130 0000 10B5     		push	{r4, lr}
 131              		.cfi_def_cfa_offset 8
 132              		.cfi_offset 4, -8
 133              		.cfi_offset 14, -4
 134              	.LBB16:
 135              		.loc 1 109 0
 136 0002 2023     		movs	r3, #32
 137              		.syntax unified
 138              	@ 109 "../ChibiOS/os/kernel/src/chmsg.c" 1
 139 0004 83F31188 		msr     BASEPRI, r3
 140              	@ 0 "" 2
 141              		.thumb
 142              		.syntax unified
 143              	.LBE16:
 144              		.loc 1 110 0
 145 0008 0B4C     		ldr	r4, .L12
 146 000a A369     		ldr	r3, [r4, #24]
 147 000c 1A46     		mov	r2, r3
 148 000e 52F82C0F 		ldr	r0, [r2, #44]!
 149 0012 9042     		cmp	r0, r2
 150 0014 08D0     		beq	.L11
 151              	.L9:
 152              	.LVL9:
 153              	.LBB17:
 154              	.LBB18:
 155              		.loc 2 62 0
 156 0016 0168     		ldr	r1, [r0]
 157              	.LBE18:
 158              	.LBE17:
 159              		.loc 1 113 0
 160 0018 0B24     		movs	r4, #11
 161              	.LBB20:
 162              	.LBB19:
 163              		.loc 2 62 0
 164 001a D962     		str	r1, [r3, #44]
 165              	.LVL10:
 166 001c 4A60     		str	r2, [r1, #4]
 167              	.LVL11:
 168              	.LBE19:
 169              	.LBE20:
 170              	.LBB21:
 171              		.loc 1 114 0
ARM GAS  /var/folders/6q/x_mk5n_j3p7_c40r_2k_78980000gn/T//cc94kRik.s 			page 4


 172 001e 0023     		movs	r3, #0
 173              	.LBE21:
 174              		.loc 1 113 0
 175 0020 0477     		strb	r4, [r0, #28]
 176              	.LBB22:
 177              		.loc 1 114 0
 178              		.syntax unified
 179              	@ 114 "../ChibiOS/os/kernel/src/chmsg.c" 1
 180 0022 83F31188 		msr     BASEPRI, r3
 181              	@ 0 "" 2
 182              		.thumb
 183              		.syntax unified
 184              	.LBE22:
 185              		.loc 1 116 0
 186 0026 10BD     		pop	{r4, pc}
 187              	.L11:
 188              		.loc 1 111 0
 189 0028 0C20     		movs	r0, #12
 190 002a FFF7FEFF 		bl	chSchGoSleepS
 191              	.LVL12:
 192 002e A369     		ldr	r3, [r4, #24]
 193 0030 D86A     		ldr	r0, [r3, #44]
 194 0032 03F12C02 		add	r2, r3, #44
 195 0036 EEE7     		b	.L9
 196              	.L13:
 197              		.align	2
 198              	.L12:
 199 0038 00000000 		.word	rlist
 200              		.cfi_endproc
 201              	.LFE8:
 202              		.size	chMsgWait, .-chMsgWait
 203              		.section	.text.chMsgRelease,"ax",%progbits
 204              		.align	2
 205              		.p2align 4,,15
 206              		.global	chMsgRelease
 207              		.thumb
 208              		.thumb_func
 209              		.type	chMsgRelease, %function
 210              	chMsgRelease:
 211              	.LFB9:
 212              		.loc 1 128 0
 213              		.cfi_startproc
 214              		@ args = 0, pretend = 0, frame = 0
 215              		@ frame_needed = 0, uses_anonymous_args = 0
 216              	.LVL13:
 217 0000 08B5     		push	{r3, lr}
 218              		.cfi_def_cfa_offset 8
 219              		.cfi_offset 3, -8
 220              		.cfi_offset 14, -4
 221              	.LBB23:
 222              		.loc 1 130 0
 223 0002 2023     		movs	r3, #32
 224              		.syntax unified
 225              	@ 130 "../ChibiOS/os/kernel/src/chmsg.c" 1
 226 0004 83F31188 		msr     BASEPRI, r3
 227              	@ 0 "" 2
 228              		.thumb
ARM GAS  /var/folders/6q/x_mk5n_j3p7_c40r_2k_78980000gn/T//cc94kRik.s 			page 5


 229              		.syntax unified
 230              	.LBE23:
 231              		.loc 1 133 0
 232 0008 FFF7FEFF 		bl	chSchWakeupS
 233              	.LVL14:
 234              	.LBB24:
 235              		.loc 1 134 0
 236 000c 0023     		movs	r3, #0
 237              		.syntax unified
 238              	@ 134 "../ChibiOS/os/kernel/src/chmsg.c" 1
 239 000e 83F31188 		msr     BASEPRI, r3
 240              	@ 0 "" 2
 241              		.thumb
 242              		.syntax unified
 243 0012 08BD     		pop	{r3, pc}
 244              	.LBE24:
 245              		.cfi_endproc
 246              	.LFE9:
 247              		.size	chMsgRelease, .-chMsgRelease
 248              		.text
 249              	.Letext0:
 250              		.file 3 "/Users/Luca/src/vexilla/src/gcc-arm-none-eabi-5_4-2016q3/arm-none-eabi/include/machine/_d
 251              		.file 4 "/Users/Luca/src/vexilla/src/gcc-arm-none-eabi-5_4-2016q3/arm-none-eabi/include/sys/_stdin
 252              		.file 5 "../ChibiOS/os/ports/GCC/ARMCMx/chtypes.h"
 253              		.file 6 "../ChibiOS/os/kernel/include/chlists.h"
 254              		.file 7 "../ChibiOS/os/kernel/include/chthreads.h"
 255              		.file 8 "../ChibiOS/os/ports/GCC/ARMCMx/chcore_v7m.h"
 256              		.file 9 "../ChibiOS/os/kernel/include/chschd.h"
 257              		.file 10 "../ChibiOS/os/kernel/include/chmtx.h"
 258              		.section	.debug_info,"",%progbits
 259              	.Ldebug_info0:
 260 0000 4B060000 		.4byte	0x64b
 261 0004 0400     		.2byte	0x4
 262 0006 00000000 		.4byte	.Ldebug_abbrev0
 263 000a 04       		.byte	0x4
 264 000b 01       		.uleb128 0x1
 265 000c D6000000 		.4byte	.LASF72
 266 0010 0C       		.byte	0xc
 267 0011 14020000 		.4byte	.LASF73
 268 0015 27030000 		.4byte	.LASF74
 269 0019 48000000 		.4byte	.Ldebug_ranges0+0x48
 270 001d 00000000 		.4byte	0
 271 0021 00000000 		.4byte	.Ldebug_line0
 272 0025 02       		.uleb128 0x2
 273 0026 04       		.byte	0x4
 274 0027 05       		.byte	0x5
 275 0028 696E7400 		.ascii	"int\000"
 276 002c 03       		.uleb128 0x3
 277 002d 04       		.byte	0x4
 278 002e 07       		.byte	0x7
 279 002f B7000000 		.4byte	.LASF0
 280 0033 03       		.uleb128 0x3
 281 0034 08       		.byte	0x8
 282 0035 05       		.byte	0x5
 283 0036 4B000000 		.4byte	.LASF1
 284 003a 03       		.uleb128 0x3
 285 003b 08       		.byte	0x8
ARM GAS  /var/folders/6q/x_mk5n_j3p7_c40r_2k_78980000gn/T//cc94kRik.s 			page 6


 286 003c 04       		.byte	0x4
 287 003d 08020000 		.4byte	.LASF2
 288 0041 03       		.uleb128 0x3
 289 0042 01       		.byte	0x1
 290 0043 06       		.byte	0x6
 291 0044 59000000 		.4byte	.LASF3
 292 0048 04       		.uleb128 0x4
 293 0049 1A000000 		.4byte	.LASF7
 294 004d 03       		.byte	0x3
 295 004e 1D       		.byte	0x1d
 296 004f 53000000 		.4byte	0x53
 297 0053 03       		.uleb128 0x3
 298 0054 01       		.byte	0x1
 299 0055 08       		.byte	0x8
 300 0056 87020000 		.4byte	.LASF4
 301 005a 03       		.uleb128 0x3
 302 005b 02       		.byte	0x2
 303 005c 05       		.byte	0x5
 304 005d 9F020000 		.4byte	.LASF5
 305 0061 03       		.uleb128 0x3
 306 0062 02       		.byte	0x2
 307 0063 07       		.byte	0x7
 308 0064 B8010000 		.4byte	.LASF6
 309 0068 04       		.uleb128 0x4
 310 0069 65030000 		.4byte	.LASF8
 311 006d 03       		.byte	0x3
 312 006e 3F       		.byte	0x3f
 313 006f 73000000 		.4byte	0x73
 314 0073 03       		.uleb128 0x3
 315 0074 04       		.byte	0x4
 316 0075 05       		.byte	0x5
 317 0076 7F000000 		.4byte	.LASF9
 318 007a 04       		.uleb128 0x4
 319 007b A3000000 		.4byte	.LASF10
 320 007f 03       		.byte	0x3
 321 0080 41       		.byte	0x41
 322 0081 85000000 		.4byte	0x85
 323 0085 03       		.uleb128 0x3
 324 0086 04       		.byte	0x4
 325 0087 07       		.byte	0x7
 326 0088 C4000000 		.4byte	.LASF11
 327 008c 03       		.uleb128 0x3
 328 008d 08       		.byte	0x8
 329 008e 07       		.byte	0x7
 330 008f 24000000 		.4byte	.LASF12
 331 0093 04       		.uleb128 0x4
 332 0094 B6030000 		.4byte	.LASF13
 333 0098 04       		.byte	0x4
 334 0099 18       		.byte	0x18
 335 009a 48000000 		.4byte	0x48
 336 009e 04       		.uleb128 0x4
 337 009f 7F020000 		.4byte	.LASF14
 338 00a3 04       		.byte	0x4
 339 00a4 2C       		.byte	0x2c
 340 00a5 68000000 		.4byte	0x68
 341 00a9 04       		.uleb128 0x4
 342 00aa 05030000 		.4byte	.LASF15
ARM GAS  /var/folders/6q/x_mk5n_j3p7_c40r_2k_78980000gn/T//cc94kRik.s 			page 7


 343 00ae 04       		.byte	0x4
 344 00af 30       		.byte	0x30
 345 00b0 7A000000 		.4byte	0x7a
 346 00b4 03       		.uleb128 0x3
 347 00b5 01       		.byte	0x1
 348 00b6 02       		.byte	0x2
 349 00b7 79020000 		.4byte	.LASF16
 350 00bb 04       		.uleb128 0x4
 351 00bc D9010000 		.4byte	.LASF17
 352 00c0 05       		.byte	0x5
 353 00c1 2C       		.byte	0x2c
 354 00c2 93000000 		.4byte	0x93
 355 00c6 04       		.uleb128 0x4
 356 00c7 92000000 		.4byte	.LASF18
 357 00cb 05       		.byte	0x5
 358 00cc 2D       		.byte	0x2d
 359 00cd 93000000 		.4byte	0x93
 360 00d1 04       		.uleb128 0x4
 361 00d2 62020000 		.4byte	.LASF19
 362 00d6 05       		.byte	0x5
 363 00d7 2E       		.byte	0x2e
 364 00d8 93000000 		.4byte	0x93
 365 00dc 04       		.uleb128 0x4
 366 00dd 75000000 		.4byte	.LASF20
 367 00e1 05       		.byte	0x5
 368 00e2 2F       		.byte	0x2f
 369 00e3 93000000 		.4byte	0x93
 370 00e7 04       		.uleb128 0x4
 371 00e8 71020000 		.4byte	.LASF21
 372 00ec 05       		.byte	0x5
 373 00ed 30       		.byte	0x30
 374 00ee A9000000 		.4byte	0xa9
 375 00f2 04       		.uleb128 0x4
 376 00f3 CB010000 		.4byte	.LASF22
 377 00f7 05       		.byte	0x5
 378 00f8 31       		.byte	0x31
 379 00f9 9E000000 		.4byte	0x9e
 380 00fd 04       		.uleb128 0x4
 381 00fe ED010000 		.4byte	.LASF23
 382 0102 05       		.byte	0x5
 383 0103 33       		.byte	0x33
 384 0104 A9000000 		.4byte	0xa9
 385 0108 04       		.uleb128 0x4
 386 0109 50030000 		.4byte	.LASF24
 387 010d 05       		.byte	0x5
 388 010e 35       		.byte	0x35
 389 010f A9000000 		.4byte	0xa9
 390 0113 04       		.uleb128 0x4
 391 0114 D8020000 		.4byte	.LASF25
 392 0118 06       		.byte	0x6
 393 0119 2A       		.byte	0x2a
 394 011a 1E010000 		.4byte	0x11e
 395 011e 05       		.uleb128 0x5
 396 011f D8020000 		.4byte	.LASF25
 397 0123 48       		.byte	0x48
 398 0124 07       		.byte	0x7
 399 0125 5E       		.byte	0x5e
ARM GAS  /var/folders/6q/x_mk5n_j3p7_c40r_2k_78980000gn/T//cc94kRik.s 			page 8


 400 0126 1B020000 		.4byte	0x21b
 401 012a 06       		.uleb128 0x6
 402 012b C9020000 		.4byte	.LASF26
 403 012f 07       		.byte	0x7
 404 0130 5F       		.byte	0x5f
 405 0131 3C020000 		.4byte	0x23c
 406 0135 00       		.byte	0
 407 0136 06       		.uleb128 0x6
 408 0137 6A020000 		.4byte	.LASF27
 409 013b 07       		.byte	0x7
 410 013c 61       		.byte	0x61
 411 013d 3C020000 		.4byte	0x23c
 412 0141 04       		.byte	0x4
 413 0142 06       		.uleb128 0x6
 414 0143 44000000 		.4byte	.LASF28
 415 0147 07       		.byte	0x7
 416 0148 63       		.byte	0x63
 417 0149 E7000000 		.4byte	0xe7
 418 014d 08       		.byte	0x8
 419 014e 06       		.uleb128 0x6
 420 014f D4030000 		.4byte	.LASF29
 421 0153 07       		.byte	0x7
 422 0154 64       		.byte	0x64
 423 0155 F6020000 		.4byte	0x2f6
 424 0159 0C       		.byte	0xc
 425 015a 06       		.uleb128 0x6
 426 015b 9B000000 		.4byte	.LASF30
 427 015f 07       		.byte	0x7
 428 0160 66       		.byte	0x66
 429 0161 3C020000 		.4byte	0x23c
 430 0165 10       		.byte	0x10
 431 0166 06       		.uleb128 0x6
 432 0167 35020000 		.4byte	.LASF31
 433 016b 07       		.byte	0x7
 434 016c 67       		.byte	0x67
 435 016d 3C020000 		.4byte	0x23c
 436 0171 14       		.byte	0x14
 437 0172 06       		.uleb128 0x6
 438 0173 C5030000 		.4byte	.LASF32
 439 0177 07       		.byte	0x7
 440 0178 6E       		.byte	0x6e
 441 0179 F6030000 		.4byte	0x3f6
 442 017d 18       		.byte	0x18
 443 017e 06       		.uleb128 0x6
 444 017f A9020000 		.4byte	.LASF33
 445 0183 07       		.byte	0x7
 446 0184 79       		.byte	0x79
 447 0185 C6000000 		.4byte	0xc6
 448 0189 1C       		.byte	0x1c
 449 018a 06       		.uleb128 0x6
 450 018b D0020000 		.4byte	.LASF34
 451 018f 07       		.byte	0x7
 452 0190 7D       		.byte	0x7d
 453 0191 BB000000 		.4byte	0xbb
 454 0195 1D       		.byte	0x1d
 455 0196 06       		.uleb128 0x6
 456 0197 9F030000 		.4byte	.LASF35
ARM GAS  /var/folders/6q/x_mk5n_j3p7_c40r_2k_78980000gn/T//cc94kRik.s 			page 9


 457 019b 07       		.byte	0x7
 458 019c 82       		.byte	0x82
 459 019d D1000000 		.4byte	0xd1
 460 01a1 1E       		.byte	0x1e
 461 01a2 06       		.uleb128 0x6
 462 01a3 B1020000 		.4byte	.LASF36
 463 01a7 07       		.byte	0x7
 464 01a8 88       		.byte	0x88
 465 01a9 DC000000 		.4byte	0xdc
 466 01ad 1F       		.byte	0x1f
 467 01ae 06       		.uleb128 0x6
 468 01af 6F030000 		.4byte	.LASF37
 469 01b3 07       		.byte	0x7
 470 01b4 8F       		.byte	0x8f
 471 01b5 1E030000 		.4byte	0x31e
 472 01b9 20       		.byte	0x20
 473 01ba 07       		.uleb128 0x7
 474 01bb 705F7500 		.ascii	"p_u\000"
 475 01bf 07       		.byte	0x7
 476 01c0 B4       		.byte	0xb4
 477 01c1 C1030000 		.4byte	0x3c1
 478 01c5 24       		.byte	0x24
 479 01c6 06       		.uleb128 0x6
 480 01c7 DA030000 		.4byte	.LASF38
 481 01cb 07       		.byte	0x7
 482 01cc B9       		.byte	0xb9
 483 01cd 62020000 		.4byte	0x262
 484 01d1 28       		.byte	0x28
 485 01d2 06       		.uleb128 0x6
 486 01d3 7D030000 		.4byte	.LASF39
 487 01d7 07       		.byte	0x7
 488 01d8 BF       		.byte	0xbf
 489 01d9 42020000 		.4byte	0x242
 490 01dd 2C       		.byte	0x2c
 491 01de 06       		.uleb128 0x6
 492 01df 00000000 		.4byte	.LASF40
 493 01e3 07       		.byte	0x7
 494 01e4 C3       		.byte	0xc3
 495 01e5 F2000000 		.4byte	0xf2
 496 01e9 34       		.byte	0x34
 497 01ea 06       		.uleb128 0x6
 498 01eb FA020000 		.4byte	.LASF41
 499 01ef 07       		.byte	0x7
 500 01f0 C9       		.byte	0xc9
 501 01f1 FD000000 		.4byte	0xfd
 502 01f5 38       		.byte	0x38
 503 01f6 06       		.uleb128 0x6
 504 01f7 95020000 		.4byte	.LASF42
 505 01fb 07       		.byte	0x7
 506 01fc D0       		.byte	0xd0
 507 01fd 08040000 		.4byte	0x408
 508 0201 3C       		.byte	0x3c
 509 0202 06       		.uleb128 0x6
 510 0203 5A030000 		.4byte	.LASF43
 511 0207 07       		.byte	0x7
 512 0208 D4       		.byte	0xd4
 513 0209 E7000000 		.4byte	0xe7
ARM GAS  /var/folders/6q/x_mk5n_j3p7_c40r_2k_78980000gn/T//cc94kRik.s 			page 10


 514 020d 40       		.byte	0x40
 515 020e 06       		.uleb128 0x6
 516 020f 65000000 		.4byte	.LASF44
 517 0213 07       		.byte	0x7
 518 0214 DA       		.byte	0xda
 519 0215 78020000 		.4byte	0x278
 520 0219 44       		.byte	0x44
 521 021a 00       		.byte	0
 522 021b 08       		.uleb128 0x8
 523 021c 08       		.byte	0x8
 524 021d 06       		.byte	0x6
 525 021e 61       		.byte	0x61
 526 021f 3C020000 		.4byte	0x23c
 527 0223 06       		.uleb128 0x6
 528 0224 C9020000 		.4byte	.LASF26
 529 0228 06       		.byte	0x6
 530 0229 62       		.byte	0x62
 531 022a 3C020000 		.4byte	0x23c
 532 022e 00       		.byte	0
 533 022f 06       		.uleb128 0x6
 534 0230 6A020000 		.4byte	.LASF27
 535 0234 06       		.byte	0x6
 536 0235 64       		.byte	0x64
 537 0236 3C020000 		.4byte	0x23c
 538 023a 04       		.byte	0x4
 539 023b 00       		.byte	0
 540 023c 09       		.uleb128 0x9
 541 023d 04       		.byte	0x4
 542 023e 13010000 		.4byte	0x113
 543 0242 04       		.uleb128 0x4
 544 0243 43020000 		.4byte	.LASF45
 545 0247 06       		.byte	0x6
 546 0248 66       		.byte	0x66
 547 0249 1B020000 		.4byte	0x21b
 548 024d 08       		.uleb128 0x8
 549 024e 04       		.byte	0x4
 550 024f 06       		.byte	0x6
 551 0250 6B       		.byte	0x6b
 552 0251 62020000 		.4byte	0x262
 553 0255 06       		.uleb128 0x6
 554 0256 C9020000 		.4byte	.LASF26
 555 025a 06       		.byte	0x6
 556 025b 6D       		.byte	0x6d
 557 025c 3C020000 		.4byte	0x23c
 558 0260 00       		.byte	0
 559 0261 00       		.byte	0
 560 0262 04       		.uleb128 0x4
 561 0263 E1010000 		.4byte	.LASF46
 562 0267 06       		.byte	0x6
 563 0268 70       		.byte	0x70
 564 0269 4D020000 		.4byte	0x24d
 565 026d 04       		.uleb128 0x4
 566 026e AE000000 		.4byte	.LASF47
 567 0272 08       		.byte	0x8
 568 0273 E5       		.byte	0xe5
 569 0274 78020000 		.4byte	0x278
 570 0278 0A       		.uleb128 0xa
ARM GAS  /var/folders/6q/x_mk5n_j3p7_c40r_2k_78980000gn/T//cc94kRik.s 			page 11


 571 0279 04       		.byte	0x4
 572 027a 0B       		.uleb128 0xb
 573 027b 76030000 		.4byte	.LASF48
 574 027f 24       		.byte	0x24
 575 0280 08       		.byte	0x8
 576 0281 0C01     		.2byte	0x10c
 577 0283 F6020000 		.4byte	0x2f6
 578 0287 0C       		.uleb128 0xc
 579 0288 723400   		.ascii	"r4\000"
 580 028b 08       		.byte	0x8
 581 028c 1F01     		.2byte	0x11f
 582 028e 6D020000 		.4byte	0x26d
 583 0292 00       		.byte	0
 584 0293 0C       		.uleb128 0xc
 585 0294 723500   		.ascii	"r5\000"
 586 0297 08       		.byte	0x8
 587 0298 2001     		.2byte	0x120
 588 029a 6D020000 		.4byte	0x26d
 589 029e 04       		.byte	0x4
 590 029f 0C       		.uleb128 0xc
 591 02a0 723600   		.ascii	"r6\000"
 592 02a3 08       		.byte	0x8
 593 02a4 2101     		.2byte	0x121
 594 02a6 6D020000 		.4byte	0x26d
 595 02aa 08       		.byte	0x8
 596 02ab 0C       		.uleb128 0xc
 597 02ac 723700   		.ascii	"r7\000"
 598 02af 08       		.byte	0x8
 599 02b0 2201     		.2byte	0x122
 600 02b2 6D020000 		.4byte	0x26d
 601 02b6 0C       		.byte	0xc
 602 02b7 0C       		.uleb128 0xc
 603 02b8 723800   		.ascii	"r8\000"
 604 02bb 08       		.byte	0x8
 605 02bc 2301     		.2byte	0x123
 606 02be 6D020000 		.4byte	0x26d
 607 02c2 10       		.byte	0x10
 608 02c3 0C       		.uleb128 0xc
 609 02c4 723900   		.ascii	"r9\000"
 610 02c7 08       		.byte	0x8
 611 02c8 2401     		.2byte	0x124
 612 02ca 6D020000 		.4byte	0x26d
 613 02ce 14       		.byte	0x14
 614 02cf 0C       		.uleb128 0xc
 615 02d0 72313000 		.ascii	"r10\000"
 616 02d4 08       		.byte	0x8
 617 02d5 2501     		.2byte	0x125
 618 02d7 6D020000 		.4byte	0x26d
 619 02db 18       		.byte	0x18
 620 02dc 0C       		.uleb128 0xc
 621 02dd 72313100 		.ascii	"r11\000"
 622 02e1 08       		.byte	0x8
 623 02e2 2601     		.2byte	0x126
 624 02e4 6D020000 		.4byte	0x26d
 625 02e8 1C       		.byte	0x1c
 626 02e9 0C       		.uleb128 0xc
 627 02ea 6C7200   		.ascii	"lr\000"
ARM GAS  /var/folders/6q/x_mk5n_j3p7_c40r_2k_78980000gn/T//cc94kRik.s 			page 12


 628 02ed 08       		.byte	0x8
 629 02ee 2701     		.2byte	0x127
 630 02f0 6D020000 		.4byte	0x26d
 631 02f4 20       		.byte	0x20
 632 02f5 00       		.byte	0
 633 02f6 0B       		.uleb128 0xb
 634 02f7 B0010000 		.4byte	.LASF49
 635 02fb 04       		.byte	0x4
 636 02fc 08       		.byte	0x8
 637 02fd 3101     		.2byte	0x131
 638 02ff 11030000 		.4byte	0x311
 639 0303 0C       		.uleb128 0xc
 640 0304 72313300 		.ascii	"r13\000"
 641 0308 08       		.byte	0x8
 642 0309 3201     		.2byte	0x132
 643 030b 11030000 		.4byte	0x311
 644 030f 00       		.byte	0
 645 0310 00       		.byte	0
 646 0311 09       		.uleb128 0x9
 647 0312 04       		.byte	0x4
 648 0313 7A020000 		.4byte	0x27a
 649 0317 03       		.uleb128 0x3
 650 0318 04       		.byte	0x4
 651 0319 07       		.byte	0x7
 652 031a FF010000 		.4byte	.LASF50
 653 031e 0D       		.uleb128 0xd
 654 031f 08010000 		.4byte	0x108
 655 0323 08       		.uleb128 0x8
 656 0324 1C       		.byte	0x1c
 657 0325 09       		.byte	0x9
 658 0326 5E       		.byte	0x5e
 659 0327 74030000 		.4byte	0x374
 660 032b 06       		.uleb128 0x6
 661 032c 0E030000 		.4byte	.LASF51
 662 0330 09       		.byte	0x9
 663 0331 5F       		.byte	0x5f
 664 0332 42020000 		.4byte	0x242
 665 0336 00       		.byte	0
 666 0337 06       		.uleb128 0x6
 667 0338 BB020000 		.4byte	.LASF52
 668 033c 09       		.byte	0x9
 669 033d 60       		.byte	0x60
 670 033e E7000000 		.4byte	0xe7
 671 0342 08       		.byte	0x8
 672 0343 06       		.uleb128 0x6
 673 0344 3D020000 		.4byte	.LASF53
 674 0348 09       		.byte	0x9
 675 0349 62       		.byte	0x62
 676 034a F6020000 		.4byte	0x2f6
 677 034e 0C       		.byte	0xc
 678 034f 06       		.uleb128 0x6
 679 0350 D1010000 		.4byte	.LASF54
 680 0354 09       		.byte	0x9
 681 0355 65       		.byte	0x65
 682 0356 3C020000 		.4byte	0x23c
 683 035a 10       		.byte	0x10
 684 035b 06       		.uleb128 0x6
ARM GAS  /var/folders/6q/x_mk5n_j3p7_c40r_2k_78980000gn/T//cc94kRik.s 			page 13


 685 035c 5A020000 		.4byte	.LASF55
 686 0360 09       		.byte	0x9
 687 0361 66       		.byte	0x66
 688 0362 3C020000 		.4byte	0x23c
 689 0366 14       		.byte	0x14
 690 0367 06       		.uleb128 0x6
 691 0368 50020000 		.4byte	.LASF56
 692 036c 09       		.byte	0x9
 693 036d 69       		.byte	0x69
 694 036e 3C020000 		.4byte	0x23c
 695 0372 18       		.byte	0x18
 696 0373 00       		.byte	0
 697 0374 04       		.uleb128 0x4
 698 0375 A6030000 		.4byte	.LASF57
 699 0379 09       		.byte	0x9
 700 037a 6B       		.byte	0x6b
 701 037b 23030000 		.4byte	0x323
 702 037f 05       		.uleb128 0x5
 703 0380 F9010000 		.4byte	.LASF58
 704 0384 10       		.byte	0x10
 705 0385 0A       		.byte	0xa
 706 0386 2C       		.byte	0x2c
 707 0387 B0030000 		.4byte	0x3b0
 708 038b 06       		.uleb128 0x6
 709 038c 6D000000 		.4byte	.LASF59
 710 0390 0A       		.byte	0xa
 711 0391 2D       		.byte	0x2d
 712 0392 42020000 		.4byte	0x242
 713 0396 00       		.byte	0
 714 0397 06       		.uleb128 0x6
 715 0398 CC030000 		.4byte	.LASF60
 716 039c 0A       		.byte	0xa
 717 039d 2F       		.byte	0x2f
 718 039e 3C020000 		.4byte	0x23c
 719 03a2 08       		.byte	0x8
 720 03a3 06       		.uleb128 0x6
 721 03a4 49030000 		.4byte	.LASF61
 722 03a8 0A       		.byte	0xa
 723 03a9 31       		.byte	0x31
 724 03aa B0030000 		.4byte	0x3b0
 725 03ae 0C       		.byte	0xc
 726 03af 00       		.byte	0
 727 03b0 09       		.uleb128 0x9
 728 03b1 04       		.byte	0x4
 729 03b2 7F030000 		.4byte	0x37f
 730 03b6 04       		.uleb128 0x4
 731 03b7 F9010000 		.4byte	.LASF58
 732 03bb 0A       		.byte	0xa
 733 03bc 33       		.byte	0x33
 734 03bd 7F030000 		.4byte	0x37f
 735 03c1 0E       		.uleb128 0xe
 736 03c2 04       		.byte	0x4
 737 03c3 07       		.byte	0x7
 738 03c4 96       		.byte	0x96
 739 03c5 F6030000 		.4byte	0x3f6
 740 03c9 0F       		.uleb128 0xf
 741 03ca 13000000 		.4byte	.LASF62
ARM GAS  /var/folders/6q/x_mk5n_j3p7_c40r_2k_78980000gn/T//cc94kRik.s 			page 14


 742 03ce 07       		.byte	0x7
 743 03cf 9D       		.byte	0x9d
 744 03d0 F2000000 		.4byte	0xf2
 745 03d4 0F       		.uleb128 0xf
 746 03d5 3B000000 		.4byte	.LASF63
 747 03d9 07       		.byte	0x7
 748 03da A4       		.byte	0xa4
 749 03db F2000000 		.4byte	0xf2
 750 03df 0F       		.uleb128 0xf
 751 03e0 BE030000 		.4byte	.LASF64
 752 03e4 07       		.byte	0x7
 753 03e5 AB       		.byte	0xab
 754 03e6 78020000 		.4byte	0x278
 755 03ea 0F       		.uleb128 0xf
 756 03eb C2020000 		.4byte	.LASF65
 757 03ef 07       		.byte	0x7
 758 03f0 B2       		.byte	0xb2
 759 03f1 FD000000 		.4byte	0xfd
 760 03f5 00       		.byte	0
 761 03f6 09       		.uleb128 0x9
 762 03f7 04       		.byte	0x4
 763 03f8 03040000 		.4byte	0x403
 764 03fc 03       		.uleb128 0x3
 765 03fd 01       		.byte	0x1
 766 03fe 08       		.byte	0x8
 767 03ff 22030000 		.4byte	.LASF66
 768 0403 10       		.uleb128 0x10
 769 0404 FC030000 		.4byte	0x3fc
 770 0408 09       		.uleb128 0x9
 771 0409 04       		.byte	0x4
 772 040a B6030000 		.4byte	0x3b6
 773 040e 11       		.uleb128 0x11
 774 040f 06000000 		.4byte	.LASF75
 775 0413 02       		.byte	0x2
 776 0414 34       		.byte	0x34
 777 0415 03       		.byte	0x3
 778 0416 30040000 		.4byte	0x430
 779 041a 12       		.uleb128 0x12
 780 041b 747000   		.ascii	"tp\000"
 781 041e 02       		.byte	0x2
 782 041f 34       		.byte	0x34
 783 0420 3C020000 		.4byte	0x23c
 784 0424 12       		.uleb128 0x12
 785 0425 74717000 		.ascii	"tqp\000"
 786 0429 02       		.byte	0x2
 787 042a 34       		.byte	0x34
 788 042b 30040000 		.4byte	0x430
 789 042f 00       		.byte	0
 790 0430 09       		.uleb128 0x9
 791 0431 04       		.byte	0x4
 792 0432 42020000 		.4byte	0x242
 793 0436 13       		.uleb128 0x13
 794 0437 E4030000 		.4byte	.LASF76
 795 043b 02       		.byte	0x2
 796 043c 3B       		.byte	0x3b
 797 043d 3C020000 		.4byte	0x23c
 798 0441 03       		.byte	0x3
ARM GAS  /var/folders/6q/x_mk5n_j3p7_c40r_2k_78980000gn/T//cc94kRik.s 			page 15


 799 0442 5C040000 		.4byte	0x45c
 800 0446 12       		.uleb128 0x12
 801 0447 74717000 		.ascii	"tqp\000"
 802 044b 02       		.byte	0x2
 803 044c 3B       		.byte	0x3b
 804 044d 30040000 		.4byte	0x430
 805 0451 14       		.uleb128 0x14
 806 0452 747000   		.ascii	"tp\000"
 807 0455 02       		.byte	0x2
 808 0456 3C       		.byte	0x3c
 809 0457 3C020000 		.4byte	0x23c
 810 045b 00       		.byte	0
 811 045c 15       		.uleb128 0x15
 812 045d 88000000 		.4byte	.LASF67
 813 0461 01       		.byte	0x1
 814 0462 4B       		.byte	0x4b
 815 0463 F2000000 		.4byte	0xf2
 816 0467 00000000 		.4byte	.LFB7
 817 046b 40000000 		.4byte	.LFE7-.LFB7
 818 046f 01       		.uleb128 0x1
 819 0470 9C       		.byte	0x9c
 820 0471 18050000 		.4byte	0x518
 821 0475 16       		.uleb128 0x16
 822 0476 747000   		.ascii	"tp\000"
 823 0479 01       		.byte	0x1
 824 047a 4B       		.byte	0x4b
 825 047b 3C020000 		.4byte	0x23c
 826 047f 00000000 		.4byte	.LLST0
 827 0483 16       		.uleb128 0x16
 828 0484 6D736700 		.ascii	"msg\000"
 829 0488 01       		.byte	0x1
 830 0489 4B       		.byte	0x4b
 831 048a F2000000 		.4byte	0xf2
 832 048e 38000000 		.4byte	.LLST1
 833 0492 17       		.uleb128 0x17
 834 0493 63747000 		.ascii	"ctp\000"
 835 0497 01       		.byte	0x1
 836 0498 4C       		.byte	0x4c
 837 0499 3C020000 		.4byte	0x23c
 838 049d 01       		.uleb128 0x1
 839 049e 54       		.byte	0x54
 840 049f 18       		.uleb128 0x18
 841 04a0 06000000 		.4byte	.LBB10
 842 04a4 06000000 		.4byte	.LBE10-.LBB10
 843 04a8 BA040000 		.4byte	0x4ba
 844 04ac 17       		.uleb128 0x17
 845 04ad 746D7000 		.ascii	"tmp\000"
 846 04b1 01       		.byte	0x1
 847 04b2 50       		.byte	0x50
 848 04b3 A9000000 		.4byte	0xa9
 849 04b7 01       		.uleb128 0x1
 850 04b8 53       		.byte	0x53
 851 04b9 00       		.byte	0
 852 04ba 19       		.uleb128 0x19
 853 04bb 0E040000 		.4byte	0x40e
 854 04bf 12000000 		.4byte	.LBB11
 855 04c3 00000000 		.4byte	.Ldebug_ranges0+0
ARM GAS  /var/folders/6q/x_mk5n_j3p7_c40r_2k_78980000gn/T//cc94kRik.s 			page 16


 856 04c7 01       		.byte	0x1
 857 04c8 53       		.byte	0x53
 858 04c9 E0040000 		.4byte	0x4e0
 859 04cd 1A       		.uleb128 0x1a
 860 04ce 24040000 		.4byte	0x424
 861 04d2 7D000000 		.4byte	.LLST2
 862 04d6 1A       		.uleb128 0x1a
 863 04d7 1A040000 		.4byte	0x41a
 864 04db 90000000 		.4byte	.LLST3
 865 04df 00       		.byte	0
 866 04e0 18       		.uleb128 0x18
 867 04e1 2C000000 		.4byte	.LBB15
 868 04e5 06000000 		.4byte	.LBE15-.LBB15
 869 04e9 FB040000 		.4byte	0x4fb
 870 04ed 17       		.uleb128 0x17
 871 04ee 746D7000 		.ascii	"tmp\000"
 872 04f2 01       		.byte	0x1
 873 04f3 58       		.byte	0x58
 874 04f4 A9000000 		.4byte	0xa9
 875 04f8 01       		.uleb128 0x1
 876 04f9 53       		.byte	0x53
 877 04fa 00       		.byte	0
 878 04fb 1B       		.uleb128 0x1b
 879 04fc 2A000000 		.4byte	.LVL5
 880 0500 2D060000 		.4byte	0x62d
 881 0504 0E050000 		.4byte	0x50e
 882 0508 1C       		.uleb128 0x1c
 883 0509 01       		.uleb128 0x1
 884 050a 50       		.byte	0x50
 885 050b 01       		.uleb128 0x1
 886 050c 3A       		.byte	0x3a
 887 050d 00       		.byte	0
 888 050e 1D       		.uleb128 0x1d
 889 050f 38000000 		.4byte	.LVL8
 890 0513 38060000 		.4byte	0x638
 891 0517 00       		.byte	0
 892 0518 15       		.uleb128 0x15
 893 0519 95030000 		.4byte	.LASF68
 894 051d 01       		.byte	0x1
 895 051e 6A       		.byte	0x6a
 896 051f 3C020000 		.4byte	0x23c
 897 0523 00000000 		.4byte	.LFB8
 898 0527 3C000000 		.4byte	.LFE8-.LFB8
 899 052b 01       		.uleb128 0x1
 900 052c 9C       		.byte	0x9c
 901 052d A1050000 		.4byte	0x5a1
 902 0531 14       		.uleb128 0x14
 903 0532 747000   		.ascii	"tp\000"
 904 0535 01       		.byte	0x1
 905 0536 6B       		.byte	0x6b
 906 0537 3C020000 		.4byte	0x23c
 907 053b 18       		.uleb128 0x18
 908 053c 02000000 		.4byte	.LBB16
 909 0540 06000000 		.4byte	.LBE16-.LBB16
 910 0544 56050000 		.4byte	0x556
 911 0548 17       		.uleb128 0x17
 912 0549 746D7000 		.ascii	"tmp\000"
ARM GAS  /var/folders/6q/x_mk5n_j3p7_c40r_2k_78980000gn/T//cc94kRik.s 			page 17


 913 054d 01       		.byte	0x1
 914 054e 6D       		.byte	0x6d
 915 054f A9000000 		.4byte	0xa9
 916 0553 01       		.uleb128 0x1
 917 0554 53       		.byte	0x53
 918 0555 00       		.byte	0
 919 0556 19       		.uleb128 0x19
 920 0557 36040000 		.4byte	0x436
 921 055b 16000000 		.4byte	.LBB17
 922 055f 18000000 		.4byte	.Ldebug_ranges0+0x18
 923 0563 01       		.byte	0x1
 924 0564 70       		.byte	0x70
 925 0565 7A050000 		.4byte	0x57a
 926 0569 1E       		.uleb128 0x1e
 927 056a 46040000 		.4byte	0x446
 928 056e 1F       		.uleb128 0x1f
 929 056f 18000000 		.4byte	.Ldebug_ranges0+0x18
 930 0573 20       		.uleb128 0x20
 931 0574 51040000 		.4byte	0x451
 932 0578 00       		.byte	0
 933 0579 00       		.byte	0
 934 057a 21       		.uleb128 0x21
 935 057b 30000000 		.4byte	.Ldebug_ranges0+0x30
 936 057f 91050000 		.4byte	0x591
 937 0583 17       		.uleb128 0x17
 938 0584 746D7000 		.ascii	"tmp\000"
 939 0588 01       		.byte	0x1
 940 0589 72       		.byte	0x72
 941 058a A9000000 		.4byte	0xa9
 942 058e 01       		.uleb128 0x1
 943 058f 53       		.byte	0x53
 944 0590 00       		.byte	0
 945 0591 22       		.uleb128 0x22
 946 0592 2E000000 		.4byte	.LVL12
 947 0596 2D060000 		.4byte	0x62d
 948 059a 1C       		.uleb128 0x1c
 949 059b 01       		.uleb128 0x1
 950 059c 50       		.byte	0x50
 951 059d 01       		.uleb128 0x1
 952 059e 3C       		.byte	0x3c
 953 059f 00       		.byte	0
 954 05a0 00       		.byte	0
 955 05a1 23       		.uleb128 0x23
 956 05a2 DF020000 		.4byte	.LASF77
 957 05a6 01       		.byte	0x1
 958 05a7 80       		.byte	0x80
 959 05a8 00000000 		.4byte	.LFB9
 960 05ac 14000000 		.4byte	.LFE9-.LFB9
 961 05b0 01       		.uleb128 0x1
 962 05b1 9C       		.byte	0x9c
 963 05b2 22060000 		.4byte	0x622
 964 05b6 16       		.uleb128 0x16
 965 05b7 747000   		.ascii	"tp\000"
 966 05ba 01       		.byte	0x1
 967 05bb 80       		.byte	0x80
 968 05bc 3C020000 		.4byte	0x23c
 969 05c0 A3000000 		.4byte	.LLST4
ARM GAS  /var/folders/6q/x_mk5n_j3p7_c40r_2k_78980000gn/T//cc94kRik.s 			page 18


 970 05c4 16       		.uleb128 0x16
 971 05c5 6D736700 		.ascii	"msg\000"
 972 05c9 01       		.byte	0x1
 973 05ca 80       		.byte	0x80
 974 05cb F2000000 		.4byte	0xf2
 975 05cf C4000000 		.4byte	.LLST5
 976 05d3 18       		.uleb128 0x18
 977 05d4 02000000 		.4byte	.LBB23
 978 05d8 06000000 		.4byte	.LBE23-.LBB23
 979 05dc EE050000 		.4byte	0x5ee
 980 05e0 17       		.uleb128 0x17
 981 05e1 746D7000 		.ascii	"tmp\000"
 982 05e5 01       		.byte	0x1
 983 05e6 82       		.byte	0x82
 984 05e7 A9000000 		.4byte	0xa9
 985 05eb 01       		.uleb128 0x1
 986 05ec 53       		.byte	0x53
 987 05ed 00       		.byte	0
 988 05ee 18       		.uleb128 0x18
 989 05ef 0C000000 		.4byte	.LBB24
 990 05f3 08000000 		.4byte	.LBE24-.LBB24
 991 05f7 09060000 		.4byte	0x609
 992 05fb 17       		.uleb128 0x17
 993 05fc 746D7000 		.ascii	"tmp\000"
 994 0600 01       		.byte	0x1
 995 0601 86       		.byte	0x86
 996 0602 A9000000 		.4byte	0xa9
 997 0606 01       		.uleb128 0x1
 998 0607 53       		.byte	0x53
 999 0608 00       		.byte	0
 1000 0609 22       		.uleb128 0x22
 1001 060a 0C000000 		.4byte	.LVL14
 1002 060e 43060000 		.4byte	0x643
 1003 0612 1C       		.uleb128 0x1c
 1004 0613 01       		.uleb128 0x1
 1005 0614 50       		.byte	0x50
 1006 0615 03       		.uleb128 0x3
 1007 0616 F3       		.byte	0xf3
 1008 0617 01       		.uleb128 0x1
 1009 0618 50       		.byte	0x50
 1010 0619 1C       		.uleb128 0x1c
 1011 061a 01       		.uleb128 0x1
 1012 061b 51       		.byte	0x51
 1013 061c 03       		.uleb128 0x3
 1014 061d F3       		.byte	0xf3
 1015 061e 01       		.uleb128 0x1
 1016 061f 51       		.byte	0x51
 1017 0620 00       		.byte	0
 1018 0621 00       		.byte	0
 1019 0622 24       		.uleb128 0x24
 1020 0623 B0030000 		.4byte	.LASF78
 1021 0627 09       		.byte	0x9
 1022 0628 6F       		.byte	0x6f
 1023 0629 74030000 		.4byte	0x374
 1024 062d 25       		.uleb128 0x25
 1025 062e EC020000 		.4byte	.LASF69
 1026 0632 EC020000 		.4byte	.LASF69
ARM GAS  /var/folders/6q/x_mk5n_j3p7_c40r_2k_78980000gn/T//cc94kRik.s 			page 19


 1027 0636 09       		.byte	0x9
 1028 0637 93       		.byte	0x93
 1029 0638 25       		.uleb128 0x25
 1030 0639 16030000 		.4byte	.LASF70
 1031 063d 16030000 		.4byte	.LASF70
 1032 0641 09       		.byte	0x9
 1033 0642 90       		.byte	0x90
 1034 0643 25       		.uleb128 0x25
 1035 0644 88030000 		.4byte	.LASF71
 1036 0648 88030000 		.4byte	.LASF71
 1037 064c 09       		.byte	0x9
 1038 064d 99       		.byte	0x99
 1039 064e 00       		.byte	0
 1040              		.section	.debug_abbrev,"",%progbits
 1041              	.Ldebug_abbrev0:
 1042 0000 01       		.uleb128 0x1
 1043 0001 11       		.uleb128 0x11
 1044 0002 01       		.byte	0x1
 1045 0003 25       		.uleb128 0x25
 1046 0004 0E       		.uleb128 0xe
 1047 0005 13       		.uleb128 0x13
 1048 0006 0B       		.uleb128 0xb
 1049 0007 03       		.uleb128 0x3
 1050 0008 0E       		.uleb128 0xe
 1051 0009 1B       		.uleb128 0x1b
 1052 000a 0E       		.uleb128 0xe
 1053 000b 55       		.uleb128 0x55
 1054 000c 17       		.uleb128 0x17
 1055 000d 11       		.uleb128 0x11
 1056 000e 01       		.uleb128 0x1
 1057 000f 10       		.uleb128 0x10
 1058 0010 17       		.uleb128 0x17
 1059 0011 00       		.byte	0
 1060 0012 00       		.byte	0
 1061 0013 02       		.uleb128 0x2
 1062 0014 24       		.uleb128 0x24
 1063 0015 00       		.byte	0
 1064 0016 0B       		.uleb128 0xb
 1065 0017 0B       		.uleb128 0xb
 1066 0018 3E       		.uleb128 0x3e
 1067 0019 0B       		.uleb128 0xb
 1068 001a 03       		.uleb128 0x3
 1069 001b 08       		.uleb128 0x8
 1070 001c 00       		.byte	0
 1071 001d 00       		.byte	0
 1072 001e 03       		.uleb128 0x3
 1073 001f 24       		.uleb128 0x24
 1074 0020 00       		.byte	0
 1075 0021 0B       		.uleb128 0xb
 1076 0022 0B       		.uleb128 0xb
 1077 0023 3E       		.uleb128 0x3e
 1078 0024 0B       		.uleb128 0xb
 1079 0025 03       		.uleb128 0x3
 1080 0026 0E       		.uleb128 0xe
 1081 0027 00       		.byte	0
 1082 0028 00       		.byte	0
 1083 0029 04       		.uleb128 0x4
ARM GAS  /var/folders/6q/x_mk5n_j3p7_c40r_2k_78980000gn/T//cc94kRik.s 			page 20


 1084 002a 16       		.uleb128 0x16
 1085 002b 00       		.byte	0
 1086 002c 03       		.uleb128 0x3
 1087 002d 0E       		.uleb128 0xe
 1088 002e 3A       		.uleb128 0x3a
 1089 002f 0B       		.uleb128 0xb
 1090 0030 3B       		.uleb128 0x3b
 1091 0031 0B       		.uleb128 0xb
 1092 0032 49       		.uleb128 0x49
 1093 0033 13       		.uleb128 0x13
 1094 0034 00       		.byte	0
 1095 0035 00       		.byte	0
 1096 0036 05       		.uleb128 0x5
 1097 0037 13       		.uleb128 0x13
 1098 0038 01       		.byte	0x1
 1099 0039 03       		.uleb128 0x3
 1100 003a 0E       		.uleb128 0xe
 1101 003b 0B       		.uleb128 0xb
 1102 003c 0B       		.uleb128 0xb
 1103 003d 3A       		.uleb128 0x3a
 1104 003e 0B       		.uleb128 0xb
 1105 003f 3B       		.uleb128 0x3b
 1106 0040 0B       		.uleb128 0xb
 1107 0041 01       		.uleb128 0x1
 1108 0042 13       		.uleb128 0x13
 1109 0043 00       		.byte	0
 1110 0044 00       		.byte	0
 1111 0045 06       		.uleb128 0x6
 1112 0046 0D       		.uleb128 0xd
 1113 0047 00       		.byte	0
 1114 0048 03       		.uleb128 0x3
 1115 0049 0E       		.uleb128 0xe
 1116 004a 3A       		.uleb128 0x3a
 1117 004b 0B       		.uleb128 0xb
 1118 004c 3B       		.uleb128 0x3b
 1119 004d 0B       		.uleb128 0xb
 1120 004e 49       		.uleb128 0x49
 1121 004f 13       		.uleb128 0x13
 1122 0050 38       		.uleb128 0x38
 1123 0051 0B       		.uleb128 0xb
 1124 0052 00       		.byte	0
 1125 0053 00       		.byte	0
 1126 0054 07       		.uleb128 0x7
 1127 0055 0D       		.uleb128 0xd
 1128 0056 00       		.byte	0
 1129 0057 03       		.uleb128 0x3
 1130 0058 08       		.uleb128 0x8
 1131 0059 3A       		.uleb128 0x3a
 1132 005a 0B       		.uleb128 0xb
 1133 005b 3B       		.uleb128 0x3b
 1134 005c 0B       		.uleb128 0xb
 1135 005d 49       		.uleb128 0x49
 1136 005e 13       		.uleb128 0x13
 1137 005f 38       		.uleb128 0x38
 1138 0060 0B       		.uleb128 0xb
 1139 0061 00       		.byte	0
 1140 0062 00       		.byte	0
ARM GAS  /var/folders/6q/x_mk5n_j3p7_c40r_2k_78980000gn/T//cc94kRik.s 			page 21


 1141 0063 08       		.uleb128 0x8
 1142 0064 13       		.uleb128 0x13
 1143 0065 01       		.byte	0x1
 1144 0066 0B       		.uleb128 0xb
 1145 0067 0B       		.uleb128 0xb
 1146 0068 3A       		.uleb128 0x3a
 1147 0069 0B       		.uleb128 0xb
 1148 006a 3B       		.uleb128 0x3b
 1149 006b 0B       		.uleb128 0xb
 1150 006c 01       		.uleb128 0x1
 1151 006d 13       		.uleb128 0x13
 1152 006e 00       		.byte	0
 1153 006f 00       		.byte	0
 1154 0070 09       		.uleb128 0x9
 1155 0071 0F       		.uleb128 0xf
 1156 0072 00       		.byte	0
 1157 0073 0B       		.uleb128 0xb
 1158 0074 0B       		.uleb128 0xb
 1159 0075 49       		.uleb128 0x49
 1160 0076 13       		.uleb128 0x13
 1161 0077 00       		.byte	0
 1162 0078 00       		.byte	0
 1163 0079 0A       		.uleb128 0xa
 1164 007a 0F       		.uleb128 0xf
 1165 007b 00       		.byte	0
 1166 007c 0B       		.uleb128 0xb
 1167 007d 0B       		.uleb128 0xb
 1168 007e 00       		.byte	0
 1169 007f 00       		.byte	0
 1170 0080 0B       		.uleb128 0xb
 1171 0081 13       		.uleb128 0x13
 1172 0082 01       		.byte	0x1
 1173 0083 03       		.uleb128 0x3
 1174 0084 0E       		.uleb128 0xe
 1175 0085 0B       		.uleb128 0xb
 1176 0086 0B       		.uleb128 0xb
 1177 0087 3A       		.uleb128 0x3a
 1178 0088 0B       		.uleb128 0xb
 1179 0089 3B       		.uleb128 0x3b
 1180 008a 05       		.uleb128 0x5
 1181 008b 01       		.uleb128 0x1
 1182 008c 13       		.uleb128 0x13
 1183 008d 00       		.byte	0
 1184 008e 00       		.byte	0
 1185 008f 0C       		.uleb128 0xc
 1186 0090 0D       		.uleb128 0xd
 1187 0091 00       		.byte	0
 1188 0092 03       		.uleb128 0x3
 1189 0093 08       		.uleb128 0x8
 1190 0094 3A       		.uleb128 0x3a
 1191 0095 0B       		.uleb128 0xb
 1192 0096 3B       		.uleb128 0x3b
 1193 0097 05       		.uleb128 0x5
 1194 0098 49       		.uleb128 0x49
 1195 0099 13       		.uleb128 0x13
 1196 009a 38       		.uleb128 0x38
 1197 009b 0B       		.uleb128 0xb
ARM GAS  /var/folders/6q/x_mk5n_j3p7_c40r_2k_78980000gn/T//cc94kRik.s 			page 22


 1198 009c 00       		.byte	0
 1199 009d 00       		.byte	0
 1200 009e 0D       		.uleb128 0xd
 1201 009f 35       		.uleb128 0x35
 1202 00a0 00       		.byte	0
 1203 00a1 49       		.uleb128 0x49
 1204 00a2 13       		.uleb128 0x13
 1205 00a3 00       		.byte	0
 1206 00a4 00       		.byte	0
 1207 00a5 0E       		.uleb128 0xe
 1208 00a6 17       		.uleb128 0x17
 1209 00a7 01       		.byte	0x1
 1210 00a8 0B       		.uleb128 0xb
 1211 00a9 0B       		.uleb128 0xb
 1212 00aa 3A       		.uleb128 0x3a
 1213 00ab 0B       		.uleb128 0xb
 1214 00ac 3B       		.uleb128 0x3b
 1215 00ad 0B       		.uleb128 0xb
 1216 00ae 01       		.uleb128 0x1
 1217 00af 13       		.uleb128 0x13
 1218 00b0 00       		.byte	0
 1219 00b1 00       		.byte	0
 1220 00b2 0F       		.uleb128 0xf
 1221 00b3 0D       		.uleb128 0xd
 1222 00b4 00       		.byte	0
 1223 00b5 03       		.uleb128 0x3
 1224 00b6 0E       		.uleb128 0xe
 1225 00b7 3A       		.uleb128 0x3a
 1226 00b8 0B       		.uleb128 0xb
 1227 00b9 3B       		.uleb128 0x3b
 1228 00ba 0B       		.uleb128 0xb
 1229 00bb 49       		.uleb128 0x49
 1230 00bc 13       		.uleb128 0x13
 1231 00bd 00       		.byte	0
 1232 00be 00       		.byte	0
 1233 00bf 10       		.uleb128 0x10
 1234 00c0 26       		.uleb128 0x26
 1235 00c1 00       		.byte	0
 1236 00c2 49       		.uleb128 0x49
 1237 00c3 13       		.uleb128 0x13
 1238 00c4 00       		.byte	0
 1239 00c5 00       		.byte	0
 1240 00c6 11       		.uleb128 0x11
 1241 00c7 2E       		.uleb128 0x2e
 1242 00c8 01       		.byte	0x1
 1243 00c9 03       		.uleb128 0x3
 1244 00ca 0E       		.uleb128 0xe
 1245 00cb 3A       		.uleb128 0x3a
 1246 00cc 0B       		.uleb128 0xb
 1247 00cd 3B       		.uleb128 0x3b
 1248 00ce 0B       		.uleb128 0xb
 1249 00cf 27       		.uleb128 0x27
 1250 00d0 19       		.uleb128 0x19
 1251 00d1 20       		.uleb128 0x20
 1252 00d2 0B       		.uleb128 0xb
 1253 00d3 01       		.uleb128 0x1
 1254 00d4 13       		.uleb128 0x13
ARM GAS  /var/folders/6q/x_mk5n_j3p7_c40r_2k_78980000gn/T//cc94kRik.s 			page 23


 1255 00d5 00       		.byte	0
 1256 00d6 00       		.byte	0
 1257 00d7 12       		.uleb128 0x12
 1258 00d8 05       		.uleb128 0x5
 1259 00d9 00       		.byte	0
 1260 00da 03       		.uleb128 0x3
 1261 00db 08       		.uleb128 0x8
 1262 00dc 3A       		.uleb128 0x3a
 1263 00dd 0B       		.uleb128 0xb
 1264 00de 3B       		.uleb128 0x3b
 1265 00df 0B       		.uleb128 0xb
 1266 00e0 49       		.uleb128 0x49
 1267 00e1 13       		.uleb128 0x13
 1268 00e2 00       		.byte	0
 1269 00e3 00       		.byte	0
 1270 00e4 13       		.uleb128 0x13
 1271 00e5 2E       		.uleb128 0x2e
 1272 00e6 01       		.byte	0x1
 1273 00e7 03       		.uleb128 0x3
 1274 00e8 0E       		.uleb128 0xe
 1275 00e9 3A       		.uleb128 0x3a
 1276 00ea 0B       		.uleb128 0xb
 1277 00eb 3B       		.uleb128 0x3b
 1278 00ec 0B       		.uleb128 0xb
 1279 00ed 27       		.uleb128 0x27
 1280 00ee 19       		.uleb128 0x19
 1281 00ef 49       		.uleb128 0x49
 1282 00f0 13       		.uleb128 0x13
 1283 00f1 20       		.uleb128 0x20
 1284 00f2 0B       		.uleb128 0xb
 1285 00f3 01       		.uleb128 0x1
 1286 00f4 13       		.uleb128 0x13
 1287 00f5 00       		.byte	0
 1288 00f6 00       		.byte	0
 1289 00f7 14       		.uleb128 0x14
 1290 00f8 34       		.uleb128 0x34
 1291 00f9 00       		.byte	0
 1292 00fa 03       		.uleb128 0x3
 1293 00fb 08       		.uleb128 0x8
 1294 00fc 3A       		.uleb128 0x3a
 1295 00fd 0B       		.uleb128 0xb
 1296 00fe 3B       		.uleb128 0x3b
 1297 00ff 0B       		.uleb128 0xb
 1298 0100 49       		.uleb128 0x49
 1299 0101 13       		.uleb128 0x13
 1300 0102 00       		.byte	0
 1301 0103 00       		.byte	0
 1302 0104 15       		.uleb128 0x15
 1303 0105 2E       		.uleb128 0x2e
 1304 0106 01       		.byte	0x1
 1305 0107 3F       		.uleb128 0x3f
 1306 0108 19       		.uleb128 0x19
 1307 0109 03       		.uleb128 0x3
 1308 010a 0E       		.uleb128 0xe
 1309 010b 3A       		.uleb128 0x3a
 1310 010c 0B       		.uleb128 0xb
 1311 010d 3B       		.uleb128 0x3b
ARM GAS  /var/folders/6q/x_mk5n_j3p7_c40r_2k_78980000gn/T//cc94kRik.s 			page 24


 1312 010e 0B       		.uleb128 0xb
 1313 010f 27       		.uleb128 0x27
 1314 0110 19       		.uleb128 0x19
 1315 0111 49       		.uleb128 0x49
 1316 0112 13       		.uleb128 0x13
 1317 0113 11       		.uleb128 0x11
 1318 0114 01       		.uleb128 0x1
 1319 0115 12       		.uleb128 0x12
 1320 0116 06       		.uleb128 0x6
 1321 0117 40       		.uleb128 0x40
 1322 0118 18       		.uleb128 0x18
 1323 0119 9742     		.uleb128 0x2117
 1324 011b 19       		.uleb128 0x19
 1325 011c 01       		.uleb128 0x1
 1326 011d 13       		.uleb128 0x13
 1327 011e 00       		.byte	0
 1328 011f 00       		.byte	0
 1329 0120 16       		.uleb128 0x16
 1330 0121 05       		.uleb128 0x5
 1331 0122 00       		.byte	0
 1332 0123 03       		.uleb128 0x3
 1333 0124 08       		.uleb128 0x8
 1334 0125 3A       		.uleb128 0x3a
 1335 0126 0B       		.uleb128 0xb
 1336 0127 3B       		.uleb128 0x3b
 1337 0128 0B       		.uleb128 0xb
 1338 0129 49       		.uleb128 0x49
 1339 012a 13       		.uleb128 0x13
 1340 012b 02       		.uleb128 0x2
 1341 012c 17       		.uleb128 0x17
 1342 012d 00       		.byte	0
 1343 012e 00       		.byte	0
 1344 012f 17       		.uleb128 0x17
 1345 0130 34       		.uleb128 0x34
 1346 0131 00       		.byte	0
 1347 0132 03       		.uleb128 0x3
 1348 0133 08       		.uleb128 0x8
 1349 0134 3A       		.uleb128 0x3a
 1350 0135 0B       		.uleb128 0xb
 1351 0136 3B       		.uleb128 0x3b
 1352 0137 0B       		.uleb128 0xb
 1353 0138 49       		.uleb128 0x49
 1354 0139 13       		.uleb128 0x13
 1355 013a 02       		.uleb128 0x2
 1356 013b 18       		.uleb128 0x18
 1357 013c 00       		.byte	0
 1358 013d 00       		.byte	0
 1359 013e 18       		.uleb128 0x18
 1360 013f 0B       		.uleb128 0xb
 1361 0140 01       		.byte	0x1
 1362 0141 11       		.uleb128 0x11
 1363 0142 01       		.uleb128 0x1
 1364 0143 12       		.uleb128 0x12
 1365 0144 06       		.uleb128 0x6
 1366 0145 01       		.uleb128 0x1
 1367 0146 13       		.uleb128 0x13
 1368 0147 00       		.byte	0
ARM GAS  /var/folders/6q/x_mk5n_j3p7_c40r_2k_78980000gn/T//cc94kRik.s 			page 25


 1369 0148 00       		.byte	0
 1370 0149 19       		.uleb128 0x19
 1371 014a 1D       		.uleb128 0x1d
 1372 014b 01       		.byte	0x1
 1373 014c 31       		.uleb128 0x31
 1374 014d 13       		.uleb128 0x13
 1375 014e 52       		.uleb128 0x52
 1376 014f 01       		.uleb128 0x1
 1377 0150 55       		.uleb128 0x55
 1378 0151 17       		.uleb128 0x17
 1379 0152 58       		.uleb128 0x58
 1380 0153 0B       		.uleb128 0xb
 1381 0154 59       		.uleb128 0x59
 1382 0155 0B       		.uleb128 0xb
 1383 0156 01       		.uleb128 0x1
 1384 0157 13       		.uleb128 0x13
 1385 0158 00       		.byte	0
 1386 0159 00       		.byte	0
 1387 015a 1A       		.uleb128 0x1a
 1388 015b 05       		.uleb128 0x5
 1389 015c 00       		.byte	0
 1390 015d 31       		.uleb128 0x31
 1391 015e 13       		.uleb128 0x13
 1392 015f 02       		.uleb128 0x2
 1393 0160 17       		.uleb128 0x17
 1394 0161 00       		.byte	0
 1395 0162 00       		.byte	0
 1396 0163 1B       		.uleb128 0x1b
 1397 0164 898201   		.uleb128 0x4109
 1398 0167 01       		.byte	0x1
 1399 0168 11       		.uleb128 0x11
 1400 0169 01       		.uleb128 0x1
 1401 016a 31       		.uleb128 0x31
 1402 016b 13       		.uleb128 0x13
 1403 016c 01       		.uleb128 0x1
 1404 016d 13       		.uleb128 0x13
 1405 016e 00       		.byte	0
 1406 016f 00       		.byte	0
 1407 0170 1C       		.uleb128 0x1c
 1408 0171 8A8201   		.uleb128 0x410a
 1409 0174 00       		.byte	0
 1410 0175 02       		.uleb128 0x2
 1411 0176 18       		.uleb128 0x18
 1412 0177 9142     		.uleb128 0x2111
 1413 0179 18       		.uleb128 0x18
 1414 017a 00       		.byte	0
 1415 017b 00       		.byte	0
 1416 017c 1D       		.uleb128 0x1d
 1417 017d 898201   		.uleb128 0x4109
 1418 0180 00       		.byte	0
 1419 0181 11       		.uleb128 0x11
 1420 0182 01       		.uleb128 0x1
 1421 0183 31       		.uleb128 0x31
 1422 0184 13       		.uleb128 0x13
 1423 0185 00       		.byte	0
 1424 0186 00       		.byte	0
 1425 0187 1E       		.uleb128 0x1e
ARM GAS  /var/folders/6q/x_mk5n_j3p7_c40r_2k_78980000gn/T//cc94kRik.s 			page 26


 1426 0188 05       		.uleb128 0x5
 1427 0189 00       		.byte	0
 1428 018a 31       		.uleb128 0x31
 1429 018b 13       		.uleb128 0x13
 1430 018c 00       		.byte	0
 1431 018d 00       		.byte	0
 1432 018e 1F       		.uleb128 0x1f
 1433 018f 0B       		.uleb128 0xb
 1434 0190 01       		.byte	0x1
 1435 0191 55       		.uleb128 0x55
 1436 0192 17       		.uleb128 0x17
 1437 0193 00       		.byte	0
 1438 0194 00       		.byte	0
 1439 0195 20       		.uleb128 0x20
 1440 0196 34       		.uleb128 0x34
 1441 0197 00       		.byte	0
 1442 0198 31       		.uleb128 0x31
 1443 0199 13       		.uleb128 0x13
 1444 019a 00       		.byte	0
 1445 019b 00       		.byte	0
 1446 019c 21       		.uleb128 0x21
 1447 019d 0B       		.uleb128 0xb
 1448 019e 01       		.byte	0x1
 1449 019f 55       		.uleb128 0x55
 1450 01a0 17       		.uleb128 0x17
 1451 01a1 01       		.uleb128 0x1
 1452 01a2 13       		.uleb128 0x13
 1453 01a3 00       		.byte	0
 1454 01a4 00       		.byte	0
 1455 01a5 22       		.uleb128 0x22
 1456 01a6 898201   		.uleb128 0x4109
 1457 01a9 01       		.byte	0x1
 1458 01aa 11       		.uleb128 0x11
 1459 01ab 01       		.uleb128 0x1
 1460 01ac 31       		.uleb128 0x31
 1461 01ad 13       		.uleb128 0x13
 1462 01ae 00       		.byte	0
 1463 01af 00       		.byte	0
 1464 01b0 23       		.uleb128 0x23
 1465 01b1 2E       		.uleb128 0x2e
 1466 01b2 01       		.byte	0x1
 1467 01b3 3F       		.uleb128 0x3f
 1468 01b4 19       		.uleb128 0x19
 1469 01b5 03       		.uleb128 0x3
 1470 01b6 0E       		.uleb128 0xe
 1471 01b7 3A       		.uleb128 0x3a
 1472 01b8 0B       		.uleb128 0xb
 1473 01b9 3B       		.uleb128 0x3b
 1474 01ba 0B       		.uleb128 0xb
 1475 01bb 27       		.uleb128 0x27
 1476 01bc 19       		.uleb128 0x19
 1477 01bd 11       		.uleb128 0x11
 1478 01be 01       		.uleb128 0x1
 1479 01bf 12       		.uleb128 0x12
 1480 01c0 06       		.uleb128 0x6
 1481 01c1 40       		.uleb128 0x40
 1482 01c2 18       		.uleb128 0x18
ARM GAS  /var/folders/6q/x_mk5n_j3p7_c40r_2k_78980000gn/T//cc94kRik.s 			page 27


 1483 01c3 9742     		.uleb128 0x2117
 1484 01c5 19       		.uleb128 0x19
 1485 01c6 01       		.uleb128 0x1
 1486 01c7 13       		.uleb128 0x13
 1487 01c8 00       		.byte	0
 1488 01c9 00       		.byte	0
 1489 01ca 24       		.uleb128 0x24
 1490 01cb 34       		.uleb128 0x34
 1491 01cc 00       		.byte	0
 1492 01cd 03       		.uleb128 0x3
 1493 01ce 0E       		.uleb128 0xe
 1494 01cf 3A       		.uleb128 0x3a
 1495 01d0 0B       		.uleb128 0xb
 1496 01d1 3B       		.uleb128 0x3b
 1497 01d2 0B       		.uleb128 0xb
 1498 01d3 49       		.uleb128 0x49
 1499 01d4 13       		.uleb128 0x13
 1500 01d5 3F       		.uleb128 0x3f
 1501 01d6 19       		.uleb128 0x19
 1502 01d7 3C       		.uleb128 0x3c
 1503 01d8 19       		.uleb128 0x19
 1504 01d9 00       		.byte	0
 1505 01da 00       		.byte	0
 1506 01db 25       		.uleb128 0x25
 1507 01dc 2E       		.uleb128 0x2e
 1508 01dd 00       		.byte	0
 1509 01de 3F       		.uleb128 0x3f
 1510 01df 19       		.uleb128 0x19
 1511 01e0 3C       		.uleb128 0x3c
 1512 01e1 19       		.uleb128 0x19
 1513 01e2 6E       		.uleb128 0x6e
 1514 01e3 0E       		.uleb128 0xe
 1515 01e4 03       		.uleb128 0x3
 1516 01e5 0E       		.uleb128 0xe
 1517 01e6 3A       		.uleb128 0x3a
 1518 01e7 0B       		.uleb128 0xb
 1519 01e8 3B       		.uleb128 0x3b
 1520 01e9 0B       		.uleb128 0xb
 1521 01ea 00       		.byte	0
 1522 01eb 00       		.byte	0
 1523 01ec 00       		.byte	0
 1524              		.section	.debug_loc,"",%progbits
 1525              	.Ldebug_loc0:
 1526              	.LLST0:
 1527 0000 00000000 		.4byte	.LVL0
 1528 0004 24000000 		.4byte	.LVL4
 1529 0008 0100     		.2byte	0x1
 1530 000a 50       		.byte	0x50
 1531 000b 24000000 		.4byte	.LVL4
 1532 000f 34000000 		.4byte	.LVL7
 1533 0013 0300     		.2byte	0x3
 1534 0015 75       		.byte	0x75
 1535 0016 54       		.sleb128 -44
 1536 0017 9F       		.byte	0x9f
 1537 0018 34000000 		.4byte	.LVL7
 1538 001c 37000000 		.4byte	.LVL8-1
 1539 0020 0100     		.2byte	0x1
ARM GAS  /var/folders/6q/x_mk5n_j3p7_c40r_2k_78980000gn/T//cc94kRik.s 			page 28


 1540 0022 50       		.byte	0x50
 1541 0023 37000000 		.4byte	.LVL8-1
 1542 0027 40000000 		.4byte	.LFE7
 1543 002b 0300     		.2byte	0x3
 1544 002d 75       		.byte	0x75
 1545 002e 54       		.sleb128 -44
 1546 002f 9F       		.byte	0x9f
 1547 0030 00000000 		.4byte	0
 1548 0034 00000000 		.4byte	0
 1549              	.LLST1:
 1550 0038 00000000 		.4byte	.LVL0
 1551 003c 24000000 		.4byte	.LVL4
 1552 0040 0100     		.2byte	0x1
 1553 0042 51       		.byte	0x51
 1554 0043 24000000 		.4byte	.LVL4
 1555 0047 2C000000 		.4byte	.LVL6
 1556 004b 0400     		.2byte	0x4
 1557 004d F3       		.byte	0xf3
 1558 004e 01       		.uleb128 0x1
 1559 004f 51       		.byte	0x51
 1560 0050 9F       		.byte	0x9f
 1561 0051 2C000000 		.4byte	.LVL6
 1562 0055 34000000 		.4byte	.LVL7
 1563 0059 0100     		.2byte	0x1
 1564 005b 50       		.byte	0x50
 1565 005c 34000000 		.4byte	.LVL7
 1566 0060 37000000 		.4byte	.LVL8-1
 1567 0064 0100     		.2byte	0x1
 1568 0066 51       		.byte	0x51
 1569 0067 37000000 		.4byte	.LVL8-1
 1570 006b 40000000 		.4byte	.LFE7
 1571 006f 0400     		.2byte	0x4
 1572 0071 F3       		.byte	0xf3
 1573 0072 01       		.uleb128 0x1
 1574 0073 51       		.byte	0x51
 1575 0074 9F       		.byte	0x9f
 1576 0075 00000000 		.4byte	0
 1577 0079 00000000 		.4byte	0
 1578              	.LLST2:
 1579 007d 12000000 		.4byte	.LVL2
 1580 0081 1E000000 		.4byte	.LVL3
 1581 0085 0100     		.2byte	0x1
 1582 0087 55       		.byte	0x55
 1583 0088 00000000 		.4byte	0
 1584 008c 00000000 		.4byte	0
 1585              	.LLST3:
 1586 0090 12000000 		.4byte	.LVL2
 1587 0094 1E000000 		.4byte	.LVL3
 1588 0098 0100     		.2byte	0x1
 1589 009a 54       		.byte	0x54
 1590 009b 00000000 		.4byte	0
 1591 009f 00000000 		.4byte	0
 1592              	.LLST4:
 1593 00a3 00000000 		.4byte	.LVL13
 1594 00a7 0B000000 		.4byte	.LVL14-1
 1595 00ab 0100     		.2byte	0x1
 1596 00ad 50       		.byte	0x50
ARM GAS  /var/folders/6q/x_mk5n_j3p7_c40r_2k_78980000gn/T//cc94kRik.s 			page 29


 1597 00ae 0B000000 		.4byte	.LVL14-1
 1598 00b2 14000000 		.4byte	.LFE9
 1599 00b6 0400     		.2byte	0x4
 1600 00b8 F3       		.byte	0xf3
 1601 00b9 01       		.uleb128 0x1
 1602 00ba 50       		.byte	0x50
 1603 00bb 9F       		.byte	0x9f
 1604 00bc 00000000 		.4byte	0
 1605 00c0 00000000 		.4byte	0
 1606              	.LLST5:
 1607 00c4 00000000 		.4byte	.LVL13
 1608 00c8 0B000000 		.4byte	.LVL14-1
 1609 00cc 0100     		.2byte	0x1
 1610 00ce 51       		.byte	0x51
 1611 00cf 0B000000 		.4byte	.LVL14-1
 1612 00d3 14000000 		.4byte	.LFE9
 1613 00d7 0400     		.2byte	0x4
 1614 00d9 F3       		.byte	0xf3
 1615 00da 01       		.uleb128 0x1
 1616 00db 51       		.byte	0x51
 1617 00dc 9F       		.byte	0x9f
 1618 00dd 00000000 		.4byte	0
 1619 00e1 00000000 		.4byte	0
 1620              		.section	.debug_aranges,"",%progbits
 1621 0000 2C000000 		.4byte	0x2c
 1622 0004 0200     		.2byte	0x2
 1623 0006 00000000 		.4byte	.Ldebug_info0
 1624 000a 04       		.byte	0x4
 1625 000b 00       		.byte	0
 1626 000c 0000     		.2byte	0
 1627 000e 0000     		.2byte	0
 1628 0010 00000000 		.4byte	.LFB7
 1629 0014 40000000 		.4byte	.LFE7-.LFB7
 1630 0018 00000000 		.4byte	.LFB8
 1631 001c 3C000000 		.4byte	.LFE8-.LFB8
 1632 0020 00000000 		.4byte	.LFB9
 1633 0024 14000000 		.4byte	.LFE9-.LFB9
 1634 0028 00000000 		.4byte	0
 1635 002c 00000000 		.4byte	0
 1636              		.section	.debug_ranges,"",%progbits
 1637              	.Ldebug_ranges0:
 1638 0000 12000000 		.4byte	.LBB11
 1639 0004 14000000 		.4byte	.LBE11
 1640 0008 16000000 		.4byte	.LBB14
 1641 000c 1E000000 		.4byte	.LBE14
 1642 0010 00000000 		.4byte	0
 1643 0014 00000000 		.4byte	0
 1644 0018 16000000 		.4byte	.LBB17
 1645 001c 18000000 		.4byte	.LBE17
 1646 0020 1A000000 		.4byte	.LBB20
 1647 0024 1E000000 		.4byte	.LBE20
 1648 0028 00000000 		.4byte	0
 1649 002c 00000000 		.4byte	0
 1650 0030 1E000000 		.4byte	.LBB21
 1651 0034 20000000 		.4byte	.LBE21
 1652 0038 22000000 		.4byte	.LBB22
 1653 003c 26000000 		.4byte	.LBE22
ARM GAS  /var/folders/6q/x_mk5n_j3p7_c40r_2k_78980000gn/T//cc94kRik.s 			page 30


 1654 0040 00000000 		.4byte	0
 1655 0044 00000000 		.4byte	0
 1656 0048 00000000 		.4byte	.LFB7
 1657 004c 40000000 		.4byte	.LFE7
 1658 0050 00000000 		.4byte	.LFB8
 1659 0054 3C000000 		.4byte	.LFE8
 1660 0058 00000000 		.4byte	.LFB9
 1661 005c 14000000 		.4byte	.LFE9
 1662 0060 00000000 		.4byte	0
 1663 0064 00000000 		.4byte	0
 1664              		.section	.debug_line,"",%progbits
 1665              	.Ldebug_line0:
 1666 0000 0D020000 		.section	.debug_str,"MS",%progbits,1
 1666      02009C01 
 1666      00000201 
 1666      FB0E0D00 
 1666      01010101 
 1667              	.LASF40:
 1668 0000 705F6D73 		.ascii	"p_msg\000"
 1668      6700
 1669              	.LASF75:
 1670 0006 71756575 		.ascii	"queue_insert\000"
 1670      655F696E 
 1670      73657274 
 1670      00
 1671              	.LASF62:
 1672 0013 7264796D 		.ascii	"rdymsg\000"
 1672      736700
 1673              	.LASF7:
 1674 001a 5F5F7569 		.ascii	"__uint8_t\000"
 1674      6E74385F 
 1674      7400
 1675              	.LASF12:
 1676 0024 6C6F6E67 		.ascii	"long long unsigned int\000"
 1676      206C6F6E 
 1676      6720756E 
 1676      7369676E 
 1676      65642069 
 1677              	.LASF63:
 1678 003b 65786974 		.ascii	"exitcode\000"
 1678      636F6465 
 1678      00
 1679              	.LASF28:
 1680 0044 705F7072 		.ascii	"p_prio\000"
 1680      696F00
 1681              	.LASF1:
 1682 004b 6C6F6E67 		.ascii	"long long int\000"
 1682      206C6F6E 
 1682      6720696E 
 1682      7400
 1683              	.LASF3:
 1684 0059 7369676E 		.ascii	"signed char\000"
 1684      65642063 
 1684      68617200 
 1685              	.LASF44:
 1686 0065 705F6D70 		.ascii	"p_mpool\000"
 1686      6F6F6C00 
ARM GAS  /var/folders/6q/x_mk5n_j3p7_c40r_2k_78980000gn/T//cc94kRik.s 			page 31


 1687              	.LASF59:
 1688 006d 6D5F7175 		.ascii	"m_queue\000"
 1688      65756500 
 1689              	.LASF20:
 1690 0075 74736C69 		.ascii	"tslices_t\000"
 1690      6365735F 
 1690      7400
 1691              	.LASF9:
 1692 007f 6C6F6E67 		.ascii	"long int\000"
 1692      20696E74 
 1692      00
 1693              	.LASF67:
 1694 0088 63684D73 		.ascii	"chMsgSend\000"
 1694      6753656E 
 1694      6400
 1695              	.LASF18:
 1696 0092 74737461 		.ascii	"tstate_t\000"
 1696      74655F74 
 1696      00
 1697              	.LASF30:
 1698 009b 705F6E65 		.ascii	"p_newer\000"
 1698      77657200 
 1699              	.LASF10:
 1700 00a3 5F5F7569 		.ascii	"__uint32_t\000"
 1700      6E743332 
 1700      5F7400
 1701              	.LASF47:
 1702 00ae 72656761 		.ascii	"regarm_t\000"
 1702      726D5F74 
 1702      00
 1703              	.LASF0:
 1704 00b7 756E7369 		.ascii	"unsigned int\000"
 1704      676E6564 
 1704      20696E74 
 1704      00
 1705              	.LASF11:
 1706 00c4 6C6F6E67 		.ascii	"long unsigned int\000"
 1706      20756E73 
 1706      69676E65 
 1706      6420696E 
 1706      7400
 1707              	.LASF72:
 1708 00d6 474E5520 		.ascii	"GNU C11 5.4.1 20160919 (release) [ARM/embedded-5-br"
 1708      43313120 
 1708      352E342E 
 1708      31203230 
 1708      31363039 
 1709 0109 616E6368 		.ascii	"anch revision 240496] -mcpu=cortex-m3 -mno-thumb-in"
 1709      20726576 
 1709      6973696F 
 1709      6E203234 
 1709      30343936 
 1710 013c 74657277 		.ascii	"terwork -mthumb -ggdb -O2 -fomit-frame-pointer -fal"
 1710      6F726B20 
 1710      2D6D7468 
 1710      756D6220 
 1710      2D676764 
ARM GAS  /var/folders/6q/x_mk5n_j3p7_c40r_2k_78980000gn/T//cc94kRik.s 			page 32


 1711 016f 69676E2D 		.ascii	"ign-functions=16 -ffunction-sections -fdata-section"
 1711      66756E63 
 1711      74696F6E 
 1711      733D3136 
 1711      202D6666 
 1712 01a2 73202D66 		.ascii	"s -fno-common\000"
 1712      6E6F2D63 
 1712      6F6D6D6F 
 1712      6E00
 1713              	.LASF49:
 1714 01b0 636F6E74 		.ascii	"context\000"
 1714      65787400 
 1715              	.LASF6:
 1716 01b8 73686F72 		.ascii	"short unsigned int\000"
 1716      7420756E 
 1716      7369676E 
 1716      65642069 
 1716      6E7400
 1717              	.LASF22:
 1718 01cb 6D73675F 		.ascii	"msg_t\000"
 1718      7400
 1719              	.LASF54:
 1720 01d1 725F6E65 		.ascii	"r_newer\000"
 1720      77657200 
 1721              	.LASF17:
 1722 01d9 746D6F64 		.ascii	"tmode_t\000"
 1722      655F7400 
 1723              	.LASF46:
 1724 01e1 54687265 		.ascii	"ThreadsList\000"
 1724      6164734C 
 1724      69737400 
 1725              	.LASF23:
 1726 01ed 6576656E 		.ascii	"eventmask_t\000"
 1726      746D6173 
 1726      6B5F7400 
 1727              	.LASF58:
 1728 01f9 4D757465 		.ascii	"Mutex\000"
 1728      7800
 1729              	.LASF50:
 1730 01ff 73697A65 		.ascii	"sizetype\000"
 1730      74797065 
 1730      00
 1731              	.LASF2:
 1732 0208 6C6F6E67 		.ascii	"long double\000"
 1732      20646F75 
 1732      626C6500 
 1733              	.LASF73:
 1734 0214 2E2E2F43 		.ascii	"../ChibiOS/os/kernel/src/chmsg.c\000"
 1734      68696269 
 1734      4F532F6F 
 1734      732F6B65 
 1734      726E656C 
 1735              	.LASF31:
 1736 0235 705F6F6C 		.ascii	"p_older\000"
 1736      64657200 
 1737              	.LASF53:
 1738 023d 725F6374 		.ascii	"r_ctx\000"
ARM GAS  /var/folders/6q/x_mk5n_j3p7_c40r_2k_78980000gn/T//cc94kRik.s 			page 33


 1738      7800
 1739              	.LASF45:
 1740 0243 54687265 		.ascii	"ThreadsQueue\000"
 1740      61647351 
 1740      75657565 
 1740      00
 1741              	.LASF56:
 1742 0250 725F6375 		.ascii	"r_current\000"
 1742      7272656E 
 1742      7400
 1743              	.LASF55:
 1744 025a 725F6F6C 		.ascii	"r_older\000"
 1744      64657200 
 1745              	.LASF19:
 1746 0262 74726566 		.ascii	"trefs_t\000"
 1746      735F7400 
 1747              	.LASF27:
 1748 026a 705F7072 		.ascii	"p_prev\000"
 1748      657600
 1749              	.LASF21:
 1750 0271 74707269 		.ascii	"tprio_t\000"
 1750      6F5F7400 
 1751              	.LASF16:
 1752 0279 5F426F6F 		.ascii	"_Bool\000"
 1752      6C00
 1753              	.LASF14:
 1754 027f 696E7433 		.ascii	"int32_t\000"
 1754      325F7400 
 1755              	.LASF4:
 1756 0287 756E7369 		.ascii	"unsigned char\000"
 1756      676E6564 
 1756      20636861 
 1756      7200
 1757              	.LASF42:
 1758 0295 705F6D74 		.ascii	"p_mtxlist\000"
 1758      786C6973 
 1758      7400
 1759              	.LASF5:
 1760 029f 73686F72 		.ascii	"short int\000"
 1760      7420696E 
 1760      7400
 1761              	.LASF33:
 1762 02a9 705F7374 		.ascii	"p_state\000"
 1762      61746500 
 1763              	.LASF36:
 1764 02b1 705F7072 		.ascii	"p_preempt\000"
 1764      65656D70 
 1764      7400
 1765              	.LASF52:
 1766 02bb 725F7072 		.ascii	"r_prio\000"
 1766      696F00
 1767              	.LASF65:
 1768 02c2 65776D61 		.ascii	"ewmask\000"
 1768      736B00
 1769              	.LASF26:
 1770 02c9 705F6E65 		.ascii	"p_next\000"
 1770      787400
ARM GAS  /var/folders/6q/x_mk5n_j3p7_c40r_2k_78980000gn/T//cc94kRik.s 			page 34


 1771              	.LASF34:
 1772 02d0 705F666C 		.ascii	"p_flags\000"
 1772      61677300 
 1773              	.LASF25:
 1774 02d8 54687265 		.ascii	"Thread\000"
 1774      616400
 1775              	.LASF77:
 1776 02df 63684D73 		.ascii	"chMsgRelease\000"
 1776      6752656C 
 1776      65617365 
 1776      00
 1777              	.LASF69:
 1778 02ec 63685363 		.ascii	"chSchGoSleepS\000"
 1778      68476F53 
 1778      6C656570 
 1778      5300
 1779              	.LASF41:
 1780 02fa 705F6570 		.ascii	"p_epending\000"
 1780      656E6469 
 1780      6E6700
 1781              	.LASF15:
 1782 0305 75696E74 		.ascii	"uint32_t\000"
 1782      33325F74 
 1782      00
 1783              	.LASF51:
 1784 030e 725F7175 		.ascii	"r_queue\000"
 1784      65756500 
 1785              	.LASF70:
 1786 0316 63685363 		.ascii	"chSchReadyI\000"
 1786      68526561 
 1786      64794900 
 1787              	.LASF66:
 1788 0322 63686172 		.ascii	"char\000"
 1788      00
 1789              	.LASF74:
 1790 0327 2F557365 		.ascii	"/Users/Luca/src/vexilla/src/teamA\000"
 1790      72732F4C 
 1790      7563612F 
 1790      7372632F 
 1790      76657869 
 1791              	.LASF61:
 1792 0349 6D5F6E65 		.ascii	"m_next\000"
 1792      787400
 1793              	.LASF24:
 1794 0350 73797374 		.ascii	"systime_t\000"
 1794      696D655F 
 1794      7400
 1795              	.LASF43:
 1796 035a 705F7265 		.ascii	"p_realprio\000"
 1796      616C7072 
 1796      696F00
 1797              	.LASF8:
 1798 0365 5F5F696E 		.ascii	"__int32_t\000"
 1798      7433325F 
 1798      7400
 1799              	.LASF37:
 1800 036f 705F7469 		.ascii	"p_time\000"
ARM GAS  /var/folders/6q/x_mk5n_j3p7_c40r_2k_78980000gn/T//cc94kRik.s 			page 35


 1800      6D6500
 1801              	.LASF48:
 1802 0376 696E7463 		.ascii	"intctx\000"
 1802      747800
 1803              	.LASF39:
 1804 037d 705F6D73 		.ascii	"p_msgqueue\000"
 1804      67717565 
 1804      756500
 1805              	.LASF71:
 1806 0388 63685363 		.ascii	"chSchWakeupS\000"
 1806      6857616B 
 1806      65757053 
 1806      00
 1807              	.LASF68:
 1808 0395 63684D73 		.ascii	"chMsgWait\000"
 1808      67576169 
 1808      7400
 1809              	.LASF35:
 1810 039f 705F7265 		.ascii	"p_refs\000"
 1810      667300
 1811              	.LASF57:
 1812 03a6 52656164 		.ascii	"ReadyList\000"
 1812      794C6973 
 1812      7400
 1813              	.LASF78:
 1814 03b0 726C6973 		.ascii	"rlist\000"
 1814      7400
 1815              	.LASF13:
 1816 03b6 75696E74 		.ascii	"uint8_t\000"
 1816      385F7400 
 1817              	.LASF64:
 1818 03be 77746F62 		.ascii	"wtobjp\000"
 1818      6A7000
 1819              	.LASF32:
 1820 03c5 705F6E61 		.ascii	"p_name\000"
 1820      6D6500
 1821              	.LASF60:
 1822 03cc 6D5F6F77 		.ascii	"m_owner\000"
 1822      6E657200 
 1823              	.LASF29:
 1824 03d4 705F6374 		.ascii	"p_ctx\000"
 1824      7800
 1825              	.LASF38:
 1826 03da 705F7761 		.ascii	"p_waiting\000"
 1826      6974696E 
 1826      6700
 1827              	.LASF76:
 1828 03e4 6669666F 		.ascii	"fifo_remove\000"
 1828      5F72656D 
 1828      6F766500 
 1829              		.ident	"GCC: (GNU Tools for ARM Embedded Processors) 5.4.1 20160919 (release) [ARM/embedded-5-bran
ARM GAS  /var/folders/6q/x_mk5n_j3p7_c40r_2k_78980000gn/T//cc94kRik.s 			page 36


DEFINED SYMBOLS
                            *ABS*:0000000000000000 chmsg.c
/var/folders/6q/x_mk5n_j3p7_c40r_2k_78980000gn/T//cc94kRik.s:20     .text.chMsgSend:0000000000000000 $t
/var/folders/6q/x_mk5n_j3p7_c40r_2k_78980000gn/T//cc94kRik.s:26     .text.chMsgSend:0000000000000000 chMsgSend
/var/folders/6q/x_mk5n_j3p7_c40r_2k_78980000gn/T//cc94kRik.s:113    .text.chMsgSend:000000000000003c $d
/var/folders/6q/x_mk5n_j3p7_c40r_2k_78980000gn/T//cc94kRik.s:118    .text.chMsgWait:0000000000000000 $t
/var/folders/6q/x_mk5n_j3p7_c40r_2k_78980000gn/T//cc94kRik.s:124    .text.chMsgWait:0000000000000000 chMsgWait
/var/folders/6q/x_mk5n_j3p7_c40r_2k_78980000gn/T//cc94kRik.s:199    .text.chMsgWait:0000000000000038 $d
/var/folders/6q/x_mk5n_j3p7_c40r_2k_78980000gn/T//cc94kRik.s:204    .text.chMsgRelease:0000000000000000 $t
/var/folders/6q/x_mk5n_j3p7_c40r_2k_78980000gn/T//cc94kRik.s:210    .text.chMsgRelease:0000000000000000 chMsgRelease
                     .debug_frame:0000000000000010 $d

UNDEFINED SYMBOLS
chSchGoSleepS
chSchReadyI
rlist
chSchWakeupS
