ARM GAS  /var/folders/6q/x_mk5n_j3p7_c40r_2k_78980000gn/T//cczYb9sq.s 			page 1


   1              		.syntax unified
   2              		.cpu cortex-m3
   3              		.fpu softvfp
   4              		.eabi_attribute 20, 1
   5              		.eabi_attribute 21, 1
   6              		.eabi_attribute 23, 3
   7              		.eabi_attribute 24, 1
   8              		.eabi_attribute 25, 1
   9              		.eabi_attribute 26, 1
  10              		.eabi_attribute 30, 2
  11              		.eabi_attribute 34, 1
  12              		.eabi_attribute 18, 4
  13              		.thumb
  14              		.syntax unified
  15              		.file	"nvic.c"
  16              		.text
  17              	.Ltext0:
  18              		.cfi_sections	.debug_frame
  19              		.section	.text.nvicEnableVector,"ax",%progbits
  20              		.align	2
  21              		.p2align 4,,15
  22              		.global	nvicEnableVector
  23              		.thumb
  24              		.thumb_func
  25              		.type	nvicEnableVector, %function
  26              	nvicEnableVector:
  27              	.LFB7:
  28              		.file 1 "../ChibiOS/os/ports/common/ARMCMx/nvic.c"
  29              		.loc 1 46 0
  30              		.cfi_startproc
  31              		@ args = 0, pretend = 0, frame = 0
  32              		@ frame_needed = 0, uses_anonymous_args = 0
  33              		@ link register save eliminated.
  34              	.LVL0:
  35 0000 70B4     		push	{r4, r5, r6}
  36              		.cfi_def_cfa_offset 12
  37              		.cfi_offset 4, -12
  38              		.cfi_offset 5, -8
  39              		.cfi_offset 6, -4
  40 0002 20F00304 		bic	r4, r0, #3
  41 0006 04F16044 		add	r4, r4, #-536870912
  42 000a 04F56144 		add	r4, r4, #57600
  43              		.loc 1 47 0
  44 000e C200     		lsls	r2, r0, #3
  45              		.loc 1 49 0
  46 0010 D4F80053 		ldr	r5, [r4, #768]
  47              		.loc 1 47 0
  48 0014 02F01802 		and	r2, r2, #24
  49              	.LVL1:
  50 0018 4309     		lsrs	r3, r0, #5
  51              		.loc 1 49 0
  52 001a FF26     		movs	r6, #255
  53 001c 9640     		lsls	r6, r6, r2
  54 001e 9B00     		lsls	r3, r3, #2
  55 0020 9140     		lsls	r1, r1, r2
  56              	.LVL2:
  57 0022 03F16043 		add	r3, r3, #-536870912
ARM GAS  /var/folders/6q/x_mk5n_j3p7_c40r_2k_78980000gn/T//cczYb9sq.s 			page 2


  58 0026 25EA0602 		bic	r2, r5, r6
  59              	.LVL3:
  60              		.loc 1 50 0
  61 002a 00F01F00 		and	r0, r0, #31
  62              	.LVL4:
  63 002e 0125     		movs	r5, #1
  64 0030 05FA00F0 		lsl	r0, r5, r0
  65 0034 03F56143 		add	r3, r3, #57600
  66              		.loc 1 49 0
  67 0038 1143     		orrs	r1, r1, r2
  68 003a C4F80013 		str	r1, [r4, #768]
  69              		.loc 1 50 0
  70 003e C3F88001 		str	r0, [r3, #384]
  71              		.loc 1 52 0
  72 0042 70BC     		pop	{r4, r5, r6}
  73              		.cfi_restore 6
  74              		.cfi_restore 5
  75              		.cfi_restore 4
  76              		.cfi_def_cfa_offset 0
  77              		.loc 1 51 0
  78 0044 1860     		str	r0, [r3]
  79              		.loc 1 52 0
  80 0046 7047     		bx	lr
  81              		.cfi_endproc
  82              	.LFE7:
  83              		.size	nvicEnableVector, .-nvicEnableVector
  84              		.section	.text.nvicDisableVector,"ax",%progbits
  85              		.align	2
  86              		.p2align 4,,15
  87              		.global	nvicDisableVector
  88              		.thumb
  89              		.thumb_func
  90              		.type	nvicDisableVector, %function
  91              	nvicDisableVector:
  92              	.LFB8:
  93              		.loc 1 60 0
  94              		.cfi_startproc
  95              		@ args = 0, pretend = 0, frame = 0
  96              		@ frame_needed = 0, uses_anonymous_args = 0
  97              		@ link register save eliminated.
  98              	.LVL5:
  99 0000 30B4     		push	{r4, r5}
 100              		.cfi_def_cfa_offset 8
 101              		.cfi_offset 4, -8
 102              		.cfi_offset 5, -4
 103              		.loc 1 63 0
 104 0002 4209     		lsrs	r2, r0, #5
 105 0004 00F01F05 		and	r5, r0, #31
 106 0008 0C4C     		ldr	r4, .L5
 107 000a 20F00303 		bic	r3, r0, #3
 108 000e 0121     		movs	r1, #1
 109 0010 A940     		lsls	r1, r1, r5
 110 0012 2032     		adds	r2, r2, #32
 111 0014 03F16043 		add	r3, r3, #-536870912
 112 0018 44F82210 		str	r1, [r4, r2, lsl #2]
 113 001c 03F56143 		add	r3, r3, #57600
 114              		.loc 1 64 0
ARM GAS  /var/folders/6q/x_mk5n_j3p7_c40r_2k_78980000gn/T//cczYb9sq.s 			page 3


 115 0020 C000     		lsls	r0, r0, #3
 116              	.LVL6:
 117 0022 D3F80023 		ldr	r2, [r3, #768]
 118 0026 00F01800 		and	r0, r0, #24
 119              	.LVL7:
 120 002a FF21     		movs	r1, #255
 121 002c 01FA00F0 		lsl	r0, r1, r0
 122              	.LVL8:
 123 0030 22EA0000 		bic	r0, r2, r0
 124 0034 C3F80003 		str	r0, [r3, #768]
 125              		.loc 1 65 0
 126 0038 30BC     		pop	{r4, r5}
 127              		.cfi_restore 5
 128              		.cfi_restore 4
 129              		.cfi_def_cfa_offset 0
 130 003a 7047     		bx	lr
 131              	.L6:
 132              		.align	2
 133              	.L5:
 134 003c 00E100E0 		.word	-536813312
 135              		.cfi_endproc
 136              	.LFE8:
 137              		.size	nvicDisableVector, .-nvicDisableVector
 138              		.section	.text.nvicSetSystemHandlerPriority,"ax",%progbits
 139              		.align	2
 140              		.p2align 4,,15
 141              		.global	nvicSetSystemHandlerPriority
 142              		.thumb
 143              		.thumb_func
 144              		.type	nvicSetSystemHandlerPriority, %function
 145              	nvicSetSystemHandlerPriority:
 146              	.LFB9:
 147              		.loc 1 74 0
 148              		.cfi_startproc
 149              		@ args = 0, pretend = 0, frame = 0
 150              		@ frame_needed = 0, uses_anonymous_args = 0
 151              		@ link register save eliminated.
 152              	.LVL9:
 153 0000 20F00303 		bic	r3, r0, #3
 154 0004 03F16043 		add	r3, r3, #-536870912
 155 0008 03F56D43 		add	r3, r3, #60672
 156              		.loc 1 75 0
 157 000c 00F00300 		and	r0, r0, #3
 158              	.LVL10:
 159              		.loc 1 74 0
 160 0010 10B4     		push	{r4}
 161              		.cfi_def_cfa_offset 4
 162              		.cfi_offset 4, -4
 163              		.loc 1 75 0
 164 0012 C000     		lsls	r0, r0, #3
 165              	.LVL11:
 166              		.loc 1 77 0
 167 0014 9A69     		ldr	r2, [r3, #24]
 168              		.loc 1 78 0
 169 0016 FF24     		movs	r4, #255
 170 0018 8440     		lsls	r4, r4, r0
 171 001a 8140     		lsls	r1, r1, r0
ARM GAS  /var/folders/6q/x_mk5n_j3p7_c40r_2k_78980000gn/T//cczYb9sq.s 			page 4


 172              	.LVL12:
 173 001c 22EA0400 		bic	r0, r2, r4
 174              	.LVL13:
 175 0020 0843     		orrs	r0, r0, r1
 176              		.loc 1 77 0
 177 0022 9861     		str	r0, [r3, #24]
 178              		.loc 1 79 0
 179 0024 10BC     		pop	{r4}
 180              		.cfi_restore 4
 181              		.cfi_def_cfa_offset 0
 182 0026 7047     		bx	lr
 183              		.cfi_endproc
 184              	.LFE9:
 185              		.size	nvicSetSystemHandlerPriority, .-nvicSetSystemHandlerPriority
 186              		.text
 187              	.Letext0:
 188              		.file 2 "/Users/Luca/src/vexilla/src/gcc-arm-none-eabi-5_4-2016q3/arm-none-eabi/include/machine/_d
 189              		.file 3 "/Users/Luca/src/vexilla/src/gcc-arm-none-eabi-5_4-2016q3/arm-none-eabi/include/sys/_stdin
 190              		.file 4 "../ChibiOS/os/ports/common/ARMCMx/nvic.h"
 191              		.section	.debug_info,"",%progbits
 192              	.Ldebug_info0:
 193 0000 09040000 		.4byte	0x409
 194 0004 0400     		.2byte	0x4
 195 0006 00000000 		.4byte	.Ldebug_abbrev0
 196 000a 04       		.byte	0x4
 197 000b 01       		.uleb128 0x1
 198 000c 15010000 		.4byte	.LASF48
 199 0010 0C       		.byte	0xc
 200 0011 80020000 		.4byte	.LASF49
 201 0015 19020000 		.4byte	.LASF50
 202 0019 00000000 		.4byte	.Ldebug_ranges0+0
 203 001d 00000000 		.4byte	0
 204 0021 00000000 		.4byte	.Ldebug_line0
 205 0025 02       		.uleb128 0x2
 206 0026 04       		.byte	0x4
 207 0027 05       		.byte	0x5
 208 0028 696E7400 		.ascii	"int\000"
 209 002c 03       		.uleb128 0x3
 210 002d 04       		.byte	0x4
 211 002e 07       		.byte	0x7
 212 002f CF000000 		.4byte	.LASF0
 213 0033 03       		.uleb128 0x3
 214 0034 08       		.byte	0x8
 215 0035 05       		.byte	0x5
 216 0036 00020000 		.4byte	.LASF1
 217 003a 03       		.uleb128 0x3
 218 003b 08       		.byte	0x8
 219 003c 04       		.byte	0x4
 220 003d 68020000 		.4byte	.LASF2
 221 0041 03       		.uleb128 0x3
 222 0042 01       		.byte	0x1
 223 0043 06       		.byte	0x6
 224 0044 74020000 		.4byte	.LASF3
 225 0048 03       		.uleb128 0x3
 226 0049 01       		.byte	0x1
 227 004a 08       		.byte	0x8
 228 004b 4C000000 		.4byte	.LASF4
ARM GAS  /var/folders/6q/x_mk5n_j3p7_c40r_2k_78980000gn/T//cczYb9sq.s 			page 5


 229 004f 03       		.uleb128 0x3
 230 0050 02       		.byte	0x2
 231 0051 05       		.byte	0x5
 232 0052 35000000 		.4byte	.LASF5
 233 0056 03       		.uleb128 0x3
 234 0057 02       		.byte	0x2
 235 0058 07       		.byte	0x7
 236 0059 8A000000 		.4byte	.LASF6
 237 005d 03       		.uleb128 0x3
 238 005e 04       		.byte	0x4
 239 005f 05       		.byte	0x5
 240 0060 5A020000 		.4byte	.LASF7
 241 0064 04       		.uleb128 0x4
 242 0065 C4000000 		.4byte	.LASF10
 243 0069 02       		.byte	0x2
 244 006a 41       		.byte	0x41
 245 006b 6F000000 		.4byte	0x6f
 246 006f 03       		.uleb128 0x3
 247 0070 04       		.byte	0x4
 248 0071 07       		.byte	0x7
 249 0072 A7000000 		.4byte	.LASF8
 250 0076 03       		.uleb128 0x3
 251 0077 08       		.byte	0x8
 252 0078 07       		.byte	0x7
 253 0079 E6000000 		.4byte	.LASF9
 254 007d 04       		.uleb128 0x4
 255 007e 51020000 		.4byte	.LASF11
 256 0082 03       		.byte	0x3
 257 0083 30       		.byte	0x30
 258 0084 64000000 		.4byte	0x64
 259 0088 03       		.uleb128 0x3
 260 0089 01       		.byte	0x1
 261 008a 02       		.byte	0x2
 262 008b 0F000000 		.4byte	.LASF12
 263 008f 04       		.uleb128 0x4
 264 0090 44000000 		.4byte	.LASF13
 265 0094 04       		.byte	0x4
 266 0095 3A       		.byte	0x3a
 267 0096 9A000000 		.4byte	0x9a
 268 009a 05       		.uleb128 0x5
 269 009b 7D000000 		.4byte	0x7d
 270 009f 06       		.uleb128 0x6
 271 00a0 040E     		.2byte	0xe04
 272 00a2 04       		.byte	0x4
 273 00a3 6A       		.byte	0x6a
 274 00a4 4E010000 		.4byte	0x14e
 275 00a8 07       		.uleb128 0x7
 276 00a9 3B020000 		.4byte	.LASF14
 277 00ad 04       		.byte	0x4
 278 00ae 6B       		.byte	0x6b
 279 00af 65010000 		.4byte	0x165
 280 00b3 00       		.byte	0
 281 00b4 07       		.uleb128 0x7
 282 00b5 5A000000 		.4byte	.LASF15
 283 00b9 04       		.byte	0x4
 284 00ba 6C       		.byte	0x6c
 285 00bb 7A010000 		.4byte	0x17a
ARM GAS  /var/folders/6q/x_mk5n_j3p7_c40r_2k_78980000gn/T//cczYb9sq.s 			page 6


 286 00bf 20       		.byte	0x20
 287 00c0 07       		.uleb128 0x7
 288 00c1 3F000000 		.4byte	.LASF16
 289 00c5 04       		.byte	0x4
 290 00c6 6D       		.byte	0x6d
 291 00c7 7F010000 		.4byte	0x17f
 292 00cb 80       		.byte	0x80
 293 00cc 07       		.uleb128 0x7
 294 00cd 62000000 		.4byte	.LASF17
 295 00d1 04       		.byte	0x4
 296 00d2 6E       		.byte	0x6e
 297 00d3 84010000 		.4byte	0x184
 298 00d7 A0       		.byte	0xa0
 299 00d8 08       		.uleb128 0x8
 300 00d9 DC000000 		.4byte	.LASF18
 301 00dd 04       		.byte	0x4
 302 00de 6F       		.byte	0x6f
 303 00df 89010000 		.4byte	0x189
 304 00e3 0001     		.2byte	0x100
 305 00e5 08       		.uleb128 0x8
 306 00e6 6A000000 		.4byte	.LASF19
 307 00ea 04       		.byte	0x4
 308 00eb 70       		.byte	0x70
 309 00ec 8E010000 		.4byte	0x18e
 310 00f0 2001     		.2byte	0x120
 311 00f2 08       		.uleb128 0x8
 312 00f3 05000000 		.4byte	.LASF20
 313 00f7 04       		.byte	0x4
 314 00f8 71       		.byte	0x71
 315 00f9 93010000 		.4byte	0x193
 316 00fd 8001     		.2byte	0x180
 317 00ff 08       		.uleb128 0x8
 318 0100 72000000 		.4byte	.LASF21
 319 0104 04       		.byte	0x4
 320 0105 72       		.byte	0x72
 321 0106 98010000 		.4byte	0x198
 322 010a A001     		.2byte	0x1a0
 323 010c 08       		.uleb128 0x8
 324 010d C6020000 		.4byte	.LASF22
 325 0111 04       		.byte	0x4
 326 0112 73       		.byte	0x73
 327 0113 9D010000 		.4byte	0x19d
 328 0117 0002     		.2byte	0x200
 329 0119 08       		.uleb128 0x8
 330 011a 7A000000 		.4byte	.LASF23
 331 011e 04       		.byte	0x4
 332 011f 74       		.byte	0x74
 333 0120 B2010000 		.4byte	0x1b2
 334 0124 2002     		.2byte	0x220
 335 0126 09       		.uleb128 0x9
 336 0127 49505200 		.ascii	"IPR\000"
 337 012b 04       		.byte	0x4
 338 012c 75       		.byte	0x75
 339 012d C7010000 		.4byte	0x1c7
 340 0131 0003     		.2byte	0x300
 341 0133 08       		.uleb128 0x8
 342 0134 82000000 		.4byte	.LASF24
ARM GAS  /var/folders/6q/x_mk5n_j3p7_c40r_2k_78980000gn/T//cczYb9sq.s 			page 7


 343 0138 04       		.byte	0x4
 344 0139 76       		.byte	0x76
 345 013a DD010000 		.4byte	0x1dd
 346 013e F003     		.2byte	0x3f0
 347 0140 08       		.uleb128 0x8
 348 0141 BF000000 		.4byte	.LASF25
 349 0145 04       		.byte	0x4
 350 0146 77       		.byte	0x77
 351 0147 8F000000 		.4byte	0x8f
 352 014b 000E     		.2byte	0xe00
 353 014d 00       		.byte	0
 354 014e 0A       		.uleb128 0xa
 355 014f 8F000000 		.4byte	0x8f
 356 0153 5E010000 		.4byte	0x15e
 357 0157 0B       		.uleb128 0xb
 358 0158 5E010000 		.4byte	0x15e
 359 015c 07       		.byte	0x7
 360 015d 00       		.byte	0
 361 015e 03       		.uleb128 0x3
 362 015f 04       		.byte	0x4
 363 0160 07       		.byte	0x7
 364 0161 F7010000 		.4byte	.LASF26
 365 0165 05       		.uleb128 0x5
 366 0166 4E010000 		.4byte	0x14e
 367 016a 0A       		.uleb128 0xa
 368 016b 8F000000 		.4byte	0x8f
 369 016f 7A010000 		.4byte	0x17a
 370 0173 0B       		.uleb128 0xb
 371 0174 5E010000 		.4byte	0x15e
 372 0178 17       		.byte	0x17
 373 0179 00       		.byte	0
 374 017a 05       		.uleb128 0x5
 375 017b 6A010000 		.4byte	0x16a
 376 017f 05       		.uleb128 0x5
 377 0180 4E010000 		.4byte	0x14e
 378 0184 05       		.uleb128 0x5
 379 0185 6A010000 		.4byte	0x16a
 380 0189 05       		.uleb128 0x5
 381 018a 4E010000 		.4byte	0x14e
 382 018e 05       		.uleb128 0x5
 383 018f 6A010000 		.4byte	0x16a
 384 0193 05       		.uleb128 0x5
 385 0194 4E010000 		.4byte	0x14e
 386 0198 05       		.uleb128 0x5
 387 0199 6A010000 		.4byte	0x16a
 388 019d 05       		.uleb128 0x5
 389 019e 4E010000 		.4byte	0x14e
 390 01a2 0A       		.uleb128 0xa
 391 01a3 8F000000 		.4byte	0x8f
 392 01a7 B2010000 		.4byte	0x1b2
 393 01ab 0B       		.uleb128 0xb
 394 01ac 5E010000 		.4byte	0x15e
 395 01b0 37       		.byte	0x37
 396 01b1 00       		.byte	0
 397 01b2 05       		.uleb128 0x5
 398 01b3 A2010000 		.4byte	0x1a2
 399 01b7 0A       		.uleb128 0xa
ARM GAS  /var/folders/6q/x_mk5n_j3p7_c40r_2k_78980000gn/T//cczYb9sq.s 			page 8


 400 01b8 8F000000 		.4byte	0x8f
 401 01bc C7010000 		.4byte	0x1c7
 402 01c0 0B       		.uleb128 0xb
 403 01c1 5E010000 		.4byte	0x15e
 404 01c5 3B       		.byte	0x3b
 405 01c6 00       		.byte	0
 406 01c7 05       		.uleb128 0x5
 407 01c8 B7010000 		.4byte	0x1b7
 408 01cc 0A       		.uleb128 0xa
 409 01cd 8F000000 		.4byte	0x8f
 410 01d1 DD010000 		.4byte	0x1dd
 411 01d5 0C       		.uleb128 0xc
 412 01d6 5E010000 		.4byte	0x15e
 413 01da 8302     		.2byte	0x283
 414 01dc 00       		.byte	0
 415 01dd 05       		.uleb128 0x5
 416 01de CC010000 		.4byte	0x1cc
 417 01e2 04       		.uleb128 0x4
 418 01e3 27000000 		.4byte	.LASF27
 419 01e7 04       		.byte	0x4
 420 01e8 78       		.byte	0x78
 421 01e9 9F000000 		.4byte	0x9f
 422 01ed 0D       		.uleb128 0xd
 423 01ee 8C       		.byte	0x8c
 424 01ef 04       		.byte	0x4
 425 01f0 89       		.byte	0x89
 426 01f1 F2020000 		.4byte	0x2f2
 427 01f5 07       		.uleb128 0x7
 428 01f6 0E020000 		.4byte	.LASF28
 429 01fa 04       		.byte	0x4
 430 01fb 8A       		.byte	0x8a
 431 01fc 8F000000 		.4byte	0x8f
 432 0200 00       		.byte	0
 433 0201 07       		.uleb128 0x7
 434 0202 FD000000 		.4byte	.LASF29
 435 0206 04       		.byte	0x4
 436 0207 8B       		.byte	0x8b
 437 0208 8F000000 		.4byte	0x8f
 438 020c 04       		.byte	0x4
 439 020d 07       		.uleb128 0x7
 440 020e 30000000 		.4byte	.LASF30
 441 0212 04       		.byte	0x4
 442 0213 8C       		.byte	0x8c
 443 0214 8F000000 		.4byte	0x8f
 444 0218 08       		.byte	0x8
 445 0219 07       		.uleb128 0x7
 446 021a 0A010000 		.4byte	.LASF31
 447 021e 04       		.byte	0x4
 448 021f 8D       		.byte	0x8d
 449 0220 8F000000 		.4byte	0x8f
 450 0224 0C       		.byte	0xc
 451 0225 0E       		.uleb128 0xe
 452 0226 53435200 		.ascii	"SCR\000"
 453 022a 04       		.byte	0x4
 454 022b 8E       		.byte	0x8e
 455 022c 8F000000 		.4byte	0x8f
 456 0230 10       		.byte	0x10
ARM GAS  /var/folders/6q/x_mk5n_j3p7_c40r_2k_78980000gn/T//cczYb9sq.s 			page 9


 457 0231 0E       		.uleb128 0xe
 458 0232 43435200 		.ascii	"CCR\000"
 459 0236 04       		.byte	0x4
 460 0237 8F       		.byte	0x8f
 461 0238 8F000000 		.4byte	0x8f
 462 023c 14       		.byte	0x14
 463 023d 07       		.uleb128 0x7
 464 023e 63020000 		.4byte	.LASF32
 465 0242 04       		.byte	0x4
 466 0243 90       		.byte	0x90
 467 0244 02030000 		.4byte	0x302
 468 0248 18       		.byte	0x18
 469 0249 07       		.uleb128 0x7
 470 024a 4B020000 		.4byte	.LASF33
 471 024e 04       		.byte	0x4
 472 024f 91       		.byte	0x91
 473 0250 8F000000 		.4byte	0x8f
 474 0254 24       		.byte	0x24
 475 0255 07       		.uleb128 0x7
 476 0256 9D000000 		.4byte	.LASF34
 477 025a 04       		.byte	0x4
 478 025b 92       		.byte	0x92
 479 025c 8F000000 		.4byte	0x8f
 480 0260 28       		.byte	0x28
 481 0261 07       		.uleb128 0x7
 482 0262 A2000000 		.4byte	.LASF35
 483 0266 04       		.byte	0x4
 484 0267 93       		.byte	0x93
 485 0268 8F000000 		.4byte	0x8f
 486 026c 2C       		.byte	0x2c
 487 026d 07       		.uleb128 0x7
 488 026e E1000000 		.4byte	.LASF36
 489 0272 04       		.byte	0x4
 490 0273 94       		.byte	0x94
 491 0274 8F000000 		.4byte	0x8f
 492 0278 30       		.byte	0x30
 493 0279 07       		.uleb128 0x7
 494 027a 45020000 		.4byte	.LASF37
 495 027e 04       		.byte	0x4
 496 027f 95       		.byte	0x95
 497 0280 8F000000 		.4byte	0x8f
 498 0284 34       		.byte	0x34
 499 0285 07       		.uleb128 0x7
 500 0286 10010000 		.4byte	.LASF38
 501 028a 04       		.byte	0x4
 502 028b 96       		.byte	0x96
 503 028c 8F000000 		.4byte	0x8f
 504 0290 38       		.byte	0x38
 505 0291 07       		.uleb128 0x7
 506 0292 40020000 		.4byte	.LASF39
 507 0296 04       		.byte	0x4
 508 0297 97       		.byte	0x97
 509 0298 8F000000 		.4byte	0x8f
 510 029c 3C       		.byte	0x3c
 511 029d 0E       		.uleb128 0xe
 512 029e 50465200 		.ascii	"PFR\000"
 513 02a2 04       		.byte	0x4
ARM GAS  /var/folders/6q/x_mk5n_j3p7_c40r_2k_78980000gn/T//cczYb9sq.s 			page 10


 514 02a3 98       		.byte	0x98
 515 02a4 17030000 		.4byte	0x317
 516 02a8 40       		.byte	0x40
 517 02a9 0E       		.uleb128 0xe
 518 02aa 44465200 		.ascii	"DFR\000"
 519 02ae 04       		.byte	0x4
 520 02af 99       		.byte	0x99
 521 02b0 8F000000 		.4byte	0x8f
 522 02b4 48       		.byte	0x48
 523 02b5 0E       		.uleb128 0xe
 524 02b6 41445200 		.ascii	"ADR\000"
 525 02ba 04       		.byte	0x4
 526 02bb 9A       		.byte	0x9a
 527 02bc 8F000000 		.4byte	0x8f
 528 02c0 4C       		.byte	0x4c
 529 02c1 07       		.uleb128 0x7
 530 02c2 0A000000 		.4byte	.LASF40
 531 02c6 04       		.byte	0x4
 532 02c7 9B       		.byte	0x9b
 533 02c8 2C030000 		.4byte	0x32c
 534 02cc 50       		.byte	0x50
 535 02cd 0E       		.uleb128 0xe
 536 02ce 53415200 		.ascii	"SAR\000"
 537 02d2 04       		.byte	0x4
 538 02d3 9C       		.byte	0x9c
 539 02d4 41030000 		.4byte	0x341
 540 02d8 60       		.byte	0x60
 541 02d9 07       		.uleb128 0x7
 542 02da 5A000000 		.4byte	.LASF15
 543 02de 04       		.byte	0x4
 544 02df 9D       		.byte	0x9d
 545 02e0 46030000 		.4byte	0x346
 546 02e4 74       		.byte	0x74
 547 02e5 07       		.uleb128 0x7
 548 02e6 B9000000 		.4byte	.LASF41
 549 02ea 04       		.byte	0x4
 550 02eb 9E       		.byte	0x9e
 551 02ec 8F000000 		.4byte	0x8f
 552 02f0 88       		.byte	0x88
 553 02f1 00       		.byte	0
 554 02f2 0A       		.uleb128 0xa
 555 02f3 8F000000 		.4byte	0x8f
 556 02f7 02030000 		.4byte	0x302
 557 02fb 0B       		.uleb128 0xb
 558 02fc 5E010000 		.4byte	0x15e
 559 0300 02       		.byte	0x2
 560 0301 00       		.byte	0
 561 0302 05       		.uleb128 0x5
 562 0303 F2020000 		.4byte	0x2f2
 563 0307 0A       		.uleb128 0xa
 564 0308 8F000000 		.4byte	0x8f
 565 030c 17030000 		.4byte	0x317
 566 0310 0B       		.uleb128 0xb
 567 0311 5E010000 		.4byte	0x15e
 568 0315 01       		.byte	0x1
 569 0316 00       		.byte	0
 570 0317 05       		.uleb128 0x5
ARM GAS  /var/folders/6q/x_mk5n_j3p7_c40r_2k_78980000gn/T//cczYb9sq.s 			page 11


 571 0318 07030000 		.4byte	0x307
 572 031c 0A       		.uleb128 0xa
 573 031d 8F000000 		.4byte	0x8f
 574 0321 2C030000 		.4byte	0x32c
 575 0325 0B       		.uleb128 0xb
 576 0326 5E010000 		.4byte	0x15e
 577 032a 03       		.byte	0x3
 578 032b 00       		.byte	0
 579 032c 05       		.uleb128 0x5
 580 032d 1C030000 		.4byte	0x31c
 581 0331 0A       		.uleb128 0xa
 582 0332 8F000000 		.4byte	0x8f
 583 0336 41030000 		.4byte	0x341
 584 033a 0B       		.uleb128 0xb
 585 033b 5E010000 		.4byte	0x15e
 586 033f 04       		.byte	0x4
 587 0340 00       		.byte	0
 588 0341 05       		.uleb128 0x5
 589 0342 31030000 		.4byte	0x331
 590 0346 05       		.uleb128 0x5
 591 0347 31030000 		.4byte	0x331
 592 034b 04       		.uleb128 0x4
 593 034c 02010000 		.4byte	.LASF42
 594 0350 04       		.byte	0x4
 595 0351 9F       		.byte	0x9f
 596 0352 ED010000 		.4byte	0x1ed
 597 0356 03       		.uleb128 0x3
 598 0357 01       		.byte	0x1
 599 0358 08       		.byte	0x8
 600 0359 14020000 		.4byte	.LASF43
 601 035d 0F       		.uleb128 0xf
 602 035e CB020000 		.4byte	.LASF45
 603 0362 01       		.byte	0x1
 604 0363 2E       		.byte	0x2e
 605 0364 00000000 		.4byte	.LFB7
 606 0368 48000000 		.4byte	.LFE7-.LFB7
 607 036c 01       		.uleb128 0x1
 608 036d 9C       		.byte	0x9c
 609 036e 9D030000 		.4byte	0x39d
 610 0372 10       		.uleb128 0x10
 611 0373 6E00     		.ascii	"n\000"
 612 0375 01       		.byte	0x1
 613 0376 2E       		.byte	0x2e
 614 0377 7D000000 		.4byte	0x7d
 615 037b 00000000 		.4byte	.LLST0
 616 037f 11       		.uleb128 0x11
 617 0380 00000000 		.4byte	.LASF44
 618 0384 01       		.byte	0x1
 619 0385 2E       		.byte	0x2e
 620 0386 7D000000 		.4byte	0x7d
 621 038a 21000000 		.4byte	.LLST1
 622 038e 12       		.uleb128 0x12
 623 038f 736800   		.ascii	"sh\000"
 624 0392 01       		.byte	0x1
 625 0393 2F       		.byte	0x2f
 626 0394 2C000000 		.4byte	0x2c
 627 0398 42000000 		.4byte	.LLST2
ARM GAS  /var/folders/6q/x_mk5n_j3p7_c40r_2k_78980000gn/T//cczYb9sq.s 			page 12


 628 039c 00       		.byte	0
 629 039d 0F       		.uleb128 0xf
 630 039e 15000000 		.4byte	.LASF46
 631 03a2 01       		.byte	0x1
 632 03a3 3C       		.byte	0x3c
 633 03a4 00000000 		.4byte	.LFB8
 634 03a8 40000000 		.4byte	.LFE8-.LFB8
 635 03ac 01       		.uleb128 0x1
 636 03ad 9C       		.byte	0x9c
 637 03ae CE030000 		.4byte	0x3ce
 638 03b2 10       		.uleb128 0x10
 639 03b3 6E00     		.ascii	"n\000"
 640 03b5 01       		.byte	0x1
 641 03b6 3C       		.byte	0x3c
 642 03b7 7D000000 		.4byte	0x7d
 643 03bb 78000000 		.4byte	.LLST3
 644 03bf 12       		.uleb128 0x12
 645 03c0 736800   		.ascii	"sh\000"
 646 03c3 01       		.byte	0x1
 647 03c4 3D       		.byte	0x3d
 648 03c5 2C000000 		.4byte	0x2c
 649 03c9 99000000 		.4byte	.LLST4
 650 03cd 00       		.byte	0
 651 03ce 13       		.uleb128 0x13
 652 03cf A9020000 		.4byte	.LASF51
 653 03d3 01       		.byte	0x1
 654 03d4 4A       		.byte	0x4a
 655 03d5 00000000 		.4byte	.LFB9
 656 03d9 28000000 		.4byte	.LFE9-.LFB9
 657 03dd 01       		.uleb128 0x1
 658 03de 9C       		.byte	0x9c
 659 03df 11       		.uleb128 0x11
 660 03e0 EF010000 		.4byte	.LASF47
 661 03e4 01       		.byte	0x1
 662 03e5 4A       		.byte	0x4a
 663 03e6 7D000000 		.4byte	0x7d
 664 03ea E1000000 		.4byte	.LLST5
 665 03ee 11       		.uleb128 0x11
 666 03ef 00000000 		.4byte	.LASF44
 667 03f3 01       		.byte	0x1
 668 03f4 4A       		.byte	0x4a
 669 03f5 7D000000 		.4byte	0x7d
 670 03f9 02010000 		.4byte	.LLST6
 671 03fd 12       		.uleb128 0x12
 672 03fe 736800   		.ascii	"sh\000"
 673 0401 01       		.byte	0x1
 674 0402 4B       		.byte	0x4b
 675 0403 2C000000 		.4byte	0x2c
 676 0407 23010000 		.4byte	.LLST7
 677 040b 00       		.byte	0
 678 040c 00       		.byte	0
 679              		.section	.debug_abbrev,"",%progbits
 680              	.Ldebug_abbrev0:
 681 0000 01       		.uleb128 0x1
 682 0001 11       		.uleb128 0x11
 683 0002 01       		.byte	0x1
 684 0003 25       		.uleb128 0x25
ARM GAS  /var/folders/6q/x_mk5n_j3p7_c40r_2k_78980000gn/T//cczYb9sq.s 			page 13


 685 0004 0E       		.uleb128 0xe
 686 0005 13       		.uleb128 0x13
 687 0006 0B       		.uleb128 0xb
 688 0007 03       		.uleb128 0x3
 689 0008 0E       		.uleb128 0xe
 690 0009 1B       		.uleb128 0x1b
 691 000a 0E       		.uleb128 0xe
 692 000b 55       		.uleb128 0x55
 693 000c 17       		.uleb128 0x17
 694 000d 11       		.uleb128 0x11
 695 000e 01       		.uleb128 0x1
 696 000f 10       		.uleb128 0x10
 697 0010 17       		.uleb128 0x17
 698 0011 00       		.byte	0
 699 0012 00       		.byte	0
 700 0013 02       		.uleb128 0x2
 701 0014 24       		.uleb128 0x24
 702 0015 00       		.byte	0
 703 0016 0B       		.uleb128 0xb
 704 0017 0B       		.uleb128 0xb
 705 0018 3E       		.uleb128 0x3e
 706 0019 0B       		.uleb128 0xb
 707 001a 03       		.uleb128 0x3
 708 001b 08       		.uleb128 0x8
 709 001c 00       		.byte	0
 710 001d 00       		.byte	0
 711 001e 03       		.uleb128 0x3
 712 001f 24       		.uleb128 0x24
 713 0020 00       		.byte	0
 714 0021 0B       		.uleb128 0xb
 715 0022 0B       		.uleb128 0xb
 716 0023 3E       		.uleb128 0x3e
 717 0024 0B       		.uleb128 0xb
 718 0025 03       		.uleb128 0x3
 719 0026 0E       		.uleb128 0xe
 720 0027 00       		.byte	0
 721 0028 00       		.byte	0
 722 0029 04       		.uleb128 0x4
 723 002a 16       		.uleb128 0x16
 724 002b 00       		.byte	0
 725 002c 03       		.uleb128 0x3
 726 002d 0E       		.uleb128 0xe
 727 002e 3A       		.uleb128 0x3a
 728 002f 0B       		.uleb128 0xb
 729 0030 3B       		.uleb128 0x3b
 730 0031 0B       		.uleb128 0xb
 731 0032 49       		.uleb128 0x49
 732 0033 13       		.uleb128 0x13
 733 0034 00       		.byte	0
 734 0035 00       		.byte	0
 735 0036 05       		.uleb128 0x5
 736 0037 35       		.uleb128 0x35
 737 0038 00       		.byte	0
 738 0039 49       		.uleb128 0x49
 739 003a 13       		.uleb128 0x13
 740 003b 00       		.byte	0
 741 003c 00       		.byte	0
ARM GAS  /var/folders/6q/x_mk5n_j3p7_c40r_2k_78980000gn/T//cczYb9sq.s 			page 14


 742 003d 06       		.uleb128 0x6
 743 003e 13       		.uleb128 0x13
 744 003f 01       		.byte	0x1
 745 0040 0B       		.uleb128 0xb
 746 0041 05       		.uleb128 0x5
 747 0042 3A       		.uleb128 0x3a
 748 0043 0B       		.uleb128 0xb
 749 0044 3B       		.uleb128 0x3b
 750 0045 0B       		.uleb128 0xb
 751 0046 01       		.uleb128 0x1
 752 0047 13       		.uleb128 0x13
 753 0048 00       		.byte	0
 754 0049 00       		.byte	0
 755 004a 07       		.uleb128 0x7
 756 004b 0D       		.uleb128 0xd
 757 004c 00       		.byte	0
 758 004d 03       		.uleb128 0x3
 759 004e 0E       		.uleb128 0xe
 760 004f 3A       		.uleb128 0x3a
 761 0050 0B       		.uleb128 0xb
 762 0051 3B       		.uleb128 0x3b
 763 0052 0B       		.uleb128 0xb
 764 0053 49       		.uleb128 0x49
 765 0054 13       		.uleb128 0x13
 766 0055 38       		.uleb128 0x38
 767 0056 0B       		.uleb128 0xb
 768 0057 00       		.byte	0
 769 0058 00       		.byte	0
 770 0059 08       		.uleb128 0x8
 771 005a 0D       		.uleb128 0xd
 772 005b 00       		.byte	0
 773 005c 03       		.uleb128 0x3
 774 005d 0E       		.uleb128 0xe
 775 005e 3A       		.uleb128 0x3a
 776 005f 0B       		.uleb128 0xb
 777 0060 3B       		.uleb128 0x3b
 778 0061 0B       		.uleb128 0xb
 779 0062 49       		.uleb128 0x49
 780 0063 13       		.uleb128 0x13
 781 0064 38       		.uleb128 0x38
 782 0065 05       		.uleb128 0x5
 783 0066 00       		.byte	0
 784 0067 00       		.byte	0
 785 0068 09       		.uleb128 0x9
 786 0069 0D       		.uleb128 0xd
 787 006a 00       		.byte	0
 788 006b 03       		.uleb128 0x3
 789 006c 08       		.uleb128 0x8
 790 006d 3A       		.uleb128 0x3a
 791 006e 0B       		.uleb128 0xb
 792 006f 3B       		.uleb128 0x3b
 793 0070 0B       		.uleb128 0xb
 794 0071 49       		.uleb128 0x49
 795 0072 13       		.uleb128 0x13
 796 0073 38       		.uleb128 0x38
 797 0074 05       		.uleb128 0x5
 798 0075 00       		.byte	0
ARM GAS  /var/folders/6q/x_mk5n_j3p7_c40r_2k_78980000gn/T//cczYb9sq.s 			page 15


 799 0076 00       		.byte	0
 800 0077 0A       		.uleb128 0xa
 801 0078 01       		.uleb128 0x1
 802 0079 01       		.byte	0x1
 803 007a 49       		.uleb128 0x49
 804 007b 13       		.uleb128 0x13
 805 007c 01       		.uleb128 0x1
 806 007d 13       		.uleb128 0x13
 807 007e 00       		.byte	0
 808 007f 00       		.byte	0
 809 0080 0B       		.uleb128 0xb
 810 0081 21       		.uleb128 0x21
 811 0082 00       		.byte	0
 812 0083 49       		.uleb128 0x49
 813 0084 13       		.uleb128 0x13
 814 0085 2F       		.uleb128 0x2f
 815 0086 0B       		.uleb128 0xb
 816 0087 00       		.byte	0
 817 0088 00       		.byte	0
 818 0089 0C       		.uleb128 0xc
 819 008a 21       		.uleb128 0x21
 820 008b 00       		.byte	0
 821 008c 49       		.uleb128 0x49
 822 008d 13       		.uleb128 0x13
 823 008e 2F       		.uleb128 0x2f
 824 008f 05       		.uleb128 0x5
 825 0090 00       		.byte	0
 826 0091 00       		.byte	0
 827 0092 0D       		.uleb128 0xd
 828 0093 13       		.uleb128 0x13
 829 0094 01       		.byte	0x1
 830 0095 0B       		.uleb128 0xb
 831 0096 0B       		.uleb128 0xb
 832 0097 3A       		.uleb128 0x3a
 833 0098 0B       		.uleb128 0xb
 834 0099 3B       		.uleb128 0x3b
 835 009a 0B       		.uleb128 0xb
 836 009b 01       		.uleb128 0x1
 837 009c 13       		.uleb128 0x13
 838 009d 00       		.byte	0
 839 009e 00       		.byte	0
 840 009f 0E       		.uleb128 0xe
 841 00a0 0D       		.uleb128 0xd
 842 00a1 00       		.byte	0
 843 00a2 03       		.uleb128 0x3
 844 00a3 08       		.uleb128 0x8
 845 00a4 3A       		.uleb128 0x3a
 846 00a5 0B       		.uleb128 0xb
 847 00a6 3B       		.uleb128 0x3b
 848 00a7 0B       		.uleb128 0xb
 849 00a8 49       		.uleb128 0x49
 850 00a9 13       		.uleb128 0x13
 851 00aa 38       		.uleb128 0x38
 852 00ab 0B       		.uleb128 0xb
 853 00ac 00       		.byte	0
 854 00ad 00       		.byte	0
 855 00ae 0F       		.uleb128 0xf
ARM GAS  /var/folders/6q/x_mk5n_j3p7_c40r_2k_78980000gn/T//cczYb9sq.s 			page 16


 856 00af 2E       		.uleb128 0x2e
 857 00b0 01       		.byte	0x1
 858 00b1 3F       		.uleb128 0x3f
 859 00b2 19       		.uleb128 0x19
 860 00b3 03       		.uleb128 0x3
 861 00b4 0E       		.uleb128 0xe
 862 00b5 3A       		.uleb128 0x3a
 863 00b6 0B       		.uleb128 0xb
 864 00b7 3B       		.uleb128 0x3b
 865 00b8 0B       		.uleb128 0xb
 866 00b9 27       		.uleb128 0x27
 867 00ba 19       		.uleb128 0x19
 868 00bb 11       		.uleb128 0x11
 869 00bc 01       		.uleb128 0x1
 870 00bd 12       		.uleb128 0x12
 871 00be 06       		.uleb128 0x6
 872 00bf 40       		.uleb128 0x40
 873 00c0 18       		.uleb128 0x18
 874 00c1 9742     		.uleb128 0x2117
 875 00c3 19       		.uleb128 0x19
 876 00c4 01       		.uleb128 0x1
 877 00c5 13       		.uleb128 0x13
 878 00c6 00       		.byte	0
 879 00c7 00       		.byte	0
 880 00c8 10       		.uleb128 0x10
 881 00c9 05       		.uleb128 0x5
 882 00ca 00       		.byte	0
 883 00cb 03       		.uleb128 0x3
 884 00cc 08       		.uleb128 0x8
 885 00cd 3A       		.uleb128 0x3a
 886 00ce 0B       		.uleb128 0xb
 887 00cf 3B       		.uleb128 0x3b
 888 00d0 0B       		.uleb128 0xb
 889 00d1 49       		.uleb128 0x49
 890 00d2 13       		.uleb128 0x13
 891 00d3 02       		.uleb128 0x2
 892 00d4 17       		.uleb128 0x17
 893 00d5 00       		.byte	0
 894 00d6 00       		.byte	0
 895 00d7 11       		.uleb128 0x11
 896 00d8 05       		.uleb128 0x5
 897 00d9 00       		.byte	0
 898 00da 03       		.uleb128 0x3
 899 00db 0E       		.uleb128 0xe
 900 00dc 3A       		.uleb128 0x3a
 901 00dd 0B       		.uleb128 0xb
 902 00de 3B       		.uleb128 0x3b
 903 00df 0B       		.uleb128 0xb
 904 00e0 49       		.uleb128 0x49
 905 00e1 13       		.uleb128 0x13
 906 00e2 02       		.uleb128 0x2
 907 00e3 17       		.uleb128 0x17
 908 00e4 00       		.byte	0
 909 00e5 00       		.byte	0
 910 00e6 12       		.uleb128 0x12
 911 00e7 34       		.uleb128 0x34
 912 00e8 00       		.byte	0
ARM GAS  /var/folders/6q/x_mk5n_j3p7_c40r_2k_78980000gn/T//cczYb9sq.s 			page 17


 913 00e9 03       		.uleb128 0x3
 914 00ea 08       		.uleb128 0x8
 915 00eb 3A       		.uleb128 0x3a
 916 00ec 0B       		.uleb128 0xb
 917 00ed 3B       		.uleb128 0x3b
 918 00ee 0B       		.uleb128 0xb
 919 00ef 49       		.uleb128 0x49
 920 00f0 13       		.uleb128 0x13
 921 00f1 02       		.uleb128 0x2
 922 00f2 17       		.uleb128 0x17
 923 00f3 00       		.byte	0
 924 00f4 00       		.byte	0
 925 00f5 13       		.uleb128 0x13
 926 00f6 2E       		.uleb128 0x2e
 927 00f7 01       		.byte	0x1
 928 00f8 3F       		.uleb128 0x3f
 929 00f9 19       		.uleb128 0x19
 930 00fa 03       		.uleb128 0x3
 931 00fb 0E       		.uleb128 0xe
 932 00fc 3A       		.uleb128 0x3a
 933 00fd 0B       		.uleb128 0xb
 934 00fe 3B       		.uleb128 0x3b
 935 00ff 0B       		.uleb128 0xb
 936 0100 27       		.uleb128 0x27
 937 0101 19       		.uleb128 0x19
 938 0102 11       		.uleb128 0x11
 939 0103 01       		.uleb128 0x1
 940 0104 12       		.uleb128 0x12
 941 0105 06       		.uleb128 0x6
 942 0106 40       		.uleb128 0x40
 943 0107 18       		.uleb128 0x18
 944 0108 9742     		.uleb128 0x2117
 945 010a 19       		.uleb128 0x19
 946 010b 00       		.byte	0
 947 010c 00       		.byte	0
 948 010d 00       		.byte	0
 949              		.section	.debug_loc,"",%progbits
 950              	.Ldebug_loc0:
 951              	.LLST0:
 952 0000 00000000 		.4byte	.LVL0
 953 0004 2E000000 		.4byte	.LVL4
 954 0008 0100     		.2byte	0x1
 955 000a 50       		.byte	0x50
 956 000b 2E000000 		.4byte	.LVL4
 957 000f 48000000 		.4byte	.LFE7
 958 0013 0400     		.2byte	0x4
 959 0015 F3       		.byte	0xf3
 960 0016 01       		.uleb128 0x1
 961 0017 50       		.byte	0x50
 962 0018 9F       		.byte	0x9f
 963 0019 00000000 		.4byte	0
 964 001d 00000000 		.4byte	0
 965              	.LLST1:
 966 0021 00000000 		.4byte	.LVL0
 967 0025 22000000 		.4byte	.LVL2
 968 0029 0100     		.2byte	0x1
 969 002b 51       		.byte	0x51
ARM GAS  /var/folders/6q/x_mk5n_j3p7_c40r_2k_78980000gn/T//cczYb9sq.s 			page 18


 970 002c 22000000 		.4byte	.LVL2
 971 0030 48000000 		.4byte	.LFE7
 972 0034 0400     		.2byte	0x4
 973 0036 F3       		.byte	0xf3
 974 0037 01       		.uleb128 0x1
 975 0038 51       		.byte	0x51
 976 0039 9F       		.byte	0x9f
 977 003a 00000000 		.4byte	0
 978 003e 00000000 		.4byte	0
 979              	.LLST2:
 980 0042 18000000 		.4byte	.LVL1
 981 0046 2A000000 		.4byte	.LVL3
 982 004a 0100     		.2byte	0x1
 983 004c 52       		.byte	0x52
 984 004d 2A000000 		.4byte	.LVL3
 985 0051 2E000000 		.4byte	.LVL4
 986 0055 0700     		.2byte	0x7
 987 0057 70       		.byte	0x70
 988 0058 00       		.sleb128 0
 989 0059 33       		.byte	0x33
 990 005a 24       		.byte	0x24
 991 005b 48       		.byte	0x48
 992 005c 1A       		.byte	0x1a
 993 005d 9F       		.byte	0x9f
 994 005e 2E000000 		.4byte	.LVL4
 995 0062 48000000 		.4byte	.LFE7
 996 0066 0800     		.2byte	0x8
 997 0068 F3       		.byte	0xf3
 998 0069 01       		.uleb128 0x1
 999 006a 50       		.byte	0x50
 1000 006b 33       		.byte	0x33
 1001 006c 24       		.byte	0x24
 1002 006d 48       		.byte	0x48
 1003 006e 1A       		.byte	0x1a
 1004 006f 9F       		.byte	0x9f
 1005 0070 00000000 		.4byte	0
 1006 0074 00000000 		.4byte	0
 1007              	.LLST3:
 1008 0078 00000000 		.4byte	.LVL5
 1009 007c 22000000 		.4byte	.LVL6
 1010 0080 0100     		.2byte	0x1
 1011 0082 50       		.byte	0x50
 1012 0083 22000000 		.4byte	.LVL6
 1013 0087 40000000 		.4byte	.LFE8
 1014 008b 0400     		.2byte	0x4
 1015 008d F3       		.byte	0xf3
 1016 008e 01       		.uleb128 0x1
 1017 008f 50       		.byte	0x50
 1018 0090 9F       		.byte	0x9f
 1019 0091 00000000 		.4byte	0
 1020 0095 00000000 		.4byte	0
 1021              	.LLST4:
 1022 0099 00000000 		.4byte	.LVL5
 1023 009d 22000000 		.4byte	.LVL6
 1024 00a1 0700     		.2byte	0x7
 1025 00a3 70       		.byte	0x70
 1026 00a4 00       		.sleb128 0
ARM GAS  /var/folders/6q/x_mk5n_j3p7_c40r_2k_78980000gn/T//cczYb9sq.s 			page 19


 1027 00a5 33       		.byte	0x33
 1028 00a6 24       		.byte	0x24
 1029 00a7 48       		.byte	0x48
 1030 00a8 1A       		.byte	0x1a
 1031 00a9 9F       		.byte	0x9f
 1032 00aa 22000000 		.4byte	.LVL6
 1033 00ae 2A000000 		.4byte	.LVL7
 1034 00b2 0800     		.2byte	0x8
 1035 00b4 F3       		.byte	0xf3
 1036 00b5 01       		.uleb128 0x1
 1037 00b6 50       		.byte	0x50
 1038 00b7 33       		.byte	0x33
 1039 00b8 24       		.byte	0x24
 1040 00b9 48       		.byte	0x48
 1041 00ba 1A       		.byte	0x1a
 1042 00bb 9F       		.byte	0x9f
 1043 00bc 2A000000 		.4byte	.LVL7
 1044 00c0 30000000 		.4byte	.LVL8
 1045 00c4 0100     		.2byte	0x1
 1046 00c6 50       		.byte	0x50
 1047 00c7 30000000 		.4byte	.LVL8
 1048 00cb 40000000 		.4byte	.LFE8
 1049 00cf 0800     		.2byte	0x8
 1050 00d1 F3       		.byte	0xf3
 1051 00d2 01       		.uleb128 0x1
 1052 00d3 50       		.byte	0x50
 1053 00d4 33       		.byte	0x33
 1054 00d5 24       		.byte	0x24
 1055 00d6 48       		.byte	0x48
 1056 00d7 1A       		.byte	0x1a
 1057 00d8 9F       		.byte	0x9f
 1058 00d9 00000000 		.4byte	0
 1059 00dd 00000000 		.4byte	0
 1060              	.LLST5:
 1061 00e1 00000000 		.4byte	.LVL9
 1062 00e5 10000000 		.4byte	.LVL10
 1063 00e9 0100     		.2byte	0x1
 1064 00eb 50       		.byte	0x50
 1065 00ec 10000000 		.4byte	.LVL10
 1066 00f0 28000000 		.4byte	.LFE9
 1067 00f4 0400     		.2byte	0x4
 1068 00f6 F3       		.byte	0xf3
 1069 00f7 01       		.uleb128 0x1
 1070 00f8 50       		.byte	0x50
 1071 00f9 9F       		.byte	0x9f
 1072 00fa 00000000 		.4byte	0
 1073 00fe 00000000 		.4byte	0
 1074              	.LLST6:
 1075 0102 00000000 		.4byte	.LVL9
 1076 0106 1C000000 		.4byte	.LVL12
 1077 010a 0100     		.2byte	0x1
 1078 010c 51       		.byte	0x51
 1079 010d 1C000000 		.4byte	.LVL12
 1080 0111 28000000 		.4byte	.LFE9
 1081 0115 0400     		.2byte	0x4
 1082 0117 F3       		.byte	0xf3
 1083 0118 01       		.uleb128 0x1
ARM GAS  /var/folders/6q/x_mk5n_j3p7_c40r_2k_78980000gn/T//cczYb9sq.s 			page 20


 1084 0119 51       		.byte	0x51
 1085 011a 9F       		.byte	0x9f
 1086 011b 00000000 		.4byte	0
 1087 011f 00000000 		.4byte	0
 1088              	.LLST7:
 1089 0123 14000000 		.4byte	.LVL11
 1090 0127 20000000 		.4byte	.LVL13
 1091 012b 0100     		.2byte	0x1
 1092 012d 50       		.byte	0x50
 1093 012e 20000000 		.4byte	.LVL13
 1094 0132 28000000 		.4byte	.LFE9
 1095 0136 0800     		.2byte	0x8
 1096 0138 F3       		.byte	0xf3
 1097 0139 01       		.uleb128 0x1
 1098 013a 50       		.byte	0x50
 1099 013b 33       		.byte	0x33
 1100 013c 1A       		.byte	0x1a
 1101 013d 33       		.byte	0x33
 1102 013e 24       		.byte	0x24
 1103 013f 9F       		.byte	0x9f
 1104 0140 00000000 		.4byte	0
 1105 0144 00000000 		.4byte	0
 1106              		.section	.debug_aranges,"",%progbits
 1107 0000 2C000000 		.4byte	0x2c
 1108 0004 0200     		.2byte	0x2
 1109 0006 00000000 		.4byte	.Ldebug_info0
 1110 000a 04       		.byte	0x4
 1111 000b 00       		.byte	0
 1112 000c 0000     		.2byte	0
 1113 000e 0000     		.2byte	0
 1114 0010 00000000 		.4byte	.LFB7
 1115 0014 48000000 		.4byte	.LFE7-.LFB7
 1116 0018 00000000 		.4byte	.LFB8
 1117 001c 40000000 		.4byte	.LFE8-.LFB8
 1118 0020 00000000 		.4byte	.LFB9
 1119 0024 28000000 		.4byte	.LFE9-.LFB9
 1120 0028 00000000 		.4byte	0
 1121 002c 00000000 		.4byte	0
 1122              		.section	.debug_ranges,"",%progbits
 1123              	.Ldebug_ranges0:
 1124 0000 00000000 		.4byte	.LFB7
 1125 0004 48000000 		.4byte	.LFE7
 1126 0008 00000000 		.4byte	.LFB8
 1127 000c 40000000 		.4byte	.LFE8
 1128 0010 00000000 		.4byte	.LFB9
 1129 0014 28000000 		.4byte	.LFE9
 1130 0018 00000000 		.4byte	0
 1131 001c 00000000 		.4byte	0
 1132              		.section	.debug_line,"",%progbits
 1133              	.Ldebug_line0:
 1134 0000 5C010000 		.section	.debug_str,"MS",%progbits,1
 1134      02001401 
 1134      00000201 
 1134      FB0E0D00 
 1134      01010101 
 1135              	.LASF44:
 1136 0000 7072696F 		.ascii	"prio\000"
ARM GAS  /var/folders/6q/x_mk5n_j3p7_c40r_2k_78980000gn/T//cczYb9sq.s 			page 21


 1136      00
 1137              	.LASF20:
 1138 0005 49435052 		.ascii	"ICPR\000"
 1138      00
 1139              	.LASF40:
 1140 000a 4D4D4652 		.ascii	"MMFR\000"
 1140      00
 1141              	.LASF12:
 1142 000f 5F426F6F 		.ascii	"_Bool\000"
 1142      6C00
 1143              	.LASF46:
 1144 0015 6E766963 		.ascii	"nvicDisableVector\000"
 1144      44697361 
 1144      626C6556 
 1144      6563746F 
 1144      7200
 1145              	.LASF27:
 1146 0027 434D785F 		.ascii	"CMx_NVIC\000"
 1146      4E564943 
 1146      00
 1147              	.LASF30:
 1148 0030 56544F52 		.ascii	"VTOR\000"
 1148      00
 1149              	.LASF5:
 1150 0035 73686F72 		.ascii	"short int\000"
 1150      7420696E 
 1150      7400
 1151              	.LASF16:
 1152 003f 49434552 		.ascii	"ICER\000"
 1152      00
 1153              	.LASF13:
 1154 0044 494F5245 		.ascii	"IOREG32\000"
 1154      47333200 
 1155              	.LASF4:
 1156 004c 756E7369 		.ascii	"unsigned char\000"
 1156      676E6564 
 1156      20636861 
 1156      7200
 1157              	.LASF15:
 1158 005a 756E7573 		.ascii	"unused1\000"
 1158      65643100 
 1159              	.LASF17:
 1160 0062 756E7573 		.ascii	"unused2\000"
 1160      65643200 
 1161              	.LASF19:
 1162 006a 756E7573 		.ascii	"unused3\000"
 1162      65643300 
 1163              	.LASF21:
 1164 0072 756E7573 		.ascii	"unused4\000"
 1164      65643400 
 1165              	.LASF23:
 1166 007a 756E7573 		.ascii	"unused5\000"
 1166      65643500 
 1167              	.LASF24:
 1168 0082 756E7573 		.ascii	"unused6\000"
 1168      65643600 
 1169              	.LASF6:
ARM GAS  /var/folders/6q/x_mk5n_j3p7_c40r_2k_78980000gn/T//cczYb9sq.s 			page 22


 1170 008a 73686F72 		.ascii	"short unsigned int\000"
 1170      7420756E 
 1170      7369676E 
 1170      65642069 
 1170      6E7400
 1171              	.LASF34:
 1172 009d 43465352 		.ascii	"CFSR\000"
 1172      00
 1173              	.LASF35:
 1174 00a2 48465352 		.ascii	"HFSR\000"
 1174      00
 1175              	.LASF8:
 1176 00a7 6C6F6E67 		.ascii	"long unsigned int\000"
 1176      20756E73 
 1176      69676E65 
 1176      6420696E 
 1176      7400
 1177              	.LASF41:
 1178 00b9 43504143 		.ascii	"CPACR\000"
 1178      5200
 1179              	.LASF25:
 1180 00bf 53544952 		.ascii	"STIR\000"
 1180      00
 1181              	.LASF10:
 1182 00c4 5F5F7569 		.ascii	"__uint32_t\000"
 1182      6E743332 
 1182      5F7400
 1183              	.LASF0:
 1184 00cf 756E7369 		.ascii	"unsigned int\000"
 1184      676E6564 
 1184      20696E74 
 1184      00
 1185              	.LASF18:
 1186 00dc 49535052 		.ascii	"ISPR\000"
 1186      00
 1187              	.LASF36:
 1188 00e1 44465352 		.ascii	"DFSR\000"
 1188      00
 1189              	.LASF9:
 1190 00e6 6C6F6E67 		.ascii	"long long unsigned int\000"
 1190      206C6F6E 
 1190      6720756E 
 1190      7369676E 
 1190      65642069 
 1191              	.LASF29:
 1192 00fd 49435352 		.ascii	"ICSR\000"
 1192      00
 1193              	.LASF42:
 1194 0102 434D785F 		.ascii	"CMx_SCB\000"
 1194      53434200 
 1195              	.LASF31:
 1196 010a 41495243 		.ascii	"AIRCR\000"
 1196      5200
 1197              	.LASF38:
 1198 0110 42464152 		.ascii	"BFAR\000"
 1198      00
 1199              	.LASF48:
ARM GAS  /var/folders/6q/x_mk5n_j3p7_c40r_2k_78980000gn/T//cczYb9sq.s 			page 23


 1200 0115 474E5520 		.ascii	"GNU C11 5.4.1 20160919 (release) [ARM/embedded-5-br"
 1200      43313120 
 1200      352E342E 
 1200      31203230 
 1200      31363039 
 1201 0148 616E6368 		.ascii	"anch revision 240496] -mcpu=cortex-m3 -mno-thumb-in"
 1201      20726576 
 1201      6973696F 
 1201      6E203234 
 1201      30343936 
 1202 017b 74657277 		.ascii	"terwork -mthumb -ggdb -O2 -fomit-frame-pointer -fal"
 1202      6F726B20 
 1202      2D6D7468 
 1202      756D6220 
 1202      2D676764 
 1203 01ae 69676E2D 		.ascii	"ign-functions=16 -ffunction-sections -fdata-section"
 1203      66756E63 
 1203      74696F6E 
 1203      733D3136 
 1203      202D6666 
 1204 01e1 73202D66 		.ascii	"s -fno-common\000"
 1204      6E6F2D63 
 1204      6F6D6D6F 
 1204      6E00
 1205              	.LASF47:
 1206 01ef 68616E64 		.ascii	"handler\000"
 1206      6C657200 
 1207              	.LASF26:
 1208 01f7 73697A65 		.ascii	"sizetype\000"
 1208      74797065 
 1208      00
 1209              	.LASF1:
 1210 0200 6C6F6E67 		.ascii	"long long int\000"
 1210      206C6F6E 
 1210      6720696E 
 1210      7400
 1211              	.LASF28:
 1212 020e 43505549 		.ascii	"CPUID\000"
 1212      4400
 1213              	.LASF43:
 1214 0214 63686172 		.ascii	"char\000"
 1214      00
 1215              	.LASF50:
 1216 0219 2F557365 		.ascii	"/Users/Luca/src/vexilla/src/teamA\000"
 1216      72732F4C 
 1216      7563612F 
 1216      7372632F 
 1216      76657869 
 1217              	.LASF14:
 1218 023b 49534552 		.ascii	"ISER\000"
 1218      00
 1219              	.LASF39:
 1220 0240 41465352 		.ascii	"AFSR\000"
 1220      00
 1221              	.LASF37:
 1222 0245 4D4D4641 		.ascii	"MMFAR\000"
 1222      5200
ARM GAS  /var/folders/6q/x_mk5n_j3p7_c40r_2k_78980000gn/T//cczYb9sq.s 			page 24


 1223              	.LASF33:
 1224 024b 53484353 		.ascii	"SHCSR\000"
 1224      5200
 1225              	.LASF11:
 1226 0251 75696E74 		.ascii	"uint32_t\000"
 1226      33325F74 
 1226      00
 1227              	.LASF7:
 1228 025a 6C6F6E67 		.ascii	"long int\000"
 1228      20696E74 
 1228      00
 1229              	.LASF32:
 1230 0263 53485052 		.ascii	"SHPR\000"
 1230      00
 1231              	.LASF2:
 1232 0268 6C6F6E67 		.ascii	"long double\000"
 1232      20646F75 
 1232      626C6500 
 1233              	.LASF3:
 1234 0274 7369676E 		.ascii	"signed char\000"
 1234      65642063 
 1234      68617200 
 1235              	.LASF49:
 1236 0280 2E2E2F43 		.ascii	"../ChibiOS/os/ports/common/ARMCMx/nvic.c\000"
 1236      68696269 
 1236      4F532F6F 
 1236      732F706F 
 1236      7274732F 
 1237              	.LASF51:
 1238 02a9 6E766963 		.ascii	"nvicSetSystemHandlerPriority\000"
 1238      53657453 
 1238      79737465 
 1238      6D48616E 
 1238      646C6572 
 1239              	.LASF22:
 1240 02c6 49414252 		.ascii	"IABR\000"
 1240      00
 1241              	.LASF45:
 1242 02cb 6E766963 		.ascii	"nvicEnableVector\000"
 1242      456E6162 
 1242      6C655665 
 1242      63746F72 
 1242      00
 1243              		.ident	"GCC: (GNU Tools for ARM Embedded Processors) 5.4.1 20160919 (release) [ARM/embedded-5-bran
ARM GAS  /var/folders/6q/x_mk5n_j3p7_c40r_2k_78980000gn/T//cczYb9sq.s 			page 25


DEFINED SYMBOLS
                            *ABS*:0000000000000000 nvic.c
/var/folders/6q/x_mk5n_j3p7_c40r_2k_78980000gn/T//cczYb9sq.s:20     .text.nvicEnableVector:0000000000000000 $t
/var/folders/6q/x_mk5n_j3p7_c40r_2k_78980000gn/T//cczYb9sq.s:26     .text.nvicEnableVector:0000000000000000 nvicEnableVector
/var/folders/6q/x_mk5n_j3p7_c40r_2k_78980000gn/T//cczYb9sq.s:85     .text.nvicDisableVector:0000000000000000 $t
/var/folders/6q/x_mk5n_j3p7_c40r_2k_78980000gn/T//cczYb9sq.s:91     .text.nvicDisableVector:0000000000000000 nvicDisableVector
/var/folders/6q/x_mk5n_j3p7_c40r_2k_78980000gn/T//cczYb9sq.s:134    .text.nvicDisableVector:000000000000003c $d
/var/folders/6q/x_mk5n_j3p7_c40r_2k_78980000gn/T//cczYb9sq.s:139    .text.nvicSetSystemHandlerPriority:0000000000000000 $t
/var/folders/6q/x_mk5n_j3p7_c40r_2k_78980000gn/T//cczYb9sq.s:145    .text.nvicSetSystemHandlerPriority:0000000000000000 nvicSetSystemHandlerPriority
                     .debug_frame:0000000000000010 $d

NO UNDEFINED SYMBOLS
