ARM GAS  /var/folders/6q/x_mk5n_j3p7_c40r_2k_78980000gn/T//cc4sEcYI.s 			page 1


   1              		.syntax unified
   2              		.cpu cortex-m3
   3              		.fpu softvfp
   4              		.eabi_attribute 20, 1
   5              		.eabi_attribute 21, 1
   6              		.eabi_attribute 23, 3
   7              		.eabi_attribute 24, 1
   8              		.eabi_attribute 25, 1
   9              		.eabi_attribute 26, 1
  10              		.eabi_attribute 30, 2
  11              		.eabi_attribute 34, 1
  12              		.eabi_attribute 18, 4
  13              		.thumb
  14              		.syntax unified
  15              		.file	"robotc_glue.c"
  16              		.text
  17              	.Ltext0:
  18              		.cfi_sections	.debug_frame
  19              		.section	.text.vexRobotcTask,"ax",%progbits
  20              		.align	2
  21              		.p2align 4,,15
  22              		.thumb
  23              		.thumb_func
  24              		.type	vexRobotcTask, %function
  25              	vexRobotcTask:
  26              	.LFB63:
  27              		.file 1 "../convex-vexilla/cortex/opt/robotc_glue.c"
  28              		.loc 1 84 0
  29              		.cfi_startproc
  30              		@ args = 0, pretend = 0, frame = 0
  31              		@ frame_needed = 0, uses_anonymous_args = 0
  32              	.LVL0:
  33              		.loc 1 86 0
  34 0000 48B1     		cbz	r0, .L4
  35              		.loc 1 84 0
  36 0002 10B5     		push	{r4, lr}
  37              		.cfi_def_cfa_offset 8
  38              		.cfi_offset 4, -8
  39              		.cfi_offset 14, -4
  40 0004 0446     		mov	r4, r0
  41              	.LVL1:
  42              	.LBB2:
  43              		.loc 1 90 0
  44 0006 0448     		ldr	r0, .L6
  45              	.LVL2:
  46 0008 FFF7FEFF 		bl	vexTaskRegister
  47              	.LVL3:
  48              		.loc 1 93 0
  49 000c 2346     		mov	r3, r4
  50              	.LBE2:
  51              		.loc 1 97 0
  52 000e BDE81040 		pop	{r4, lr}
  53              		.cfi_restore 14
  54              		.cfi_restore 4
  55              		.cfi_def_cfa_offset 0
  56              	.LVL4:
  57              	.LBB3:
ARM GAS  /var/folders/6q/x_mk5n_j3p7_c40r_2k_78980000gn/T//cc4sEcYI.s 			page 2


  58              		.loc 1 93 0
  59 0012 0020     		movs	r0, #0
  60 0014 1847     		bx	r3
  61              	.LVL5:
  62              	.L4:
  63              	.LBE3:
  64              		.loc 1 97 0
  65 0016 7047     		bx	lr
  66              	.L7:
  67              		.align	2
  68              	.L6:
  69 0018 00000000 		.word	.LC0
  70              		.cfi_endproc
  71              	.LFE63:
  72              		.size	vexRobotcTask, .-vexRobotcTask
  73              		.section	.text.StartTaskWithPriority,"ax",%progbits
  74              		.align	2
  75              		.p2align 4,,15
  76              		.global	StartTaskWithPriority
  77              		.thumb
  78              		.thumb_func
  79              		.type	StartTaskWithPriority, %function
  80              	StartTaskWithPriority:
  81              	.LFB64:
  82              		.loc 1 107 0
  83              		.cfi_startproc
  84              		@ args = 4, pretend = 12, frame = 0
  85              		@ frame_needed = 0, uses_anonymous_args = 1
  86              	.LVL6:
  87 0000 0EB4     		push	{r1, r2, r3}
  88              		.cfi_def_cfa_offset 12
  89              		.cfi_offset 1, -12
  90              		.cfi_offset 2, -8
  91              		.cfi_offset 3, -4
  92 0002 70B5     		push	{r4, r5, r6, lr}
  93              		.cfi_def_cfa_offset 28
  94              		.cfi_offset 4, -28
  95              		.cfi_offset 5, -24
  96              		.cfi_offset 6, -20
  97              		.cfi_offset 14, -16
  98              		.loc 1 113 0
  99 0004 214E     		ldr	r6, .L31
 100              		.loc 1 107 0
 101 0006 83B0     		sub	sp, sp, #12
 102              		.cfi_def_cfa_offset 40
 103              		.loc 1 113 0
 104 0008 3378     		ldrb	r3, [r6]	@ zero_extendqisi2
 105 000a 214D     		ldr	r5, .L31+4
 106 000c 5BB1     		cbz	r3, .L9
 107 000e 2B46     		mov	r3, r5
 108              		.loc 1 117 0
 109 0010 0022     		movs	r2, #0
 110 0012 05F15004 		add	r4, r5, #80
 111              	.L10:
 112              		.loc 1 117 0 is_stmt 0 discriminator 3
 113 0016 1A60     		str	r2, [r3]
 114              		.loc 1 118 0 is_stmt 1 discriminator 3
ARM GAS  /var/folders/6q/x_mk5n_j3p7_c40r_2k_78980000gn/T//cc4sEcYI.s 			page 3


 115 0018 5A60     		str	r2, [r3, #4]
 116              	.LVL7:
 117 001a 0833     		adds	r3, r3, #8
 118              		.loc 1 115 0 discriminator 3
 119 001c 9C42     		cmp	r4, r3
 120              		.loc 1 117 0 discriminator 3
 121 001e 4FF00001 		mov	r1, #0
 122              		.loc 1 115 0 discriminator 3
 123 0022 F8D1     		bne	.L10
 124              		.loc 1 121 0
 125 0024 3170     		strb	r1, [r6]
 126              	.L9:
 127              	.LVL8:
 128              		.loc 1 107 0
 129 0026 0023     		movs	r3, #0
 130              	.LVL9:
 131              	.L13:
 132              		.loc 1 127 0
 133 0028 55F83320 		ldr	r2, [r5, r3, lsl #3]
 134 002c 0133     		adds	r3, r3, #1
 135              	.LVL10:
 136 002e 8242     		cmp	r2, r0
 137 0030 08D0     		beq	.L16
 138              		.loc 1 125 0 discriminator 2
 139 0032 0A2B     		cmp	r3, #10
 140 0034 F8D1     		bne	.L13
 141 0036 0023     		movs	r3, #0
 142              	.L15:
 143              	.LVL11:
 144              		.loc 1 134 0
 145 0038 55F83340 		ldr	r4, [r5, r3, lsl #3]
 146 003c 0133     		adds	r3, r3, #1
 147              	.LVL12:
 148 003e 3CB1     		cbz	r4, .L14
 149              		.loc 1 132 0 discriminator 2
 150 0040 0A2B     		cmp	r3, #10
 151 0042 F9D1     		bne	.L15
 152              	.LVL13:
 153              	.L16:
 154              		.loc 1 128 0
 155 0044 0020     		movs	r0, #0
 156              	.L29:
 157              		.loc 1 162 0
 158 0046 03B0     		add	sp, sp, #12
 159              		.cfi_remember_state
 160              		.cfi_def_cfa_offset 28
 161              		@ sp needed
 162 0048 BDE87040 		pop	{r4, r5, r6, lr}
 163              		.cfi_restore 14
 164              		.cfi_restore 6
 165              		.cfi_restore 5
 166              		.cfi_restore 4
 167              		.cfi_def_cfa_offset 12
 168 004c 03B0     		add	sp, sp, #12
 169              		.cfi_restore 3
 170              		.cfi_restore 2
 171              		.cfi_restore 1
ARM GAS  /var/folders/6q/x_mk5n_j3p7_c40r_2k_78980000gn/T//cc4sEcYI.s 			page 4


 172              		.cfi_def_cfa_offset 0
 173 004e 7047     		bx	lr
 174              	.LVL14:
 175              	.L14:
 176              		.cfi_restore_state
 177 0050 0646     		mov	r6, r0
 178              		.loc 1 144 0
 179 0052 0090     		str	r0, [sp]
 180 0054 0F4B     		ldr	r3, .L31+8
 181 0056 079A     		ldr	r2, [sp, #28]
 182 0058 4FF43E71 		mov	r1, #760
 183 005c 2046     		mov	r0, r4
 184              	.LVL15:
 185 005e FFF7FEFF 		bl	chThdCreateFromHeap
 186              	.LVL16:
 187              		.loc 1 147 0
 188 0062 0028     		cmp	r0, #0
 189 0064 EED0     		beq	.L16
 190 0066 0A4B     		ldr	r3, .L31+4
 191 0068 02E0     		b	.L18
 192              	.LVL17:
 193              	.L17:
 194 006a 0134     		adds	r4, r4, #1
 195              	.LVL18:
 196              		.loc 1 150 0 discriminator 2
 197 006c 0A2C     		cmp	r4, #10
 198 006e EAD0     		beq	.L29
 199              	.L18:
 200              	.LVL19:
 201              		.loc 1 152 0
 202 0070 5A68     		ldr	r2, [r3, #4]
 203 0072 0833     		adds	r3, r3, #8
 204 0074 002A     		cmp	r2, #0
 205 0076 F8D1     		bne	.L17
 206              		.loc 1 154 0
 207 0078 05EBC403 		add	r3, r5, r4, lsl #3
 208              		.loc 1 155 0
 209 007c 45F83460 		str	r6, [r5, r4, lsl #3]
 210              		.loc 1 154 0
 211 0080 5860     		str	r0, [r3, #4]
 212              		.loc 1 162 0
 213 0082 03B0     		add	sp, sp, #12
 214              		.cfi_def_cfa_offset 28
 215              		@ sp needed
 216 0084 BDE87040 		pop	{r4, r5, r6, lr}
 217              		.cfi_restore 4
 218              		.cfi_restore 5
 219              		.cfi_restore 6
 220              		.cfi_restore 14
 221              		.cfi_def_cfa_offset 12
 222              	.LVL20:
 223 0088 03B0     		add	sp, sp, #12
 224              		.cfi_restore 1
 225              		.cfi_restore 2
 226              		.cfi_restore 3
 227              		.cfi_def_cfa_offset 0
 228 008a 7047     		bx	lr
ARM GAS  /var/folders/6q/x_mk5n_j3p7_c40r_2k_78980000gn/T//cc4sEcYI.s 			page 5


 229              	.L32:
 230              		.align	2
 231              	.L31:
 232 008c 00000000 		.word	.LANCHOR0
 233 0090 00000000 		.word	.LANCHOR1
 234 0094 00000000 		.word	vexRobotcTask
 235              		.cfi_endproc
 236              	.LFE64:
 237              		.size	StartTaskWithPriority, .-StartTaskWithPriority
 238              		.section	.text.StopTask,"ax",%progbits
 239              		.align	2
 240              		.p2align 4,,15
 241              		.global	StopTask
 242              		.thumb
 243              		.thumb_func
 244              		.type	StopTask, %function
 245              	StopTask:
 246              	.LFB65:
 247              		.loc 1 170 0
 248              		.cfi_startproc
 249              		@ args = 0, pretend = 0, frame = 0
 250              		@ frame_needed = 0, uses_anonymous_args = 0
 251              	.LVL21:
 252 0000 2DE9F047 		push	{r4, r5, r6, r7, r8, r9, r10, lr}
 253              		.cfi_def_cfa_offset 32
 254              		.cfi_offset 4, -32
 255              		.cfi_offset 5, -28
 256              		.cfi_offset 6, -24
 257              		.cfi_offset 7, -20
 258              		.cfi_offset 8, -16
 259              		.cfi_offset 9, -12
 260              		.cfi_offset 10, -8
 261              		.cfi_offset 14, -4
 262 0004 174C     		ldr	r4, .L43
 263              		.loc 1 170 0
 264 0006 0646     		mov	r6, r0
 265              		.loc 1 183 0
 266 0008 DFF85CA0 		ldr	r10, .L43+4
 267 000c 251D     		adds	r5, r4, #4
 268 000e 04F15007 		add	r7, r4, #80
 269              		.loc 1 193 0
 270 0012 4FF00009 		mov	r9, #0
 271 0016 04E0     		b	.L36
 272              	.LVL22:
 273              	.L34:
 274 0018 0834     		adds	r4, r4, #8
 275              		.loc 1 174 0 discriminator 2
 276 001a BC42     		cmp	r4, r7
 277 001c 05F10805 		add	r5, r5, #8
 278 0020 1ED0     		beq	.L33
 279              	.L36:
 280              		.loc 1 176 0
 281 0022 55F8043C 		ldr	r3, [r5, #-4]
 282 0026 B342     		cmp	r3, r6
 283 0028 F6D1     		bne	.L34
 284              		.loc 1 178 0
 285 002a D4F80480 		ldr	r8, [r4, #4]
ARM GAS  /var/folders/6q/x_mk5n_j3p7_c40r_2k_78980000gn/T//cc4sEcYI.s 			page 6


 286              	.LVL23:
 287 002e B8F1000F 		cmp	r8, #0
 288 0032 F1D0     		beq	.L34
 289              		.loc 1 183 0
 290 0034 DAF81830 		ldr	r3, [r10, #24]
 291 0038 9845     		cmp	r8, r3
 292 003a 11D0     		beq	.L33
 293              		.loc 1 187 0
 294 003c 4046     		mov	r0, r8
 295 003e FFF7FEFF 		bl	chThdTerminate
 296              	.LVL24:
 297              		.loc 1 189 0
 298 0042 4046     		mov	r0, r8
 299 0044 FFF7FEFF 		bl	chThdResume
 300              	.LVL25:
 301              		.loc 1 191 0
 302 0048 4046     		mov	r0, r8
 303 004a FFF7FEFF 		bl	chThdWait
 304              	.LVL26:
 305 004e 0834     		adds	r4, r4, #8
 306              		.loc 1 193 0
 307 0050 44F8049C 		str	r9, [r4, #-4]
 308              		.loc 1 174 0
 309 0054 BC42     		cmp	r4, r7
 310              		.loc 1 194 0
 311 0056 45F8049C 		str	r9, [r5, #-4]
 312 005a 05F10805 		add	r5, r5, #8
 313              		.loc 1 174 0
 314 005e E0D1     		bne	.L36
 315              	.LVL27:
 316              	.L33:
 317 0060 BDE8F087 		pop	{r4, r5, r6, r7, r8, r9, r10, pc}
 318              	.LVL28:
 319              	.L44:
 320              		.align	2
 321              	.L43:
 322 0064 00000000 		.word	.LANCHOR1
 323 0068 00000000 		.word	rlist
 324              		.cfi_endproc
 325              	.LFE65:
 326              		.size	StopTask, .-StopTask
 327              		.section	.text.CleanupTask,"ax",%progbits
 328              		.align	2
 329              		.p2align 4,,15
 330              		.global	CleanupTask
 331              		.thumb
 332              		.thumb_func
 333              		.type	CleanupTask, %function
 334              	CleanupTask:
 335              	.LFB66:
 336              		.loc 1 208 0
 337              		.cfi_startproc
 338              		@ args = 0, pretend = 0, frame = 0
 339              		@ frame_needed = 0, uses_anonymous_args = 0
 340              		@ link register save eliminated.
 341              	.LVL29:
 342 0000 084B     		ldr	r3, .L50
ARM GAS  /var/folders/6q/x_mk5n_j3p7_c40r_2k_78980000gn/T//cc4sEcYI.s 			page 7


 343 0002 10B4     		push	{r4}
 344              		.cfi_def_cfa_offset 4
 345              		.cfi_offset 4, -4
 346 0004 03F15001 		add	r1, r3, #80
 347              		.loc 1 215 0
 348 0008 0024     		movs	r4, #0
 349              	.LVL30:
 350              	.L47:
 351              		.loc 1 213 0
 352 000a 5A68     		ldr	r2, [r3, #4]
 353 000c 0833     		adds	r3, r3, #8
 354 000e 8242     		cmp	r2, r0
 355              		.loc 1 215 0
 356 0010 04BF     		itt	eq
 357 0012 43F8044C 		streq	r4, [r3, #-4]
 358              		.loc 1 216 0
 359 0016 43F8084C 		streq	r4, [r3, #-8]
 360              		.loc 1 211 0
 361 001a 8B42     		cmp	r3, r1
 362 001c F5D1     		bne	.L47
 363              		.loc 1 219 0
 364 001e 10BC     		pop	{r4}
 365              		.cfi_restore 4
 366              		.cfi_def_cfa_offset 0
 367 0020 7047     		bx	lr
 368              	.L51:
 369 0022 00BF     		.align	2
 370              	.L50:
 371 0024 00000000 		.word	.LANCHOR1
 372              		.cfi_endproc
 373              	.LFE66:
 374              		.size	CleanupTask, .-CleanupTask
 375              		.section	.data.init.7450,"aw",%progbits
 376              		.set	.LANCHOR0,. + 0
 377              		.type	init.7450, %object
 378              		.size	init.7450, 1
 379              	init.7450:
 380 0000 01       		.byte	1
 381              		.section	.rodata.str1.4,"aMS",%progbits,1
 382              		.align	2
 383              	.LC0:
 384 0000 726F626F 		.ascii	"robotc_task\000"
 384      74635F74 
 384      61736B00 
 385              		.section	.bss.rcTasks,"aw",%nobits
 386              		.align	2
 387              		.set	.LANCHOR1,. + 0
 388              		.type	rcTasks, %object
 389              		.size	rcTasks, 80
 390              	rcTasks:
 391 0000 00000000 		.space	80
 391      00000000 
 391      00000000 
 391      00000000 
 391      00000000 
 392              		.text
 393              	.Letext0:
ARM GAS  /var/folders/6q/x_mk5n_j3p7_c40r_2k_78980000gn/T//cc4sEcYI.s 			page 8


 394              		.file 2 "/Users/Luca/src/vexilla/src/gcc-arm-none-eabi-5_4-2016q3/arm-none-eabi/include/machine/_d
 395              		.file 3 "/Users/Luca/src/vexilla/src/gcc-arm-none-eabi-5_4-2016q3/arm-none-eabi/include/sys/_stdin
 396              		.file 4 "../ChibiOS/os/ports/GCC/ARMCMx/chtypes.h"
 397              		.file 5 "../ChibiOS/os/kernel/include/chlists.h"
 398              		.file 6 "../ChibiOS/os/kernel/include/chthreads.h"
 399              		.file 7 "../ChibiOS/os/ports/GCC/ARMCMx/chcore_v7m.h"
 400              		.file 8 "../ChibiOS/os/kernel/include/chschd.h"
 401              		.file 9 "../ChibiOS/os/kernel/include/chmtx.h"
 402              		.file 10 "../convex-vexilla/cortex/fw/vexdigital.h"
 403              		.file 11 "../convex-vexilla/cortex/fw/vexime.h"
 404              		.file 12 "../ChibiOS/os/ports/common/ARMCMx/CMSIS/include/core_cm3.h"
 405              		.file 13 "../convex-vexilla/cortex/fw/vex.h"
 406              		.file 14 "../ChibiOS/os/kernel/include/chdynamic.h"
 407              		.section	.debug_info,"",%progbits
 408              	.Ldebug_info0:
 409 0000 5C070000 		.4byte	0x75c
 410 0004 0400     		.2byte	0x4
 411 0006 00000000 		.4byte	.Ldebug_abbrev0
 412 000a 04       		.byte	0x4
 413 000b 01       		.uleb128 0x1
 414 000c A0010000 		.4byte	.LASF113
 415 0010 0C       		.byte	0xc
 416 0011 5D010000 		.4byte	.LASF114
 417 0015 54050000 		.4byte	.LASF115
 418 0019 18000000 		.4byte	.Ldebug_ranges0+0x18
 419 001d 00000000 		.4byte	0
 420 0021 00000000 		.4byte	.Ldebug_line0
 421 0025 02       		.uleb128 0x2
 422 0026 04       		.byte	0x4
 423 0027 05       		.byte	0x5
 424 0028 696E7400 		.ascii	"int\000"
 425 002c 03       		.uleb128 0x3
 426 002d 04       		.byte	0x4
 427 002e 07       		.byte	0x7
 428 002f 88010000 		.4byte	.LASF0
 429 0033 03       		.uleb128 0x3
 430 0034 08       		.byte	0x8
 431 0035 05       		.byte	0x5
 432 0036 A5000000 		.4byte	.LASF1
 433 003a 03       		.uleb128 0x3
 434 003b 08       		.byte	0x8
 435 003c 04       		.byte	0x4
 436 003d 3C030000 		.4byte	.LASF2
 437 0041 03       		.uleb128 0x3
 438 0042 01       		.byte	0x1
 439 0043 06       		.byte	0x6
 440 0044 B3000000 		.4byte	.LASF3
 441 0048 04       		.uleb128 0x4
 442 0049 16000000 		.4byte	.LASF5
 443 004d 02       		.byte	0x2
 444 004e 1D       		.byte	0x1d
 445 004f 53000000 		.4byte	0x53
 446 0053 03       		.uleb128 0x3
 447 0054 01       		.byte	0x1
 448 0055 08       		.byte	0x8
 449 0056 CA030000 		.4byte	.LASF4
 450 005a 04       		.uleb128 0x4
ARM GAS  /var/folders/6q/x_mk5n_j3p7_c40r_2k_78980000gn/T//cc4sEcYI.s 			page 9


 451 005b AD050000 		.4byte	.LASF6
 452 005f 02       		.byte	0x2
 453 0060 29       		.byte	0x29
 454 0061 65000000 		.4byte	0x65
 455 0065 03       		.uleb128 0x3
 456 0066 02       		.byte	0x2
 457 0067 05       		.byte	0x5
 458 0068 E9030000 		.4byte	.LASF7
 459 006c 03       		.uleb128 0x3
 460 006d 02       		.byte	0x2
 461 006e 07       		.byte	0x7
 462 006f 7A020000 		.4byte	.LASF8
 463 0073 04       		.uleb128 0x4
 464 0074 26050000 		.4byte	.LASF9
 465 0078 02       		.byte	0x2
 466 0079 3F       		.byte	0x3f
 467 007a 7E000000 		.4byte	0x7e
 468 007e 03       		.uleb128 0x3
 469 007f 04       		.byte	0x4
 470 0080 05       		.byte	0x5
 471 0081 E9000000 		.4byte	.LASF10
 472 0085 04       		.uleb128 0x4
 473 0086 30050000 		.4byte	.LASF11
 474 008a 02       		.byte	0x2
 475 008b 41       		.byte	0x41
 476 008c 90000000 		.4byte	0x90
 477 0090 03       		.uleb128 0x3
 478 0091 04       		.byte	0x4
 479 0092 07       		.byte	0x7
 480 0093 5A040000 		.4byte	.LASF12
 481 0097 03       		.uleb128 0x3
 482 0098 08       		.byte	0x8
 483 0099 07       		.byte	0x7
 484 009a 4D000000 		.4byte	.LASF13
 485 009e 04       		.uleb128 0x4
 486 009f A5050000 		.4byte	.LASF14
 487 00a3 03       		.byte	0x3
 488 00a4 18       		.byte	0x18
 489 00a5 48000000 		.4byte	0x48
 490 00a9 04       		.uleb128 0x4
 491 00aa 9D000000 		.4byte	.LASF15
 492 00ae 03       		.byte	0x3
 493 00af 20       		.byte	0x20
 494 00b0 5A000000 		.4byte	0x5a
 495 00b4 04       		.uleb128 0x4
 496 00b5 C2030000 		.4byte	.LASF16
 497 00b9 03       		.byte	0x3
 498 00ba 2C       		.byte	0x2c
 499 00bb 73000000 		.4byte	0x73
 500 00bf 04       		.uleb128 0x4
 501 00c0 3D040000 		.4byte	.LASF17
 502 00c4 03       		.byte	0x3
 503 00c5 30       		.byte	0x30
 504 00c6 85000000 		.4byte	0x85
 505 00ca 04       		.uleb128 0x4
 506 00cb 8F000000 		.4byte	.LASF18
 507 00cf 04       		.byte	0x4
ARM GAS  /var/folders/6q/x_mk5n_j3p7_c40r_2k_78980000gn/T//cc4sEcYI.s 			page 10


 508 00d0 2B       		.byte	0x2b
 509 00d1 D5000000 		.4byte	0xd5
 510 00d5 03       		.uleb128 0x3
 511 00d6 01       		.byte	0x1
 512 00d7 02       		.byte	0x2
 513 00d8 BC030000 		.4byte	.LASF19
 514 00dc 04       		.uleb128 0x4
 515 00dd 1B040000 		.4byte	.LASF20
 516 00e1 04       		.byte	0x4
 517 00e2 2C       		.byte	0x2c
 518 00e3 9E000000 		.4byte	0x9e
 519 00e7 04       		.uleb128 0x4
 520 00e8 06010000 		.4byte	.LASF21
 521 00ec 04       		.byte	0x4
 522 00ed 2D       		.byte	0x2d
 523 00ee 9E000000 		.4byte	0x9e
 524 00f2 04       		.uleb128 0x4
 525 00f3 A5030000 		.4byte	.LASF22
 526 00f7 04       		.byte	0x4
 527 00f8 2E       		.byte	0x2e
 528 00f9 9E000000 		.4byte	0x9e
 529 00fd 04       		.uleb128 0x4
 530 00fe DF000000 		.4byte	.LASF23
 531 0102 04       		.byte	0x4
 532 0103 2F       		.byte	0x2f
 533 0104 9E000000 		.4byte	0x9e
 534 0108 04       		.uleb128 0x4
 535 0109 B4030000 		.4byte	.LASF24
 536 010d 04       		.byte	0x4
 537 010e 30       		.byte	0x30
 538 010f BF000000 		.4byte	0xbf
 539 0113 04       		.uleb128 0x4
 540 0114 8D020000 		.4byte	.LASF25
 541 0118 04       		.byte	0x4
 542 0119 31       		.byte	0x31
 543 011a B4000000 		.4byte	0xb4
 544 011e 04       		.uleb128 0x4
 545 011f 18030000 		.4byte	.LASF26
 546 0123 04       		.byte	0x4
 547 0124 33       		.byte	0x33
 548 0125 BF000000 		.4byte	0xbf
 549 0129 04       		.uleb128 0x4
 550 012a 11050000 		.4byte	.LASF27
 551 012e 04       		.byte	0x4
 552 012f 35       		.byte	0x35
 553 0130 BF000000 		.4byte	0xbf
 554 0134 04       		.uleb128 0x4
 555 0135 2B040000 		.4byte	.LASF28
 556 0139 05       		.byte	0x5
 557 013a 2A       		.byte	0x2a
 558 013b 3F010000 		.4byte	0x13f
 559 013f 05       		.uleb128 0x5
 560 0140 2B040000 		.4byte	.LASF28
 561 0144 48       		.byte	0x48
 562 0145 06       		.byte	0x6
 563 0146 5E       		.byte	0x5e
 564 0147 3C020000 		.4byte	0x23c
ARM GAS  /var/folders/6q/x_mk5n_j3p7_c40r_2k_78980000gn/T//cc4sEcYI.s 			page 11


 565 014b 06       		.uleb128 0x6
 566 014c 14040000 		.4byte	.LASF29
 567 0150 06       		.byte	0x6
 568 0151 5F       		.byte	0x5f
 569 0152 5D020000 		.4byte	0x25d
 570 0156 00       		.byte	0
 571 0157 06       		.uleb128 0x6
 572 0158 AD030000 		.4byte	.LASF30
 573 015c 06       		.byte	0x6
 574 015d 61       		.byte	0x61
 575 015e 5D020000 		.4byte	0x25d
 576 0162 04       		.byte	0x4
 577 0163 06       		.uleb128 0x6
 578 0164 96000000 		.4byte	.LASF31
 579 0168 06       		.byte	0x6
 580 0169 63       		.byte	0x63
 581 016a 08010000 		.4byte	0x108
 582 016e 08       		.byte	0x8
 583 016f 06       		.uleb128 0x6
 584 0170 D3050000 		.4byte	.LASF32
 585 0174 06       		.byte	0x6
 586 0175 64       		.byte	0x64
 587 0176 17030000 		.4byte	0x317
 588 017a 0C       		.byte	0xc
 589 017b 06       		.uleb128 0x6
 590 017c 31010000 		.4byte	.LASF33
 591 0180 06       		.byte	0x6
 592 0181 66       		.byte	0x66
 593 0182 5D020000 		.4byte	0x25d
 594 0186 10       		.byte	0x10
 595 0187 06       		.uleb128 0x6
 596 0188 5A030000 		.4byte	.LASF34
 597 018c 06       		.byte	0x6
 598 018d 67       		.byte	0x67
 599 018e 5D020000 		.4byte	0x25d
 600 0192 14       		.byte	0x14
 601 0193 06       		.uleb128 0x6
 602 0194 BE050000 		.4byte	.LASF35
 603 0198 06       		.byte	0x6
 604 0199 6E       		.byte	0x6e
 605 019a 17040000 		.4byte	0x417
 606 019e 18       		.byte	0x18
 607 019f 06       		.uleb128 0x6
 608 01a0 F3030000 		.4byte	.LASF36
 609 01a4 06       		.byte	0x6
 610 01a5 79       		.byte	0x79
 611 01a6 E7000000 		.4byte	0xe7
 612 01aa 1C       		.byte	0x1c
 613 01ab 06       		.uleb128 0x6
 614 01ac 23040000 		.4byte	.LASF37
 615 01b0 06       		.byte	0x6
 616 01b1 7D       		.byte	0x7d
 617 01b2 DC000000 		.4byte	0xdc
 618 01b6 1D       		.byte	0x1d
 619 01b7 06       		.uleb128 0x6
 620 01b8 76050000 		.4byte	.LASF38
 621 01bc 06       		.byte	0x6
ARM GAS  /var/folders/6q/x_mk5n_j3p7_c40r_2k_78980000gn/T//cc4sEcYI.s 			page 12


 622 01bd 82       		.byte	0x82
 623 01be F2000000 		.4byte	0xf2
 624 01c2 1E       		.byte	0x1e
 625 01c3 06       		.uleb128 0x6
 626 01c4 FB030000 		.4byte	.LASF39
 627 01c8 06       		.byte	0x6
 628 01c9 88       		.byte	0x88
 629 01ca FD000000 		.4byte	0xfd
 630 01ce 1F       		.byte	0x1f
 631 01cf 06       		.uleb128 0x6
 632 01d0 08000000 		.4byte	.LASF40
 633 01d4 06       		.byte	0x6
 634 01d5 8F       		.byte	0x8f
 635 01d6 3F030000 		.4byte	0x33f
 636 01da 20       		.byte	0x20
 637 01db 07       		.uleb128 0x7
 638 01dc 705F7500 		.ascii	"p_u\000"
 639 01e0 06       		.byte	0x6
 640 01e1 B4       		.byte	0xb4
 641 01e2 E2030000 		.4byte	0x3e2
 642 01e6 24       		.byte	0x24
 643 01e7 06       		.uleb128 0x6
 644 01e8 D9050000 		.4byte	.LASF41
 645 01ec 06       		.byte	0x6
 646 01ed B9       		.byte	0xb9
 647 01ee 83020000 		.4byte	0x283
 648 01f2 28       		.byte	0x28
 649 01f3 06       		.uleb128 0x6
 650 01f4 95010000 		.4byte	.LASF42
 651 01f8 06       		.byte	0x6
 652 01f9 BF       		.byte	0xbf
 653 01fa 63020000 		.4byte	0x263
 654 01fe 2C       		.byte	0x2c
 655 01ff 06       		.uleb128 0x6
 656 0200 C5050000 		.4byte	.LASF43
 657 0204 06       		.byte	0x6
 658 0205 C3       		.byte	0xc3
 659 0206 13010000 		.4byte	0x113
 660 020a 34       		.byte	0x34
 661 020b 06       		.uleb128 0x6
 662 020c 32040000 		.4byte	.LASF44
 663 0210 06       		.byte	0x6
 664 0211 C9       		.byte	0xc9
 665 0212 1E010000 		.4byte	0x11e
 666 0216 38       		.byte	0x38
 667 0217 06       		.uleb128 0x6
 668 0218 DF030000 		.4byte	.LASF45
 669 021c 06       		.byte	0x6
 670 021d D0       		.byte	0xd0
 671 021e 29040000 		.4byte	0x429
 672 0222 3C       		.byte	0x3c
 673 0223 06       		.uleb128 0x6
 674 0224 1B050000 		.4byte	.LASF46
 675 0228 06       		.byte	0x6
 676 0229 D4       		.byte	0xd4
 677 022a 08010000 		.4byte	0x108
 678 022e 40       		.byte	0x40
ARM GAS  /var/folders/6q/x_mk5n_j3p7_c40r_2k_78980000gn/T//cc4sEcYI.s 			page 13


 679 022f 06       		.uleb128 0x6
 680 0230 BF000000 		.4byte	.LASF47
 681 0234 06       		.byte	0x6
 682 0235 DA       		.byte	0xda
 683 0236 99020000 		.4byte	0x299
 684 023a 44       		.byte	0x44
 685 023b 00       		.byte	0
 686 023c 08       		.uleb128 0x8
 687 023d 08       		.byte	0x8
 688 023e 05       		.byte	0x5
 689 023f 61       		.byte	0x61
 690 0240 5D020000 		.4byte	0x25d
 691 0244 06       		.uleb128 0x6
 692 0245 14040000 		.4byte	.LASF29
 693 0249 05       		.byte	0x5
 694 024a 62       		.byte	0x62
 695 024b 5D020000 		.4byte	0x25d
 696 024f 00       		.byte	0
 697 0250 06       		.uleb128 0x6
 698 0251 AD030000 		.4byte	.LASF30
 699 0255 05       		.byte	0x5
 700 0256 64       		.byte	0x64
 701 0257 5D020000 		.4byte	0x25d
 702 025b 04       		.byte	0x4
 703 025c 00       		.byte	0
 704 025d 09       		.uleb128 0x9
 705 025e 04       		.byte	0x4
 706 025f 34010000 		.4byte	0x134
 707 0263 04       		.uleb128 0x4
 708 0264 68030000 		.4byte	.LASF48
 709 0268 05       		.byte	0x5
 710 0269 66       		.byte	0x66
 711 026a 3C020000 		.4byte	0x23c
 712 026e 08       		.uleb128 0x8
 713 026f 04       		.byte	0x4
 714 0270 05       		.byte	0x5
 715 0271 6B       		.byte	0x6b
 716 0272 83020000 		.4byte	0x283
 717 0276 06       		.uleb128 0x6
 718 0277 14040000 		.4byte	.LASF29
 719 027b 05       		.byte	0x5
 720 027c 6D       		.byte	0x6d
 721 027d 5D020000 		.4byte	0x25d
 722 0281 00       		.byte	0
 723 0282 00       		.byte	0
 724 0283 04       		.uleb128 0x4
 725 0284 0C030000 		.4byte	.LASF49
 726 0288 05       		.byte	0x5
 727 0289 70       		.byte	0x70
 728 028a 6E020000 		.4byte	0x26e
 729 028e 04       		.uleb128 0x4
 730 028f 4A010000 		.4byte	.LASF50
 731 0293 07       		.byte	0x7
 732 0294 E5       		.byte	0xe5
 733 0295 99020000 		.4byte	0x299
 734 0299 0A       		.uleb128 0xa
 735 029a 04       		.byte	0x4
ARM GAS  /var/folders/6q/x_mk5n_j3p7_c40r_2k_78980000gn/T//cc4sEcYI.s 			page 14


 736 029b 0B       		.uleb128 0xb
 737 029c 43050000 		.4byte	.LASF51
 738 02a0 24       		.byte	0x24
 739 02a1 07       		.byte	0x7
 740 02a2 0C01     		.2byte	0x10c
 741 02a4 17030000 		.4byte	0x317
 742 02a8 0C       		.uleb128 0xc
 743 02a9 723400   		.ascii	"r4\000"
 744 02ac 07       		.byte	0x7
 745 02ad 1F01     		.2byte	0x11f
 746 02af 8E020000 		.4byte	0x28e
 747 02b3 00       		.byte	0
 748 02b4 0C       		.uleb128 0xc
 749 02b5 723500   		.ascii	"r5\000"
 750 02b8 07       		.byte	0x7
 751 02b9 2001     		.2byte	0x120
 752 02bb 8E020000 		.4byte	0x28e
 753 02bf 04       		.byte	0x4
 754 02c0 0C       		.uleb128 0xc
 755 02c1 723600   		.ascii	"r6\000"
 756 02c4 07       		.byte	0x7
 757 02c5 2101     		.2byte	0x121
 758 02c7 8E020000 		.4byte	0x28e
 759 02cb 08       		.byte	0x8
 760 02cc 0C       		.uleb128 0xc
 761 02cd 723700   		.ascii	"r7\000"
 762 02d0 07       		.byte	0x7
 763 02d1 2201     		.2byte	0x122
 764 02d3 8E020000 		.4byte	0x28e
 765 02d7 0C       		.byte	0xc
 766 02d8 0C       		.uleb128 0xc
 767 02d9 723800   		.ascii	"r8\000"
 768 02dc 07       		.byte	0x7
 769 02dd 2301     		.2byte	0x123
 770 02df 8E020000 		.4byte	0x28e
 771 02e3 10       		.byte	0x10
 772 02e4 0C       		.uleb128 0xc
 773 02e5 723900   		.ascii	"r9\000"
 774 02e8 07       		.byte	0x7
 775 02e9 2401     		.2byte	0x124
 776 02eb 8E020000 		.4byte	0x28e
 777 02ef 14       		.byte	0x14
 778 02f0 0C       		.uleb128 0xc
 779 02f1 72313000 		.ascii	"r10\000"
 780 02f5 07       		.byte	0x7
 781 02f6 2501     		.2byte	0x125
 782 02f8 8E020000 		.4byte	0x28e
 783 02fc 18       		.byte	0x18
 784 02fd 0C       		.uleb128 0xc
 785 02fe 72313100 		.ascii	"r11\000"
 786 0302 07       		.byte	0x7
 787 0303 2601     		.2byte	0x126
 788 0305 8E020000 		.4byte	0x28e
 789 0309 1C       		.byte	0x1c
 790 030a 0C       		.uleb128 0xc
 791 030b 6C7200   		.ascii	"lr\000"
 792 030e 07       		.byte	0x7
ARM GAS  /var/folders/6q/x_mk5n_j3p7_c40r_2k_78980000gn/T//cc4sEcYI.s 			page 15


 793 030f 2701     		.2byte	0x127
 794 0311 8E020000 		.4byte	0x28e
 795 0315 20       		.byte	0x20
 796 0316 00       		.byte	0
 797 0317 0B       		.uleb128 0xb
 798 0318 3B050000 		.4byte	.LASF52
 799 031c 04       		.byte	0x4
 800 031d 07       		.byte	0x7
 801 031e 3101     		.2byte	0x131
 802 0320 32030000 		.4byte	0x332
 803 0324 0C       		.uleb128 0xc
 804 0325 72313300 		.ascii	"r13\000"
 805 0329 07       		.byte	0x7
 806 032a 3201     		.2byte	0x132
 807 032c 32030000 		.4byte	0x332
 808 0330 00       		.byte	0
 809 0331 00       		.byte	0
 810 0332 09       		.uleb128 0x9
 811 0333 04       		.byte	0x4
 812 0334 9B020000 		.4byte	0x29b
 813 0338 03       		.uleb128 0x3
 814 0339 04       		.byte	0x4
 815 033a 07       		.byte	0x7
 816 033b 33030000 		.4byte	.LASF53
 817 033f 0D       		.uleb128 0xd
 818 0340 29010000 		.4byte	0x129
 819 0344 08       		.uleb128 0x8
 820 0345 1C       		.byte	0x1c
 821 0346 08       		.byte	0x8
 822 0347 5E       		.byte	0x5e
 823 0348 95030000 		.4byte	0x395
 824 034c 06       		.uleb128 0x6
 825 034d 46040000 		.4byte	.LASF54
 826 0351 08       		.byte	0x8
 827 0352 5F       		.byte	0x5f
 828 0353 63020000 		.4byte	0x263
 829 0357 00       		.byte	0
 830 0358 06       		.uleb128 0x6
 831 0359 24030000 		.4byte	.LASF55
 832 035d 08       		.byte	0x8
 833 035e 60       		.byte	0x60
 834 035f 08010000 		.4byte	0x108
 835 0363 08       		.byte	0x8
 836 0364 06       		.uleb128 0x6
 837 0365 62030000 		.4byte	.LASF56
 838 0369 08       		.byte	0x8
 839 036a 62       		.byte	0x62
 840 036b 17030000 		.4byte	0x317
 841 036f 0C       		.byte	0xc
 842 0370 06       		.uleb128 0x6
 843 0371 42010000 		.4byte	.LASF57
 844 0375 08       		.byte	0x8
 845 0376 65       		.byte	0x65
 846 0377 5D020000 		.4byte	0x25d
 847 037b 10       		.byte	0x10
 848 037c 06       		.uleb128 0x6
 849 037d 7E030000 		.4byte	.LASF58
ARM GAS  /var/folders/6q/x_mk5n_j3p7_c40r_2k_78980000gn/T//cc4sEcYI.s 			page 16


 850 0381 08       		.byte	0x8
 851 0382 66       		.byte	0x66
 852 0383 5D020000 		.4byte	0x25d
 853 0387 14       		.byte	0x14
 854 0388 06       		.uleb128 0x6
 855 0389 6C040000 		.4byte	.LASF59
 856 038d 08       		.byte	0x8
 857 038e 69       		.byte	0x69
 858 038f 5D020000 		.4byte	0x25d
 859 0393 18       		.byte	0x18
 860 0394 00       		.byte	0
 861 0395 04       		.uleb128 0x4
 862 0396 85050000 		.4byte	.LASF60
 863 039a 08       		.byte	0x8
 864 039b 6B       		.byte	0x6b
 865 039c 44030000 		.4byte	0x344
 866 03a0 05       		.uleb128 0x5
 867 03a1 48030000 		.4byte	.LASF61
 868 03a5 10       		.byte	0x10
 869 03a6 09       		.byte	0x9
 870 03a7 2C       		.byte	0x2c
 871 03a8 D1030000 		.4byte	0x3d1
 872 03ac 06       		.uleb128 0x6
 873 03ad D7000000 		.4byte	.LASF62
 874 03b1 09       		.byte	0x9
 875 03b2 2D       		.byte	0x2d
 876 03b3 63020000 		.4byte	0x263
 877 03b7 00       		.byte	0
 878 03b8 06       		.uleb128 0x6
 879 03b9 CB050000 		.4byte	.LASF63
 880 03bd 09       		.byte	0x9
 881 03be 2F       		.byte	0x2f
 882 03bf 5D020000 		.4byte	0x25d
 883 03c3 08       		.byte	0x8
 884 03c4 06       		.uleb128 0x6
 885 03c5 0A050000 		.4byte	.LASF64
 886 03c9 09       		.byte	0x9
 887 03ca 31       		.byte	0x31
 888 03cb D1030000 		.4byte	0x3d1
 889 03cf 0C       		.byte	0xc
 890 03d0 00       		.byte	0
 891 03d1 09       		.uleb128 0x9
 892 03d2 04       		.byte	0x4
 893 03d3 A0030000 		.4byte	0x3a0
 894 03d7 04       		.uleb128 0x4
 895 03d8 48030000 		.4byte	.LASF61
 896 03dc 09       		.byte	0x9
 897 03dd 33       		.byte	0x33
 898 03de A0030000 		.4byte	0x3a0
 899 03e2 0E       		.uleb128 0xe
 900 03e3 04       		.byte	0x4
 901 03e4 06       		.byte	0x6
 902 03e5 96       		.byte	0x96
 903 03e6 17040000 		.4byte	0x417
 904 03ea 0F       		.uleb128 0xf
 905 03eb 0F000000 		.4byte	.LASF65
 906 03ef 06       		.byte	0x6
ARM GAS  /var/folders/6q/x_mk5n_j3p7_c40r_2k_78980000gn/T//cc4sEcYI.s 			page 17


 907 03f0 9D       		.byte	0x9d
 908 03f1 13010000 		.4byte	0x113
 909 03f5 0F       		.uleb128 0xf
 910 03f6 39010000 		.4byte	.LASF66
 911 03fa 06       		.byte	0x6
 912 03fb A4       		.byte	0xa4
 913 03fc 13010000 		.4byte	0x113
 914 0400 0F       		.uleb128 0xf
 915 0401 B7050000 		.4byte	.LASF67
 916 0405 06       		.byte	0x6
 917 0406 AB       		.byte	0xab
 918 0407 99020000 		.4byte	0x299
 919 040b 0F       		.uleb128 0xf
 920 040c 0D040000 		.4byte	.LASF68
 921 0410 06       		.byte	0x6
 922 0411 B2       		.byte	0xb2
 923 0412 1E010000 		.4byte	0x11e
 924 0416 00       		.byte	0
 925 0417 09       		.uleb128 0x9
 926 0418 04       		.byte	0x4
 927 0419 24040000 		.4byte	0x424
 928 041d 03       		.uleb128 0x3
 929 041e 01       		.byte	0x1
 930 041f 08       		.byte	0x8
 931 0420 76040000 		.4byte	.LASF69
 932 0424 10       		.uleb128 0x10
 933 0425 1D040000 		.4byte	0x41d
 934 0429 09       		.uleb128 0x9
 935 042a 04       		.byte	0x4
 936 042b D7030000 		.4byte	0x3d7
 937 042f 04       		.uleb128 0x4
 938 0430 00000000 		.4byte	.LASF70
 939 0434 06       		.byte	0x6
 940 0435 E5       		.byte	0xe5
 941 0436 3A040000 		.4byte	0x43a
 942 043a 09       		.uleb128 0x9
 943 043b 04       		.byte	0x4
 944 043c 40040000 		.4byte	0x440
 945 0440 11       		.uleb128 0x11
 946 0441 13010000 		.4byte	0x113
 947 0445 4F040000 		.4byte	0x44f
 948 0449 12       		.uleb128 0x12
 949 044a 99020000 		.4byte	0x299
 950 044e 00       		.byte	0
 951 044f 0D       		.uleb128 0xd
 952 0450 B4000000 		.4byte	0xb4
 953 0454 13       		.uleb128 0x13
 954 0455 01       		.byte	0x1
 955 0456 41000000 		.4byte	0x41
 956 045a 0A       		.byte	0xa
 957 045b 8D       		.byte	0x8d
 958 045c B5040000 		.4byte	0x4b5
 959 0460 14       		.uleb128 0x14
 960 0461 86030000 		.4byte	.LASF71
 961 0465 7F       		.sleb128 -1
 962 0466 15       		.uleb128 0x15
 963 0467 93020000 		.4byte	.LASF72
ARM GAS  /var/folders/6q/x_mk5n_j3p7_c40r_2k_78980000gn/T//cc4sEcYI.s 			page 18


 964 046b 00       		.byte	0
 965 046c 15       		.uleb128 0x15
 966 046d 14010000 		.4byte	.LASF73
 967 0471 01       		.byte	0x1
 968 0472 15       		.uleb128 0x15
 969 0473 AA020000 		.4byte	.LASF74
 970 0477 02       		.byte	0x2
 971 0478 15       		.uleb128 0x15
 972 0479 B8020000 		.4byte	.LASF75
 973 047d 03       		.byte	0x3
 974 047e 15       		.uleb128 0x15
 975 047f C6020000 		.4byte	.LASF76
 976 0483 04       		.byte	0x4
 977 0484 15       		.uleb128 0x15
 978 0485 D4020000 		.4byte	.LASF77
 979 0489 05       		.byte	0x5
 980 048a 15       		.uleb128 0x15
 981 048b E2020000 		.4byte	.LASF78
 982 048f 06       		.byte	0x6
 983 0490 15       		.uleb128 0x15
 984 0491 F0020000 		.4byte	.LASF79
 985 0495 07       		.byte	0x7
 986 0496 15       		.uleb128 0x15
 987 0497 FE020000 		.4byte	.LASF80
 988 049b 08       		.byte	0x8
 989 049c 15       		.uleb128 0x15
 990 049d DD040000 		.4byte	.LASF81
 991 04a1 09       		.byte	0x9
 992 04a2 15       		.uleb128 0x15
 993 04a3 EC040000 		.4byte	.LASF82
 994 04a7 0A       		.byte	0xa
 995 04a8 15       		.uleb128 0x15
 996 04a9 FB040000 		.4byte	.LASF83
 997 04ad 0B       		.byte	0xb
 998 04ae 15       		.uleb128 0x15
 999 04af 72000000 		.4byte	.LASF84
 1000 04b3 0C       		.byte	0xc
 1001 04b4 00       		.byte	0
 1002 04b5 13       		.uleb128 0x13
 1003 04b6 01       		.byte	0x1
 1004 04b7 53000000 		.4byte	0x53
 1005 04bb 0A       		.byte	0xa
 1006 04bc A2       		.byte	0xa2
 1007 04bd CE040000 		.4byte	0x4ce
 1008 04c1 15       		.uleb128 0x15
 1009 04c2 E3050000 		.4byte	.LASF85
 1010 04c6 00       		.byte	0
 1011 04c7 15       		.uleb128 0x15
 1012 04c8 3B000000 		.4byte	.LASF86
 1013 04cc 01       		.byte	0x1
 1014 04cd 00       		.byte	0
 1015 04ce 13       		.uleb128 0x13
 1016 04cf 01       		.byte	0x1
 1017 04d0 53000000 		.4byte	0x53
 1018 04d4 0B       		.byte	0xb
 1019 04d5 46       		.byte	0x46
 1020 04d6 17050000 		.4byte	0x517
ARM GAS  /var/folders/6q/x_mk5n_j3p7_c40r_2k_78980000gn/T//cc4sEcYI.s 			page 19


 1021 04da 15       		.uleb128 0x15
 1022 04db 97030000 		.4byte	.LASF87
 1023 04df 00       		.byte	0
 1024 04e0 15       		.uleb128 0x15
 1025 04e1 7B040000 		.4byte	.LASF88
 1026 04e5 01       		.byte	0x1
 1027 04e6 15       		.uleb128 0x15
 1028 04e7 89040000 		.4byte	.LASF89
 1029 04eb 02       		.byte	0x2
 1030 04ec 15       		.uleb128 0x15
 1031 04ed 97040000 		.4byte	.LASF90
 1032 04f1 03       		.byte	0x3
 1033 04f2 15       		.uleb128 0x15
 1034 04f3 A5040000 		.4byte	.LASF91
 1035 04f7 04       		.byte	0x4
 1036 04f8 15       		.uleb128 0x15
 1037 04f9 B3040000 		.4byte	.LASF92
 1038 04fd 05       		.byte	0x5
 1039 04fe 15       		.uleb128 0x15
 1040 04ff C1040000 		.4byte	.LASF93
 1041 0503 06       		.byte	0x6
 1042 0504 15       		.uleb128 0x15
 1043 0505 CF040000 		.4byte	.LASF94
 1044 0509 07       		.byte	0x7
 1045 050a 15       		.uleb128 0x15
 1046 050b 53010000 		.4byte	.LASF95
 1047 050f 08       		.byte	0x8
 1048 0510 15       		.uleb128 0x15
 1049 0511 95050000 		.4byte	.LASF96
 1050 0515 63       		.byte	0x63
 1051 0516 00       		.byte	0
 1052 0517 05       		.uleb128 0x5
 1053 0518 2B030000 		.4byte	.LASF97
 1054 051c 08       		.byte	0x8
 1055 051d 01       		.byte	0x1
 1056 051e 48       		.byte	0x48
 1057 051f 3A050000 		.4byte	0x53a
 1058 0523 07       		.uleb128 0x7
 1059 0524 706600   		.ascii	"pf\000"
 1060 0527 01       		.byte	0x1
 1061 0528 49       		.byte	0x49
 1062 0529 2F040000 		.4byte	0x42f
 1063 052d 00       		.byte	0
 1064 052e 07       		.uleb128 0x7
 1065 052f 747000   		.ascii	"tp\000"
 1066 0532 01       		.byte	0x1
 1067 0533 4A       		.byte	0x4a
 1068 0534 5D020000 		.4byte	0x25d
 1069 0538 04       		.byte	0x4
 1070 0539 00       		.byte	0
 1071 053a 04       		.uleb128 0x4
 1072 053b D8030000 		.4byte	.LASF98
 1073 053f 01       		.byte	0x1
 1074 0540 4B       		.byte	0x4b
 1075 0541 17050000 		.4byte	0x517
 1076 0545 16       		.uleb128 0x16
 1077 0546 64000000 		.4byte	.LASF116
ARM GAS  /var/folders/6q/x_mk5n_j3p7_c40r_2k_78980000gn/T//cc4sEcYI.s 			page 20


 1078 054a 01       		.byte	0x1
 1079 054b 53       		.byte	0x53
 1080 054c 13010000 		.4byte	0x113
 1081 0550 00000000 		.4byte	.LFB63
 1082 0554 1C000000 		.4byte	.LFE63-.LFB63
 1083 0558 01       		.uleb128 0x1
 1084 0559 9C       		.byte	0x9c
 1085 055a A9050000 		.4byte	0x5a9
 1086 055e 17       		.uleb128 0x17
 1087 055f 61726700 		.ascii	"arg\000"
 1088 0563 01       		.byte	0x1
 1089 0564 53       		.byte	0x53
 1090 0565 99020000 		.4byte	0x299
 1091 0569 00000000 		.4byte	.LLST0
 1092 056d 18       		.uleb128 0x18
 1093 056e 00000000 		.4byte	.Ldebug_ranges0+0
 1094 0572 19       		.uleb128 0x19
 1095 0573 0F010000 		.4byte	.LASF100
 1096 0577 01       		.byte	0x1
 1097 0578 59       		.byte	0x59
 1098 0579 2F040000 		.4byte	0x42f
 1099 057d 42000000 		.4byte	.LLST1
 1100 0581 1A       		.uleb128 0x1a
 1101 0582 0C000000 		.4byte	.LVL3
 1102 0586 25070000 		.4byte	0x725
 1103 058a 98050000 		.4byte	0x598
 1104 058e 1B       		.uleb128 0x1b
 1105 058f 01       		.uleb128 0x1
 1106 0590 50       		.byte	0x50
 1107 0591 05       		.uleb128 0x5
 1108 0592 03       		.byte	0x3
 1109 0593 00000000 		.4byte	.LC0
 1110 0597 00       		.byte	0
 1111 0598 1C       		.uleb128 0x1c
 1112 0599 16000000 		.4byte	.LVL5
 1113 059d 03       		.uleb128 0x3
 1114 059e F3       		.byte	0xf3
 1115 059f 01       		.uleb128 0x1
 1116 05a0 50       		.byte	0x50
 1117 05a1 1B       		.uleb128 0x1b
 1118 05a2 01       		.uleb128 0x1
 1119 05a3 50       		.byte	0x50
 1120 05a4 01       		.uleb128 0x1
 1121 05a5 30       		.byte	0x30
 1122 05a6 00       		.byte	0
 1123 05a7 00       		.byte	0
 1124 05a8 00       		.byte	0
 1125 05a9 1D       		.uleb128 0x1d
 1126 05aa 25000000 		.4byte	.LASF117
 1127 05ae 01       		.byte	0x1
 1128 05af 6A       		.byte	0x6a
 1129 05b0 5D020000 		.4byte	0x25d
 1130 05b4 00000000 		.4byte	.LFB64
 1131 05b8 98000000 		.4byte	.LFE64-.LFB64
 1132 05bc 01       		.uleb128 0x1
 1133 05bd 9C       		.byte	0x9c
 1134 05be 47060000 		.4byte	0x647
ARM GAS  /var/folders/6q/x_mk5n_j3p7_c40r_2k_78980000gn/T//cc4sEcYI.s 			page 21


 1135 05c2 17       		.uleb128 0x17
 1136 05c3 706600   		.ascii	"pf\000"
 1137 05c6 01       		.byte	0x1
 1138 05c7 6A       		.byte	0x6a
 1139 05c8 2F040000 		.4byte	0x42f
 1140 05cc 79000000 		.4byte	.LLST2
 1141 05d0 1E       		.uleb128 0x1e
 1142 05d1 A1020000 		.4byte	.LASF99
 1143 05d5 01       		.byte	0x1
 1144 05d6 6A       		.byte	0x6a
 1145 05d7 08010000 		.4byte	0x108
 1146 05db 02       		.uleb128 0x2
 1147 05dc 91       		.byte	0x91
 1148 05dd 74       		.sleb128 -12
 1149 05de 1F       		.uleb128 0x1f
 1150 05df 20       		.uleb128 0x20
 1151 05e0 20000000 		.4byte	.LASF101
 1152 05e4 01       		.byte	0x1
 1153 05e5 6C       		.byte	0x6c
 1154 05e6 CA000000 		.4byte	0xca
 1155 05ea 05       		.uleb128 0x5
 1156 05eb 03       		.byte	0x3
 1157 05ec 00000000 		.4byte	init.7450
 1158 05f0 21       		.uleb128 0x21
 1159 05f1 6900     		.ascii	"i\000"
 1160 05f3 01       		.byte	0x1
 1161 05f4 6D       		.byte	0x6d
 1162 05f5 A9000000 		.4byte	0xa9
 1163 05f9 BC000000 		.4byte	.LLST3
 1164 05fd 19       		.uleb128 0x19
 1165 05fe 7D050000 		.4byte	.LASF102
 1166 0602 01       		.byte	0x1
 1167 0603 6E       		.byte	0x6e
 1168 0604 CA000000 		.4byte	0xca
 1169 0608 04010000 		.4byte	.LLST4
 1170 060c 22       		.uleb128 0x22
 1171 060d 747000   		.ascii	"tp\000"
 1172 0610 01       		.byte	0x1
 1173 0611 8F       		.byte	0x8f
 1174 0612 5D020000 		.4byte	0x25d
 1175 0616 01       		.uleb128 0x1
 1176 0617 50       		.byte	0x50
 1177 0618 23       		.uleb128 0x23
 1178 0619 62000000 		.4byte	.LVL16
 1179 061d 30070000 		.4byte	0x730
 1180 0621 1B       		.uleb128 0x1b
 1181 0622 01       		.uleb128 0x1
 1182 0623 50       		.byte	0x50
 1183 0624 02       		.uleb128 0x2
 1184 0625 74       		.byte	0x74
 1185 0626 00       		.sleb128 0
 1186 0627 1B       		.uleb128 0x1b
 1187 0628 01       		.uleb128 0x1
 1188 0629 51       		.byte	0x51
 1189 062a 03       		.uleb128 0x3
 1190 062b 0A       		.byte	0xa
 1191 062c F802     		.2byte	0x2f8
ARM GAS  /var/folders/6q/x_mk5n_j3p7_c40r_2k_78980000gn/T//cc4sEcYI.s 			page 22


 1192 062e 1B       		.uleb128 0x1b
 1193 062f 01       		.uleb128 0x1
 1194 0630 52       		.byte	0x52
 1195 0631 03       		.uleb128 0x3
 1196 0632 91       		.byte	0x91
 1197 0633 5C       		.sleb128 -36
 1198 0634 06       		.byte	0x6
 1199 0635 1B       		.uleb128 0x1b
 1200 0636 01       		.uleb128 0x1
 1201 0637 53       		.byte	0x53
 1202 0638 05       		.uleb128 0x5
 1203 0639 03       		.byte	0x3
 1204 063a 00000000 		.4byte	vexRobotcTask
 1205 063e 1B       		.uleb128 0x1b
 1206 063f 02       		.uleb128 0x2
 1207 0640 7D       		.byte	0x7d
 1208 0641 00       		.sleb128 0
 1209 0642 02       		.uleb128 0x2
 1210 0643 76       		.byte	0x76
 1211 0644 00       		.sleb128 0
 1212 0645 00       		.byte	0
 1213 0646 00       		.byte	0
 1214 0647 24       		.uleb128 0x24
 1215 0648 75030000 		.4byte	.LASF103
 1216 064c 01       		.byte	0x1
 1217 064d A9       		.byte	0xa9
 1218 064e 00000000 		.4byte	.LFB65
 1219 0652 6C000000 		.4byte	.LFE65-.LFB65
 1220 0656 01       		.uleb128 0x1
 1221 0657 9C       		.byte	0x9c
 1222 0658 BE060000 		.4byte	0x6be
 1223 065c 17       		.uleb128 0x17
 1224 065d 706600   		.ascii	"pf\000"
 1225 0660 01       		.byte	0x1
 1226 0661 A9       		.byte	0xa9
 1227 0662 2F040000 		.4byte	0x42f
 1228 0666 24010000 		.4byte	.LLST5
 1229 066a 21       		.uleb128 0x21
 1230 066b 6900     		.ascii	"i\000"
 1231 066d 01       		.byte	0x1
 1232 066e AB       		.byte	0xab
 1233 066f A9000000 		.4byte	0xa9
 1234 0673 50010000 		.4byte	.LLST6
 1235 0677 21       		.uleb128 0x21
 1236 0678 747000   		.ascii	"tp\000"
 1237 067b 01       		.byte	0x1
 1238 067c AC       		.byte	0xac
 1239 067d 5D020000 		.4byte	0x25d
 1240 0681 64010000 		.4byte	.LLST7
 1241 0685 1A       		.uleb128 0x1a
 1242 0686 42000000 		.4byte	.LVL24
 1243 068a 3B070000 		.4byte	0x73b
 1244 068e 99060000 		.4byte	0x699
 1245 0692 1B       		.uleb128 0x1b
 1246 0693 01       		.uleb128 0x1
 1247 0694 50       		.byte	0x50
 1248 0695 02       		.uleb128 0x2
ARM GAS  /var/folders/6q/x_mk5n_j3p7_c40r_2k_78980000gn/T//cc4sEcYI.s 			page 23


 1249 0696 78       		.byte	0x78
 1250 0697 00       		.sleb128 0
 1251 0698 00       		.byte	0
 1252 0699 1A       		.uleb128 0x1a
 1253 069a 48000000 		.4byte	.LVL25
 1254 069e 47070000 		.4byte	0x747
 1255 06a2 AD060000 		.4byte	0x6ad
 1256 06a6 1B       		.uleb128 0x1b
 1257 06a7 01       		.uleb128 0x1
 1258 06a8 50       		.byte	0x50
 1259 06a9 02       		.uleb128 0x2
 1260 06aa 78       		.byte	0x78
 1261 06ab 00       		.sleb128 0
 1262 06ac 00       		.byte	0
 1263 06ad 23       		.uleb128 0x23
 1264 06ae 4E000000 		.4byte	.LVL26
 1265 06b2 53070000 		.4byte	0x753
 1266 06b6 1B       		.uleb128 0x1b
 1267 06b7 01       		.uleb128 0x1
 1268 06b8 50       		.byte	0x50
 1269 06b9 02       		.uleb128 0x2
 1270 06ba 78       		.byte	0x78
 1271 06bb 00       		.sleb128 0
 1272 06bc 00       		.byte	0
 1273 06bd 00       		.byte	0
 1274 06be 24       		.uleb128 0x24
 1275 06bf 4E030000 		.4byte	.LASF104
 1276 06c3 01       		.byte	0x1
 1277 06c4 CF       		.byte	0xcf
 1278 06c5 00000000 		.4byte	.LFB66
 1279 06c9 28000000 		.4byte	.LFE66-.LFB66
 1280 06cd 01       		.uleb128 0x1
 1281 06ce 9C       		.byte	0x9c
 1282 06cf ED060000 		.4byte	0x6ed
 1283 06d3 25       		.uleb128 0x25
 1284 06d4 747000   		.ascii	"tp\000"
 1285 06d7 01       		.byte	0x1
 1286 06d8 CF       		.byte	0xcf
 1287 06d9 5D020000 		.4byte	0x25d
 1288 06dd 01       		.uleb128 0x1
 1289 06de 50       		.byte	0x50
 1290 06df 21       		.uleb128 0x21
 1291 06e0 6900     		.ascii	"i\000"
 1292 06e2 01       		.byte	0x1
 1293 06e3 D1       		.byte	0xd1
 1294 06e4 A9000000 		.4byte	0xa9
 1295 06e8 77010000 		.4byte	.LLST8
 1296 06ec 00       		.byte	0
 1297 06ed 26       		.uleb128 0x26
 1298 06ee 3A050000 		.4byte	0x53a
 1299 06f2 FD060000 		.4byte	0x6fd
 1300 06f6 27       		.uleb128 0x27
 1301 06f7 38030000 		.4byte	0x338
 1302 06fb 09       		.byte	0x9
 1303 06fc 00       		.byte	0
 1304 06fd 20       		.uleb128 0x20
 1305 06fe 05040000 		.4byte	.LASF105
ARM GAS  /var/folders/6q/x_mk5n_j3p7_c40r_2k_78980000gn/T//cc4sEcYI.s 			page 24


 1306 0702 01       		.byte	0x1
 1307 0703 4D       		.byte	0x4d
 1308 0704 ED060000 		.4byte	0x6ed
 1309 0708 05       		.uleb128 0x5
 1310 0709 03       		.byte	0x3
 1311 070a 00000000 		.4byte	rcTasks
 1312 070e 28       		.uleb128 0x28
 1313 070f 8F050000 		.4byte	.LASF106
 1314 0713 08       		.byte	0x8
 1315 0714 6F       		.byte	0x6f
 1316 0715 95030000 		.4byte	0x395
 1317 0719 29       		.uleb128 0x29
 1318 071a 82000000 		.4byte	.LASF107
 1319 071e 0C       		.byte	0xc
 1320 071f 0706     		.2byte	0x607
 1321 0721 4F040000 		.4byte	0x44f
 1322 0725 2A       		.uleb128 0x2a
 1323 0726 C7000000 		.4byte	.LASF108
 1324 072a C7000000 		.4byte	.LASF108
 1325 072e 0D       		.byte	0xd
 1326 072f 9E       		.byte	0x9e
 1327 0730 2A       		.uleb128 0x2a
 1328 0731 F2000000 		.4byte	.LASF109
 1329 0735 F2000000 		.4byte	.LASF109
 1330 0739 0E       		.byte	0xe
 1331 073a 3C       		.byte	0x3c
 1332 073b 2B       		.uleb128 0x2b
 1333 073c 22010000 		.4byte	.LASF110
 1334 0740 22010000 		.4byte	.LASF110
 1335 0744 06       		.byte	0x6
 1336 0745 7401     		.2byte	0x174
 1337 0747 2B       		.uleb128 0x2b
 1338 0748 4E040000 		.4byte	.LASF111
 1339 074c 4E040000 		.4byte	.LASF111
 1340 0750 06       		.byte	0x6
 1341 0751 7301     		.2byte	0x173
 1342 0753 2B       		.uleb128 0x2b
 1343 0754 4A050000 		.4byte	.LASF112
 1344 0758 4A050000 		.4byte	.LASF112
 1345 075c 06       		.byte	0x6
 1346 075d 7B01     		.2byte	0x17b
 1347 075f 00       		.byte	0
 1348              		.section	.debug_abbrev,"",%progbits
 1349              	.Ldebug_abbrev0:
 1350 0000 01       		.uleb128 0x1
 1351 0001 11       		.uleb128 0x11
 1352 0002 01       		.byte	0x1
 1353 0003 25       		.uleb128 0x25
 1354 0004 0E       		.uleb128 0xe
 1355 0005 13       		.uleb128 0x13
 1356 0006 0B       		.uleb128 0xb
 1357 0007 03       		.uleb128 0x3
 1358 0008 0E       		.uleb128 0xe
 1359 0009 1B       		.uleb128 0x1b
 1360 000a 0E       		.uleb128 0xe
 1361 000b 55       		.uleb128 0x55
 1362 000c 17       		.uleb128 0x17
ARM GAS  /var/folders/6q/x_mk5n_j3p7_c40r_2k_78980000gn/T//cc4sEcYI.s 			page 25


 1363 000d 11       		.uleb128 0x11
 1364 000e 01       		.uleb128 0x1
 1365 000f 10       		.uleb128 0x10
 1366 0010 17       		.uleb128 0x17
 1367 0011 00       		.byte	0
 1368 0012 00       		.byte	0
 1369 0013 02       		.uleb128 0x2
 1370 0014 24       		.uleb128 0x24
 1371 0015 00       		.byte	0
 1372 0016 0B       		.uleb128 0xb
 1373 0017 0B       		.uleb128 0xb
 1374 0018 3E       		.uleb128 0x3e
 1375 0019 0B       		.uleb128 0xb
 1376 001a 03       		.uleb128 0x3
 1377 001b 08       		.uleb128 0x8
 1378 001c 00       		.byte	0
 1379 001d 00       		.byte	0
 1380 001e 03       		.uleb128 0x3
 1381 001f 24       		.uleb128 0x24
 1382 0020 00       		.byte	0
 1383 0021 0B       		.uleb128 0xb
 1384 0022 0B       		.uleb128 0xb
 1385 0023 3E       		.uleb128 0x3e
 1386 0024 0B       		.uleb128 0xb
 1387 0025 03       		.uleb128 0x3
 1388 0026 0E       		.uleb128 0xe
 1389 0027 00       		.byte	0
 1390 0028 00       		.byte	0
 1391 0029 04       		.uleb128 0x4
 1392 002a 16       		.uleb128 0x16
 1393 002b 00       		.byte	0
 1394 002c 03       		.uleb128 0x3
 1395 002d 0E       		.uleb128 0xe
 1396 002e 3A       		.uleb128 0x3a
 1397 002f 0B       		.uleb128 0xb
 1398 0030 3B       		.uleb128 0x3b
 1399 0031 0B       		.uleb128 0xb
 1400 0032 49       		.uleb128 0x49
 1401 0033 13       		.uleb128 0x13
 1402 0034 00       		.byte	0
 1403 0035 00       		.byte	0
 1404 0036 05       		.uleb128 0x5
 1405 0037 13       		.uleb128 0x13
 1406 0038 01       		.byte	0x1
 1407 0039 03       		.uleb128 0x3
 1408 003a 0E       		.uleb128 0xe
 1409 003b 0B       		.uleb128 0xb
 1410 003c 0B       		.uleb128 0xb
 1411 003d 3A       		.uleb128 0x3a
 1412 003e 0B       		.uleb128 0xb
 1413 003f 3B       		.uleb128 0x3b
 1414 0040 0B       		.uleb128 0xb
 1415 0041 01       		.uleb128 0x1
 1416 0042 13       		.uleb128 0x13
 1417 0043 00       		.byte	0
 1418 0044 00       		.byte	0
 1419 0045 06       		.uleb128 0x6
ARM GAS  /var/folders/6q/x_mk5n_j3p7_c40r_2k_78980000gn/T//cc4sEcYI.s 			page 26


 1420 0046 0D       		.uleb128 0xd
 1421 0047 00       		.byte	0
 1422 0048 03       		.uleb128 0x3
 1423 0049 0E       		.uleb128 0xe
 1424 004a 3A       		.uleb128 0x3a
 1425 004b 0B       		.uleb128 0xb
 1426 004c 3B       		.uleb128 0x3b
 1427 004d 0B       		.uleb128 0xb
 1428 004e 49       		.uleb128 0x49
 1429 004f 13       		.uleb128 0x13
 1430 0050 38       		.uleb128 0x38
 1431 0051 0B       		.uleb128 0xb
 1432 0052 00       		.byte	0
 1433 0053 00       		.byte	0
 1434 0054 07       		.uleb128 0x7
 1435 0055 0D       		.uleb128 0xd
 1436 0056 00       		.byte	0
 1437 0057 03       		.uleb128 0x3
 1438 0058 08       		.uleb128 0x8
 1439 0059 3A       		.uleb128 0x3a
 1440 005a 0B       		.uleb128 0xb
 1441 005b 3B       		.uleb128 0x3b
 1442 005c 0B       		.uleb128 0xb
 1443 005d 49       		.uleb128 0x49
 1444 005e 13       		.uleb128 0x13
 1445 005f 38       		.uleb128 0x38
 1446 0060 0B       		.uleb128 0xb
 1447 0061 00       		.byte	0
 1448 0062 00       		.byte	0
 1449 0063 08       		.uleb128 0x8
 1450 0064 13       		.uleb128 0x13
 1451 0065 01       		.byte	0x1
 1452 0066 0B       		.uleb128 0xb
 1453 0067 0B       		.uleb128 0xb
 1454 0068 3A       		.uleb128 0x3a
 1455 0069 0B       		.uleb128 0xb
 1456 006a 3B       		.uleb128 0x3b
 1457 006b 0B       		.uleb128 0xb
 1458 006c 01       		.uleb128 0x1
 1459 006d 13       		.uleb128 0x13
 1460 006e 00       		.byte	0
 1461 006f 00       		.byte	0
 1462 0070 09       		.uleb128 0x9
 1463 0071 0F       		.uleb128 0xf
 1464 0072 00       		.byte	0
 1465 0073 0B       		.uleb128 0xb
 1466 0074 0B       		.uleb128 0xb
 1467 0075 49       		.uleb128 0x49
 1468 0076 13       		.uleb128 0x13
 1469 0077 00       		.byte	0
 1470 0078 00       		.byte	0
 1471 0079 0A       		.uleb128 0xa
 1472 007a 0F       		.uleb128 0xf
 1473 007b 00       		.byte	0
 1474 007c 0B       		.uleb128 0xb
 1475 007d 0B       		.uleb128 0xb
 1476 007e 00       		.byte	0
ARM GAS  /var/folders/6q/x_mk5n_j3p7_c40r_2k_78980000gn/T//cc4sEcYI.s 			page 27


 1477 007f 00       		.byte	0
 1478 0080 0B       		.uleb128 0xb
 1479 0081 13       		.uleb128 0x13
 1480 0082 01       		.byte	0x1
 1481 0083 03       		.uleb128 0x3
 1482 0084 0E       		.uleb128 0xe
 1483 0085 0B       		.uleb128 0xb
 1484 0086 0B       		.uleb128 0xb
 1485 0087 3A       		.uleb128 0x3a
 1486 0088 0B       		.uleb128 0xb
 1487 0089 3B       		.uleb128 0x3b
 1488 008a 05       		.uleb128 0x5
 1489 008b 01       		.uleb128 0x1
 1490 008c 13       		.uleb128 0x13
 1491 008d 00       		.byte	0
 1492 008e 00       		.byte	0
 1493 008f 0C       		.uleb128 0xc
 1494 0090 0D       		.uleb128 0xd
 1495 0091 00       		.byte	0
 1496 0092 03       		.uleb128 0x3
 1497 0093 08       		.uleb128 0x8
 1498 0094 3A       		.uleb128 0x3a
 1499 0095 0B       		.uleb128 0xb
 1500 0096 3B       		.uleb128 0x3b
 1501 0097 05       		.uleb128 0x5
 1502 0098 49       		.uleb128 0x49
 1503 0099 13       		.uleb128 0x13
 1504 009a 38       		.uleb128 0x38
 1505 009b 0B       		.uleb128 0xb
 1506 009c 00       		.byte	0
 1507 009d 00       		.byte	0
 1508 009e 0D       		.uleb128 0xd
 1509 009f 35       		.uleb128 0x35
 1510 00a0 00       		.byte	0
 1511 00a1 49       		.uleb128 0x49
 1512 00a2 13       		.uleb128 0x13
 1513 00a3 00       		.byte	0
 1514 00a4 00       		.byte	0
 1515 00a5 0E       		.uleb128 0xe
 1516 00a6 17       		.uleb128 0x17
 1517 00a7 01       		.byte	0x1
 1518 00a8 0B       		.uleb128 0xb
 1519 00a9 0B       		.uleb128 0xb
 1520 00aa 3A       		.uleb128 0x3a
 1521 00ab 0B       		.uleb128 0xb
 1522 00ac 3B       		.uleb128 0x3b
 1523 00ad 0B       		.uleb128 0xb
 1524 00ae 01       		.uleb128 0x1
 1525 00af 13       		.uleb128 0x13
 1526 00b0 00       		.byte	0
 1527 00b1 00       		.byte	0
 1528 00b2 0F       		.uleb128 0xf
 1529 00b3 0D       		.uleb128 0xd
 1530 00b4 00       		.byte	0
 1531 00b5 03       		.uleb128 0x3
 1532 00b6 0E       		.uleb128 0xe
 1533 00b7 3A       		.uleb128 0x3a
ARM GAS  /var/folders/6q/x_mk5n_j3p7_c40r_2k_78980000gn/T//cc4sEcYI.s 			page 28


 1534 00b8 0B       		.uleb128 0xb
 1535 00b9 3B       		.uleb128 0x3b
 1536 00ba 0B       		.uleb128 0xb
 1537 00bb 49       		.uleb128 0x49
 1538 00bc 13       		.uleb128 0x13
 1539 00bd 00       		.byte	0
 1540 00be 00       		.byte	0
 1541 00bf 10       		.uleb128 0x10
 1542 00c0 26       		.uleb128 0x26
 1543 00c1 00       		.byte	0
 1544 00c2 49       		.uleb128 0x49
 1545 00c3 13       		.uleb128 0x13
 1546 00c4 00       		.byte	0
 1547 00c5 00       		.byte	0
 1548 00c6 11       		.uleb128 0x11
 1549 00c7 15       		.uleb128 0x15
 1550 00c8 01       		.byte	0x1
 1551 00c9 27       		.uleb128 0x27
 1552 00ca 19       		.uleb128 0x19
 1553 00cb 49       		.uleb128 0x49
 1554 00cc 13       		.uleb128 0x13
 1555 00cd 01       		.uleb128 0x1
 1556 00ce 13       		.uleb128 0x13
 1557 00cf 00       		.byte	0
 1558 00d0 00       		.byte	0
 1559 00d1 12       		.uleb128 0x12
 1560 00d2 05       		.uleb128 0x5
 1561 00d3 00       		.byte	0
 1562 00d4 49       		.uleb128 0x49
 1563 00d5 13       		.uleb128 0x13
 1564 00d6 00       		.byte	0
 1565 00d7 00       		.byte	0
 1566 00d8 13       		.uleb128 0x13
 1567 00d9 04       		.uleb128 0x4
 1568 00da 01       		.byte	0x1
 1569 00db 0B       		.uleb128 0xb
 1570 00dc 0B       		.uleb128 0xb
 1571 00dd 49       		.uleb128 0x49
 1572 00de 13       		.uleb128 0x13
 1573 00df 3A       		.uleb128 0x3a
 1574 00e0 0B       		.uleb128 0xb
 1575 00e1 3B       		.uleb128 0x3b
 1576 00e2 0B       		.uleb128 0xb
 1577 00e3 01       		.uleb128 0x1
 1578 00e4 13       		.uleb128 0x13
 1579 00e5 00       		.byte	0
 1580 00e6 00       		.byte	0
 1581 00e7 14       		.uleb128 0x14
 1582 00e8 28       		.uleb128 0x28
 1583 00e9 00       		.byte	0
 1584 00ea 03       		.uleb128 0x3
 1585 00eb 0E       		.uleb128 0xe
 1586 00ec 1C       		.uleb128 0x1c
 1587 00ed 0D       		.uleb128 0xd
 1588 00ee 00       		.byte	0
 1589 00ef 00       		.byte	0
 1590 00f0 15       		.uleb128 0x15
ARM GAS  /var/folders/6q/x_mk5n_j3p7_c40r_2k_78980000gn/T//cc4sEcYI.s 			page 29


 1591 00f1 28       		.uleb128 0x28
 1592 00f2 00       		.byte	0
 1593 00f3 03       		.uleb128 0x3
 1594 00f4 0E       		.uleb128 0xe
 1595 00f5 1C       		.uleb128 0x1c
 1596 00f6 0B       		.uleb128 0xb
 1597 00f7 00       		.byte	0
 1598 00f8 00       		.byte	0
 1599 00f9 16       		.uleb128 0x16
 1600 00fa 2E       		.uleb128 0x2e
 1601 00fb 01       		.byte	0x1
 1602 00fc 03       		.uleb128 0x3
 1603 00fd 0E       		.uleb128 0xe
 1604 00fe 3A       		.uleb128 0x3a
 1605 00ff 0B       		.uleb128 0xb
 1606 0100 3B       		.uleb128 0x3b
 1607 0101 0B       		.uleb128 0xb
 1608 0102 27       		.uleb128 0x27
 1609 0103 19       		.uleb128 0x19
 1610 0104 49       		.uleb128 0x49
 1611 0105 13       		.uleb128 0x13
 1612 0106 11       		.uleb128 0x11
 1613 0107 01       		.uleb128 0x1
 1614 0108 12       		.uleb128 0x12
 1615 0109 06       		.uleb128 0x6
 1616 010a 40       		.uleb128 0x40
 1617 010b 18       		.uleb128 0x18
 1618 010c 9742     		.uleb128 0x2117
 1619 010e 19       		.uleb128 0x19
 1620 010f 01       		.uleb128 0x1
 1621 0110 13       		.uleb128 0x13
 1622 0111 00       		.byte	0
 1623 0112 00       		.byte	0
 1624 0113 17       		.uleb128 0x17
 1625 0114 05       		.uleb128 0x5
 1626 0115 00       		.byte	0
 1627 0116 03       		.uleb128 0x3
 1628 0117 08       		.uleb128 0x8
 1629 0118 3A       		.uleb128 0x3a
 1630 0119 0B       		.uleb128 0xb
 1631 011a 3B       		.uleb128 0x3b
 1632 011b 0B       		.uleb128 0xb
 1633 011c 49       		.uleb128 0x49
 1634 011d 13       		.uleb128 0x13
 1635 011e 02       		.uleb128 0x2
 1636 011f 17       		.uleb128 0x17
 1637 0120 00       		.byte	0
 1638 0121 00       		.byte	0
 1639 0122 18       		.uleb128 0x18
 1640 0123 0B       		.uleb128 0xb
 1641 0124 01       		.byte	0x1
 1642 0125 55       		.uleb128 0x55
 1643 0126 17       		.uleb128 0x17
 1644 0127 00       		.byte	0
 1645 0128 00       		.byte	0
 1646 0129 19       		.uleb128 0x19
 1647 012a 34       		.uleb128 0x34
ARM GAS  /var/folders/6q/x_mk5n_j3p7_c40r_2k_78980000gn/T//cc4sEcYI.s 			page 30


 1648 012b 00       		.byte	0
 1649 012c 03       		.uleb128 0x3
 1650 012d 0E       		.uleb128 0xe
 1651 012e 3A       		.uleb128 0x3a
 1652 012f 0B       		.uleb128 0xb
 1653 0130 3B       		.uleb128 0x3b
 1654 0131 0B       		.uleb128 0xb
 1655 0132 49       		.uleb128 0x49
 1656 0133 13       		.uleb128 0x13
 1657 0134 02       		.uleb128 0x2
 1658 0135 17       		.uleb128 0x17
 1659 0136 00       		.byte	0
 1660 0137 00       		.byte	0
 1661 0138 1A       		.uleb128 0x1a
 1662 0139 898201   		.uleb128 0x4109
 1663 013c 01       		.byte	0x1
 1664 013d 11       		.uleb128 0x11
 1665 013e 01       		.uleb128 0x1
 1666 013f 31       		.uleb128 0x31
 1667 0140 13       		.uleb128 0x13
 1668 0141 01       		.uleb128 0x1
 1669 0142 13       		.uleb128 0x13
 1670 0143 00       		.byte	0
 1671 0144 00       		.byte	0
 1672 0145 1B       		.uleb128 0x1b
 1673 0146 8A8201   		.uleb128 0x410a
 1674 0149 00       		.byte	0
 1675 014a 02       		.uleb128 0x2
 1676 014b 18       		.uleb128 0x18
 1677 014c 9142     		.uleb128 0x2111
 1678 014e 18       		.uleb128 0x18
 1679 014f 00       		.byte	0
 1680 0150 00       		.byte	0
 1681 0151 1C       		.uleb128 0x1c
 1682 0152 898201   		.uleb128 0x4109
 1683 0155 01       		.byte	0x1
 1684 0156 11       		.uleb128 0x11
 1685 0157 01       		.uleb128 0x1
 1686 0158 9542     		.uleb128 0x2115
 1687 015a 19       		.uleb128 0x19
 1688 015b 9342     		.uleb128 0x2113
 1689 015d 18       		.uleb128 0x18
 1690 015e 00       		.byte	0
 1691 015f 00       		.byte	0
 1692 0160 1D       		.uleb128 0x1d
 1693 0161 2E       		.uleb128 0x2e
 1694 0162 01       		.byte	0x1
 1695 0163 3F       		.uleb128 0x3f
 1696 0164 19       		.uleb128 0x19
 1697 0165 03       		.uleb128 0x3
 1698 0166 0E       		.uleb128 0xe
 1699 0167 3A       		.uleb128 0x3a
 1700 0168 0B       		.uleb128 0xb
 1701 0169 3B       		.uleb128 0x3b
 1702 016a 0B       		.uleb128 0xb
 1703 016b 27       		.uleb128 0x27
 1704 016c 19       		.uleb128 0x19
ARM GAS  /var/folders/6q/x_mk5n_j3p7_c40r_2k_78980000gn/T//cc4sEcYI.s 			page 31


 1705 016d 49       		.uleb128 0x49
 1706 016e 13       		.uleb128 0x13
 1707 016f 11       		.uleb128 0x11
 1708 0170 01       		.uleb128 0x1
 1709 0171 12       		.uleb128 0x12
 1710 0172 06       		.uleb128 0x6
 1711 0173 40       		.uleb128 0x40
 1712 0174 18       		.uleb128 0x18
 1713 0175 9742     		.uleb128 0x2117
 1714 0177 19       		.uleb128 0x19
 1715 0178 01       		.uleb128 0x1
 1716 0179 13       		.uleb128 0x13
 1717 017a 00       		.byte	0
 1718 017b 00       		.byte	0
 1719 017c 1E       		.uleb128 0x1e
 1720 017d 05       		.uleb128 0x5
 1721 017e 00       		.byte	0
 1722 017f 03       		.uleb128 0x3
 1723 0180 0E       		.uleb128 0xe
 1724 0181 3A       		.uleb128 0x3a
 1725 0182 0B       		.uleb128 0xb
 1726 0183 3B       		.uleb128 0x3b
 1727 0184 0B       		.uleb128 0xb
 1728 0185 49       		.uleb128 0x49
 1729 0186 13       		.uleb128 0x13
 1730 0187 02       		.uleb128 0x2
 1731 0188 18       		.uleb128 0x18
 1732 0189 00       		.byte	0
 1733 018a 00       		.byte	0
 1734 018b 1F       		.uleb128 0x1f
 1735 018c 18       		.uleb128 0x18
 1736 018d 00       		.byte	0
 1737 018e 00       		.byte	0
 1738 018f 00       		.byte	0
 1739 0190 20       		.uleb128 0x20
 1740 0191 34       		.uleb128 0x34
 1741 0192 00       		.byte	0
 1742 0193 03       		.uleb128 0x3
 1743 0194 0E       		.uleb128 0xe
 1744 0195 3A       		.uleb128 0x3a
 1745 0196 0B       		.uleb128 0xb
 1746 0197 3B       		.uleb128 0x3b
 1747 0198 0B       		.uleb128 0xb
 1748 0199 49       		.uleb128 0x49
 1749 019a 13       		.uleb128 0x13
 1750 019b 02       		.uleb128 0x2
 1751 019c 18       		.uleb128 0x18
 1752 019d 00       		.byte	0
 1753 019e 00       		.byte	0
 1754 019f 21       		.uleb128 0x21
 1755 01a0 34       		.uleb128 0x34
 1756 01a1 00       		.byte	0
 1757 01a2 03       		.uleb128 0x3
 1758 01a3 08       		.uleb128 0x8
 1759 01a4 3A       		.uleb128 0x3a
 1760 01a5 0B       		.uleb128 0xb
 1761 01a6 3B       		.uleb128 0x3b
ARM GAS  /var/folders/6q/x_mk5n_j3p7_c40r_2k_78980000gn/T//cc4sEcYI.s 			page 32


 1762 01a7 0B       		.uleb128 0xb
 1763 01a8 49       		.uleb128 0x49
 1764 01a9 13       		.uleb128 0x13
 1765 01aa 02       		.uleb128 0x2
 1766 01ab 17       		.uleb128 0x17
 1767 01ac 00       		.byte	0
 1768 01ad 00       		.byte	0
 1769 01ae 22       		.uleb128 0x22
 1770 01af 34       		.uleb128 0x34
 1771 01b0 00       		.byte	0
 1772 01b1 03       		.uleb128 0x3
 1773 01b2 08       		.uleb128 0x8
 1774 01b3 3A       		.uleb128 0x3a
 1775 01b4 0B       		.uleb128 0xb
 1776 01b5 3B       		.uleb128 0x3b
 1777 01b6 0B       		.uleb128 0xb
 1778 01b7 49       		.uleb128 0x49
 1779 01b8 13       		.uleb128 0x13
 1780 01b9 02       		.uleb128 0x2
 1781 01ba 18       		.uleb128 0x18
 1782 01bb 00       		.byte	0
 1783 01bc 00       		.byte	0
 1784 01bd 23       		.uleb128 0x23
 1785 01be 898201   		.uleb128 0x4109
 1786 01c1 01       		.byte	0x1
 1787 01c2 11       		.uleb128 0x11
 1788 01c3 01       		.uleb128 0x1
 1789 01c4 31       		.uleb128 0x31
 1790 01c5 13       		.uleb128 0x13
 1791 01c6 00       		.byte	0
 1792 01c7 00       		.byte	0
 1793 01c8 24       		.uleb128 0x24
 1794 01c9 2E       		.uleb128 0x2e
 1795 01ca 01       		.byte	0x1
 1796 01cb 3F       		.uleb128 0x3f
 1797 01cc 19       		.uleb128 0x19
 1798 01cd 03       		.uleb128 0x3
 1799 01ce 0E       		.uleb128 0xe
 1800 01cf 3A       		.uleb128 0x3a
 1801 01d0 0B       		.uleb128 0xb
 1802 01d1 3B       		.uleb128 0x3b
 1803 01d2 0B       		.uleb128 0xb
 1804 01d3 27       		.uleb128 0x27
 1805 01d4 19       		.uleb128 0x19
 1806 01d5 11       		.uleb128 0x11
 1807 01d6 01       		.uleb128 0x1
 1808 01d7 12       		.uleb128 0x12
 1809 01d8 06       		.uleb128 0x6
 1810 01d9 40       		.uleb128 0x40
 1811 01da 18       		.uleb128 0x18
 1812 01db 9742     		.uleb128 0x2117
 1813 01dd 19       		.uleb128 0x19
 1814 01de 01       		.uleb128 0x1
 1815 01df 13       		.uleb128 0x13
 1816 01e0 00       		.byte	0
 1817 01e1 00       		.byte	0
 1818 01e2 25       		.uleb128 0x25
ARM GAS  /var/folders/6q/x_mk5n_j3p7_c40r_2k_78980000gn/T//cc4sEcYI.s 			page 33


 1819 01e3 05       		.uleb128 0x5
 1820 01e4 00       		.byte	0
 1821 01e5 03       		.uleb128 0x3
 1822 01e6 08       		.uleb128 0x8
 1823 01e7 3A       		.uleb128 0x3a
 1824 01e8 0B       		.uleb128 0xb
 1825 01e9 3B       		.uleb128 0x3b
 1826 01ea 0B       		.uleb128 0xb
 1827 01eb 49       		.uleb128 0x49
 1828 01ec 13       		.uleb128 0x13
 1829 01ed 02       		.uleb128 0x2
 1830 01ee 18       		.uleb128 0x18
 1831 01ef 00       		.byte	0
 1832 01f0 00       		.byte	0
 1833 01f1 26       		.uleb128 0x26
 1834 01f2 01       		.uleb128 0x1
 1835 01f3 01       		.byte	0x1
 1836 01f4 49       		.uleb128 0x49
 1837 01f5 13       		.uleb128 0x13
 1838 01f6 01       		.uleb128 0x1
 1839 01f7 13       		.uleb128 0x13
 1840 01f8 00       		.byte	0
 1841 01f9 00       		.byte	0
 1842 01fa 27       		.uleb128 0x27
 1843 01fb 21       		.uleb128 0x21
 1844 01fc 00       		.byte	0
 1845 01fd 49       		.uleb128 0x49
 1846 01fe 13       		.uleb128 0x13
 1847 01ff 2F       		.uleb128 0x2f
 1848 0200 0B       		.uleb128 0xb
 1849 0201 00       		.byte	0
 1850 0202 00       		.byte	0
 1851 0203 28       		.uleb128 0x28
 1852 0204 34       		.uleb128 0x34
 1853 0205 00       		.byte	0
 1854 0206 03       		.uleb128 0x3
 1855 0207 0E       		.uleb128 0xe
 1856 0208 3A       		.uleb128 0x3a
 1857 0209 0B       		.uleb128 0xb
 1858 020a 3B       		.uleb128 0x3b
 1859 020b 0B       		.uleb128 0xb
 1860 020c 49       		.uleb128 0x49
 1861 020d 13       		.uleb128 0x13
 1862 020e 3F       		.uleb128 0x3f
 1863 020f 19       		.uleb128 0x19
 1864 0210 3C       		.uleb128 0x3c
 1865 0211 19       		.uleb128 0x19
 1866 0212 00       		.byte	0
 1867 0213 00       		.byte	0
 1868 0214 29       		.uleb128 0x29
 1869 0215 34       		.uleb128 0x34
 1870 0216 00       		.byte	0
 1871 0217 03       		.uleb128 0x3
 1872 0218 0E       		.uleb128 0xe
 1873 0219 3A       		.uleb128 0x3a
 1874 021a 0B       		.uleb128 0xb
 1875 021b 3B       		.uleb128 0x3b
ARM GAS  /var/folders/6q/x_mk5n_j3p7_c40r_2k_78980000gn/T//cc4sEcYI.s 			page 34


 1876 021c 05       		.uleb128 0x5
 1877 021d 49       		.uleb128 0x49
 1878 021e 13       		.uleb128 0x13
 1879 021f 3F       		.uleb128 0x3f
 1880 0220 19       		.uleb128 0x19
 1881 0221 3C       		.uleb128 0x3c
 1882 0222 19       		.uleb128 0x19
 1883 0223 00       		.byte	0
 1884 0224 00       		.byte	0
 1885 0225 2A       		.uleb128 0x2a
 1886 0226 2E       		.uleb128 0x2e
 1887 0227 00       		.byte	0
 1888 0228 3F       		.uleb128 0x3f
 1889 0229 19       		.uleb128 0x19
 1890 022a 3C       		.uleb128 0x3c
 1891 022b 19       		.uleb128 0x19
 1892 022c 6E       		.uleb128 0x6e
 1893 022d 0E       		.uleb128 0xe
 1894 022e 03       		.uleb128 0x3
 1895 022f 0E       		.uleb128 0xe
 1896 0230 3A       		.uleb128 0x3a
 1897 0231 0B       		.uleb128 0xb
 1898 0232 3B       		.uleb128 0x3b
 1899 0233 0B       		.uleb128 0xb
 1900 0234 00       		.byte	0
 1901 0235 00       		.byte	0
 1902 0236 2B       		.uleb128 0x2b
 1903 0237 2E       		.uleb128 0x2e
 1904 0238 00       		.byte	0
 1905 0239 3F       		.uleb128 0x3f
 1906 023a 19       		.uleb128 0x19
 1907 023b 3C       		.uleb128 0x3c
 1908 023c 19       		.uleb128 0x19
 1909 023d 6E       		.uleb128 0x6e
 1910 023e 0E       		.uleb128 0xe
 1911 023f 03       		.uleb128 0x3
 1912 0240 0E       		.uleb128 0xe
 1913 0241 3A       		.uleb128 0x3a
 1914 0242 0B       		.uleb128 0xb
 1915 0243 3B       		.uleb128 0x3b
 1916 0244 05       		.uleb128 0x5
 1917 0245 00       		.byte	0
 1918 0246 00       		.byte	0
 1919 0247 00       		.byte	0
 1920              		.section	.debug_loc,"",%progbits
 1921              	.Ldebug_loc0:
 1922              	.LLST0:
 1923 0000 00000000 		.4byte	.LVL0
 1924 0004 08000000 		.4byte	.LVL2
 1925 0008 0100     		.2byte	0x1
 1926 000a 50       		.byte	0x50
 1927 000b 08000000 		.4byte	.LVL2
 1928 000f 12000000 		.4byte	.LVL4
 1929 0013 0100     		.2byte	0x1
 1930 0015 54       		.byte	0x54
 1931 0016 12000000 		.4byte	.LVL4
 1932 001a 15000000 		.4byte	.LVL5-1
ARM GAS  /var/folders/6q/x_mk5n_j3p7_c40r_2k_78980000gn/T//cc4sEcYI.s 			page 35


 1933 001e 0100     		.2byte	0x1
 1934 0020 53       		.byte	0x53
 1935 0021 15000000 		.4byte	.LVL5-1
 1936 0025 16000000 		.4byte	.LVL5
 1937 0029 0400     		.2byte	0x4
 1938 002b F3       		.byte	0xf3
 1939 002c 01       		.uleb128 0x1
 1940 002d 50       		.byte	0x50
 1941 002e 9F       		.byte	0x9f
 1942 002f 16000000 		.4byte	.LVL5
 1943 0033 1C000000 		.4byte	.LFE63
 1944 0037 0100     		.2byte	0x1
 1945 0039 50       		.byte	0x50
 1946 003a 00000000 		.4byte	0
 1947 003e 00000000 		.4byte	0
 1948              	.LLST1:
 1949 0042 06000000 		.4byte	.LVL1
 1950 0046 08000000 		.4byte	.LVL2
 1951 004a 0100     		.2byte	0x1
 1952 004c 50       		.byte	0x50
 1953 004d 08000000 		.4byte	.LVL2
 1954 0051 12000000 		.4byte	.LVL4
 1955 0055 0100     		.2byte	0x1
 1956 0057 54       		.byte	0x54
 1957 0058 12000000 		.4byte	.LVL4
 1958 005c 15000000 		.4byte	.LVL5-1
 1959 0060 0100     		.2byte	0x1
 1960 0062 53       		.byte	0x53
 1961 0063 15000000 		.4byte	.LVL5-1
 1962 0067 16000000 		.4byte	.LVL5
 1963 006b 0400     		.2byte	0x4
 1964 006d F3       		.byte	0xf3
 1965 006e 01       		.uleb128 0x1
 1966 006f 50       		.byte	0x50
 1967 0070 9F       		.byte	0x9f
 1968 0071 00000000 		.4byte	0
 1969 0075 00000000 		.4byte	0
 1970              	.LLST2:
 1971 0079 00000000 		.4byte	.LVL6
 1972 007d 44000000 		.4byte	.LVL13
 1973 0081 0100     		.2byte	0x1
 1974 0083 50       		.byte	0x50
 1975 0084 44000000 		.4byte	.LVL13
 1976 0088 50000000 		.4byte	.LVL14
 1977 008c 0400     		.2byte	0x4
 1978 008e F3       		.byte	0xf3
 1979 008f 01       		.uleb128 0x1
 1980 0090 50       		.byte	0x50
 1981 0091 9F       		.byte	0x9f
 1982 0092 50000000 		.4byte	.LVL14
 1983 0096 5E000000 		.4byte	.LVL15
 1984 009a 0100     		.2byte	0x1
 1985 009c 50       		.byte	0x50
 1986 009d 5E000000 		.4byte	.LVL15
 1987 00a1 88000000 		.4byte	.LVL20
 1988 00a5 0100     		.2byte	0x1
 1989 00a7 56       		.byte	0x56
ARM GAS  /var/folders/6q/x_mk5n_j3p7_c40r_2k_78980000gn/T//cc4sEcYI.s 			page 36


 1990 00a8 88000000 		.4byte	.LVL20
 1991 00ac 98000000 		.4byte	.LFE64
 1992 00b0 0200     		.2byte	0x2
 1993 00b2 73       		.byte	0x73
 1994 00b3 00       		.sleb128 0
 1995 00b4 00000000 		.4byte	0
 1996 00b8 00000000 		.4byte	0
 1997              	.LLST3:
 1998 00bc 26000000 		.4byte	.LVL8
 1999 00c0 28000000 		.4byte	.LVL9
 2000 00c4 0200     		.2byte	0x2
 2001 00c6 30       		.byte	0x30
 2002 00c7 9F       		.byte	0x9f
 2003 00c8 28000000 		.4byte	.LVL9
 2004 00cc 2E000000 		.4byte	.LVL10
 2005 00d0 0300     		.2byte	0x3
 2006 00d2 73       		.byte	0x73
 2007 00d3 01       		.sleb128 1
 2008 00d4 9F       		.byte	0x9f
 2009 00d5 38000000 		.4byte	.LVL11
 2010 00d9 3E000000 		.4byte	.LVL12
 2011 00dd 0300     		.2byte	0x3
 2012 00df 73       		.byte	0x73
 2013 00e0 01       		.sleb128 1
 2014 00e1 9F       		.byte	0x9f
 2015 00e2 6A000000 		.4byte	.LVL17
 2016 00e6 6C000000 		.4byte	.LVL18
 2017 00ea 0300     		.2byte	0x3
 2018 00ec 74       		.byte	0x74
 2019 00ed 01       		.sleb128 1
 2020 00ee 9F       		.byte	0x9f
 2021 00ef 70000000 		.4byte	.LVL19
 2022 00f3 88000000 		.4byte	.LVL20
 2023 00f7 0300     		.2byte	0x3
 2024 00f9 74       		.byte	0x74
 2025 00fa 01       		.sleb128 1
 2026 00fb 9F       		.byte	0x9f
 2027 00fc 00000000 		.4byte	0
 2028 0100 00000000 		.4byte	0
 2029              	.LLST4:
 2030 0104 00000000 		.4byte	.LVL6
 2031 0108 44000000 		.4byte	.LVL13
 2032 010c 0200     		.2byte	0x2
 2033 010e 30       		.byte	0x30
 2034 010f 9F       		.byte	0x9f
 2035 0110 50000000 		.4byte	.LVL14
 2036 0114 98000000 		.4byte	.LFE64
 2037 0118 0200     		.2byte	0x2
 2038 011a 31       		.byte	0x31
 2039 011b 9F       		.byte	0x9f
 2040 011c 00000000 		.4byte	0
 2041 0120 00000000 		.4byte	0
 2042              	.LLST5:
 2043 0124 00000000 		.4byte	.LVL21
 2044 0128 18000000 		.4byte	.LVL22
 2045 012c 0100     		.2byte	0x1
 2046 012e 50       		.byte	0x50
ARM GAS  /var/folders/6q/x_mk5n_j3p7_c40r_2k_78980000gn/T//cc4sEcYI.s 			page 37


 2047 012f 18000000 		.4byte	.LVL22
 2048 0133 64000000 		.4byte	.LVL28
 2049 0137 0100     		.2byte	0x1
 2050 0139 56       		.byte	0x56
 2051 013a 64000000 		.4byte	.LVL28
 2052 013e 6C000000 		.4byte	.LFE65
 2053 0142 0400     		.2byte	0x4
 2054 0144 F3       		.byte	0xf3
 2055 0145 01       		.uleb128 0x1
 2056 0146 50       		.byte	0x50
 2057 0147 9F       		.byte	0x9f
 2058 0148 00000000 		.4byte	0
 2059 014c 00000000 		.4byte	0
 2060              	.LLST6:
 2061 0150 00000000 		.4byte	.LVL21
 2062 0154 18000000 		.4byte	.LVL22
 2063 0158 0200     		.2byte	0x2
 2064 015a 30       		.byte	0x30
 2065 015b 9F       		.byte	0x9f
 2066 015c 00000000 		.4byte	0
 2067 0160 00000000 		.4byte	0
 2068              	.LLST7:
 2069 0164 2E000000 		.4byte	.LVL23
 2070 0168 60000000 		.4byte	.LVL27
 2071 016c 0100     		.2byte	0x1
 2072 016e 58       		.byte	0x58
 2073 016f 00000000 		.4byte	0
 2074 0173 00000000 		.4byte	0
 2075              	.LLST8:
 2076 0177 00000000 		.4byte	.LVL29
 2077 017b 0A000000 		.4byte	.LVL30
 2078 017f 0200     		.2byte	0x2
 2079 0181 30       		.byte	0x30
 2080 0182 9F       		.byte	0x9f
 2081 0183 00000000 		.4byte	0
 2082 0187 00000000 		.4byte	0
 2083              		.section	.debug_aranges,"",%progbits
 2084 0000 34000000 		.4byte	0x34
 2085 0004 0200     		.2byte	0x2
 2086 0006 00000000 		.4byte	.Ldebug_info0
 2087 000a 04       		.byte	0x4
 2088 000b 00       		.byte	0
 2089 000c 0000     		.2byte	0
 2090 000e 0000     		.2byte	0
 2091 0010 00000000 		.4byte	.LFB63
 2092 0014 1C000000 		.4byte	.LFE63-.LFB63
 2093 0018 00000000 		.4byte	.LFB64
 2094 001c 98000000 		.4byte	.LFE64-.LFB64
 2095 0020 00000000 		.4byte	.LFB65
 2096 0024 6C000000 		.4byte	.LFE65-.LFB65
 2097 0028 00000000 		.4byte	.LFB66
 2098 002c 28000000 		.4byte	.LFE66-.LFB66
 2099 0030 00000000 		.4byte	0
 2100 0034 00000000 		.4byte	0
 2101              		.section	.debug_ranges,"",%progbits
 2102              	.Ldebug_ranges0:
 2103 0000 06000000 		.4byte	.LBB2
ARM GAS  /var/folders/6q/x_mk5n_j3p7_c40r_2k_78980000gn/T//cc4sEcYI.s 			page 38


 2104 0004 0E000000 		.4byte	.LBE2
 2105 0008 12000000 		.4byte	.LBB3
 2106 000c 16000000 		.4byte	.LBE3
 2107 0010 00000000 		.4byte	0
 2108 0014 00000000 		.4byte	0
 2109 0018 00000000 		.4byte	.LFB63
 2110 001c 1C000000 		.4byte	.LFE63
 2111 0020 00000000 		.4byte	.LFB64
 2112 0024 98000000 		.4byte	.LFE64
 2113 0028 00000000 		.4byte	.LFB65
 2114 002c 6C000000 		.4byte	.LFE65
 2115 0030 00000000 		.4byte	.LFB66
 2116 0034 28000000 		.4byte	.LFE66
 2117 0038 00000000 		.4byte	0
 2118 003c 00000000 		.4byte	0
 2119              		.section	.debug_line,"",%progbits
 2120              	.Ldebug_line0:
 2121 0000 DE020000 		.section	.debug_str,"MS",%progbits,1
 2121      02002602 
 2121      00000201 
 2121      FB0E0D00 
 2121      01010101 
 2122              	.LASF70:
 2123 0000 7466756E 		.ascii	"tfunc_t\000"
 2123      635F7400 
 2124              	.LASF40:
 2125 0008 705F7469 		.ascii	"p_time\000"
 2125      6D6500
 2126              	.LASF65:
 2127 000f 7264796D 		.ascii	"rdymsg\000"
 2127      736700
 2128              	.LASF5:
 2129 0016 5F5F7569 		.ascii	"__uint8_t\000"
 2129      6E74385F 
 2129      7400
 2130              	.LASF101:
 2131 0020 696E6974 		.ascii	"init\000"
 2131      00
 2132              	.LASF117:
 2133 0025 53746172 		.ascii	"StartTaskWithPriority\000"
 2133      74546173 
 2133      6B576974 
 2133      68507269 
 2133      6F726974 
 2134              	.LASF86:
 2135 003b 6B566578 		.ascii	"kVexDigitalOutput\000"
 2135      44696769 
 2135      74616C4F 
 2135      75747075 
 2135      7400
 2136              	.LASF13:
 2137 004d 6C6F6E67 		.ascii	"long long unsigned int\000"
 2137      206C6F6E 
 2137      6720756E 
 2137      7369676E 
 2137      65642069 
 2138              	.LASF116:
ARM GAS  /var/folders/6q/x_mk5n_j3p7_c40r_2k_78980000gn/T//cc4sEcYI.s 			page 39


 2139 0064 76657852 		.ascii	"vexRobotcTask\000"
 2139      6F626F74 
 2139      63546173 
 2139      6B00
 2140              	.LASF84:
 2141 0072 6B566578 		.ascii	"kVexDigital_Num\000"
 2141      44696769 
 2141      74616C5F 
 2141      4E756D00 
 2142              	.LASF107:
 2143 0082 49544D5F 		.ascii	"ITM_RxBuffer\000"
 2143      52784275 
 2143      66666572 
 2143      00
 2144              	.LASF18:
 2145 008f 626F6F6C 		.ascii	"bool_t\000"
 2145      5F7400
 2146              	.LASF31:
 2147 0096 705F7072 		.ascii	"p_prio\000"
 2147      696F00
 2148              	.LASF15:
 2149 009d 696E7431 		.ascii	"int16_t\000"
 2149      365F7400 
 2150              	.LASF1:
 2151 00a5 6C6F6E67 		.ascii	"long long int\000"
 2151      206C6F6E 
 2151      6720696E 
 2151      7400
 2152              	.LASF3:
 2153 00b3 7369676E 		.ascii	"signed char\000"
 2153      65642063 
 2153      68617200 
 2154              	.LASF47:
 2155 00bf 705F6D70 		.ascii	"p_mpool\000"
 2155      6F6F6C00 
 2156              	.LASF108:
 2157 00c7 76657854 		.ascii	"vexTaskRegister\000"
 2157      61736B52 
 2157      65676973 
 2157      74657200 
 2158              	.LASF62:
 2159 00d7 6D5F7175 		.ascii	"m_queue\000"
 2159      65756500 
 2160              	.LASF23:
 2161 00df 74736C69 		.ascii	"tslices_t\000"
 2161      6365735F 
 2161      7400
 2162              	.LASF10:
 2163 00e9 6C6F6E67 		.ascii	"long int\000"
 2163      20696E74 
 2163      00
 2164              	.LASF109:
 2165 00f2 63685468 		.ascii	"chThdCreateFromHeap\000"
 2165      64437265 
 2165      61746546 
 2165      726F6D48 
 2165      65617000 
ARM GAS  /var/folders/6q/x_mk5n_j3p7_c40r_2k_78980000gn/T//cc4sEcYI.s 			page 40


 2166              	.LASF21:
 2167 0106 74737461 		.ascii	"tstate_t\000"
 2167      74655F74 
 2167      00
 2168              	.LASF100:
 2169 010f 66756E63 		.ascii	"func\000"
 2169      00
 2170              	.LASF73:
 2171 0114 6B566578 		.ascii	"kVexDigital_2\000"
 2171      44696769 
 2171      74616C5F 
 2171      3200
 2172              	.LASF110:
 2173 0122 63685468 		.ascii	"chThdTerminate\000"
 2173      64546572 
 2173      6D696E61 
 2173      746500
 2174              	.LASF33:
 2175 0131 705F6E65 		.ascii	"p_newer\000"
 2175      77657200 
 2176              	.LASF66:
 2177 0139 65786974 		.ascii	"exitcode\000"
 2177      636F6465 
 2177      00
 2178              	.LASF57:
 2179 0142 725F6E65 		.ascii	"r_newer\000"
 2179      77657200 
 2180              	.LASF50:
 2181 014a 72656761 		.ascii	"regarm_t\000"
 2181      726D5F74 
 2181      00
 2182              	.LASF95:
 2183 0153 6B496D65 		.ascii	"kImeTotal\000"
 2183      546F7461 
 2183      6C00
 2184              	.LASF114:
 2185 015d 2E2E2F63 		.ascii	"../convex-vexilla/cortex/opt/robotc_glue.c\000"
 2185      6F6E7665 
 2185      782D7665 
 2185      78696C6C 
 2185      612F636F 
 2186              	.LASF0:
 2187 0188 756E7369 		.ascii	"unsigned int\000"
 2187      676E6564 
 2187      20696E74 
 2187      00
 2188              	.LASF42:
 2189 0195 705F6D73 		.ascii	"p_msgqueue\000"
 2189      67717565 
 2189      756500
 2190              	.LASF113:
 2191 01a0 474E5520 		.ascii	"GNU C11 5.4.1 20160919 (release) [ARM/embedded-5-br"
 2191      43313120 
 2191      352E342E 
 2191      31203230 
 2191      31363039 
 2192 01d3 616E6368 		.ascii	"anch revision 240496] -mcpu=cortex-m3 -mno-thumb-in"
ARM GAS  /var/folders/6q/x_mk5n_j3p7_c40r_2k_78980000gn/T//cc4sEcYI.s 			page 41


 2192      20726576 
 2192      6973696F 
 2192      6E203234 
 2192      30343936 
 2193 0206 74657277 		.ascii	"terwork -mthumb -ggdb -O2 -fomit-frame-pointer -fal"
 2193      6F726B20 
 2193      2D6D7468 
 2193      756D6220 
 2193      2D676764 
 2194 0239 69676E2D 		.ascii	"ign-functions=16 -ffunction-sections -fdata-section"
 2194      66756E63 
 2194      74696F6E 
 2194      733D3136 
 2194      202D6666 
 2195 026c 73202D66 		.ascii	"s -fno-common\000"
 2195      6E6F2D63 
 2195      6F6D6D6F 
 2195      6E00
 2196              	.LASF8:
 2197 027a 73686F72 		.ascii	"short unsigned int\000"
 2197      7420756E 
 2197      7369676E 
 2197      65642069 
 2197      6E7400
 2198              	.LASF25:
 2199 028d 6D73675F 		.ascii	"msg_t\000"
 2199      7400
 2200              	.LASF72:
 2201 0293 6B566578 		.ascii	"kVexDigital_1\000"
 2201      44696769 
 2201      74616C5F 
 2201      3100
 2202              	.LASF99:
 2203 02a1 7072696F 		.ascii	"priority\000"
 2203      72697479 
 2203      00
 2204              	.LASF74:
 2205 02aa 6B566578 		.ascii	"kVexDigital_3\000"
 2205      44696769 
 2205      74616C5F 
 2205      3300
 2206              	.LASF75:
 2207 02b8 6B566578 		.ascii	"kVexDigital_4\000"
 2207      44696769 
 2207      74616C5F 
 2207      3400
 2208              	.LASF76:
 2209 02c6 6B566578 		.ascii	"kVexDigital_5\000"
 2209      44696769 
 2209      74616C5F 
 2209      3500
 2210              	.LASF77:
 2211 02d4 6B566578 		.ascii	"kVexDigital_6\000"
 2211      44696769 
 2211      74616C5F 
 2211      3600
 2212              	.LASF78:
ARM GAS  /var/folders/6q/x_mk5n_j3p7_c40r_2k_78980000gn/T//cc4sEcYI.s 			page 42


 2213 02e2 6B566578 		.ascii	"kVexDigital_7\000"
 2213      44696769 
 2213      74616C5F 
 2213      3700
 2214              	.LASF79:
 2215 02f0 6B566578 		.ascii	"kVexDigital_8\000"
 2215      44696769 
 2215      74616C5F 
 2215      3800
 2216              	.LASF80:
 2217 02fe 6B566578 		.ascii	"kVexDigital_9\000"
 2217      44696769 
 2217      74616C5F 
 2217      3900
 2218              	.LASF49:
 2219 030c 54687265 		.ascii	"ThreadsList\000"
 2219      6164734C 
 2219      69737400 
 2220              	.LASF26:
 2221 0318 6576656E 		.ascii	"eventmask_t\000"
 2221      746D6173 
 2221      6B5F7400 
 2222              	.LASF55:
 2223 0324 725F7072 		.ascii	"r_prio\000"
 2223      696F00
 2224              	.LASF97:
 2225 032b 5F726354 		.ascii	"_rcTask\000"
 2225      61736B00 
 2226              	.LASF53:
 2227 0333 73697A65 		.ascii	"sizetype\000"
 2227      74797065 
 2227      00
 2228              	.LASF2:
 2229 033c 6C6F6E67 		.ascii	"long double\000"
 2229      20646F75 
 2229      626C6500 
 2230              	.LASF61:
 2231 0348 4D757465 		.ascii	"Mutex\000"
 2231      7800
 2232              	.LASF104:
 2233 034e 436C6561 		.ascii	"CleanupTask\000"
 2233      6E757054 
 2233      61736B00 
 2234              	.LASF34:
 2235 035a 705F6F6C 		.ascii	"p_older\000"
 2235      64657200 
 2236              	.LASF56:
 2237 0362 725F6374 		.ascii	"r_ctx\000"
 2237      7800
 2238              	.LASF48:
 2239 0368 54687265 		.ascii	"ThreadsQueue\000"
 2239      61647351 
 2239      75657565 
 2239      00
 2240              	.LASF103:
 2241 0375 53746F70 		.ascii	"StopTask\000"
 2241      5461736B 
ARM GAS  /var/folders/6q/x_mk5n_j3p7_c40r_2k_78980000gn/T//cc4sEcYI.s 			page 43


 2241      00
 2242              	.LASF58:
 2243 037e 725F6F6C 		.ascii	"r_older\000"
 2243      64657200 
 2244              	.LASF71:
 2245 0386 6B566578 		.ascii	"kVexDigital_None\000"
 2245      44696769 
 2245      74616C5F 
 2245      4E6F6E65 
 2245      00
 2246              	.LASF87:
 2247 0397 6B496D65 		.ascii	"kImeChannel_1\000"
 2247      4368616E 
 2247      6E656C5F 
 2247      3100
 2248              	.LASF22:
 2249 03a5 74726566 		.ascii	"trefs_t\000"
 2249      735F7400 
 2250              	.LASF30:
 2251 03ad 705F7072 		.ascii	"p_prev\000"
 2251      657600
 2252              	.LASF24:
 2253 03b4 74707269 		.ascii	"tprio_t\000"
 2253      6F5F7400 
 2254              	.LASF19:
 2255 03bc 5F426F6F 		.ascii	"_Bool\000"
 2255      6C00
 2256              	.LASF16:
 2257 03c2 696E7433 		.ascii	"int32_t\000"
 2257      325F7400 
 2258              	.LASF4:
 2259 03ca 756E7369 		.ascii	"unsigned char\000"
 2259      676E6564 
 2259      20636861 
 2259      7200
 2260              	.LASF98:
 2261 03d8 72635461 		.ascii	"rcTask\000"
 2261      736B00
 2262              	.LASF45:
 2263 03df 705F6D74 		.ascii	"p_mtxlist\000"
 2263      786C6973 
 2263      7400
 2264              	.LASF7:
 2265 03e9 73686F72 		.ascii	"short int\000"
 2265      7420696E 
 2265      7400
 2266              	.LASF36:
 2267 03f3 705F7374 		.ascii	"p_state\000"
 2267      61746500 
 2268              	.LASF39:
 2269 03fb 705F7072 		.ascii	"p_preempt\000"
 2269      65656D70 
 2269      7400
 2270              	.LASF105:
 2271 0405 72635461 		.ascii	"rcTasks\000"
 2271      736B7300 
 2272              	.LASF68:
ARM GAS  /var/folders/6q/x_mk5n_j3p7_c40r_2k_78980000gn/T//cc4sEcYI.s 			page 44


 2273 040d 65776D61 		.ascii	"ewmask\000"
 2273      736B00
 2274              	.LASF29:
 2275 0414 705F6E65 		.ascii	"p_next\000"
 2275      787400
 2276              	.LASF20:
 2277 041b 746D6F64 		.ascii	"tmode_t\000"
 2277      655F7400 
 2278              	.LASF37:
 2279 0423 705F666C 		.ascii	"p_flags\000"
 2279      61677300 
 2280              	.LASF28:
 2281 042b 54687265 		.ascii	"Thread\000"
 2281      616400
 2282              	.LASF44:
 2283 0432 705F6570 		.ascii	"p_epending\000"
 2283      656E6469 
 2283      6E6700
 2284              	.LASF17:
 2285 043d 75696E74 		.ascii	"uint32_t\000"
 2285      33325F74 
 2285      00
 2286              	.LASF54:
 2287 0446 725F7175 		.ascii	"r_queue\000"
 2287      65756500 
 2288              	.LASF111:
 2289 044e 63685468 		.ascii	"chThdResume\000"
 2289      64526573 
 2289      756D6500 
 2290              	.LASF12:
 2291 045a 6C6F6E67 		.ascii	"long unsigned int\000"
 2291      20756E73 
 2291      69676E65 
 2291      6420696E 
 2291      7400
 2292              	.LASF59:
 2293 046c 725F6375 		.ascii	"r_current\000"
 2293      7272656E 
 2293      7400
 2294              	.LASF69:
 2295 0476 63686172 		.ascii	"char\000"
 2295      00
 2296              	.LASF88:
 2297 047b 6B496D65 		.ascii	"kImeChannel_2\000"
 2297      4368616E 
 2297      6E656C5F 
 2297      3200
 2298              	.LASF89:
 2299 0489 6B496D65 		.ascii	"kImeChannel_3\000"
 2299      4368616E 
 2299      6E656C5F 
 2299      3300
 2300              	.LASF90:
 2301 0497 6B496D65 		.ascii	"kImeChannel_4\000"
 2301      4368616E 
 2301      6E656C5F 
 2301      3400
ARM GAS  /var/folders/6q/x_mk5n_j3p7_c40r_2k_78980000gn/T//cc4sEcYI.s 			page 45


 2302              	.LASF91:
 2303 04a5 6B496D65 		.ascii	"kImeChannel_5\000"
 2303      4368616E 
 2303      6E656C5F 
 2303      3500
 2304              	.LASF92:
 2305 04b3 6B496D65 		.ascii	"kImeChannel_6\000"
 2305      4368616E 
 2305      6E656C5F 
 2305      3600
 2306              	.LASF93:
 2307 04c1 6B496D65 		.ascii	"kImeChannel_7\000"
 2307      4368616E 
 2307      6E656C5F 
 2307      3700
 2308              	.LASF94:
 2309 04cf 6B496D65 		.ascii	"kImeChannel_8\000"
 2309      4368616E 
 2309      6E656C5F 
 2309      3800
 2310              	.LASF81:
 2311 04dd 6B566578 		.ascii	"kVexDigital_10\000"
 2311      44696769 
 2311      74616C5F 
 2311      313000
 2312              	.LASF82:
 2313 04ec 6B566578 		.ascii	"kVexDigital_11\000"
 2313      44696769 
 2313      74616C5F 
 2313      313100
 2314              	.LASF83:
 2315 04fb 6B566578 		.ascii	"kVexDigital_12\000"
 2315      44696769 
 2315      74616C5F 
 2315      313200
 2316              	.LASF64:
 2317 050a 6D5F6E65 		.ascii	"m_next\000"
 2317      787400
 2318              	.LASF27:
 2319 0511 73797374 		.ascii	"systime_t\000"
 2319      696D655F 
 2319      7400
 2320              	.LASF46:
 2321 051b 705F7265 		.ascii	"p_realprio\000"
 2321      616C7072 
 2321      696F00
 2322              	.LASF9:
 2323 0526 5F5F696E 		.ascii	"__int32_t\000"
 2323      7433325F 
 2323      7400
 2324              	.LASF11:
 2325 0530 5F5F7569 		.ascii	"__uint32_t\000"
 2325      6E743332 
 2325      5F7400
 2326              	.LASF52:
 2327 053b 636F6E74 		.ascii	"context\000"
 2327      65787400 
ARM GAS  /var/folders/6q/x_mk5n_j3p7_c40r_2k_78980000gn/T//cc4sEcYI.s 			page 46


 2328              	.LASF51:
 2329 0543 696E7463 		.ascii	"intctx\000"
 2329      747800
 2330              	.LASF112:
 2331 054a 63685468 		.ascii	"chThdWait\000"
 2331      64576169 
 2331      7400
 2332              	.LASF115:
 2333 0554 2F557365 		.ascii	"/Users/Luca/src/vexilla/src/teamA\000"
 2333      72732F4C 
 2333      7563612F 
 2333      7372632F 
 2333      76657869 
 2334              	.LASF38:
 2335 0576 705F7265 		.ascii	"p_refs\000"
 2335      667300
 2336              	.LASF102:
 2337 057d 6D656D66 		.ascii	"memfree\000"
 2337      72656500 
 2338              	.LASF60:
 2339 0585 52656164 		.ascii	"ReadyList\000"
 2339      794C6973 
 2339      7400
 2340              	.LASF106:
 2341 058f 726C6973 		.ascii	"rlist\000"
 2341      7400
 2342              	.LASF96:
 2343 0595 6B496D65 		.ascii	"kImeChannelNone\000"
 2343      4368616E 
 2343      6E656C4E 
 2343      6F6E6500 
 2344              	.LASF14:
 2345 05a5 75696E74 		.ascii	"uint8_t\000"
 2345      385F7400 
 2346              	.LASF6:
 2347 05ad 5F5F696E 		.ascii	"__int16_t\000"
 2347      7431365F 
 2347      7400
 2348              	.LASF67:
 2349 05b7 77746F62 		.ascii	"wtobjp\000"
 2349      6A7000
 2350              	.LASF35:
 2351 05be 705F6E61 		.ascii	"p_name\000"
 2351      6D6500
 2352              	.LASF43:
 2353 05c5 705F6D73 		.ascii	"p_msg\000"
 2353      6700
 2354              	.LASF63:
 2355 05cb 6D5F6F77 		.ascii	"m_owner\000"
 2355      6E657200 
 2356              	.LASF32:
 2357 05d3 705F6374 		.ascii	"p_ctx\000"
 2357      7800
 2358              	.LASF41:
 2359 05d9 705F7761 		.ascii	"p_waiting\000"
 2359      6974696E 
 2359      6700
ARM GAS  /var/folders/6q/x_mk5n_j3p7_c40r_2k_78980000gn/T//cc4sEcYI.s 			page 47


 2360              	.LASF85:
 2361 05e3 6B566578 		.ascii	"kVexDigitalInput\000"
 2361      44696769 
 2361      74616C49 
 2361      6E707574 
 2361      00
 2362              		.ident	"GCC: (GNU Tools for ARM Embedded Processors) 5.4.1 20160919 (release) [ARM/embedded-5-bran
ARM GAS  /var/folders/6q/x_mk5n_j3p7_c40r_2k_78980000gn/T//cc4sEcYI.s 			page 48


DEFINED SYMBOLS
                            *ABS*:0000000000000000 robotc_glue.c
/var/folders/6q/x_mk5n_j3p7_c40r_2k_78980000gn/T//cc4sEcYI.s:20     .text.vexRobotcTask:0000000000000000 $t
/var/folders/6q/x_mk5n_j3p7_c40r_2k_78980000gn/T//cc4sEcYI.s:25     .text.vexRobotcTask:0000000000000000 vexRobotcTask
/var/folders/6q/x_mk5n_j3p7_c40r_2k_78980000gn/T//cc4sEcYI.s:69     .text.vexRobotcTask:0000000000000018 $d
/var/folders/6q/x_mk5n_j3p7_c40r_2k_78980000gn/T//cc4sEcYI.s:74     .text.StartTaskWithPriority:0000000000000000 $t
/var/folders/6q/x_mk5n_j3p7_c40r_2k_78980000gn/T//cc4sEcYI.s:80     .text.StartTaskWithPriority:0000000000000000 StartTaskWithPriority
/var/folders/6q/x_mk5n_j3p7_c40r_2k_78980000gn/T//cc4sEcYI.s:232    .text.StartTaskWithPriority:000000000000008c $d
/var/folders/6q/x_mk5n_j3p7_c40r_2k_78980000gn/T//cc4sEcYI.s:239    .text.StopTask:0000000000000000 $t
/var/folders/6q/x_mk5n_j3p7_c40r_2k_78980000gn/T//cc4sEcYI.s:245    .text.StopTask:0000000000000000 StopTask
/var/folders/6q/x_mk5n_j3p7_c40r_2k_78980000gn/T//cc4sEcYI.s:322    .text.StopTask:0000000000000064 $d
/var/folders/6q/x_mk5n_j3p7_c40r_2k_78980000gn/T//cc4sEcYI.s:328    .text.CleanupTask:0000000000000000 $t
/var/folders/6q/x_mk5n_j3p7_c40r_2k_78980000gn/T//cc4sEcYI.s:334    .text.CleanupTask:0000000000000000 CleanupTask
/var/folders/6q/x_mk5n_j3p7_c40r_2k_78980000gn/T//cc4sEcYI.s:371    .text.CleanupTask:0000000000000024 $d
/var/folders/6q/x_mk5n_j3p7_c40r_2k_78980000gn/T//cc4sEcYI.s:379    .data.init.7450:0000000000000000 init.7450
/var/folders/6q/x_mk5n_j3p7_c40r_2k_78980000gn/T//cc4sEcYI.s:382    .rodata.str1.4:0000000000000000 $d
/var/folders/6q/x_mk5n_j3p7_c40r_2k_78980000gn/T//cc4sEcYI.s:386    .bss.rcTasks:0000000000000000 $d
/var/folders/6q/x_mk5n_j3p7_c40r_2k_78980000gn/T//cc4sEcYI.s:390    .bss.rcTasks:0000000000000000 rcTasks
                     .debug_frame:0000000000000010 $d

UNDEFINED SYMBOLS
vexTaskRegister
chThdCreateFromHeap
chThdTerminate
chThdResume
chThdWait
rlist
