ARM GAS  /var/folders/6q/x_mk5n_j3p7_c40r_2k_78980000gn/T//ccCPpUwR.s 			page 1


   1              		.syntax unified
   2              		.cpu cortex-m3
   3              		.fpu softvfp
   4              		.eabi_attribute 20, 1
   5              		.eabi_attribute 21, 1
   6              		.eabi_attribute 23, 3
   7              		.eabi_attribute 24, 1
   8              		.eabi_attribute 25, 1
   9              		.eabi_attribute 26, 1
  10              		.eabi_attribute 30, 2
  11              		.eabi_attribute 34, 1
  12              		.eabi_attribute 18, 4
  13              		.thumb
  14              		.syntax unified
  15              		.file	"uart_lld.c"
  16              		.text
  17              	.Ltext0:
  18              		.cfi_sections	.debug_frame
  19              	.Letext0:
  20              		.file 1 "/Users/Luca/src/vexilla/src/gcc-arm-none-eabi-5_4-2016q3/arm-none-eabi/include/machine/_d
  21              		.file 2 "/Users/Luca/src/vexilla/src/gcc-arm-none-eabi-5_4-2016q3/arm-none-eabi/include/sys/_stdin
  22              		.file 3 "../ChibiOS/os/ports/common/ARMCMx/CMSIS/include/core_cm3.h"
  23              		.section	.debug_info,"",%progbits
  24              	.Ldebug_info0:
  25 0000 A3000000 		.4byte	0xa3
  26 0004 0400     		.2byte	0x4
  27 0006 00000000 		.4byte	.Ldebug_abbrev0
  28 000a 04       		.byte	0x4
  29 000b 01       		.uleb128 0x1
  30 000c 79000000 		.4byte	.LASF15
  31 0010 0C       		.byte	0xc
  32 0011 53010000 		.4byte	.LASF16
  33 0015 57000000 		.4byte	.LASF17
  34 0019 00000000 		.4byte	.Ldebug_line0
  35 001d 02       		.uleb128 0x2
  36 001e 04       		.byte	0x4
  37 001f 05       		.byte	0x5
  38 0020 696E7400 		.ascii	"int\000"
  39 0024 03       		.uleb128 0x3
  40 0025 04       		.byte	0x4
  41 0026 07       		.byte	0x7
  42 0027 21000000 		.4byte	.LASF0
  43 002b 03       		.uleb128 0x3
  44 002c 08       		.byte	0x8
  45 002d 05       		.byte	0x5
  46 002e 00000000 		.4byte	.LASF1
  47 0032 03       		.uleb128 0x3
  48 0033 08       		.byte	0x8
  49 0034 04       		.byte	0x4
  50 0035 CD010000 		.4byte	.LASF2
  51 0039 03       		.uleb128 0x3
  52 003a 01       		.byte	0x1
  53 003b 06       		.byte	0x6
  54 003c B7010000 		.4byte	.LASF3
  55 0040 03       		.uleb128 0x3
  56 0041 01       		.byte	0x1
  57 0042 08       		.byte	0x8
ARM GAS  /var/folders/6q/x_mk5n_j3p7_c40r_2k_78980000gn/T//ccCPpUwR.s 			page 2


  58 0043 88010000 		.4byte	.LASF4
  59 0047 03       		.uleb128 0x3
  60 0048 02       		.byte	0x2
  61 0049 05       		.byte	0x5
  62 004a D9010000 		.4byte	.LASF5
  63 004e 03       		.uleb128 0x3
  64 004f 02       		.byte	0x2
  65 0050 07       		.byte	0x7
  66 0051 0E000000 		.4byte	.LASF6
  67 0055 04       		.uleb128 0x4
  68 0056 C3010000 		.4byte	.LASF10
  69 005a 01       		.byte	0x1
  70 005b 3F       		.byte	0x3f
  71 005c 60000000 		.4byte	0x60
  72 0060 03       		.uleb128 0x3
  73 0061 04       		.byte	0x4
  74 0062 05       		.byte	0x5
  75 0063 9B010000 		.4byte	.LASF7
  76 0067 03       		.uleb128 0x3
  77 0068 04       		.byte	0x4
  78 0069 07       		.byte	0x7
  79 006a 2E000000 		.4byte	.LASF8
  80 006e 03       		.uleb128 0x3
  81 006f 08       		.byte	0x8
  82 0070 07       		.byte	0x7
  83 0071 40000000 		.4byte	.LASF9
  84 0075 04       		.uleb128 0x4
  85 0076 E3010000 		.4byte	.LASF11
  86 007a 02       		.byte	0x2
  87 007b 2C       		.byte	0x2c
  88 007c 55000000 		.4byte	0x55
  89 0080 03       		.uleb128 0x3
  90 0081 01       		.byte	0x1
  91 0082 02       		.byte	0x2
  92 0083 A4010000 		.4byte	.LASF12
  93 0087 03       		.uleb128 0x3
  94 0088 04       		.byte	0x4
  95 0089 07       		.byte	0x7
  96 008a EB010000 		.4byte	.LASF13
  97 008e 03       		.uleb128 0x3
  98 008f 01       		.byte	0x1
  99 0090 08       		.byte	0x8
 100 0091 96010000 		.4byte	.LASF14
 101 0095 05       		.uleb128 0x5
 102 0096 75000000 		.4byte	0x75
 103 009a 06       		.uleb128 0x6
 104 009b AA010000 		.4byte	.LASF18
 105 009f 03       		.byte	0x3
 106 00a0 0706     		.2byte	0x607
 107 00a2 95000000 		.4byte	0x95
 108 00a6 00       		.byte	0
 109              		.section	.debug_abbrev,"",%progbits
 110              	.Ldebug_abbrev0:
 111 0000 01       		.uleb128 0x1
 112 0001 11       		.uleb128 0x11
 113 0002 01       		.byte	0x1
 114 0003 25       		.uleb128 0x25
ARM GAS  /var/folders/6q/x_mk5n_j3p7_c40r_2k_78980000gn/T//ccCPpUwR.s 			page 3


 115 0004 0E       		.uleb128 0xe
 116 0005 13       		.uleb128 0x13
 117 0006 0B       		.uleb128 0xb
 118 0007 03       		.uleb128 0x3
 119 0008 0E       		.uleb128 0xe
 120 0009 1B       		.uleb128 0x1b
 121 000a 0E       		.uleb128 0xe
 122 000b 10       		.uleb128 0x10
 123 000c 17       		.uleb128 0x17
 124 000d 00       		.byte	0
 125 000e 00       		.byte	0
 126 000f 02       		.uleb128 0x2
 127 0010 24       		.uleb128 0x24
 128 0011 00       		.byte	0
 129 0012 0B       		.uleb128 0xb
 130 0013 0B       		.uleb128 0xb
 131 0014 3E       		.uleb128 0x3e
 132 0015 0B       		.uleb128 0xb
 133 0016 03       		.uleb128 0x3
 134 0017 08       		.uleb128 0x8
 135 0018 00       		.byte	0
 136 0019 00       		.byte	0
 137 001a 03       		.uleb128 0x3
 138 001b 24       		.uleb128 0x24
 139 001c 00       		.byte	0
 140 001d 0B       		.uleb128 0xb
 141 001e 0B       		.uleb128 0xb
 142 001f 3E       		.uleb128 0x3e
 143 0020 0B       		.uleb128 0xb
 144 0021 03       		.uleb128 0x3
 145 0022 0E       		.uleb128 0xe
 146 0023 00       		.byte	0
 147 0024 00       		.byte	0
 148 0025 04       		.uleb128 0x4
 149 0026 16       		.uleb128 0x16
 150 0027 00       		.byte	0
 151 0028 03       		.uleb128 0x3
 152 0029 0E       		.uleb128 0xe
 153 002a 3A       		.uleb128 0x3a
 154 002b 0B       		.uleb128 0xb
 155 002c 3B       		.uleb128 0x3b
 156 002d 0B       		.uleb128 0xb
 157 002e 49       		.uleb128 0x49
 158 002f 13       		.uleb128 0x13
 159 0030 00       		.byte	0
 160 0031 00       		.byte	0
 161 0032 05       		.uleb128 0x5
 162 0033 35       		.uleb128 0x35
 163 0034 00       		.byte	0
 164 0035 49       		.uleb128 0x49
 165 0036 13       		.uleb128 0x13
 166 0037 00       		.byte	0
 167 0038 00       		.byte	0
 168 0039 06       		.uleb128 0x6
 169 003a 34       		.uleb128 0x34
 170 003b 00       		.byte	0
 171 003c 03       		.uleb128 0x3
ARM GAS  /var/folders/6q/x_mk5n_j3p7_c40r_2k_78980000gn/T//ccCPpUwR.s 			page 4


 172 003d 0E       		.uleb128 0xe
 173 003e 3A       		.uleb128 0x3a
 174 003f 0B       		.uleb128 0xb
 175 0040 3B       		.uleb128 0x3b
 176 0041 05       		.uleb128 0x5
 177 0042 49       		.uleb128 0x49
 178 0043 13       		.uleb128 0x13
 179 0044 3F       		.uleb128 0x3f
 180 0045 19       		.uleb128 0x19
 181 0046 3C       		.uleb128 0x3c
 182 0047 19       		.uleb128 0x19
 183 0048 00       		.byte	0
 184 0049 00       		.byte	0
 185 004a 00       		.byte	0
 186              		.section	.debug_aranges,"",%progbits
 187 0000 14000000 		.4byte	0x14
 188 0004 0200     		.2byte	0x2
 189 0006 00000000 		.4byte	.Ldebug_info0
 190 000a 04       		.byte	0x4
 191 000b 00       		.byte	0
 192 000c 0000     		.2byte	0
 193 000e 0000     		.2byte	0
 194 0010 00000000 		.4byte	0
 195 0014 00000000 		.4byte	0
 196              		.section	.debug_line,"",%progbits
 197              	.Ldebug_line0:
 198 0000 22010000 		.section	.debug_str,"MS",%progbits,1
 198      02001C01 
 198      00000201 
 198      FB0E0D00 
 198      01010101 
 199              	.LASF1:
 200 0000 6C6F6E67 		.ascii	"long long int\000"
 200      206C6F6E 
 200      6720696E 
 200      7400
 201              	.LASF6:
 202 000e 73686F72 		.ascii	"short unsigned int\000"
 202      7420756E 
 202      7369676E 
 202      65642069 
 202      6E7400
 203              	.LASF0:
 204 0021 756E7369 		.ascii	"unsigned int\000"
 204      676E6564 
 204      20696E74 
 204      00
 205              	.LASF8:
 206 002e 6C6F6E67 		.ascii	"long unsigned int\000"
 206      20756E73 
 206      69676E65 
 206      6420696E 
 206      7400
 207              	.LASF9:
 208 0040 6C6F6E67 		.ascii	"long long unsigned int\000"
 208      206C6F6E 
 208      6720756E 
ARM GAS  /var/folders/6q/x_mk5n_j3p7_c40r_2k_78980000gn/T//ccCPpUwR.s 			page 5


 208      7369676E 
 208      65642069 
 209              	.LASF17:
 210 0057 2F557365 		.ascii	"/Users/Luca/src/vexilla/src/teamA\000"
 210      72732F4C 
 210      7563612F 
 210      7372632F 
 210      76657869 
 211              	.LASF15:
 212 0079 474E5520 		.ascii	"GNU C11 5.4.1 20160919 (release) [ARM/embedded-5-br"
 212      43313120 
 212      352E342E 
 212      31203230 
 212      31363039 
 213 00ac 616E6368 		.ascii	"anch revision 240496] -mcpu=cortex-m3 -mno-thumb-in"
 213      20726576 
 213      6973696F 
 213      6E203234 
 213      30343936 
 214 00df 74657277 		.ascii	"terwork -mthumb -ggdb -O2 -fomit-frame-pointer -fal"
 214      6F726B20 
 214      2D6D7468 
 214      756D6220 
 214      2D676764 
 215 0112 69676E2D 		.ascii	"ign-functions=16 -ffunction-sections -fdata-section"
 215      66756E63 
 215      74696F6E 
 215      733D3136 
 215      202D6666 
 216 0145 73202D66 		.ascii	"s -fno-common\000"
 216      6E6F2D63 
 216      6F6D6D6F 
 216      6E00
 217              	.LASF16:
 218 0153 2E2E2F43 		.ascii	"../ChibiOS/os/hal/platforms/STM32/USARTv1/uart_lld."
 218      68696269 
 218      4F532F6F 
 218      732F6861 
 218      6C2F706C 
 219 0186 6300     		.ascii	"c\000"
 220              	.LASF4:
 221 0188 756E7369 		.ascii	"unsigned char\000"
 221      676E6564 
 221      20636861 
 221      7200
 222              	.LASF14:
 223 0196 63686172 		.ascii	"char\000"
 223      00
 224              	.LASF7:
 225 019b 6C6F6E67 		.ascii	"long int\000"
 225      20696E74 
 225      00
 226              	.LASF12:
 227 01a4 5F426F6F 		.ascii	"_Bool\000"
 227      6C00
 228              	.LASF18:
 229 01aa 49544D5F 		.ascii	"ITM_RxBuffer\000"
ARM GAS  /var/folders/6q/x_mk5n_j3p7_c40r_2k_78980000gn/T//ccCPpUwR.s 			page 6


 229      52784275 
 229      66666572 
 229      00
 230              	.LASF3:
 231 01b7 7369676E 		.ascii	"signed char\000"
 231      65642063 
 231      68617200 
 232              	.LASF10:
 233 01c3 5F5F696E 		.ascii	"__int32_t\000"
 233      7433325F 
 233      7400
 234              	.LASF2:
 235 01cd 6C6F6E67 		.ascii	"long double\000"
 235      20646F75 
 235      626C6500 
 236              	.LASF5:
 237 01d9 73686F72 		.ascii	"short int\000"
 237      7420696E 
 237      7400
 238              	.LASF11:
 239 01e3 696E7433 		.ascii	"int32_t\000"
 239      325F7400 
 240              	.LASF13:
 241 01eb 73697A65 		.ascii	"sizetype\000"
 241      74797065 
 241      00
 242              		.ident	"GCC: (GNU Tools for ARM Embedded Processors) 5.4.1 20160919 (release) [ARM/embedded-5-bran
ARM GAS  /var/folders/6q/x_mk5n_j3p7_c40r_2k_78980000gn/T//ccCPpUwR.s 			page 7


DEFINED SYMBOLS
                            *ABS*:0000000000000000 uart_lld.c

NO UNDEFINED SYMBOLS
