ARM GAS  /var/folders/6q/x_mk5n_j3p7_c40r_2k_78980000gn/T//cc63zvL7.s 			page 1


   1              		.syntax unified
   2              		.cpu cortex-m3
   3              		.fpu softvfp
   4              		.eabi_attribute 20, 1
   5              		.eabi_attribute 21, 1
   6              		.eabi_attribute 23, 3
   7              		.eabi_attribute 24, 1
   8              		.eabi_attribute 25, 1
   9              		.eabi_attribute 26, 1
  10              		.eabi_attribute 30, 2
  11              		.eabi_attribute 34, 1
  12              		.eabi_attribute 18, 4
  13              		.thumb
  14              		.syntax unified
  15              		.file	"vexsensor.c"
  16              		.text
  17              	.Ltext0:
  18              		.cfi_sections	.debug_frame
  19              		.section	.text.vexSensorIsAnalog,"ax",%progbits
  20              		.align	2
  21              		.p2align 4,,15
  22              		.global	vexSensorIsAnalog
  23              		.thumb
  24              		.thumb_func
  25              		.type	vexSensorIsAnalog, %function
  26              	vexSensorIsAnalog:
  27              	.LFB63:
  28              		.file 1 "../convex-vexilla/cortex/fw/vexsensor.c"
  29              		.loc 1 63 0
  30              		.cfi_startproc
  31              		@ args = 0, pretend = 0, frame = 0
  32              		@ frame_needed = 0, uses_anonymous_args = 0
  33              		@ link register save eliminated.
  34              	.LVL0:
  35 0000 C0B2     		uxtb	r0, r0
  36              		.loc 1 68 0
  37 0002 0728     		cmp	r0, #7
  38 0004 8CBF     		ite	hi
  39 0006 0020     		movhi	r0, #0
  40              	.LVL1:
  41 0008 0120     		movls	r0, #1
  42 000a 7047     		bx	lr
  43              		.cfi_endproc
  44              	.LFE63:
  45              		.size	vexSensorIsAnalog, .-vexSensorIsAnalog
  46              		.section	.text.vexSensorValueGet,"ax",%progbits
  47              		.align	2
  48              		.p2align 4,,15
  49              		.global	vexSensorValueGet
  50              		.thumb
  51              		.thumb_func
  52              		.type	vexSensorValueGet, %function
  53              	vexSensorValueGet:
  54              	.LFB64:
  55              		.loc 1 79 0
  56              		.cfi_startproc
  57              		@ args = 0, pretend = 0, frame = 0
ARM GAS  /var/folders/6q/x_mk5n_j3p7_c40r_2k_78980000gn/T//cc63zvL7.s 			page 2


  58              		@ frame_needed = 0, uses_anonymous_args = 0
  59              	.LVL2:
  60              		.loc 1 80 0
  61 0000 0728     		cmp	r0, #7
  62              		.loc 1 79 0
  63 0002 10B5     		push	{r4, lr}
  64              		.cfi_def_cfa_offset 8
  65              		.cfi_offset 4, -8
  66              		.cfi_offset 14, -4
  67              		.loc 1 80 0
  68 0004 26DD     		ble	.L17
  69              		.loc 1 83 0
  70 0006 1328     		cmp	r0, #19
  71 0008 08DD     		ble	.L18
  72              		.loc 1 119 0
  73 000a 1B28     		cmp	r0, #27
  74 000c 01DD     		ble	.L19
  75              	.LVL3:
  76              	.L14:
  77              		.loc 1 125 0
  78 000e 0020     		movs	r0, #0
  79              		.loc 1 126 0
  80 0010 10BD     		pop	{r4, pc}
  81              	.LVL4:
  82              	.L19:
  83              	.LBB2:
  84              		.loc 1 122 0
  85 0012 1438     		subs	r0, r0, #20
  86              	.LVL5:
  87              	.LBE2:
  88              		.loc 1 126 0
  89 0014 BDE81040 		pop	{r4, lr}
  90              		.cfi_remember_state
  91              		.cfi_restore 14
  92              		.cfi_restore 4
  93              		.cfi_def_cfa_offset 0
  94              	.LBB3:
  95              		.loc 1 122 0
  96 0018 FFF7FEBF 		b	vexImeGetCount
  97              	.LVL6:
  98              	.L18:
  99              		.cfi_restore_state
 100              	.LBE3:
 101              	.LBB4:
 102              		.loc 1 86 0
 103 001c 0838     		subs	r0, r0, #8
 104              	.LVL7:
 105 001e 44B2     		sxtb	r4, r0
 106              	.LVL8:
 107              		.loc 1 87 0
 108 0020 2046     		mov	r0, r4
 109 0022 FFF7FEFF 		bl	vexDigitalTypeGet
 110              	.LVL9:
 111              		.loc 1 89 0
 112 0026 0138     		subs	r0, r0, #1
 113              	.LVL10:
 114 0028 0728     		cmp	r0, #7
ARM GAS  /var/folders/6q/x_mk5n_j3p7_c40r_2k_78980000gn/T//cc63zvL7.s 			page 3


 115 002a F0D8     		bhi	.L14
 116 002c 01A3     		adr	r3, .L7
 117 002e 53F820F0 		ldr	pc, [r3, r0, lsl #2]
 118 0032 00BF     		.p2align 2
 119              	.L7:
 120 0034 5B000000 		.word	.L12+1
 121 0038 5B000000 		.word	.L12+1
 122 003c 63000000 		.word	.L9+1
 123 0040 81000000 		.word	.L10+1
 124 0044 73000000 		.word	.L11+1
 125 0048 0F000000 		.word	.L14+1
 126 004c 0F000000 		.word	.L14+1
 127 0050 5B000000 		.word	.L12+1
 128              	.LVL11:
 129              		.p2align 1
 130              	.L17:
 131              	.LBE4:
 132              		.loc 1 81 0
 133 0054 FFF7FEFF 		bl	vexAdcGet
 134              	.LVL12:
 135 0058 10BD     		pop	{r4, pc}
 136              	.LVL13:
 137              	.L12:
 138              	.LBB5:
 139              		.loc 1 100 0
 140 005a 2046     		mov	r0, r4
 141 005c FFF7FEFF 		bl	vexDigitalPinGet
 142              	.LVL14:
 143 0060 10BD     		pop	{r4, pc}
 144              	.LVL15:
 145              	.L9:
 146              		.loc 1 103 0
 147 0062 2046     		mov	r0, r4
 148 0064 FFF7FEFF 		bl	vexDigitalChannelGet
 149              	.LVL16:
 150              	.LBE5:
 151              		.loc 1 126 0
 152 0068 BDE81040 		pop	{r4, lr}
 153              		.cfi_remember_state
 154              		.cfi_restore 14
 155              		.cfi_restore 4
 156              		.cfi_def_cfa_offset 0
 157              	.LVL17:
 158              	.LBB6:
 159              		.loc 1 104 0
 160 006c 00B2     		sxth	r0, r0
 161 006e FFF7FEBF 		b	vexEncoderGet
 162              	.LVL18:
 163              	.L11:
 164              		.cfi_restore_state
 165              		.loc 1 111 0
 166 0072 2046     		mov	r0, r4
 167 0074 FFF7FEFF 		bl	vexDigitalChannelGet
 168              	.LVL19:
 169              		.loc 1 112 0
 170 0078 C0B2     		uxtb	r0, r0
 171              	.LVL20:
ARM GAS  /var/folders/6q/x_mk5n_j3p7_c40r_2k_78980000gn/T//cc63zvL7.s 			page 4


 172 007a FFF7FEFF 		bl	vexSonarGetInch
 173              	.LVL21:
 174 007e 10BD     		pop	{r4, pc}
 175              	.LVL22:
 176              	.L10:
 177              		.loc 1 107 0
 178 0080 2046     		mov	r0, r4
 179 0082 FFF7FEFF 		bl	vexDigitalChannelGet
 180              	.LVL23:
 181              		.loc 1 108 0
 182 0086 C0B2     		uxtb	r0, r0
 183              	.LVL24:
 184 0088 FFF7FEFF 		bl	vexSonarGetCm
 185              	.LVL25:
 186 008c 10BD     		pop	{r4, pc}
 187              	.LBE6:
 188              		.cfi_endproc
 189              	.LFE64:
 190              		.size	vexSensorValueGet, .-vexSensorValueGet
 191 008e 00BF     		.section	.text.vexSensorValueSet,"ax",%progbits
 192              		.align	2
 193              		.p2align 4,,15
 194              		.global	vexSensorValueSet
 195              		.thumb
 196              		.thumb_func
 197              		.type	vexSensorValueSet, %function
 198              	vexSensorValueSet:
 199              	.LFB65:
 200              		.loc 1 138 0
 201              		.cfi_startproc
 202              		@ args = 0, pretend = 0, frame = 0
 203              		@ frame_needed = 0, uses_anonymous_args = 0
 204              	.LVL26:
 205              		.loc 1 139 0
 206 0000 0728     		cmp	r0, #7
 207 0002 03DD     		ble	.L26
 208              		.loc 1 142 0
 209 0004 1328     		cmp	r0, #19
 210 0006 02DD     		ble	.L27
 211              		.loc 1 172 0
 212 0008 1B28     		cmp	r0, #27
 213 000a 0DDD     		ble	.L28
 214              	.L26:
 215 000c 7047     		bx	lr
 216              	.L27:
 217              		.loc 1 138 0
 218 000e 38B5     		push	{r3, r4, r5, lr}
 219              		.cfi_def_cfa_offset 16
 220              		.cfi_offset 3, -16
 221              		.cfi_offset 4, -12
 222              		.cfi_offset 5, -8
 223              		.cfi_offset 14, -4
 224              	.LBB7:
 225              		.loc 1 145 0
 226 0010 A0F10804 		sub	r4, r0, #8
 227 0014 64B2     		sxtb	r4, r4
 228              	.LVL27:
ARM GAS  /var/folders/6q/x_mk5n_j3p7_c40r_2k_78980000gn/T//cc63zvL7.s 			page 5


 229              		.loc 1 146 0
 230 0016 2046     		mov	r0, r4
 231              	.LVL28:
 232 0018 0D46     		mov	r5, r1
 233 001a FFF7FEFF 		bl	vexDigitalTypeGet
 234              	.LVL29:
 235              		.loc 1 148 0
 236 001e 0228     		cmp	r0, #2
 237 0020 0ED0     		beq	.L23
 238 0022 0328     		cmp	r0, #3
 239 0024 03D0     		beq	.L24
 240 0026 38BD     		pop	{r3, r4, r5, pc}
 241              	.LVL30:
 242              	.L28:
 243              		.cfi_def_cfa_offset 0
 244              		.cfi_restore 3
 245              		.cfi_restore 4
 246              		.cfi_restore 5
 247              		.cfi_restore 14
 248              	.LBE7:
 249              	.LBB8:
 250              		.loc 1 175 0
 251 0028 1438     		subs	r0, r0, #20
 252              	.LVL31:
 253 002a FFF7FEBF 		b	vexImeSetCount
 254              	.LVL32:
 255              	.L24:
 256              		.cfi_def_cfa_offset 16
 257              		.cfi_offset 3, -16
 258              		.cfi_offset 4, -12
 259              		.cfi_offset 5, -8
 260              		.cfi_offset 14, -4
 261              	.LBE8:
 262              	.LBB9:
 263              		.loc 1 160 0
 264 002e 2046     		mov	r0, r4
 265              	.LVL33:
 266 0030 FFF7FEFF 		bl	vexDigitalChannelGet
 267              	.LVL34:
 268              		.loc 1 161 0
 269 0034 2946     		mov	r1, r5
 270              	.LBE9:
 271              		.loc 1 179 0
 272 0036 BDE83840 		pop	{r3, r4, r5, lr}
 273              		.cfi_remember_state
 274              		.cfi_restore 14
 275              		.cfi_restore 5
 276              		.cfi_restore 4
 277              		.cfi_restore 3
 278              		.cfi_def_cfa_offset 0
 279              	.LVL35:
 280              	.LBB10:
 281              		.loc 1 161 0
 282 003a 00B2     		sxth	r0, r0
 283 003c FFF7FEBF 		b	vexEncoderSet
 284              	.LVL36:
 285              	.L23:
ARM GAS  /var/folders/6q/x_mk5n_j3p7_c40r_2k_78980000gn/T//cc63zvL7.s 			page 6


 286              		.cfi_restore_state
 287              		.loc 1 157 0
 288 0040 E9B2     		uxtb	r1, r5
 289 0042 2046     		mov	r0, r4
 290              	.LVL37:
 291              	.LBE10:
 292              		.loc 1 179 0
 293 0044 BDE83840 		pop	{r3, r4, r5, lr}
 294              		.cfi_restore 14
 295              		.cfi_restore 5
 296              		.cfi_restore 4
 297              		.cfi_restore 3
 298              		.cfi_def_cfa_offset 0
 299              	.LVL38:
 300              	.LBB11:
 301              		.loc 1 157 0
 302 0048 FFF7FEBF 		b	vexDigitalPinSet
 303              	.LVL39:
 304              	.LBE11:
 305              		.cfi_endproc
 306              	.LFE65:
 307              		.size	vexSensorValueSet, .-vexSensorValueSet
 308              		.text
 309              	.Letext0:
 310              		.file 2 "/Users/Luca/src/vexilla/src/gcc-arm-none-eabi-5_4-2016q3/arm-none-eabi/include/machine/_d
 311              		.file 3 "/Users/Luca/src/vexilla/src/gcc-arm-none-eabi-5_4-2016q3/arm-none-eabi/include/sys/_stdin
 312              		.file 4 "../ChibiOS/os/ports/GCC/ARMCMx/chtypes.h"
 313              		.file 5 "../convex-vexilla/cortex/fw/vexdigital.h"
 314              		.file 6 "../convex-vexilla/cortex/fw/vexconfig.h"
 315              		.file 7 "../convex-vexilla/cortex/fw/vexsensor.h"
 316              		.file 8 "../convex-vexilla/cortex/fw/vexime.h"
 317              		.file 9 "../convex-vexilla/cortex/fw/vexencoder.h"
 318              		.file 10 "../convex-vexilla/cortex/fw/vexsonar.h"
 319              		.file 11 "../convex-vexilla/cortex/fw/vexanalog.h"
 320              		.file 12 "../ChibiOS/os/ports/common/ARMCMx/CMSIS/include/core_cm3.h"
 321              		.section	.debug_info,"",%progbits
 322              	.Ldebug_info0:
 323 0000 CB040000 		.4byte	0x4cb
 324 0004 0400     		.2byte	0x4
 325 0006 00000000 		.4byte	.Ldebug_abbrev0
 326 000a 04       		.byte	0x4
 327 000b 01       		.uleb128 0x1
 328 000c C4000000 		.4byte	.LASF90
 329 0010 0C       		.byte	0xc
 330 0011 51020000 		.4byte	.LASF91
 331 0015 9F020000 		.4byte	.LASF92
 332 0019 60000000 		.4byte	.Ldebug_ranges0+0x60
 333 001d 00000000 		.4byte	0
 334 0021 00000000 		.4byte	.Ldebug_line0
 335 0025 02       		.uleb128 0x2
 336 0026 04       		.byte	0x4
 337 0027 05       		.byte	0x5
 338 0028 696E7400 		.ascii	"int\000"
 339 002c 03       		.uleb128 0x3
 340 002d 04       		.byte	0x4
 341 002e 07       		.byte	0x7
 342 002f EE050000 		.4byte	.LASF0
ARM GAS  /var/folders/6q/x_mk5n_j3p7_c40r_2k_78980000gn/T//cc63zvL7.s 			page 7


 343 0033 03       		.uleb128 0x3
 344 0034 08       		.byte	0x8
 345 0035 05       		.byte	0x5
 346 0036 79020000 		.4byte	.LASF1
 347 003a 03       		.uleb128 0x3
 348 003b 08       		.byte	0x8
 349 003c 04       		.byte	0x4
 350 003d E4020000 		.4byte	.LASF2
 351 0041 03       		.uleb128 0x3
 352 0042 01       		.byte	0x1
 353 0043 06       		.byte	0x6
 354 0044 1B030000 		.4byte	.LASF3
 355 0048 03       		.uleb128 0x3
 356 0049 01       		.byte	0x1
 357 004a 08       		.byte	0x8
 358 004b FF020000 		.4byte	.LASF4
 359 004f 04       		.uleb128 0x4
 360 0050 79050000 		.4byte	.LASF7
 361 0054 02       		.byte	0x2
 362 0055 29       		.byte	0x29
 363 0056 5A000000 		.4byte	0x5a
 364 005a 03       		.uleb128 0x3
 365 005b 02       		.byte	0x2
 366 005c 05       		.byte	0x5
 367 005d 6F000000 		.4byte	.LASF5
 368 0061 03       		.uleb128 0x3
 369 0062 02       		.byte	0x2
 370 0063 07       		.byte	0x7
 371 0064 75030000 		.4byte	.LASF6
 372 0068 04       		.uleb128 0x4
 373 0069 44050000 		.4byte	.LASF8
 374 006d 02       		.byte	0x2
 375 006e 3F       		.byte	0x3f
 376 006f 73000000 		.4byte	0x73
 377 0073 03       		.uleb128 0x3
 378 0074 04       		.byte	0x4
 379 0075 05       		.byte	0x5
 380 0076 96020000 		.4byte	.LASF9
 381 007a 03       		.uleb128 0x3
 382 007b 04       		.byte	0x4
 383 007c 07       		.byte	0x7
 384 007d EE040000 		.4byte	.LASF10
 385 0081 03       		.uleb128 0x3
 386 0082 08       		.byte	0x8
 387 0083 07       		.byte	0x7
 388 0084 27030000 		.4byte	.LASF11
 389 0088 04       		.uleb128 0x4
 390 0089 B0050000 		.4byte	.LASF12
 391 008d 03       		.byte	0x3
 392 008e 20       		.byte	0x20
 393 008f 4F000000 		.4byte	0x4f
 394 0093 04       		.uleb128 0x4
 395 0094 CD030000 		.4byte	.LASF13
 396 0098 03       		.byte	0x3
 397 0099 2C       		.byte	0x2c
 398 009a 68000000 		.4byte	0x68
 399 009e 04       		.uleb128 0x4
ARM GAS  /var/folders/6q/x_mk5n_j3p7_c40r_2k_78980000gn/T//cc63zvL7.s 			page 8


 400 009f B8050000 		.4byte	.LASF14
 401 00a3 04       		.byte	0x4
 402 00a4 2B       		.byte	0x2b
 403 00a5 A9000000 		.4byte	0xa9
 404 00a9 03       		.uleb128 0x3
 405 00aa 01       		.byte	0x1
 406 00ab 02       		.byte	0x2
 407 00ac 29040000 		.4byte	.LASF15
 408 00b0 03       		.uleb128 0x3
 409 00b1 04       		.byte	0x4
 410 00b2 07       		.byte	0x7
 411 00b3 79000000 		.4byte	.LASF16
 412 00b7 03       		.uleb128 0x3
 413 00b8 01       		.byte	0x1
 414 00b9 08       		.byte	0x8
 415 00ba 94030000 		.4byte	.LASF17
 416 00be 05       		.uleb128 0x5
 417 00bf 93000000 		.4byte	0x93
 418 00c3 06       		.uleb128 0x6
 419 00c4 01       		.byte	0x1
 420 00c5 41000000 		.4byte	0x41
 421 00c9 05       		.byte	0x5
 422 00ca 8D       		.byte	0x8d
 423 00cb 24010000 		.4byte	0x124
 424 00cf 07       		.uleb128 0x7
 425 00d0 0E000000 		.4byte	.LASF18
 426 00d4 7F       		.sleb128 -1
 427 00d5 08       		.uleb128 0x8
 428 00d6 B1030000 		.4byte	.LASF19
 429 00da 00       		.byte	0
 430 00db 08       		.uleb128 0x8
 431 00dc BF030000 		.4byte	.LASF20
 432 00e0 01       		.byte	0x1
 433 00e1 08       		.uleb128 0x8
 434 00e2 55030000 		.4byte	.LASF21
 435 00e6 02       		.byte	0x2
 436 00e7 08       		.uleb128 0x8
 437 00e8 D5030000 		.4byte	.LASF22
 438 00ec 03       		.byte	0x3
 439 00ed 08       		.uleb128 0x8
 440 00ee E3030000 		.4byte	.LASF23
 441 00f2 04       		.byte	0x4
 442 00f3 08       		.uleb128 0x8
 443 00f4 F1030000 		.4byte	.LASF24
 444 00f8 05       		.byte	0x5
 445 00f9 08       		.uleb128 0x8
 446 00fa FF030000 		.4byte	.LASF25
 447 00fe 06       		.byte	0x6
 448 00ff 08       		.uleb128 0x8
 449 0100 0D040000 		.4byte	.LASF26
 450 0104 07       		.byte	0x7
 451 0105 08       		.uleb128 0x8
 452 0106 1B040000 		.4byte	.LASF27
 453 010a 08       		.byte	0x8
 454 010b 08       		.uleb128 0x8
 455 010c DD010000 		.4byte	.LASF28
 456 0110 09       		.byte	0x9
ARM GAS  /var/folders/6q/x_mk5n_j3p7_c40r_2k_78980000gn/T//cc63zvL7.s 			page 9


 457 0111 08       		.uleb128 0x8
 458 0112 EC010000 		.4byte	.LASF29
 459 0116 0A       		.byte	0xa
 460 0117 08       		.uleb128 0x8
 461 0118 FB010000 		.4byte	.LASF30
 462 011c 0B       		.byte	0xb
 463 011d 08       		.uleb128 0x8
 464 011e 83050000 		.4byte	.LASF31
 465 0122 0C       		.byte	0xc
 466 0123 00       		.byte	0
 467 0124 04       		.uleb128 0x4
 468 0125 A1050000 		.4byte	.LASF32
 469 0129 05       		.byte	0x5
 470 012a 9D       		.byte	0x9d
 471 012b C3000000 		.4byte	0xc3
 472 012f 06       		.uleb128 0x6
 473 0130 01       		.byte	0x1
 474 0131 48000000 		.4byte	0x48
 475 0135 06       		.byte	0x6
 476 0136 3A       		.byte	0x3a
 477 0137 72010000 		.4byte	0x172
 478 013b 08       		.uleb128 0x8
 479 013c 87020000 		.4byte	.LASF33
 480 0140 00       		.byte	0
 481 0141 08       		.uleb128 0x8
 482 0142 3F040000 		.4byte	.LASF34
 483 0146 01       		.byte	0x1
 484 0147 08       		.uleb128 0x8
 485 0148 99030000 		.4byte	.LASF35
 486 014c 02       		.byte	0x2
 487 014d 08       		.uleb128 0x8
 488 014e 4E050000 		.4byte	.LASF36
 489 0152 03       		.byte	0x3
 490 0153 08       		.uleb128 0x8
 491 0154 3A020000 		.4byte	.LASF37
 492 0158 04       		.byte	0x4
 493 0159 08       		.uleb128 0x8
 494 015a 1F050000 		.4byte	.LASF38
 495 015e 05       		.byte	0x5
 496 015f 08       		.uleb128 0x8
 497 0160 00000000 		.4byte	.LASF39
 498 0164 06       		.byte	0x6
 499 0165 08       		.uleb128 0x8
 500 0166 9E010000 		.4byte	.LASF40
 501 016a 07       		.byte	0x7
 502 016b 08       		.uleb128 0x8
 503 016c D0020000 		.4byte	.LASF41
 504 0170 08       		.byte	0x8
 505 0171 00       		.byte	0
 506 0172 04       		.uleb128 0x4
 507 0173 F0020000 		.4byte	.LASF42
 508 0177 06       		.byte	0x6
 509 0178 45       		.byte	0x45
 510 0179 2F010000 		.4byte	0x12f
 511 017d 06       		.uleb128 0x6
 512 017e 01       		.byte	0x1
 513 017f 41000000 		.4byte	0x41
ARM GAS  /var/folders/6q/x_mk5n_j3p7_c40r_2k_78980000gn/T//cc63zvL7.s 			page 10


 514 0183 07       		.byte	0x7
 515 0184 3C       		.byte	0x3c
 516 0185 38020000 		.4byte	0x238
 517 0189 07       		.uleb128 0x7
 518 018a BF050000 		.4byte	.LASF43
 519 018e 7F       		.sleb128 -1
 520 018f 08       		.uleb128 0x8
 521 0190 56040000 		.4byte	.LASF44
 522 0194 00       		.byte	0
 523 0195 08       		.uleb128 0x8
 524 0196 69040000 		.4byte	.LASF45
 525 019a 01       		.byte	0x1
 526 019b 08       		.uleb128 0x8
 527 019c 7C040000 		.4byte	.LASF46
 528 01a0 02       		.byte	0x2
 529 01a1 08       		.uleb128 0x8
 530 01a2 8F040000 		.4byte	.LASF47
 531 01a6 03       		.byte	0x3
 532 01a7 08       		.uleb128 0x8
 533 01a8 A2040000 		.4byte	.LASF48
 534 01ac 04       		.byte	0x4
 535 01ad 08       		.uleb128 0x8
 536 01ae B5040000 		.4byte	.LASF49
 537 01b2 05       		.byte	0x5
 538 01b3 08       		.uleb128 0x8
 539 01b4 C8040000 		.4byte	.LASF50
 540 01b8 06       		.byte	0x6
 541 01b9 08       		.uleb128 0x8
 542 01ba DB040000 		.4byte	.LASF51
 543 01be 07       		.byte	0x7
 544 01bf 08       		.uleb128 0x8
 545 01c0 FB050000 		.4byte	.LASF52
 546 01c4 08       		.byte	0x8
 547 01c5 08       		.uleb128 0x8
 548 01c6 0F060000 		.4byte	.LASF53
 549 01ca 09       		.byte	0x9
 550 01cb 08       		.uleb128 0x8
 551 01cc 23060000 		.4byte	.LASF54
 552 01d0 0A       		.byte	0xa
 553 01d1 08       		.uleb128 0x8
 554 01d2 37060000 		.4byte	.LASF55
 555 01d6 0B       		.byte	0xb
 556 01d7 08       		.uleb128 0x8
 557 01d8 4B060000 		.4byte	.LASF56
 558 01dc 0C       		.byte	0xc
 559 01dd 08       		.uleb128 0x8
 560 01de 5F060000 		.4byte	.LASF57
 561 01e2 0D       		.byte	0xd
 562 01e3 08       		.uleb128 0x8
 563 01e4 73060000 		.4byte	.LASF58
 564 01e8 0E       		.byte	0xe
 565 01e9 08       		.uleb128 0x8
 566 01ea 87060000 		.4byte	.LASF59
 567 01ee 0F       		.byte	0xf
 568 01ef 08       		.uleb128 0x8
 569 01f0 9B060000 		.4byte	.LASF60
 570 01f4 10       		.byte	0x10
ARM GAS  /var/folders/6q/x_mk5n_j3p7_c40r_2k_78980000gn/T//cc63zvL7.s 			page 11


 571 01f5 08       		.uleb128 0x8
 572 01f6 45000000 		.4byte	.LASF61
 573 01fa 11       		.byte	0x11
 574 01fb 08       		.uleb128 0x8
 575 01fc 5A000000 		.4byte	.LASF62
 576 0200 12       		.byte	0x12
 577 0201 08       		.uleb128 0x8
 578 0202 64050000 		.4byte	.LASF63
 579 0206 13       		.byte	0x13
 580 0207 08       		.uleb128 0x8
 581 0208 BD010000 		.4byte	.LASF64
 582 020c 14       		.byte	0x14
 583 020d 08       		.uleb128 0x8
 584 020e CD010000 		.4byte	.LASF65
 585 0212 15       		.byte	0x15
 586 0213 08       		.uleb128 0x8
 587 0214 B4000000 		.4byte	.LASF66
 588 0218 16       		.byte	0x16
 589 0219 08       		.uleb128 0x8
 590 021a 2F040000 		.4byte	.LASF67
 591 021e 17       		.byte	0x17
 592 021f 08       		.uleb128 0x8
 593 0220 00050000 		.4byte	.LASF68
 594 0224 18       		.byte	0x18
 595 0225 08       		.uleb128 0x8
 596 0226 0A020000 		.4byte	.LASF69
 597 022a 19       		.byte	0x19
 598 022b 08       		.uleb128 0x8
 599 022c 1A020000 		.4byte	.LASF70
 600 0230 1A       		.byte	0x1a
 601 0231 08       		.uleb128 0x8
 602 0232 2A020000 		.4byte	.LASF71
 603 0236 1B       		.byte	0x1b
 604 0237 00       		.byte	0
 605 0238 04       		.uleb128 0x4
 606 0239 88030000 		.4byte	.LASF72
 607 023d 07       		.byte	0x7
 608 023e 64       		.byte	0x64
 609 023f 7D010000 		.4byte	0x17d
 610 0243 09       		.uleb128 0x9
 611 0244 AF060000 		.4byte	.LASF73
 612 0248 01       		.byte	0x1
 613 0249 3E       		.byte	0x3e
 614 024a 9E000000 		.4byte	0x9e
 615 024e 00000000 		.4byte	.LFB63
 616 0252 0C000000 		.4byte	.LFE63-.LFB63
 617 0256 01       		.uleb128 0x1
 618 0257 9C       		.byte	0x9c
 619 0258 6C020000 		.4byte	0x26c
 620 025c 0A       		.uleb128 0xa
 621 025d B6010000 		.4byte	.LASF75
 622 0261 01       		.byte	0x1
 623 0262 3E       		.byte	0x3e
 624 0263 38020000 		.4byte	0x238
 625 0267 00000000 		.4byte	.LLST0
 626 026b 00       		.byte	0
 627 026c 09       		.uleb128 0x9
ARM GAS  /var/folders/6q/x_mk5n_j3p7_c40r_2k_78980000gn/T//cc63zvL7.s 			page 12


 628 026d 43030000 		.4byte	.LASF74
 629 0271 01       		.byte	0x1
 630 0272 4E       		.byte	0x4e
 631 0273 93000000 		.4byte	0x93
 632 0277 00000000 		.4byte	.LFB64
 633 027b 8E000000 		.4byte	.LFE64-.LFB64
 634 027f 01       		.uleb128 0x1
 635 0280 9C       		.byte	0x9c
 636 0281 76030000 		.4byte	0x376
 637 0285 0A       		.uleb128 0xa
 638 0286 B6010000 		.4byte	.LASF75
 639 028a 01       		.byte	0x1
 640 028b 4E       		.byte	0x4e
 641 028c 38020000 		.4byte	0x238
 642 0290 21000000 		.4byte	.LLST1
 643 0294 0B       		.uleb128 0xb
 644 0295 00000000 		.4byte	.Ldebug_ranges0+0
 645 0299 B6020000 		.4byte	0x2b6
 646 029d 0C       		.uleb128 0xc
 647 029e 4C020000 		.4byte	.LASF76
 648 02a2 01       		.byte	0x1
 649 02a3 79       		.byte	0x79
 650 02a4 88000000 		.4byte	0x88
 651 02a8 8D000000 		.4byte	.LLST2
 652 02ac 0D       		.uleb128 0xd
 653 02ad 1C000000 		.4byte	.LVL6
 654 02b1 55040000 		.4byte	0x455
 655 02b5 00       		.byte	0
 656 02b6 0B       		.uleb128 0xb
 657 02b7 18000000 		.4byte	.Ldebug_ranges0+0x18
 658 02bb 6C030000 		.4byte	0x36c
 659 02bf 0C       		.uleb128 0xc
 660 02c0 4C020000 		.4byte	.LASF76
 661 02c4 01       		.byte	0x1
 662 02c5 55       		.byte	0x55
 663 02c6 88000000 		.4byte	0x88
 664 02ca BC000000 		.4byte	.LLST3
 665 02ce 0E       		.uleb128 0xe
 666 02cf 70696E00 		.ascii	"pin\000"
 667 02d3 01       		.byte	0x1
 668 02d4 56       		.byte	0x56
 669 02d5 24010000 		.4byte	0x124
 670 02d9 E5000000 		.4byte	.LLST4
 671 02dd 0C       		.uleb128 0xc
 672 02de 3E030000 		.4byte	.LASF77
 673 02e2 01       		.byte	0x1
 674 02e3 57       		.byte	0x57
 675 02e4 72010000 		.4byte	0x172
 676 02e8 0E010000 		.4byte	.LLST5
 677 02ec 0F       		.uleb128 0xf
 678 02ed 26000000 		.4byte	.LVL9
 679 02f1 60040000 		.4byte	0x460
 680 02f5 00030000 		.4byte	0x300
 681 02f9 10       		.uleb128 0x10
 682 02fa 01       		.uleb128 0x1
 683 02fb 50       		.byte	0x50
 684 02fc 02       		.uleb128 0x2
ARM GAS  /var/folders/6q/x_mk5n_j3p7_c40r_2k_78980000gn/T//cc63zvL7.s 			page 13


 685 02fd 74       		.byte	0x74
 686 02fe 00       		.sleb128 0
 687 02ff 00       		.byte	0
 688 0300 0F       		.uleb128 0xf
 689 0301 60000000 		.4byte	.LVL14
 690 0305 6B040000 		.4byte	0x46b
 691 0309 14030000 		.4byte	0x314
 692 030d 10       		.uleb128 0x10
 693 030e 01       		.uleb128 0x1
 694 030f 50       		.byte	0x50
 695 0310 02       		.uleb128 0x2
 696 0311 74       		.byte	0x74
 697 0312 00       		.sleb128 0
 698 0313 00       		.byte	0
 699 0314 0F       		.uleb128 0xf
 700 0315 68000000 		.4byte	.LVL16
 701 0319 76040000 		.4byte	0x476
 702 031d 28030000 		.4byte	0x328
 703 0321 10       		.uleb128 0x10
 704 0322 01       		.uleb128 0x1
 705 0323 50       		.byte	0x50
 706 0324 02       		.uleb128 0x2
 707 0325 74       		.byte	0x74
 708 0326 00       		.sleb128 0
 709 0327 00       		.byte	0
 710 0328 0D       		.uleb128 0xd
 711 0329 72000000 		.4byte	.LVL18
 712 032d 81040000 		.4byte	0x481
 713 0331 0F       		.uleb128 0xf
 714 0332 78000000 		.4byte	.LVL19
 715 0336 76040000 		.4byte	0x476
 716 033a 45030000 		.4byte	0x345
 717 033e 10       		.uleb128 0x10
 718 033f 01       		.uleb128 0x1
 719 0340 50       		.byte	0x50
 720 0341 02       		.uleb128 0x2
 721 0342 74       		.byte	0x74
 722 0343 00       		.sleb128 0
 723 0344 00       		.byte	0
 724 0345 11       		.uleb128 0x11
 725 0346 7E000000 		.4byte	.LVL21
 726 034a 8C040000 		.4byte	0x48c
 727 034e 0F       		.uleb128 0xf
 728 034f 86000000 		.4byte	.LVL23
 729 0353 76040000 		.4byte	0x476
 730 0357 62030000 		.4byte	0x362
 731 035b 10       		.uleb128 0x10
 732 035c 01       		.uleb128 0x1
 733 035d 50       		.byte	0x50
 734 035e 02       		.uleb128 0x2
 735 035f 74       		.byte	0x74
 736 0360 00       		.sleb128 0
 737 0361 00       		.byte	0
 738 0362 11       		.uleb128 0x11
 739 0363 8C000000 		.4byte	.LVL25
 740 0367 97040000 		.4byte	0x497
 741 036b 00       		.byte	0
ARM GAS  /var/folders/6q/x_mk5n_j3p7_c40r_2k_78980000gn/T//cc63zvL7.s 			page 14


 742 036c 11       		.uleb128 0x11
 743 036d 58000000 		.4byte	.LVL12
 744 0371 A2040000 		.4byte	0x4a2
 745 0375 00       		.byte	0
 746 0376 12       		.uleb128 0x12
 747 0377 8C000000 		.4byte	.LASF93
 748 037b 01       		.byte	0x1
 749 037c 89       		.byte	0x89
 750 037d 00000000 		.4byte	.LFB65
 751 0381 4C000000 		.4byte	.LFE65-.LFB65
 752 0385 01       		.uleb128 0x1
 753 0386 9C       		.byte	0x9c
 754 0387 49040000 		.4byte	0x449
 755 038b 0A       		.uleb128 0xa
 756 038c B6010000 		.4byte	.LASF75
 757 0390 01       		.byte	0x1
 758 0391 89       		.byte	0x89
 759 0392 38020000 		.4byte	0x238
 760 0396 21010000 		.4byte	.LLST6
 761 039a 0A       		.uleb128 0xa
 762 039b AE000000 		.4byte	.LASF78
 763 039f 01       		.byte	0x1
 764 03a0 89       		.byte	0x89
 765 03a1 93000000 		.4byte	0x93
 766 03a5 5B010000 		.4byte	.LLST7
 767 03a9 0B       		.uleb128 0xb
 768 03aa 38000000 		.4byte	.Ldebug_ranges0+0x38
 769 03ae 26040000 		.4byte	0x426
 770 03b2 0C       		.uleb128 0xc
 771 03b3 4C020000 		.4byte	.LASF76
 772 03b7 01       		.byte	0x1
 773 03b8 90       		.byte	0x90
 774 03b9 88000000 		.4byte	0x88
 775 03bd CF010000 		.4byte	.LLST8
 776 03c1 0E       		.uleb128 0xe
 777 03c2 70696E00 		.ascii	"pin\000"
 778 03c6 01       		.byte	0x1
 779 03c7 91       		.byte	0x91
 780 03c8 24010000 		.4byte	0x124
 781 03cc E2010000 		.4byte	.LLST9
 782 03d0 0C       		.uleb128 0xc
 783 03d1 3E030000 		.4byte	.LASF77
 784 03d5 01       		.byte	0x1
 785 03d6 92       		.byte	0x92
 786 03d7 72010000 		.4byte	0x172
 787 03db 16020000 		.4byte	.LLST10
 788 03df 0F       		.uleb128 0xf
 789 03e0 1E000000 		.4byte	.LVL29
 790 03e4 60040000 		.4byte	0x460
 791 03e8 F3030000 		.4byte	0x3f3
 792 03ec 10       		.uleb128 0x10
 793 03ed 01       		.uleb128 0x1
 794 03ee 50       		.byte	0x50
 795 03ef 02       		.uleb128 0x2
 796 03f0 74       		.byte	0x74
 797 03f1 00       		.sleb128 0
 798 03f2 00       		.byte	0
ARM GAS  /var/folders/6q/x_mk5n_j3p7_c40r_2k_78980000gn/T//cc63zvL7.s 			page 15


 799 03f3 0F       		.uleb128 0xf
 800 03f4 34000000 		.4byte	.LVL34
 801 03f8 76040000 		.4byte	0x476
 802 03fc 07040000 		.4byte	0x407
 803 0400 10       		.uleb128 0x10
 804 0401 01       		.uleb128 0x1
 805 0402 50       		.byte	0x50
 806 0403 02       		.uleb128 0x2
 807 0404 74       		.byte	0x74
 808 0405 00       		.sleb128 0
 809 0406 00       		.byte	0
 810 0407 13       		.uleb128 0x13
 811 0408 40000000 		.4byte	.LVL36
 812 040c AD040000 		.4byte	0x4ad
 813 0410 1C040000 		.4byte	0x41c
 814 0414 10       		.uleb128 0x10
 815 0415 01       		.uleb128 0x1
 816 0416 51       		.byte	0x51
 817 0417 03       		.uleb128 0x3
 818 0418 F3       		.byte	0xf3
 819 0419 01       		.uleb128 0x1
 820 041a 51       		.byte	0x51
 821 041b 00       		.byte	0
 822 041c 0D       		.uleb128 0xd
 823 041d 4C000000 		.4byte	.LVL39
 824 0421 B8040000 		.4byte	0x4b8
 825 0425 00       		.byte	0
 826 0426 14       		.uleb128 0x14
 827 0427 28000000 		.4byte	.LBB8
 828 042b 06000000 		.4byte	.LBE8-.LBB8
 829 042f 0C       		.uleb128 0xc
 830 0430 4C020000 		.4byte	.LASF76
 831 0434 01       		.byte	0x1
 832 0435 AE       		.byte	0xae
 833 0436 88000000 		.4byte	0x88
 834 043a 3F020000 		.4byte	.LLST11
 835 043e 0D       		.uleb128 0xd
 836 043f 2E000000 		.4byte	.LVL32
 837 0443 C3040000 		.4byte	0x4c3
 838 0447 00       		.byte	0
 839 0448 00       		.byte	0
 840 0449 15       		.uleb128 0x15
 841 044a D3050000 		.4byte	.LASF94
 842 044e 0C       		.byte	0xc
 843 044f 0706     		.2byte	0x607
 844 0451 BE000000 		.4byte	0xbe
 845 0455 16       		.uleb128 0x16
 846 0456 10050000 		.4byte	.LASF79
 847 045a 10050000 		.4byte	.LASF79
 848 045e 08       		.byte	0x8
 849 045f B1       		.byte	0xb1
 850 0460 16       		.uleb128 0x16
 851 0461 63030000 		.4byte	.LASF80
 852 0465 63030000 		.4byte	.LASF80
 853 0469 06       		.byte	0x6
 854 046a 84       		.byte	0x84
 855 046b 16       		.uleb128 0x16
ARM GAS  /var/folders/6q/x_mk5n_j3p7_c40r_2k_78980000gn/T//cc63zvL7.s 			page 16


 856 046c 1F000000 		.4byte	.LASF81
 857 0470 1F000000 		.4byte	.LASF81
 858 0474 05       		.byte	0x5
 859 0475 C4       		.byte	0xc4
 860 0476 16       		.uleb128 0x16
 861 0477 30000000 		.4byte	.LASF82
 862 047b 30000000 		.4byte	.LASF82
 863 047f 06       		.byte	0x6
 864 0480 86       		.byte	0x86
 865 0481 16       		.uleb128 0x16
 866 0482 93050000 		.4byte	.LASF83
 867 0486 93050000 		.4byte	.LASF83
 868 048a 09       		.byte	0x9
 869 048b 62       		.byte	0x62
 870 048c 16       		.uleb128 0x16
 871 048d 9E000000 		.4byte	.LASF84
 872 0491 9E000000 		.4byte	.LASF84
 873 0495 0A       		.byte	0xa
 874 0496 67       		.byte	0x67
 875 0497 16       		.uleb128 0x16
 876 0498 E0050000 		.4byte	.LASF85
 877 049c E0050000 		.4byte	.LASF85
 878 04a0 0A       		.byte	0xa
 879 04a1 66       		.byte	0x66
 880 04a2 16       		.uleb128 0x16
 881 04a3 82000000 		.4byte	.LASF86
 882 04a7 82000000 		.4byte	.LASF86
 883 04ab 0B       		.byte	0xb
 884 04ac 4F       		.byte	0x4f
 885 04ad 16       		.uleb128 0x16
 886 04ae 0D030000 		.4byte	.LASF87
 887 04b2 0D030000 		.4byte	.LASF87
 888 04b6 09       		.byte	0x9
 889 04b7 63       		.byte	0x63
 890 04b8 16       		.uleb128 0x16
 891 04b9 33050000 		.4byte	.LASF88
 892 04bd 33050000 		.4byte	.LASF88
 893 04c1 05       		.byte	0x5
 894 04c2 C3       		.byte	0xc3
 895 04c3 16       		.uleb128 0x16
 896 04c4 C1020000 		.4byte	.LASF89
 897 04c8 C1020000 		.4byte	.LASF89
 898 04cc 08       		.byte	0x8
 899 04cd B2       		.byte	0xb2
 900 04ce 00       		.byte	0
 901              		.section	.debug_abbrev,"",%progbits
 902              	.Ldebug_abbrev0:
 903 0000 01       		.uleb128 0x1
 904 0001 11       		.uleb128 0x11
 905 0002 01       		.byte	0x1
 906 0003 25       		.uleb128 0x25
 907 0004 0E       		.uleb128 0xe
 908 0005 13       		.uleb128 0x13
 909 0006 0B       		.uleb128 0xb
 910 0007 03       		.uleb128 0x3
 911 0008 0E       		.uleb128 0xe
 912 0009 1B       		.uleb128 0x1b
ARM GAS  /var/folders/6q/x_mk5n_j3p7_c40r_2k_78980000gn/T//cc63zvL7.s 			page 17


 913 000a 0E       		.uleb128 0xe
 914 000b 55       		.uleb128 0x55
 915 000c 17       		.uleb128 0x17
 916 000d 11       		.uleb128 0x11
 917 000e 01       		.uleb128 0x1
 918 000f 10       		.uleb128 0x10
 919 0010 17       		.uleb128 0x17
 920 0011 00       		.byte	0
 921 0012 00       		.byte	0
 922 0013 02       		.uleb128 0x2
 923 0014 24       		.uleb128 0x24
 924 0015 00       		.byte	0
 925 0016 0B       		.uleb128 0xb
 926 0017 0B       		.uleb128 0xb
 927 0018 3E       		.uleb128 0x3e
 928 0019 0B       		.uleb128 0xb
 929 001a 03       		.uleb128 0x3
 930 001b 08       		.uleb128 0x8
 931 001c 00       		.byte	0
 932 001d 00       		.byte	0
 933 001e 03       		.uleb128 0x3
 934 001f 24       		.uleb128 0x24
 935 0020 00       		.byte	0
 936 0021 0B       		.uleb128 0xb
 937 0022 0B       		.uleb128 0xb
 938 0023 3E       		.uleb128 0x3e
 939 0024 0B       		.uleb128 0xb
 940 0025 03       		.uleb128 0x3
 941 0026 0E       		.uleb128 0xe
 942 0027 00       		.byte	0
 943 0028 00       		.byte	0
 944 0029 04       		.uleb128 0x4
 945 002a 16       		.uleb128 0x16
 946 002b 00       		.byte	0
 947 002c 03       		.uleb128 0x3
 948 002d 0E       		.uleb128 0xe
 949 002e 3A       		.uleb128 0x3a
 950 002f 0B       		.uleb128 0xb
 951 0030 3B       		.uleb128 0x3b
 952 0031 0B       		.uleb128 0xb
 953 0032 49       		.uleb128 0x49
 954 0033 13       		.uleb128 0x13
 955 0034 00       		.byte	0
 956 0035 00       		.byte	0
 957 0036 05       		.uleb128 0x5
 958 0037 35       		.uleb128 0x35
 959 0038 00       		.byte	0
 960 0039 49       		.uleb128 0x49
 961 003a 13       		.uleb128 0x13
 962 003b 00       		.byte	0
 963 003c 00       		.byte	0
 964 003d 06       		.uleb128 0x6
 965 003e 04       		.uleb128 0x4
 966 003f 01       		.byte	0x1
 967 0040 0B       		.uleb128 0xb
 968 0041 0B       		.uleb128 0xb
 969 0042 49       		.uleb128 0x49
ARM GAS  /var/folders/6q/x_mk5n_j3p7_c40r_2k_78980000gn/T//cc63zvL7.s 			page 18


 970 0043 13       		.uleb128 0x13
 971 0044 3A       		.uleb128 0x3a
 972 0045 0B       		.uleb128 0xb
 973 0046 3B       		.uleb128 0x3b
 974 0047 0B       		.uleb128 0xb
 975 0048 01       		.uleb128 0x1
 976 0049 13       		.uleb128 0x13
 977 004a 00       		.byte	0
 978 004b 00       		.byte	0
 979 004c 07       		.uleb128 0x7
 980 004d 28       		.uleb128 0x28
 981 004e 00       		.byte	0
 982 004f 03       		.uleb128 0x3
 983 0050 0E       		.uleb128 0xe
 984 0051 1C       		.uleb128 0x1c
 985 0052 0D       		.uleb128 0xd
 986 0053 00       		.byte	0
 987 0054 00       		.byte	0
 988 0055 08       		.uleb128 0x8
 989 0056 28       		.uleb128 0x28
 990 0057 00       		.byte	0
 991 0058 03       		.uleb128 0x3
 992 0059 0E       		.uleb128 0xe
 993 005a 1C       		.uleb128 0x1c
 994 005b 0B       		.uleb128 0xb
 995 005c 00       		.byte	0
 996 005d 00       		.byte	0
 997 005e 09       		.uleb128 0x9
 998 005f 2E       		.uleb128 0x2e
 999 0060 01       		.byte	0x1
 1000 0061 3F       		.uleb128 0x3f
 1001 0062 19       		.uleb128 0x19
 1002 0063 03       		.uleb128 0x3
 1003 0064 0E       		.uleb128 0xe
 1004 0065 3A       		.uleb128 0x3a
 1005 0066 0B       		.uleb128 0xb
 1006 0067 3B       		.uleb128 0x3b
 1007 0068 0B       		.uleb128 0xb
 1008 0069 27       		.uleb128 0x27
 1009 006a 19       		.uleb128 0x19
 1010 006b 49       		.uleb128 0x49
 1011 006c 13       		.uleb128 0x13
 1012 006d 11       		.uleb128 0x11
 1013 006e 01       		.uleb128 0x1
 1014 006f 12       		.uleb128 0x12
 1015 0070 06       		.uleb128 0x6
 1016 0071 40       		.uleb128 0x40
 1017 0072 18       		.uleb128 0x18
 1018 0073 9742     		.uleb128 0x2117
 1019 0075 19       		.uleb128 0x19
 1020 0076 01       		.uleb128 0x1
 1021 0077 13       		.uleb128 0x13
 1022 0078 00       		.byte	0
 1023 0079 00       		.byte	0
 1024 007a 0A       		.uleb128 0xa
 1025 007b 05       		.uleb128 0x5
 1026 007c 00       		.byte	0
ARM GAS  /var/folders/6q/x_mk5n_j3p7_c40r_2k_78980000gn/T//cc63zvL7.s 			page 19


 1027 007d 03       		.uleb128 0x3
 1028 007e 0E       		.uleb128 0xe
 1029 007f 3A       		.uleb128 0x3a
 1030 0080 0B       		.uleb128 0xb
 1031 0081 3B       		.uleb128 0x3b
 1032 0082 0B       		.uleb128 0xb
 1033 0083 49       		.uleb128 0x49
 1034 0084 13       		.uleb128 0x13
 1035 0085 02       		.uleb128 0x2
 1036 0086 17       		.uleb128 0x17
 1037 0087 00       		.byte	0
 1038 0088 00       		.byte	0
 1039 0089 0B       		.uleb128 0xb
 1040 008a 0B       		.uleb128 0xb
 1041 008b 01       		.byte	0x1
 1042 008c 55       		.uleb128 0x55
 1043 008d 17       		.uleb128 0x17
 1044 008e 01       		.uleb128 0x1
 1045 008f 13       		.uleb128 0x13
 1046 0090 00       		.byte	0
 1047 0091 00       		.byte	0
 1048 0092 0C       		.uleb128 0xc
 1049 0093 34       		.uleb128 0x34
 1050 0094 00       		.byte	0
 1051 0095 03       		.uleb128 0x3
 1052 0096 0E       		.uleb128 0xe
 1053 0097 3A       		.uleb128 0x3a
 1054 0098 0B       		.uleb128 0xb
 1055 0099 3B       		.uleb128 0x3b
 1056 009a 0B       		.uleb128 0xb
 1057 009b 49       		.uleb128 0x49
 1058 009c 13       		.uleb128 0x13
 1059 009d 02       		.uleb128 0x2
 1060 009e 17       		.uleb128 0x17
 1061 009f 00       		.byte	0
 1062 00a0 00       		.byte	0
 1063 00a1 0D       		.uleb128 0xd
 1064 00a2 898201   		.uleb128 0x4109
 1065 00a5 00       		.byte	0
 1066 00a6 11       		.uleb128 0x11
 1067 00a7 01       		.uleb128 0x1
 1068 00a8 9542     		.uleb128 0x2115
 1069 00aa 19       		.uleb128 0x19
 1070 00ab 31       		.uleb128 0x31
 1071 00ac 13       		.uleb128 0x13
 1072 00ad 00       		.byte	0
 1073 00ae 00       		.byte	0
 1074 00af 0E       		.uleb128 0xe
 1075 00b0 34       		.uleb128 0x34
 1076 00b1 00       		.byte	0
 1077 00b2 03       		.uleb128 0x3
 1078 00b3 08       		.uleb128 0x8
 1079 00b4 3A       		.uleb128 0x3a
 1080 00b5 0B       		.uleb128 0xb
 1081 00b6 3B       		.uleb128 0x3b
 1082 00b7 0B       		.uleb128 0xb
 1083 00b8 49       		.uleb128 0x49
ARM GAS  /var/folders/6q/x_mk5n_j3p7_c40r_2k_78980000gn/T//cc63zvL7.s 			page 20


 1084 00b9 13       		.uleb128 0x13
 1085 00ba 02       		.uleb128 0x2
 1086 00bb 17       		.uleb128 0x17
 1087 00bc 00       		.byte	0
 1088 00bd 00       		.byte	0
 1089 00be 0F       		.uleb128 0xf
 1090 00bf 898201   		.uleb128 0x4109
 1091 00c2 01       		.byte	0x1
 1092 00c3 11       		.uleb128 0x11
 1093 00c4 01       		.uleb128 0x1
 1094 00c5 31       		.uleb128 0x31
 1095 00c6 13       		.uleb128 0x13
 1096 00c7 01       		.uleb128 0x1
 1097 00c8 13       		.uleb128 0x13
 1098 00c9 00       		.byte	0
 1099 00ca 00       		.byte	0
 1100 00cb 10       		.uleb128 0x10
 1101 00cc 8A8201   		.uleb128 0x410a
 1102 00cf 00       		.byte	0
 1103 00d0 02       		.uleb128 0x2
 1104 00d1 18       		.uleb128 0x18
 1105 00d2 9142     		.uleb128 0x2111
 1106 00d4 18       		.uleb128 0x18
 1107 00d5 00       		.byte	0
 1108 00d6 00       		.byte	0
 1109 00d7 11       		.uleb128 0x11
 1110 00d8 898201   		.uleb128 0x4109
 1111 00db 00       		.byte	0
 1112 00dc 11       		.uleb128 0x11
 1113 00dd 01       		.uleb128 0x1
 1114 00de 31       		.uleb128 0x31
 1115 00df 13       		.uleb128 0x13
 1116 00e0 00       		.byte	0
 1117 00e1 00       		.byte	0
 1118 00e2 12       		.uleb128 0x12
 1119 00e3 2E       		.uleb128 0x2e
 1120 00e4 01       		.byte	0x1
 1121 00e5 3F       		.uleb128 0x3f
 1122 00e6 19       		.uleb128 0x19
 1123 00e7 03       		.uleb128 0x3
 1124 00e8 0E       		.uleb128 0xe
 1125 00e9 3A       		.uleb128 0x3a
 1126 00ea 0B       		.uleb128 0xb
 1127 00eb 3B       		.uleb128 0x3b
 1128 00ec 0B       		.uleb128 0xb
 1129 00ed 27       		.uleb128 0x27
 1130 00ee 19       		.uleb128 0x19
 1131 00ef 11       		.uleb128 0x11
 1132 00f0 01       		.uleb128 0x1
 1133 00f1 12       		.uleb128 0x12
 1134 00f2 06       		.uleb128 0x6
 1135 00f3 40       		.uleb128 0x40
 1136 00f4 18       		.uleb128 0x18
 1137 00f5 9742     		.uleb128 0x2117
 1138 00f7 19       		.uleb128 0x19
 1139 00f8 01       		.uleb128 0x1
 1140 00f9 13       		.uleb128 0x13
ARM GAS  /var/folders/6q/x_mk5n_j3p7_c40r_2k_78980000gn/T//cc63zvL7.s 			page 21


 1141 00fa 00       		.byte	0
 1142 00fb 00       		.byte	0
 1143 00fc 13       		.uleb128 0x13
 1144 00fd 898201   		.uleb128 0x4109
 1145 0100 01       		.byte	0x1
 1146 0101 11       		.uleb128 0x11
 1147 0102 01       		.uleb128 0x1
 1148 0103 9542     		.uleb128 0x2115
 1149 0105 19       		.uleb128 0x19
 1150 0106 31       		.uleb128 0x31
 1151 0107 13       		.uleb128 0x13
 1152 0108 01       		.uleb128 0x1
 1153 0109 13       		.uleb128 0x13
 1154 010a 00       		.byte	0
 1155 010b 00       		.byte	0
 1156 010c 14       		.uleb128 0x14
 1157 010d 0B       		.uleb128 0xb
 1158 010e 01       		.byte	0x1
 1159 010f 11       		.uleb128 0x11
 1160 0110 01       		.uleb128 0x1
 1161 0111 12       		.uleb128 0x12
 1162 0112 06       		.uleb128 0x6
 1163 0113 00       		.byte	0
 1164 0114 00       		.byte	0
 1165 0115 15       		.uleb128 0x15
 1166 0116 34       		.uleb128 0x34
 1167 0117 00       		.byte	0
 1168 0118 03       		.uleb128 0x3
 1169 0119 0E       		.uleb128 0xe
 1170 011a 3A       		.uleb128 0x3a
 1171 011b 0B       		.uleb128 0xb
 1172 011c 3B       		.uleb128 0x3b
 1173 011d 05       		.uleb128 0x5
 1174 011e 49       		.uleb128 0x49
 1175 011f 13       		.uleb128 0x13
 1176 0120 3F       		.uleb128 0x3f
 1177 0121 19       		.uleb128 0x19
 1178 0122 3C       		.uleb128 0x3c
 1179 0123 19       		.uleb128 0x19
 1180 0124 00       		.byte	0
 1181 0125 00       		.byte	0
 1182 0126 16       		.uleb128 0x16
 1183 0127 2E       		.uleb128 0x2e
 1184 0128 00       		.byte	0
 1185 0129 3F       		.uleb128 0x3f
 1186 012a 19       		.uleb128 0x19
 1187 012b 3C       		.uleb128 0x3c
 1188 012c 19       		.uleb128 0x19
 1189 012d 6E       		.uleb128 0x6e
 1190 012e 0E       		.uleb128 0xe
 1191 012f 03       		.uleb128 0x3
 1192 0130 0E       		.uleb128 0xe
 1193 0131 3A       		.uleb128 0x3a
 1194 0132 0B       		.uleb128 0xb
 1195 0133 3B       		.uleb128 0x3b
 1196 0134 0B       		.uleb128 0xb
 1197 0135 00       		.byte	0
ARM GAS  /var/folders/6q/x_mk5n_j3p7_c40r_2k_78980000gn/T//cc63zvL7.s 			page 22


 1198 0136 00       		.byte	0
 1199 0137 00       		.byte	0
 1200              		.section	.debug_loc,"",%progbits
 1201              	.Ldebug_loc0:
 1202              	.LLST0:
 1203 0000 00000000 		.4byte	.LVL0
 1204 0004 08000000 		.4byte	.LVL1
 1205 0008 0100     		.2byte	0x1
 1206 000a 50       		.byte	0x50
 1207 000b 08000000 		.4byte	.LVL1
 1208 000f 0C000000 		.4byte	.LFE63
 1209 0013 0400     		.2byte	0x4
 1210 0015 F3       		.byte	0xf3
 1211 0016 01       		.uleb128 0x1
 1212 0017 50       		.byte	0x50
 1213 0018 9F       		.byte	0x9f
 1214 0019 00000000 		.4byte	0
 1215 001d 00000000 		.4byte	0
 1216              	.LLST1:
 1217 0021 00000000 		.4byte	.LVL2
 1218 0025 0E000000 		.4byte	.LVL3
 1219 0029 0100     		.2byte	0x1
 1220 002b 50       		.byte	0x50
 1221 002c 0E000000 		.4byte	.LVL3
 1222 0030 12000000 		.4byte	.LVL4
 1223 0034 0400     		.2byte	0x4
 1224 0036 F3       		.byte	0xf3
 1225 0037 01       		.uleb128 0x1
 1226 0038 50       		.byte	0x50
 1227 0039 9F       		.byte	0x9f
 1228 003a 12000000 		.4byte	.LVL4
 1229 003e 14000000 		.4byte	.LVL5
 1230 0042 0100     		.2byte	0x1
 1231 0044 50       		.byte	0x50
 1232 0045 14000000 		.4byte	.LVL5
 1233 0049 1C000000 		.4byte	.LVL6
 1234 004d 0400     		.2byte	0x4
 1235 004f F3       		.byte	0xf3
 1236 0050 01       		.uleb128 0x1
 1237 0051 50       		.byte	0x50
 1238 0052 9F       		.byte	0x9f
 1239 0053 1C000000 		.4byte	.LVL6
 1240 0057 1E000000 		.4byte	.LVL7
 1241 005b 0100     		.2byte	0x1
 1242 005d 50       		.byte	0x50
 1243 005e 1E000000 		.4byte	.LVL7
 1244 0062 54000000 		.4byte	.LVL11
 1245 0066 0400     		.2byte	0x4
 1246 0068 F3       		.byte	0xf3
 1247 0069 01       		.uleb128 0x1
 1248 006a 50       		.byte	0x50
 1249 006b 9F       		.byte	0x9f
 1250 006c 54000000 		.4byte	.LVL11
 1251 0070 57000000 		.4byte	.LVL12-1
 1252 0074 0100     		.2byte	0x1
 1253 0076 50       		.byte	0x50
 1254 0077 57000000 		.4byte	.LVL12-1
ARM GAS  /var/folders/6q/x_mk5n_j3p7_c40r_2k_78980000gn/T//cc63zvL7.s 			page 23


 1255 007b 8E000000 		.4byte	.LFE64
 1256 007f 0400     		.2byte	0x4
 1257 0081 F3       		.byte	0xf3
 1258 0082 01       		.uleb128 0x1
 1259 0083 50       		.byte	0x50
 1260 0084 9F       		.byte	0x9f
 1261 0085 00000000 		.4byte	0
 1262 0089 00000000 		.4byte	0
 1263              	.LLST2:
 1264 008d 12000000 		.4byte	.LVL4
 1265 0091 14000000 		.4byte	.LVL5
 1266 0095 0900     		.2byte	0x9
 1267 0097 70       		.byte	0x70
 1268 0098 00       		.sleb128 0
 1269 0099 48       		.byte	0x48
 1270 009a 24       		.byte	0x24
 1271 009b 48       		.byte	0x48
 1272 009c 26       		.byte	0x26
 1273 009d 44       		.byte	0x44
 1274 009e 1C       		.byte	0x1c
 1275 009f 9F       		.byte	0x9f
 1276 00a0 14000000 		.4byte	.LVL5
 1277 00a4 1C000000 		.4byte	.LVL6
 1278 00a8 0A00     		.2byte	0xa
 1279 00aa F3       		.byte	0xf3
 1280 00ab 01       		.uleb128 0x1
 1281 00ac 50       		.byte	0x50
 1282 00ad 48       		.byte	0x48
 1283 00ae 24       		.byte	0x24
 1284 00af 48       		.byte	0x48
 1285 00b0 26       		.byte	0x26
 1286 00b1 44       		.byte	0x44
 1287 00b2 1C       		.byte	0x1c
 1288 00b3 9F       		.byte	0x9f
 1289 00b4 00000000 		.4byte	0
 1290 00b8 00000000 		.4byte	0
 1291              	.LLST3:
 1292 00bc 68000000 		.4byte	.LVL16
 1293 00c0 71000000 		.4byte	.LVL18-1
 1294 00c4 0100     		.2byte	0x1
 1295 00c6 50       		.byte	0x50
 1296 00c7 78000000 		.4byte	.LVL19
 1297 00cb 7A000000 		.4byte	.LVL20
 1298 00cf 0100     		.2byte	0x1
 1299 00d1 50       		.byte	0x50
 1300 00d2 86000000 		.4byte	.LVL23
 1301 00d6 88000000 		.4byte	.LVL24
 1302 00da 0100     		.2byte	0x1
 1303 00dc 50       		.byte	0x50
 1304 00dd 00000000 		.4byte	0
 1305 00e1 00000000 		.4byte	0
 1306              	.LLST4:
 1307 00e5 20000000 		.4byte	.LVL8
 1308 00e9 54000000 		.4byte	.LVL11
 1309 00ed 0100     		.2byte	0x1
 1310 00ef 54       		.byte	0x54
 1311 00f0 5A000000 		.4byte	.LVL13
ARM GAS  /var/folders/6q/x_mk5n_j3p7_c40r_2k_78980000gn/T//cc63zvL7.s 			page 24


 1312 00f4 6C000000 		.4byte	.LVL17
 1313 00f8 0100     		.2byte	0x1
 1314 00fa 54       		.byte	0x54
 1315 00fb 72000000 		.4byte	.LVL18
 1316 00ff 8E000000 		.4byte	.LFE64
 1317 0103 0100     		.2byte	0x1
 1318 0105 54       		.byte	0x54
 1319 0106 00000000 		.4byte	0
 1320 010a 00000000 		.4byte	0
 1321              	.LLST5:
 1322 010e 26000000 		.4byte	.LVL9
 1323 0112 28000000 		.4byte	.LVL10
 1324 0116 0100     		.2byte	0x1
 1325 0118 50       		.byte	0x50
 1326 0119 00000000 		.4byte	0
 1327 011d 00000000 		.4byte	0
 1328              	.LLST6:
 1329 0121 00000000 		.4byte	.LVL26
 1330 0125 18000000 		.4byte	.LVL28
 1331 0129 0100     		.2byte	0x1
 1332 012b 50       		.byte	0x50
 1333 012c 18000000 		.4byte	.LVL28
 1334 0130 28000000 		.4byte	.LVL30
 1335 0134 0400     		.2byte	0x4
 1336 0136 F3       		.byte	0xf3
 1337 0137 01       		.uleb128 0x1
 1338 0138 50       		.byte	0x50
 1339 0139 9F       		.byte	0x9f
 1340 013a 28000000 		.4byte	.LVL30
 1341 013e 2A000000 		.4byte	.LVL31
 1342 0142 0100     		.2byte	0x1
 1343 0144 50       		.byte	0x50
 1344 0145 2A000000 		.4byte	.LVL31
 1345 0149 4C000000 		.4byte	.LFE65
 1346 014d 0400     		.2byte	0x4
 1347 014f F3       		.byte	0xf3
 1348 0150 01       		.uleb128 0x1
 1349 0151 50       		.byte	0x50
 1350 0152 9F       		.byte	0x9f
 1351 0153 00000000 		.4byte	0
 1352 0157 00000000 		.4byte	0
 1353              	.LLST7:
 1354 015b 00000000 		.4byte	.LVL26
 1355 015f 1D000000 		.4byte	.LVL29-1
 1356 0163 0100     		.2byte	0x1
 1357 0165 51       		.byte	0x51
 1358 0166 1D000000 		.4byte	.LVL29-1
 1359 016a 28000000 		.4byte	.LVL30
 1360 016e 0100     		.2byte	0x1
 1361 0170 55       		.byte	0x55
 1362 0171 28000000 		.4byte	.LVL30
 1363 0175 2D000000 		.4byte	.LVL32-1
 1364 0179 0100     		.2byte	0x1
 1365 017b 51       		.byte	0x51
 1366 017c 2D000000 		.4byte	.LVL32-1
 1367 0180 2E000000 		.4byte	.LVL32
 1368 0184 0400     		.2byte	0x4
ARM GAS  /var/folders/6q/x_mk5n_j3p7_c40r_2k_78980000gn/T//cc63zvL7.s 			page 25


 1369 0186 F3       		.byte	0xf3
 1370 0187 01       		.uleb128 0x1
 1371 0188 51       		.byte	0x51
 1372 0189 9F       		.byte	0x9f
 1373 018a 2E000000 		.4byte	.LVL32
 1374 018e 3A000000 		.4byte	.LVL35
 1375 0192 0100     		.2byte	0x1
 1376 0194 55       		.byte	0x55
 1377 0195 3A000000 		.4byte	.LVL35
 1378 0199 3F000000 		.4byte	.LVL36-1
 1379 019d 0100     		.2byte	0x1
 1380 019f 51       		.byte	0x51
 1381 01a0 3F000000 		.4byte	.LVL36-1
 1382 01a4 40000000 		.4byte	.LVL36
 1383 01a8 0400     		.2byte	0x4
 1384 01aa F3       		.byte	0xf3
 1385 01ab 01       		.uleb128 0x1
 1386 01ac 51       		.byte	0x51
 1387 01ad 9F       		.byte	0x9f
 1388 01ae 40000000 		.4byte	.LVL36
 1389 01b2 48000000 		.4byte	.LVL38
 1390 01b6 0100     		.2byte	0x1
 1391 01b8 55       		.byte	0x55
 1392 01b9 48000000 		.4byte	.LVL38
 1393 01bd 4C000000 		.4byte	.LFE65
 1394 01c1 0400     		.2byte	0x4
 1395 01c3 F3       		.byte	0xf3
 1396 01c4 01       		.uleb128 0x1
 1397 01c5 51       		.byte	0x51
 1398 01c6 9F       		.byte	0x9f
 1399 01c7 00000000 		.4byte	0
 1400 01cb 00000000 		.4byte	0
 1401              	.LLST8:
 1402 01cf 34000000 		.4byte	.LVL34
 1403 01d3 3F000000 		.4byte	.LVL36-1
 1404 01d7 0100     		.2byte	0x1
 1405 01d9 50       		.byte	0x50
 1406 01da 00000000 		.4byte	0
 1407 01de 00000000 		.4byte	0
 1408              	.LLST9:
 1409 01e2 16000000 		.4byte	.LVL27
 1410 01e6 28000000 		.4byte	.LVL30
 1411 01ea 0100     		.2byte	0x1
 1412 01ec 54       		.byte	0x54
 1413 01ed 2E000000 		.4byte	.LVL32
 1414 01f1 3A000000 		.4byte	.LVL35
 1415 01f5 0100     		.2byte	0x1
 1416 01f7 54       		.byte	0x54
 1417 01f8 40000000 		.4byte	.LVL36
 1418 01fc 48000000 		.4byte	.LVL38
 1419 0200 0100     		.2byte	0x1
 1420 0202 54       		.byte	0x54
 1421 0203 48000000 		.4byte	.LVL38
 1422 0207 4B000000 		.4byte	.LVL39-1
 1423 020b 0100     		.2byte	0x1
 1424 020d 50       		.byte	0x50
 1425 020e 00000000 		.4byte	0
ARM GAS  /var/folders/6q/x_mk5n_j3p7_c40r_2k_78980000gn/T//cc63zvL7.s 			page 26


 1426 0212 00000000 		.4byte	0
 1427              	.LLST10:
 1428 0216 1E000000 		.4byte	.LVL29
 1429 021a 28000000 		.4byte	.LVL30
 1430 021e 0100     		.2byte	0x1
 1431 0220 50       		.byte	0x50
 1432 0221 2E000000 		.4byte	.LVL32
 1433 0225 30000000 		.4byte	.LVL33
 1434 0229 0100     		.2byte	0x1
 1435 022b 50       		.byte	0x50
 1436 022c 40000000 		.4byte	.LVL36
 1437 0230 44000000 		.4byte	.LVL37
 1438 0234 0100     		.2byte	0x1
 1439 0236 50       		.byte	0x50
 1440 0237 00000000 		.4byte	0
 1441 023b 00000000 		.4byte	0
 1442              	.LLST11:
 1443 023f 28000000 		.4byte	.LVL30
 1444 0243 2A000000 		.4byte	.LVL31
 1445 0247 0900     		.2byte	0x9
 1446 0249 70       		.byte	0x70
 1447 024a 00       		.sleb128 0
 1448 024b 48       		.byte	0x48
 1449 024c 24       		.byte	0x24
 1450 024d 48       		.byte	0x48
 1451 024e 26       		.byte	0x26
 1452 024f 44       		.byte	0x44
 1453 0250 1C       		.byte	0x1c
 1454 0251 9F       		.byte	0x9f
 1455 0252 2A000000 		.4byte	.LVL31
 1456 0256 2E000000 		.4byte	.LVL32
 1457 025a 0A00     		.2byte	0xa
 1458 025c F3       		.byte	0xf3
 1459 025d 01       		.uleb128 0x1
 1460 025e 50       		.byte	0x50
 1461 025f 48       		.byte	0x48
 1462 0260 24       		.byte	0x24
 1463 0261 48       		.byte	0x48
 1464 0262 26       		.byte	0x26
 1465 0263 44       		.byte	0x44
 1466 0264 1C       		.byte	0x1c
 1467 0265 9F       		.byte	0x9f
 1468 0266 00000000 		.4byte	0
 1469 026a 00000000 		.4byte	0
 1470              		.section	.debug_aranges,"",%progbits
 1471 0000 2C000000 		.4byte	0x2c
 1472 0004 0200     		.2byte	0x2
 1473 0006 00000000 		.4byte	.Ldebug_info0
 1474 000a 04       		.byte	0x4
 1475 000b 00       		.byte	0
 1476 000c 0000     		.2byte	0
 1477 000e 0000     		.2byte	0
 1478 0010 00000000 		.4byte	.LFB63
 1479 0014 0C000000 		.4byte	.LFE63-.LFB63
 1480 0018 00000000 		.4byte	.LFB64
 1481 001c 8E000000 		.4byte	.LFE64-.LFB64
 1482 0020 00000000 		.4byte	.LFB65
ARM GAS  /var/folders/6q/x_mk5n_j3p7_c40r_2k_78980000gn/T//cc63zvL7.s 			page 27


 1483 0024 4C000000 		.4byte	.LFE65-.LFB65
 1484 0028 00000000 		.4byte	0
 1485 002c 00000000 		.4byte	0
 1486              		.section	.debug_ranges,"",%progbits
 1487              	.Ldebug_ranges0:
 1488 0000 12000000 		.4byte	.LBB2
 1489 0004 14000000 		.4byte	.LBE2
 1490 0008 18000000 		.4byte	.LBB3
 1491 000c 1C000000 		.4byte	.LBE3
 1492 0010 00000000 		.4byte	0
 1493 0014 00000000 		.4byte	0
 1494 0018 1C000000 		.4byte	.LBB4
 1495 001c 54000000 		.4byte	.LBE4
 1496 0020 5A000000 		.4byte	.LBB5
 1497 0024 68000000 		.4byte	.LBE5
 1498 0028 6C000000 		.4byte	.LBB6
 1499 002c 8E000000 		.4byte	.LBE6
 1500 0030 00000000 		.4byte	0
 1501 0034 00000000 		.4byte	0
 1502 0038 10000000 		.4byte	.LBB7
 1503 003c 28000000 		.4byte	.LBE7
 1504 0040 2E000000 		.4byte	.LBB9
 1505 0044 36000000 		.4byte	.LBE9
 1506 0048 3A000000 		.4byte	.LBB10
 1507 004c 44000000 		.4byte	.LBE10
 1508 0050 48000000 		.4byte	.LBB11
 1509 0054 4C000000 		.4byte	.LBE11
 1510 0058 00000000 		.4byte	0
 1511 005c 00000000 		.4byte	0
 1512 0060 00000000 		.4byte	.LFB63
 1513 0064 0C000000 		.4byte	.LFE63
 1514 0068 00000000 		.4byte	.LFB64
 1515 006c 8E000000 		.4byte	.LFE64
 1516 0070 00000000 		.4byte	.LFB65
 1517 0074 4C000000 		.4byte	.LFE65
 1518 0078 00000000 		.4byte	0
 1519 007c 00000000 		.4byte	0
 1520              		.section	.debug_line,"",%progbits
 1521              	.Ldebug_line0:
 1522 0000 52020000 		.section	.debug_str,"MS",%progbits,1
 1522      0200DA01 
 1522      00000201 
 1522      FB0E0D00 
 1522      01010101 
 1523              	.LASF39:
 1524 0000 6B566578 		.ascii	"kVexSensorIME\000"
 1524      53656E73 
 1524      6F72494D 
 1524      4500
 1525              	.LASF18:
 1526 000e 6B566578 		.ascii	"kVexDigital_None\000"
 1526      44696769 
 1526      74616C5F 
 1526      4E6F6E65 
 1526      00
 1527              	.LASF81:
 1528 001f 76657844 		.ascii	"vexDigitalPinGet\000"
ARM GAS  /var/folders/6q/x_mk5n_j3p7_c40r_2k_78980000gn/T//cc63zvL7.s 			page 28


 1528      69676974 
 1528      616C5069 
 1528      6E476574 
 1528      00
 1529              	.LASF82:
 1530 0030 76657844 		.ascii	"vexDigitalChannelGet\000"
 1530      69676974 
 1530      616C4368 
 1530      616E6E65 
 1530      6C476574 
 1531              	.LASF61:
 1532 0045 6B566578 		.ascii	"kVexSensorDigital_10\000"
 1532      53656E73 
 1532      6F724469 
 1532      67697461 
 1532      6C5F3130 
 1533              	.LASF62:
 1534 005a 6B566578 		.ascii	"kVexSensorDigital_11\000"
 1534      53656E73 
 1534      6F724469 
 1534      67697461 
 1534      6C5F3131 
 1535              	.LASF5:
 1536 006f 73686F72 		.ascii	"short int\000"
 1536      7420696E 
 1536      7400
 1537              	.LASF16:
 1538 0079 73697A65 		.ascii	"sizetype\000"
 1538      74797065 
 1538      00
 1539              	.LASF86:
 1540 0082 76657841 		.ascii	"vexAdcGet\000"
 1540      64634765 
 1540      7400
 1541              	.LASF93:
 1542 008c 76657853 		.ascii	"vexSensorValueSet\000"
 1542      656E736F 
 1542      7256616C 
 1542      75655365 
 1542      7400
 1543              	.LASF84:
 1544 009e 76657853 		.ascii	"vexSonarGetInch\000"
 1544      6F6E6172 
 1544      47657449 
 1544      6E636800 
 1545              	.LASF78:
 1546 00ae 76616C75 		.ascii	"value\000"
 1546      6500
 1547              	.LASF66:
 1548 00b4 6B566578 		.ascii	"kVexSensorIme_3\000"
 1548      53656E73 
 1548      6F72496D 
 1548      655F3300 
 1549              	.LASF90:
 1550 00c4 474E5520 		.ascii	"GNU C11 5.4.1 20160919 (release) [ARM/embedded-5-br"
 1550      43313120 
 1550      352E342E 
ARM GAS  /var/folders/6q/x_mk5n_j3p7_c40r_2k_78980000gn/T//cc63zvL7.s 			page 29


 1550      31203230 
 1550      31363039 
 1551 00f7 616E6368 		.ascii	"anch revision 240496] -mcpu=cortex-m3 -mno-thumb-in"
 1551      20726576 
 1551      6973696F 
 1551      6E203234 
 1551      30343936 
 1552 012a 74657277 		.ascii	"terwork -mthumb -ggdb -O2 -fomit-frame-pointer -fal"
 1552      6F726B20 
 1552      2D6D7468 
 1552      756D6220 
 1552      2D676764 
 1553 015d 69676E2D 		.ascii	"ign-functions=16 -ffunction-sections -fdata-section"
 1553      66756E63 
 1553      74696F6E 
 1553      733D3136 
 1553      202D6666 
 1554 0190 73202D66 		.ascii	"s -fno-common\000"
 1554      6E6F2D63 
 1554      6F6D6D6F 
 1554      6E00
 1555              	.LASF40:
 1556 019e 6B566578 		.ascii	"kVexSensorPotentiometer\000"
 1556      53656E73 
 1556      6F72506F 
 1556      74656E74 
 1556      696F6D65 
 1557              	.LASF75:
 1558 01b6 73656E73 		.ascii	"sensor\000"
 1558      6F7200
 1559              	.LASF64:
 1560 01bd 6B566578 		.ascii	"kVexSensorIme_1\000"
 1560      53656E73 
 1560      6F72496D 
 1560      655F3100 
 1561              	.LASF65:
 1562 01cd 6B566578 		.ascii	"kVexSensorIme_2\000"
 1562      53656E73 
 1562      6F72496D 
 1562      655F3200 
 1563              	.LASF28:
 1564 01dd 6B566578 		.ascii	"kVexDigital_10\000"
 1564      44696769 
 1564      74616C5F 
 1564      313000
 1565              	.LASF29:
 1566 01ec 6B566578 		.ascii	"kVexDigital_11\000"
 1566      44696769 
 1566      74616C5F 
 1566      313100
 1567              	.LASF30:
 1568 01fb 6B566578 		.ascii	"kVexDigital_12\000"
 1568      44696769 
 1568      74616C5F 
 1568      313200
 1569              	.LASF69:
 1570 020a 6B566578 		.ascii	"kVexSensorIme_6\000"
ARM GAS  /var/folders/6q/x_mk5n_j3p7_c40r_2k_78980000gn/T//cc63zvL7.s 			page 30


 1570      53656E73 
 1570      6F72496D 
 1570      655F3600 
 1571              	.LASF70:
 1572 021a 6B566578 		.ascii	"kVexSensorIme_7\000"
 1572      53656E73 
 1572      6F72496D 
 1572      655F3700 
 1573              	.LASF71:
 1574 022a 6B566578 		.ascii	"kVexSensorIme_8\000"
 1574      53656E73 
 1574      6F72496D 
 1574      655F3800 
 1575              	.LASF37:
 1576 023a 6B566578 		.ascii	"kVexSensorSonarCm\000"
 1576      53656E73 
 1576      6F72536F 
 1576      6E617243 
 1576      6D00
 1577              	.LASF76:
 1578 024c 6368616E 		.ascii	"chan\000"
 1578      00
 1579              	.LASF91:
 1580 0251 2E2E2F63 		.ascii	"../convex-vexilla/cortex/fw/vexsensor.c\000"
 1580      6F6E7665 
 1580      782D7665 
 1580      78696C6C 
 1580      612F636F 
 1581              	.LASF1:
 1582 0279 6C6F6E67 		.ascii	"long long int\000"
 1582      206C6F6E 
 1582      6720696E 
 1582      7400
 1583              	.LASF33:
 1584 0287 6B566578 		.ascii	"kVexSensorNone\000"
 1584      53656E73 
 1584      6F724E6F 
 1584      6E6500
 1585              	.LASF9:
 1586 0296 6C6F6E67 		.ascii	"long int\000"
 1586      20696E74 
 1586      00
 1587              	.LASF92:
 1588 029f 2F557365 		.ascii	"/Users/Luca/src/vexilla/src/teamA\000"
 1588      72732F4C 
 1588      7563612F 
 1588      7372632F 
 1588      76657869 
 1589              	.LASF89:
 1590 02c1 76657849 		.ascii	"vexImeSetCount\000"
 1590      6D655365 
 1590      74436F75 
 1590      6E7400
 1591              	.LASF41:
 1592 02d0 6B566578 		.ascii	"kVexSensorInterrupt\000"
 1592      53656E73 
 1592      6F72496E 
ARM GAS  /var/folders/6q/x_mk5n_j3p7_c40r_2k_78980000gn/T//cc63zvL7.s 			page 31


 1592      74657272 
 1592      75707400 
 1593              	.LASF2:
 1594 02e4 6C6F6E67 		.ascii	"long double\000"
 1594      20646F75 
 1594      626C6500 
 1595              	.LASF42:
 1596 02f0 74566578 		.ascii	"tVexSensorType\000"
 1596      53656E73 
 1596      6F725479 
 1596      706500
 1597              	.LASF4:
 1598 02ff 756E7369 		.ascii	"unsigned char\000"
 1598      676E6564 
 1598      20636861 
 1598      7200
 1599              	.LASF87:
 1600 030d 76657845 		.ascii	"vexEncoderSet\000"
 1600      6E636F64 
 1600      65725365 
 1600      7400
 1601              	.LASF3:
 1602 031b 7369676E 		.ascii	"signed char\000"
 1602      65642063 
 1602      68617200 
 1603              	.LASF11:
 1604 0327 6C6F6E67 		.ascii	"long long unsigned int\000"
 1604      206C6F6E 
 1604      6720756E 
 1604      7369676E 
 1604      65642069 
 1605              	.LASF77:
 1606 033e 74797065 		.ascii	"type\000"
 1606      00
 1607              	.LASF74:
 1608 0343 76657853 		.ascii	"vexSensorValueGet\000"
 1608      656E736F 
 1608      7256616C 
 1608      75654765 
 1608      7400
 1609              	.LASF21:
 1610 0355 6B566578 		.ascii	"kVexDigital_3\000"
 1610      44696769 
 1610      74616C5F 
 1610      3300
 1611              	.LASF80:
 1612 0363 76657844 		.ascii	"vexDigitalTypeGet\000"
 1612      69676974 
 1612      616C5479 
 1612      70654765 
 1612      7400
 1613              	.LASF6:
 1614 0375 73686F72 		.ascii	"short unsigned int\000"
 1614      7420756E 
 1614      7369676E 
 1614      65642069 
 1614      6E7400
ARM GAS  /var/folders/6q/x_mk5n_j3p7_c40r_2k_78980000gn/T//cc63zvL7.s 			page 32


 1615              	.LASF72:
 1616 0388 74566578 		.ascii	"tVexSensors\000"
 1616      53656E73 
 1616      6F727300 
 1617              	.LASF17:
 1618 0394 63686172 		.ascii	"char\000"
 1618      00
 1619              	.LASF35:
 1620 0399 6B566578 		.ascii	"kVexSensorDigitalOutput\000"
 1620      53656E73 
 1620      6F724469 
 1620      67697461 
 1620      6C4F7574 
 1621              	.LASF19:
 1622 03b1 6B566578 		.ascii	"kVexDigital_1\000"
 1622      44696769 
 1622      74616C5F 
 1622      3100
 1623              	.LASF20:
 1624 03bf 6B566578 		.ascii	"kVexDigital_2\000"
 1624      44696769 
 1624      74616C5F 
 1624      3200
 1625              	.LASF13:
 1626 03cd 696E7433 		.ascii	"int32_t\000"
 1626      325F7400 
 1627              	.LASF22:
 1628 03d5 6B566578 		.ascii	"kVexDigital_4\000"
 1628      44696769 
 1628      74616C5F 
 1628      3400
 1629              	.LASF23:
 1630 03e3 6B566578 		.ascii	"kVexDigital_5\000"
 1630      44696769 
 1630      74616C5F 
 1630      3500
 1631              	.LASF24:
 1632 03f1 6B566578 		.ascii	"kVexDigital_6\000"
 1632      44696769 
 1632      74616C5F 
 1632      3600
 1633              	.LASF25:
 1634 03ff 6B566578 		.ascii	"kVexDigital_7\000"
 1634      44696769 
 1634      74616C5F 
 1634      3700
 1635              	.LASF26:
 1636 040d 6B566578 		.ascii	"kVexDigital_8\000"
 1636      44696769 
 1636      74616C5F 
 1636      3800
 1637              	.LASF27:
 1638 041b 6B566578 		.ascii	"kVexDigital_9\000"
 1638      44696769 
 1638      74616C5F 
 1638      3900
 1639              	.LASF15:
ARM GAS  /var/folders/6q/x_mk5n_j3p7_c40r_2k_78980000gn/T//cc63zvL7.s 			page 33


 1640 0429 5F426F6F 		.ascii	"_Bool\000"
 1640      6C00
 1641              	.LASF67:
 1642 042f 6B566578 		.ascii	"kVexSensorIme_4\000"
 1642      53656E73 
 1642      6F72496D 
 1642      655F3400 
 1643              	.LASF34:
 1644 043f 6B566578 		.ascii	"kVexSensorDigitalInput\000"
 1644      53656E73 
 1644      6F724469 
 1644      67697461 
 1644      6C496E70 
 1645              	.LASF44:
 1646 0456 6B566578 		.ascii	"kVexSensorAnalog_1\000"
 1646      53656E73 
 1646      6F72416E 
 1646      616C6F67 
 1646      5F3100
 1647              	.LASF45:
 1648 0469 6B566578 		.ascii	"kVexSensorAnalog_2\000"
 1648      53656E73 
 1648      6F72416E 
 1648      616C6F67 
 1648      5F3200
 1649              	.LASF46:
 1650 047c 6B566578 		.ascii	"kVexSensorAnalog_3\000"
 1650      53656E73 
 1650      6F72416E 
 1650      616C6F67 
 1650      5F3300
 1651              	.LASF47:
 1652 048f 6B566578 		.ascii	"kVexSensorAnalog_4\000"
 1652      53656E73 
 1652      6F72416E 
 1652      616C6F67 
 1652      5F3400
 1653              	.LASF48:
 1654 04a2 6B566578 		.ascii	"kVexSensorAnalog_5\000"
 1654      53656E73 
 1654      6F72416E 
 1654      616C6F67 
 1654      5F3500
 1655              	.LASF49:
 1656 04b5 6B566578 		.ascii	"kVexSensorAnalog_6\000"
 1656      53656E73 
 1656      6F72416E 
 1656      616C6F67 
 1656      5F3600
 1657              	.LASF50:
 1658 04c8 6B566578 		.ascii	"kVexSensorAnalog_7\000"
 1658      53656E73 
 1658      6F72416E 
 1658      616C6F67 
 1658      5F3700
 1659              	.LASF51:
 1660 04db 6B566578 		.ascii	"kVexSensorAnalog_8\000"
ARM GAS  /var/folders/6q/x_mk5n_j3p7_c40r_2k_78980000gn/T//cc63zvL7.s 			page 34


 1660      53656E73 
 1660      6F72416E 
 1660      616C6F67 
 1660      5F3800
 1661              	.LASF10:
 1662 04ee 6C6F6E67 		.ascii	"long unsigned int\000"
 1662      20756E73 
 1662      69676E65 
 1662      6420696E 
 1662      7400
 1663              	.LASF68:
 1664 0500 6B566578 		.ascii	"kVexSensorIme_5\000"
 1664      53656E73 
 1664      6F72496D 
 1664      655F3500 
 1665              	.LASF79:
 1666 0510 76657849 		.ascii	"vexImeGetCount\000"
 1666      6D654765 
 1666      74436F75 
 1666      6E7400
 1667              	.LASF38:
 1668 051f 6B566578 		.ascii	"kVexSensorSonarInch\000"
 1668      53656E73 
 1668      6F72536F 
 1668      6E617249 
 1668      6E636800 
 1669              	.LASF88:
 1670 0533 76657844 		.ascii	"vexDigitalPinSet\000"
 1670      69676974 
 1670      616C5069 
 1670      6E536574 
 1670      00
 1671              	.LASF8:
 1672 0544 5F5F696E 		.ascii	"__int32_t\000"
 1672      7433325F 
 1672      7400
 1673              	.LASF36:
 1674 054e 6B566578 		.ascii	"kVexSensorQuadEncoder\000"
 1674      53656E73 
 1674      6F725175 
 1674      6164456E 
 1674      636F6465 
 1675              	.LASF63:
 1676 0564 6B566578 		.ascii	"kVexSensorDigital_12\000"
 1676      53656E73 
 1676      6F724469 
 1676      67697461 
 1676      6C5F3132 
 1677              	.LASF7:
 1678 0579 5F5F696E 		.ascii	"__int16_t\000"
 1678      7431365F 
 1678      7400
 1679              	.LASF31:
 1680 0583 6B566578 		.ascii	"kVexDigital_Num\000"
 1680      44696769 
 1680      74616C5F 
 1680      4E756D00 
ARM GAS  /var/folders/6q/x_mk5n_j3p7_c40r_2k_78980000gn/T//cc63zvL7.s 			page 35


 1681              	.LASF83:
 1682 0593 76657845 		.ascii	"vexEncoderGet\000"
 1682      6E636F64 
 1682      65724765 
 1682      7400
 1683              	.LASF32:
 1684 05a1 74566578 		.ascii	"tVexDigitalPin\000"
 1684      44696769 
 1684      74616C50 
 1684      696E00
 1685              	.LASF12:
 1686 05b0 696E7431 		.ascii	"int16_t\000"
 1686      365F7400 
 1687              	.LASF14:
 1688 05b8 626F6F6C 		.ascii	"bool_t\000"
 1688      5F7400
 1689              	.LASF43:
 1690 05bf 6B566578 		.ascii	"kVexSensorUndefined\000"
 1690      53656E73 
 1690      6F72556E 
 1690      64656669 
 1690      6E656400 
 1691              	.LASF94:
 1692 05d3 49544D5F 		.ascii	"ITM_RxBuffer\000"
 1692      52784275 
 1692      66666572 
 1692      00
 1693              	.LASF85:
 1694 05e0 76657853 		.ascii	"vexSonarGetCm\000"
 1694      6F6E6172 
 1694      47657443 
 1694      6D00
 1695              	.LASF0:
 1696 05ee 756E7369 		.ascii	"unsigned int\000"
 1696      676E6564 
 1696      20696E74 
 1696      00
 1697              	.LASF52:
 1698 05fb 6B566578 		.ascii	"kVexSensorDigital_1\000"
 1698      53656E73 
 1698      6F724469 
 1698      67697461 
 1698      6C5F3100 
 1699              	.LASF53:
 1700 060f 6B566578 		.ascii	"kVexSensorDigital_2\000"
 1700      53656E73 
 1700      6F724469 
 1700      67697461 
 1700      6C5F3200 
 1701              	.LASF54:
 1702 0623 6B566578 		.ascii	"kVexSensorDigital_3\000"
 1702      53656E73 
 1702      6F724469 
 1702      67697461 
 1702      6C5F3300 
 1703              	.LASF55:
 1704 0637 6B566578 		.ascii	"kVexSensorDigital_4\000"
ARM GAS  /var/folders/6q/x_mk5n_j3p7_c40r_2k_78980000gn/T//cc63zvL7.s 			page 36


 1704      53656E73 
 1704      6F724469 
 1704      67697461 
 1704      6C5F3400 
 1705              	.LASF56:
 1706 064b 6B566578 		.ascii	"kVexSensorDigital_5\000"
 1706      53656E73 
 1706      6F724469 
 1706      67697461 
 1706      6C5F3500 
 1707              	.LASF57:
 1708 065f 6B566578 		.ascii	"kVexSensorDigital_6\000"
 1708      53656E73 
 1708      6F724469 
 1708      67697461 
 1708      6C5F3600 
 1709              	.LASF58:
 1710 0673 6B566578 		.ascii	"kVexSensorDigital_7\000"
 1710      53656E73 
 1710      6F724469 
 1710      67697461 
 1710      6C5F3700 
 1711              	.LASF59:
 1712 0687 6B566578 		.ascii	"kVexSensorDigital_8\000"
 1712      53656E73 
 1712      6F724469 
 1712      67697461 
 1712      6C5F3800 
 1713              	.LASF60:
 1714 069b 6B566578 		.ascii	"kVexSensorDigital_9\000"
 1714      53656E73 
 1714      6F724469 
 1714      67697461 
 1714      6C5F3900 
 1715              	.LASF73:
 1716 06af 76657853 		.ascii	"vexSensorIsAnalog\000"
 1716      656E736F 
 1716      72497341 
 1716      6E616C6F 
 1716      6700
 1717              		.ident	"GCC: (GNU Tools for ARM Embedded Processors) 5.4.1 20160919 (release) [ARM/embedded-5-bran
ARM GAS  /var/folders/6q/x_mk5n_j3p7_c40r_2k_78980000gn/T//cc63zvL7.s 			page 37


DEFINED SYMBOLS
                            *ABS*:0000000000000000 vexsensor.c
/var/folders/6q/x_mk5n_j3p7_c40r_2k_78980000gn/T//cc63zvL7.s:20     .text.vexSensorIsAnalog:0000000000000000 $t
/var/folders/6q/x_mk5n_j3p7_c40r_2k_78980000gn/T//cc63zvL7.s:26     .text.vexSensorIsAnalog:0000000000000000 vexSensorIsAnalog
/var/folders/6q/x_mk5n_j3p7_c40r_2k_78980000gn/T//cc63zvL7.s:47     .text.vexSensorValueGet:0000000000000000 $t
/var/folders/6q/x_mk5n_j3p7_c40r_2k_78980000gn/T//cc63zvL7.s:53     .text.vexSensorValueGet:0000000000000000 vexSensorValueGet
/var/folders/6q/x_mk5n_j3p7_c40r_2k_78980000gn/T//cc63zvL7.s:120    .text.vexSensorValueGet:0000000000000034 $d
/var/folders/6q/x_mk5n_j3p7_c40r_2k_78980000gn/T//cc63zvL7.s:129    .text.vexSensorValueGet:0000000000000054 $t
/var/folders/6q/x_mk5n_j3p7_c40r_2k_78980000gn/T//cc63zvL7.s:192    .text.vexSensorValueSet:0000000000000000 $t
/var/folders/6q/x_mk5n_j3p7_c40r_2k_78980000gn/T//cc63zvL7.s:198    .text.vexSensorValueSet:0000000000000000 vexSensorValueSet
                     .debug_frame:0000000000000010 $d

UNDEFINED SYMBOLS
vexImeGetCount
vexDigitalTypeGet
vexAdcGet
vexDigitalPinGet
vexDigitalChannelGet
vexEncoderGet
vexSonarGetInch
vexSonarGetCm
vexImeSetCount
vexEncoderSet
vexDigitalPinSet
